<?xml version="1.0" encoding="UTF-8"?>
<testsuite xmlns:xsi="http://www.w3.org/2001/XMLSchema-instance" xsi:noNamespaceSchemaLocation="https://maven.apache.org/surefire/maven-failsafe-plugin/xsd/failsafe-test-report-3.0.xsd" version="3.0" name="Test.Web.RegisterTest" time="209.56" tests="32" errors="0" skipped="0" failures="0">
  <properties>
    <property name="java.specification.version" value="21"/>
    <property name="sun.cpu.isalist" value="amd64"/>
    <property name="sun.jnu.encoding" value="Cp1252"/>
    <property name="java.class.path" value="C:\Users\Katon\Documents\JavaProject\DemoSerenityFramework\target\test-classes;C:\Users\Katon\Documents\JavaProject\DemoSerenityFramework\target\DemoSerenity-1.0-SNAPSHOT.jar;C:\Users\Katon\.m2\repository\net\serenity-bdd\serenity-core\4.0.19\serenity-core-4.0.19.jar;C:\Users\Katon\.m2\repository\net\serenity-bdd\serenity-model\4.0.19\serenity-model-4.0.19.jar;C:\Users\Katon\.m2\repository\org\apache\commons\commons-text\1.11.0\commons-text-1.11.0.jar;C:\Users\Katon\.m2\repository\commons-net\commons-net\3.10.0\commons-net-3.10.0.jar;C:\Users\Katon\.m2\repository\com\google\guava\guava\32.1.3-jre\guava-32.1.3-jre.jar;C:\Users\Katon\.m2\repository\com\google\guava\failureaccess\1.0.1\failureaccess-1.0.1.jar;C:\Users\Katon\.m2\repository\com\google\guava\listenablefuture\9999.0-empty-to-avoid-conflict-with-guava\listenablefuture-9999.0-empty-to-avoid-conflict-with-guava.jar;C:\Users\Katon\.m2\repository\com\google\code\findbugs\jsr305\3.0.2\jsr305-3.0.2.jar;C:\Users\Katon\.m2\repository\org\checkerframework\checker-qual\3.37.0\checker-qual-3.37.0.jar;C:\Users\Katon\.m2\repository\com\google\errorprone\error_prone_annotations\2.21.1\error_prone_annotations-2.21.1.jar;C:\Users\Katon\.m2\repository\com\google\j2objc\j2objc-annotations\2.8\j2objc-annotations-2.8.jar;C:\Users\Katon\.m2\repository\org\jsoup\jsoup\1.15.4\jsoup-1.15.4.jar;C:\Users\Katon\.m2\repository\com\thoughtworks\xstream\xstream\1.4.20\xstream-1.4.20.jar;C:\Users\Katon\.m2\repository\io\github\x-stream\mxparser\1.2.2\mxparser-1.2.2.jar;C:\Users\Katon\.m2\repository\xmlpull\xmlpull\1.1.3.1\xmlpull-1.1.3.1.jar;C:\Users\Katon\.m2\repository\io\cucumber\cucumber-core\7.14.0\cucumber-core-7.14.0.jar;C:\Users\Katon\.m2\repository\io\cucumber\cucumber-gherkin\7.14.0\cucumber-gherkin-7.14.0.jar;C:\Users\Katon\.m2\repository\io\cucumber\cucumber-gherkin-messages\7.14.0\cucumber-gherkin-messages-7.14.0.jar;C:\Users\Katon\.m2\repository\io\cucumber\gherkin\26.2.0\gherkin-26.2.0.jar;C:\Users\Katon\.m2\repository\io\cucumber\messages\22.0.0\messages-22.0.0.jar;C:\Users\Katon\.m2\repository\io\cucumber\tag-expressions\5.0.6\tag-expressions-5.0.6.jar;C:\Users\Katon\.m2\repository\io\cucumber\cucumber-expressions\16.1.2\cucumber-expressions-16.1.2.jar;C:\Users\Katon\.m2\repository\io\cucumber\datatable\7.14.0\datatable-7.14.0.jar;C:\Users\Katon\.m2\repository\io\cucumber\cucumber-plugin\7.14.0\cucumber-plugin-7.14.0.jar;C:\Users\Katon\.m2\repository\io\cucumber\docstring\7.14.0\docstring-7.14.0.jar;C:\Users\Katon\.m2\repository\io\cucumber\html-formatter\20.4.0\html-formatter-20.4.0.jar;C:\Users\Katon\.m2\repository\io\cucumber\junit-xml-formatter\0.2.0\junit-xml-formatter-0.2.0.jar;C:\Users\Katon\.m2\repository\io\cucumber\ci-environment\9.2.0\ci-environment-9.2.0.jar;C:\Users\Katon\.m2\repository\io\cucumber\cucumber-java\7.14.0\cucumber-java-7.14.0.jar;C:\Users\Katon\.m2\repository\com\typesafe\config\1.4.3\config-1.4.3.jar;C:\Users\Katon\.m2\repository\org\imgscalr\imgscalr-lib\4.2\imgscalr-lib-4.2.jar;C:\Users\Katon\.m2\repository\org\awaitility\awaitility\4.2.0\awaitility-4.2.0.jar;C:\Users\Katon\.m2\repository\org\freemarker\freemarker\2.3.32\freemarker-2.3.32.jar;C:\Users\Katon\.m2\repository\io\github\classgraph\classgraph\4.8.157\classgraph-4.8.157.jar;C:\Users\Katon\.m2\repository\com\github\ben-manes\caffeine\caffeine\2.9.2\caffeine-2.9.2.jar;C:\Users\Katon\.m2\repository\org\ehcache\ehcache\3.10.8\ehcache-3.10.8.jar;C:\Users\Katon\.m2\repository\javax\cache\cache-api\1.1.0\cache-api-1.1.0.jar;C:\Users\Katon\.m2\repository\net\sourceforge\jexcelapi\jxl\2.6.12\jxl-2.6.12.jar;C:\Users\Katon\.m2\repository\net\bytebuddy\byte-buddy-agent\1.14.9\byte-buddy-agent-1.14.9.jar;C:\Users\Katon\.m2\repository\org\objenesis\objenesis\3.3\objenesis-3.3.jar;C:\Users\Katon\.m2\repository\com\vladsch\flexmark\flexmark-all\0.64.8\flexmark-all-0.64.8.jar;C:\Users\Katon\.m2\repository\com\vladsch\flexmark\flexmark\0.64.8\flexmark-0.64.8.jar;C:\Users\Katon\.m2\repository\com\vladsch\flexmark\flexmark-ext-abbreviation\0.64.8\flexmark-ext-abbreviation-0.64.8.jar;C:\Users\Katon\.m2\repository\com\vladsch\flexmark\flexmark-ext-admonition\0.64.8\flexmark-ext-admonition-0.64.8.jar;C:\Users\Katon\.m2\repository\com\vladsch\flexmark\flexmark-ext-anchorlink\0.64.8\flexmark-ext-anchorlink-0.64.8.jar;C:\Users\Katon\.m2\repository\com\vladsch\flexmark\flexmark-ext-aside\0.64.8\flexmark-ext-aside-0.64.8.jar;C:\Users\Katon\.m2\repository\com\vladsch\flexmark\flexmark-ext-attributes\0.64.8\flexmark-ext-attributes-0.64.8.jar;C:\Users\Katon\.m2\repository\com\vladsch\flexmark\flexmark-ext-autolink\0.64.8\flexmark-ext-autolink-0.64.8.jar;C:\Users\Katon\.m2\repository\org\nibor\autolink\autolink\0.6.0\autolink-0.6.0.jar;C:\Users\Katon\.m2\repository\com\vladsch\flexmark\flexmark-ext-definition\0.64.8\flexmark-ext-definition-0.64.8.jar;C:\Users\Katon\.m2\repository\com\vladsch\flexmark\flexmark-ext-emoji\0.64.8\flexmark-ext-emoji-0.64.8.jar;C:\Users\Katon\.m2\repository\com\vladsch\flexmark\flexmark-ext-enumerated-reference\0.64.8\flexmark-ext-enumerated-reference-0.64.8.jar;C:\Users\Katon\.m2\repository\com\vladsch\flexmark\flexmark-ext-escaped-character\0.64.8\flexmark-ext-escaped-character-0.64.8.jar;C:\Users\Katon\.m2\repository\com\vladsch\flexmark\flexmark-ext-footnotes\0.64.8\flexmark-ext-footnotes-0.64.8.jar;C:\Users\Katon\.m2\repository\com\vladsch\flexmark\flexmark-ext-gfm-issues\0.64.8\flexmark-ext-gfm-issues-0.64.8.jar;C:\Users\Katon\.m2\repository\com\vladsch\flexmark\flexmark-ext-gfm-strikethrough\0.64.8\flexmark-ext-gfm-strikethrough-0.64.8.jar;C:\Users\Katon\.m2\repository\com\vladsch\flexmark\flexmark-ext-gfm-tasklist\0.64.8\flexmark-ext-gfm-tasklist-0.64.8.jar;C:\Users\Katon\.m2\repository\com\vladsch\flexmark\flexmark-ext-gfm-users\0.64.8\flexmark-ext-gfm-users-0.64.8.jar;C:\Users\Katon\.m2\repository\com\vladsch\flexmark\flexmark-ext-gitlab\0.64.8\flexmark-ext-gitlab-0.64.8.jar;C:\Users\Katon\.m2\repository\com\vladsch\flexmark\flexmark-ext-jekyll-front-matter\0.64.8\flexmark-ext-jekyll-front-matter-0.64.8.jar;C:\Users\Katon\.m2\repository\com\vladsch\flexmark\flexmark-ext-jekyll-tag\0.64.8\flexmark-ext-jekyll-tag-0.64.8.jar;C:\Users\Katon\.m2\repository\com\vladsch\flexmark\flexmark-ext-media-tags\0.64.8\flexmark-ext-media-tags-0.64.8.jar;C:\Users\Katon\.m2\repository\com\vladsch\flexmark\flexmark-ext-macros\0.64.8\flexmark-ext-macros-0.64.8.jar;C:\Users\Katon\.m2\repository\com\vladsch\flexmark\flexmark-ext-ins\0.64.8\flexmark-ext-ins-0.64.8.jar;C:\Users\Katon\.m2\repository\com\vladsch\flexmark\flexmark-ext-xwiki-macros\0.64.8\flexmark-ext-xwiki-macros-0.64.8.jar;C:\Users\Katon\.m2\repository\com\vladsch\flexmark\flexmark-ext-superscript\0.64.8\flexmark-ext-superscript-0.64.8.jar;C:\Users\Katon\.m2\repository\com\vladsch\flexmark\flexmark-ext-toc\0.64.8\flexmark-ext-toc-0.64.8.jar;C:\Users\Katon\.m2\repository\com\vladsch\flexmark\flexmark-ext-typographic\0.64.8\flexmark-ext-typographic-0.64.8.jar;C:\Users\Katon\.m2\repository\com\vladsch\flexmark\flexmark-ext-wikilink\0.64.8\flexmark-ext-wikilink-0.64.8.jar;C:\Users\Katon\.m2\repository\com\vladsch\flexmark\flexmark-ext-yaml-front-matter\0.64.8\flexmark-ext-yaml-front-matter-0.64.8.jar;C:\Users\Katon\.m2\repository\com\vladsch\flexmark\flexmark-ext-youtube-embedded\0.64.8\flexmark-ext-youtube-embedded-0.64.8.jar;C:\Users\Katon\.m2\repository\com\vladsch\flexmark\flexmark-html2md-converter\0.64.8\flexmark-html2md-converter-0.64.8.jar;C:\Users\Katon\.m2\repository\com\vladsch\flexmark\flexmark-jira-converter\0.64.8\flexmark-jira-converter-0.64.8.jar;C:\Users\Katon\.m2\repository\com\vladsch\flexmark\flexmark-pdf-converter\0.64.8\flexmark-pdf-converter-0.64.8.jar;C:\Users\Katon\.m2\repository\com\openhtmltopdf\openhtmltopdf-core\1.0.10\openhtmltopdf-core-1.0.10.jar;C:\Users\Katon\.m2\repository\com\openhtmltopdf\openhtmltopdf-pdfbox\1.0.10\openhtmltopdf-pdfbox-1.0.10.jar;C:\Users\Katon\.m2\repository\org\apache\pdfbox\pdfbox\2.0.24\pdfbox-2.0.24.jar;C:\Users\Katon\.m2\repository\org\apache\pdfbox\fontbox\2.0.24\fontbox-2.0.24.jar;C:\Users\Katon\.m2\repository\org\apache\pdfbox\xmpbox\2.0.24\xmpbox-2.0.24.jar;C:\Users\Katon\.m2\repository\de\rototor\pdfbox\graphics2d\0.32\graphics2d-0.32.jar;C:\Users\Katon\.m2\repository\com\openhtmltopdf\openhtmltopdf-rtl-support\1.0.10\openhtmltopdf-rtl-support-1.0.10.jar;C:\Users\Katon\.m2\repository\com\vladsch\flexmark\flexmark-profile-pegdown\0.64.8\flexmark-profile-pegdown-0.64.8.jar;C:\Users\Katon\.m2\repository\com\vladsch\flexmark\flexmark-util-ast\0.64.8\flexmark-util-ast-0.64.8.jar;C:\Users\Katon\.m2\repository\com\vladsch\flexmark\flexmark-util-builder\0.64.8\flexmark-util-builder-0.64.8.jar;C:\Users\Katon\.m2\repository\com\vladsch\flexmark\flexmark-util-collection\0.64.8\flexmark-util-collection-0.64.8.jar;C:\Users\Katon\.m2\repository\com\vladsch\flexmark\flexmark-util-data\0.64.8\flexmark-util-data-0.64.8.jar;C:\Users\Katon\.m2\repository\com\vladsch\flexmark\flexmark-util-dependency\0.64.8\flexmark-util-dependency-0.64.8.jar;C:\Users\Katon\.m2\repository\com\vladsch\flexmark\flexmark-util-format\0.64.8\flexmark-util-format-0.64.8.jar;C:\Users\Katon\.m2\repository\com\vladsch\flexmark\flexmark-util-html\0.64.8\flexmark-util-html-0.64.8.jar;C:\Users\Katon\.m2\repository\com\vladsch\flexmark\flexmark-util-misc\0.64.8\flexmark-util-misc-0.64.8.jar;C:\Users\Katon\.m2\repository\com\vladsch\flexmark\flexmark-util-options\0.64.8\flexmark-util-options-0.64.8.jar;C:\Users\Katon\.m2\repository\com\vladsch\flexmark\flexmark-util-sequence\0.64.8\flexmark-util-sequence-0.64.8.jar;C:\Users\Katon\.m2\repository\com\vladsch\flexmark\flexmark-util-visitor\0.64.8\flexmark-util-visitor-0.64.8.jar;C:\Users\Katon\.m2\repository\com\vladsch\flexmark\flexmark-youtrack-converter\0.64.8\flexmark-youtrack-converter-0.64.8.jar;C:\Users\Katon\.m2\repository\com\vladsch\flexmark\flexmark-ext-resizable-image\0.64.8\flexmark-ext-resizable-image-0.64.8.jar;C:\Users\Katon\.m2\repository\com\vladsch\flexmark\flexmark-ext-tables\0.64.8\flexmark-ext-tables-0.64.8.jar;C:\Users\Katon\.m2\repository\com\vladsch\flexmark\flexmark-util\0.64.8\flexmark-util-0.64.8.jar;C:\Users\Katon\.m2\repository\net\serenity-bdd\serenity-reports\4.0.19\serenity-reports-4.0.19.jar;C:\Users\Katon\.m2\repository\net\serenity-bdd\serenity-stats\4.0.19\serenity-stats-4.0.19.jar;C:\Users\Katon\.m2\repository\net\serenity-bdd\serenity-reports-configuration\4.0.19\serenity-reports-configuration-4.0.19.jar;C:\Users\Katon\.m2\repository\com\ibm\icu\icu4j\72.1\icu4j-72.1.jar;C:\Users\Katon\.m2\repository\es\nitaur\markdown\txtmark\0.16\txtmark-0.16.jar;C:\Users\Katon\.m2\repository\net\serenity-bdd\serenity-report-resources\4.0.19\serenity-report-resources-4.0.19.jar;C:\Users\Katon\.m2\repository\com\google\code\gson\gson\2.10.1\gson-2.10.1.jar;C:\Users\Katon\.m2\repository\com\fasterxml\jackson\core\jackson-core\2.15.2\jackson-core-2.15.2.jar;C:\Users\Katon\.m2\repository\com\fasterxml\jackson\core\jackson-databind\2.15.2\jackson-databind-2.15.2.jar;C:\Users\Katon\.m2\repository\com\fasterxml\jackson\core\jackson-annotations\2.15.2\jackson-annotations-2.15.2.jar;C:\Users\Katon\.m2\repository\commons-codec\commons-codec\1.16.0\commons-codec-1.16.0.jar;C:\Users\Katon\.m2\repository\commons-io\commons-io\2.15.0\commons-io-2.15.0.jar;C:\Users\Katon\.m2\repository\org\apache\httpcomponents\httpclient\4.5.13\httpclient-4.5.13.jar;C:\Users\Katon\.m2\repository\org\apache\httpcomponents\httpcore\4.4.13\httpcore-4.4.13.jar;C:\Users\Katon\.m2\repository\commons-logging\commons-logging\1.2\commons-logging-1.2.jar;C:\Users\Katon\.m2\repository\org\seleniumhq\selenium\selenium-java\4.14.1\selenium-java-4.14.1.jar;C:\Users\Katon\.m2\repository\org\seleniumhq\selenium\selenium-devtools-v116\4.14.1\selenium-devtools-v116-4.14.1.jar;C:\Users\Katon\.m2\repository\org\seleniumhq\selenium\selenium-devtools-v117\4.14.1\selenium-devtools-v117-4.14.1.jar;C:\Users\Katon\.m2\repository\org\seleniumhq\selenium\selenium-devtools-v118\4.14.1\selenium-devtools-v118-4.14.1.jar;C:\Users\Katon\.m2\repository\org\seleniumhq\selenium\selenium-devtools-v85\4.14.1\selenium-devtools-v85-4.14.1.jar;C:\Users\Katon\.m2\repository\org\seleniumhq\selenium\selenium-remote-driver\4.14.1\selenium-remote-driver-4.14.1.jar;C:\Users\Katon\.m2\repository\io\opentelemetry\opentelemetry-api\1.28.0\opentelemetry-api-1.28.0.jar;C:\Users\Katon\.m2\repository\io\opentelemetry\opentelemetry-context\1.28.0\opentelemetry-context-1.28.0.jar;C:\Users\Katon\.m2\repository\io\opentelemetry\opentelemetry-exporter-logging\1.28.0\opentelemetry-exporter-logging-1.28.0.jar;C:\Users\Katon\.m2\repository\io\opentelemetry\opentelemetry-sdk-metrics\1.28.0\opentelemetry-sdk-metrics-1.28.0.jar;C:\Users\Katon\.m2\repository\io\opentelemetry\opentelemetry-extension-incubator\1.28.0-alpha\opentelemetry-extension-incubator-1.28.0-alpha.jar;C:\Users\Katon\.m2\repository\io\opentelemetry\opentelemetry-sdk-logs\1.28.0\opentelemetry-sdk-logs-1.28.0.jar;C:\Users\Katon\.m2\repository\io\opentelemetry\opentelemetry-sdk-common\1.28.0\opentelemetry-sdk-common-1.28.0.jar;C:\Users\Katon\.m2\repository\io\opentelemetry\opentelemetry-sdk-extension-autoconfigure-spi\1.28.0\opentelemetry-sdk-extension-autoconfigure-spi-1.28.0.jar;C:\Users\Katon\.m2\repository\io\opentelemetry\opentelemetry-sdk-extension-autoconfigure\1.28.0\opentelemetry-sdk-extension-autoconfigure-1.28.0.jar;C:\Users\Katon\.m2\repository\io\opentelemetry\opentelemetry-api-events\1.28.0-alpha\opentelemetry-api-events-1.28.0-alpha.jar;C:\Users\Katon\.m2\repository\io\opentelemetry\opentelemetry-sdk-trace\1.28.0\opentelemetry-sdk-trace-1.28.0.jar;C:\Users\Katon\.m2\repository\io\opentelemetry\opentelemetry-sdk\1.28.0\opentelemetry-sdk-1.28.0.jar;C:\Users\Katon\.m2\repository\io\opentelemetry\opentelemetry-semconv\1.28.0-alpha\opentelemetry-semconv-1.28.0-alpha.jar;C:\Users\Katon\.m2\repository\org\seleniumhq\selenium\selenium-os\4.14.1\selenium-os-4.14.1.jar;C:\Users\Katon\.m2\repository\org\apache\commons\commons-exec\1.3\commons-exec-1.3.jar;C:\Users\Katon\.m2\repository\org\seleniumhq\selenium\selenium-safari-driver\4.14.1\selenium-safari-driver-4.14.1.jar;C:\Users\Katon\.m2\repository\org\seleniumhq\selenium\selenium-api\4.14.1\selenium-api-4.14.1.jar;C:\Users\Katon\.m2\repository\org\seleniumhq\selenium\selenium-support\4.14.1\selenium-support-4.14.1.jar;C:\Users\Katon\.m2\repository\com\google\auto\service\auto-service-annotations\1.1.1\auto-service-annotations-1.1.1.jar;C:\Users\Katon\.m2\repository\org\seleniumhq\selenium\selenium-json\4.14.1\selenium-json-4.14.1.jar;C:\Users\Katon\.m2\repository\org\seleniumhq\selenium\selenium-chrome-driver\4.14.1\selenium-chrome-driver-4.14.1.jar;C:\Users\Katon\.m2\repository\org\seleniumhq\selenium\selenium-chromium-driver\4.14.1\selenium-chromium-driver-4.14.1.jar;C:\Users\Katon\.m2\repository\org\seleniumhq\selenium\selenium-manager\4.14.1\selenium-manager-4.14.1.jar;C:\Users\Katon\.m2\repository\org\seleniumhq\selenium\selenium-firefox-driver\4.14.1\selenium-firefox-driver-4.14.1.jar;C:\Users\Katon\.m2\repository\org\seleniumhq\selenium\selenium-http\4.14.1\selenium-http-4.14.1.jar;C:\Users\Katon\.m2\repository\dev\failsafe\failsafe\3.3.2\failsafe-3.3.2.jar;C:\Users\Katon\.m2\repository\org\seleniumhq\selenium\selenium-edge-driver\4.14.1\selenium-edge-driver-4.14.1.jar;C:\Users\Katon\.m2\repository\org\seleniumhq\selenium\selenium-ie-driver\4.14.1\selenium-ie-driver-4.14.1.jar;C:\Users\Katon\.m2\repository\org\htmlunit\htmlunit\3.7.0\htmlunit-3.7.0.jar;C:\Users\Katon\.m2\repository\org\htmlunit\htmlunit-core-js\3.7.0\htmlunit-core-js-3.7.0.jar;C:\Users\Katon\.m2\repository\org\htmlunit\neko-htmlunit\3.7.0\neko-htmlunit-3.7.0.jar;C:\Users\Katon\.m2\repository\org\htmlunit\htmlunit-cssparser\3.7.0\htmlunit-cssparser-3.7.0.jar;C:\Users\Katon\.m2\repository\org\htmlunit\htmlunit-xpath\3.7.0\htmlunit-xpath-3.7.0.jar;C:\Users\Katon\.m2\repository\org\brotli\dec\0.1.2\dec-0.1.2.jar;C:\Users\Katon\.m2\repository\com\shapesecurity\salvation2\3.0.1\salvation2-3.0.1.jar;C:\Users\Katon\.m2\repository\org\eclipse\jetty\websocket\websocket-client\9.4.53.v20231009\websocket-client-9.4.53.v20231009.jar;C:\Users\Katon\.m2\repository\org\eclipse\jetty\jetty-client\9.4.53.v20231009\jetty-client-9.4.53.v20231009.jar;C:\Users\Katon\.m2\repository\org\eclipse\jetty\jetty-http\9.4.53.v20231009\jetty-http-9.4.53.v20231009.jar;C:\Users\Katon\.m2\repository\org\eclipse\jetty\jetty-util\9.4.53.v20231009\jetty-util-9.4.53.v20231009.jar;C:\Users\Katon\.m2\repository\org\eclipse\jetty\jetty-io\9.4.53.v20231009\jetty-io-9.4.53.v20231009.jar;C:\Users\Katon\.m2\repository\org\eclipse\jetty\websocket\websocket-common\9.4.53.v20231009\websocket-common-9.4.53.v20231009.jar;C:\Users\Katon\.m2\repository\org\eclipse\jetty\websocket\websocket-api\9.4.53.v20231009\websocket-api-9.4.53.v20231009.jar;C:\Users\Katon\.m2\repository\org\seleniumhq\selenium\htmlunit3-driver\4.14.1\htmlunit3-driver-4.14.1.jar;C:\Users\Katon\.m2\repository\io\appium\java-client\9.0.0\java-client-9.0.0.jar;C:\Users\Katon\.m2\repository\org\apache\groovy\groovy\4.0.13\groovy-4.0.13.jar;C:\Users\Katon\.m2\repository\net\sf\opencsv\opencsv\2.1\opencsv-2.1.jar;C:\Users\Katon\.m2\repository\org\apache\commons\commons-lang3\3.13.0\commons-lang3-3.13.0.jar;C:\Users\Katon\.m2\repository\org\apache\commons\commons-compress\1.24.0\commons-compress-1.24.0.jar;C:\Users\Katon\.m2\repository\org\fluentlenium\fluentlenium-core\0.10.2\fluentlenium-core-0.10.2.jar;C:\Users\Katon\.m2\repository\com\jhlabs\filters\2.0.235\filters-2.0.235.jar;C:\Users\Katon\.m2\repository\com\paulhammant\ngwebdriver\1.1.6\ngwebdriver-1.1.6.jar;C:\Users\Katon\.m2\repository\joda-time\joda-time\2.12.5\joda-time-2.12.5.jar;C:\Users\Katon\.m2\repository\org\hamcrest\hamcrest\2.2\hamcrest-2.2.jar;C:\Users\Katon\.m2\repository\com\google\jimfs\jimfs\1.3.0\jimfs-1.3.0.jar;C:\Users\Katon\.m2\repository\org\mockito\mockito-core\3.3.3\mockito-core-3.3.3.jar;C:\Users\Katon\.m2\repository\javax\xml\bind\jaxb-api\2.3.1\jaxb-api-2.3.1.jar;C:\Users\Katon\.m2\repository\javax\activation\javax.activation-api\1.2.0\javax.activation-api-1.2.0.jar;C:\Users\Katon\.m2\repository\com\sun\xml\bind\jaxb-core\2.3.0.1\jaxb-core-2.3.0.1.jar;C:\Users\Katon\.m2\repository\com\sun\xml\bind\jaxb-impl\2.3.3\jaxb-impl-2.3.3.jar;C:\Users\Katon\.m2\repository\jakarta\xml\bind\jakarta.xml.bind-api\2.3.3\jakarta.xml.bind-api-2.3.3.jar;C:\Users\Katon\.m2\repository\com\sun\activation\jakarta.activation\1.2.2\jakarta.activation-1.2.2.jar;C:\Users\Katon\.m2\repository\javax\activation\activation\1.1.1\activation-1.1.1.jar;C:\Users\Katon\.m2\repository\net\serenity-bdd\serenity-junit5\4.0.19\serenity-junit5-4.0.19.jar;C:\Users\Katon\.m2\repository\org\junit\jupiter\junit-jupiter-params\5.10.0\junit-jupiter-params-5.10.0.jar;C:\Users\Katon\.m2\repository\org\junit\platform\junit-platform-launcher\1.10.0\junit-platform-launcher-1.10.0.jar;C:\Users\Katon\.m2\repository\net\serenity-bdd\serenity-screenplay\4.0.19\serenity-screenplay-4.0.19.jar;C:\Users\Katon\.m2\repository\net\serenity-bdd\serenity-ensure\4.0.19\serenity-ensure-4.0.19.jar;C:\Users\Katon\.m2\repository\org\jetbrains\kotlin\kotlin-stdlib\1.9.0\kotlin-stdlib-1.9.0.jar;C:\Users\Katon\.m2\repository\org\jetbrains\kotlin\kotlin-stdlib-common\1.9.0\kotlin-stdlib-common-1.9.0.jar;C:\Users\Katon\.m2\repository\org\jetbrains\annotations\13.0\annotations-13.0.jar;C:\Users\Katon\.m2\repository\net\serenity-bdd\serenity-screenplay-webdriver\4.0.19\serenity-screenplay-webdriver-4.0.19.jar;C:\Users\Katon\.m2\repository\ch\qos\logback\logback-classic\1.2.11\logback-classic-1.2.11.jar;C:\Users\Katon\.m2\repository\ch\qos\logback\logback-core\1.2.11\logback-core-1.2.11.jar;C:\Users\Katon\.m2\repository\org\slf4j\slf4j-api\1.7.32\slf4j-api-1.7.32.jar;C:\Users\Katon\.m2\repository\org\junit\jupiter\junit-jupiter-api\5.10.0\junit-jupiter-api-5.10.0.jar;C:\Users\Katon\.m2\repository\org\opentest4j\opentest4j\1.3.0\opentest4j-1.3.0.jar;C:\Users\Katon\.m2\repository\org\junit\platform\junit-platform-commons\1.10.0\junit-platform-commons-1.10.0.jar;C:\Users\Katon\.m2\repository\org\apiguardian\apiguardian-api\1.1.2\apiguardian-api-1.1.2.jar;C:\Users\Katon\.m2\repository\org\junit\jupiter\junit-jupiter-engine\5.10.0\junit-jupiter-engine-5.10.0.jar;C:\Users\Katon\.m2\repository\org\junit\platform\junit-platform-engine\1.10.0\junit-platform-engine-1.10.0.jar;C:\Users\Katon\.m2\repository\org\assertj\assertj-core\3.24.2\assertj-core-3.24.2.jar;C:\Users\Katon\.m2\repository\net\bytebuddy\byte-buddy\1.12.21\byte-buddy-1.12.21.jar;C:\Users\Katon\.m2\repository\net\serenity-bdd\serenity-rest-assured\4.0.19\serenity-rest-assured-4.0.19.jar;C:\Users\Katon\.m2\repository\org\apache\groovy\groovy-json\4.0.13\groovy-json-4.0.13.jar;C:\Users\Katon\.m2\repository\org\apache\groovy\groovy-xml\4.0.13\groovy-xml-4.0.13.jar;C:\Users\Katon\.m2\repository\io\rest-assured\rest-assured\5.4.0\rest-assured-5.4.0.jar;C:\Users\Katon\.m2\repository\org\apache\httpcomponents\httpmime\4.5.13\httpmime-4.5.13.jar;C:\Users\Katon\.m2\repository\org\ccil\cowan\tagsoup\tagsoup\1.2.1\tagsoup-1.2.1.jar;C:\Users\Katon\.m2\repository\io\rest-assured\json-path\5.4.0\json-path-5.4.0.jar;C:\Users\Katon\.m2\repository\io\rest-assured\rest-assured-common\5.4.0\rest-assured-common-5.4.0.jar;C:\Users\Katon\.m2\repository\io\rest-assured\xml-path\5.4.0\xml-path-5.4.0.jar;C:\Users\Katon\.m2\repository\com\mysql\mysql-connector-j\8.3.0\mysql-connector-j-8.3.0.jar;C:\Users\Katon\.m2\repository\com\google\protobuf\protobuf-java\3.25.1\protobuf-java-3.25.1.jar;"/>
    <property name="java.vm.vendor" value="Oracle Corporation"/>
    <property name="sun.arch.data.model" value="64"/>
    <property name="user.variant" value=""/>
    <property name="java.vendor.url" value="https://java.oracle.com/"/>
    <property name="user.timezone" value="Europe/London"/>
    <property name="os.name" value="Windows 10"/>
    <property name="java.vm.specification.version" value="21"/>
    <property name="sun.java.launcher" value="SUN_STANDARD"/>
    <property name="user.country" value="GB"/>
    <property name="sun.boot.library.path" value="C:\Program Files\Java\jdk-21\bin"/>
    <property name="sun.java.command" value="C:\Users\Katon\AppData\Local\Temp\surefire10571852970401938850\surefirebooter-20250325163403997_3.jar C:\Users\Katon\AppData\Local\Temp\surefire10571852970401938850 2025-03-25T16-34-03_828-jvmRun1 surefire-20250325163403997_1tmp surefire_0-20250325163403997_2tmp"/>
    <property name="jdk.debug" value="release"/>
    <property name="surefire.test.class.path" value="C:\Users\Katon\Documents\JavaProject\DemoSerenityFramework\target\test-classes;C:\Users\Katon\Documents\JavaProject\DemoSerenityFramework\target\DemoSerenity-1.0-SNAPSHOT.jar;C:\Users\Katon\.m2\repository\net\serenity-bdd\serenity-core\4.0.19\serenity-core-4.0.19.jar;C:\Users\Katon\.m2\repository\net\serenity-bdd\serenity-model\4.0.19\serenity-model-4.0.19.jar;C:\Users\Katon\.m2\repository\org\apache\commons\commons-text\1.11.0\commons-text-1.11.0.jar;C:\Users\Katon\.m2\repository\commons-net\commons-net\3.10.0\commons-net-3.10.0.jar;C:\Users\Katon\.m2\repository\com\google\guava\guava\32.1.3-jre\guava-32.1.3-jre.jar;C:\Users\Katon\.m2\repository\com\google\guava\failureaccess\1.0.1\failureaccess-1.0.1.jar;C:\Users\Katon\.m2\repository\com\google\guava\listenablefuture\9999.0-empty-to-avoid-conflict-with-guava\listenablefuture-9999.0-empty-to-avoid-conflict-with-guava.jar;C:\Users\Katon\.m2\repository\com\google\code\findbugs\jsr305\3.0.2\jsr305-3.0.2.jar;C:\Users\Katon\.m2\repository\org\checkerframework\checker-qual\3.37.0\checker-qual-3.37.0.jar;C:\Users\Katon\.m2\repository\com\google\errorprone\error_prone_annotations\2.21.1\error_prone_annotations-2.21.1.jar;C:\Users\Katon\.m2\repository\com\google\j2objc\j2objc-annotations\2.8\j2objc-annotations-2.8.jar;C:\Users\Katon\.m2\repository\org\jsoup\jsoup\1.15.4\jsoup-1.15.4.jar;C:\Users\Katon\.m2\repository\com\thoughtworks\xstream\xstream\1.4.20\xstream-1.4.20.jar;C:\Users\Katon\.m2\repository\io\github\x-stream\mxparser\1.2.2\mxparser-1.2.2.jar;C:\Users\Katon\.m2\repository\xmlpull\xmlpull\1.1.3.1\xmlpull-1.1.3.1.jar;C:\Users\Katon\.m2\repository\io\cucumber\cucumber-core\7.14.0\cucumber-core-7.14.0.jar;C:\Users\Katon\.m2\repository\io\cucumber\cucumber-gherkin\7.14.0\cucumber-gherkin-7.14.0.jar;C:\Users\Katon\.m2\repository\io\cucumber\cucumber-gherkin-messages\7.14.0\cucumber-gherkin-messages-7.14.0.jar;C:\Users\Katon\.m2\repository\io\cucumber\gherkin\26.2.0\gherkin-26.2.0.jar;C:\Users\Katon\.m2\repository\io\cucumber\messages\22.0.0\messages-22.0.0.jar;C:\Users\Katon\.m2\repository\io\cucumber\tag-expressions\5.0.6\tag-expressions-5.0.6.jar;C:\Users\Katon\.m2\repository\io\cucumber\cucumber-expressions\16.1.2\cucumber-expressions-16.1.2.jar;C:\Users\Katon\.m2\repository\io\cucumber\datatable\7.14.0\datatable-7.14.0.jar;C:\Users\Katon\.m2\repository\io\cucumber\cucumber-plugin\7.14.0\cucumber-plugin-7.14.0.jar;C:\Users\Katon\.m2\repository\io\cucumber\docstring\7.14.0\docstring-7.14.0.jar;C:\Users\Katon\.m2\repository\io\cucumber\html-formatter\20.4.0\html-formatter-20.4.0.jar;C:\Users\Katon\.m2\repository\io\cucumber\junit-xml-formatter\0.2.0\junit-xml-formatter-0.2.0.jar;C:\Users\Katon\.m2\repository\io\cucumber\ci-environment\9.2.0\ci-environment-9.2.0.jar;C:\Users\Katon\.m2\repository\io\cucumber\cucumber-java\7.14.0\cucumber-java-7.14.0.jar;C:\Users\Katon\.m2\repository\com\typesafe\config\1.4.3\config-1.4.3.jar;C:\Users\Katon\.m2\repository\org\imgscalr\imgscalr-lib\4.2\imgscalr-lib-4.2.jar;C:\Users\Katon\.m2\repository\org\awaitility\awaitility\4.2.0\awaitility-4.2.0.jar;C:\Users\Katon\.m2\repository\org\freemarker\freemarker\2.3.32\freemarker-2.3.32.jar;C:\Users\Katon\.m2\repository\io\github\classgraph\classgraph\4.8.157\classgraph-4.8.157.jar;C:\Users\Katon\.m2\repository\com\github\ben-manes\caffeine\caffeine\2.9.2\caffeine-2.9.2.jar;C:\Users\Katon\.m2\repository\org\ehcache\ehcache\3.10.8\ehcache-3.10.8.jar;C:\Users\Katon\.m2\repository\javax\cache\cache-api\1.1.0\cache-api-1.1.0.jar;C:\Users\Katon\.m2\repository\net\sourceforge\jexcelapi\jxl\2.6.12\jxl-2.6.12.jar;C:\Users\Katon\.m2\repository\net\bytebuddy\byte-buddy-agent\1.14.9\byte-buddy-agent-1.14.9.jar;C:\Users\Katon\.m2\repository\org\objenesis\objenesis\3.3\objenesis-3.3.jar;C:\Users\Katon\.m2\repository\com\vladsch\flexmark\flexmark-all\0.64.8\flexmark-all-0.64.8.jar;C:\Users\Katon\.m2\repository\com\vladsch\flexmark\flexmark\0.64.8\flexmark-0.64.8.jar;C:\Users\Katon\.m2\repository\com\vladsch\flexmark\flexmark-ext-abbreviation\0.64.8\flexmark-ext-abbreviation-0.64.8.jar;C:\Users\Katon\.m2\repository\com\vladsch\flexmark\flexmark-ext-admonition\0.64.8\flexmark-ext-admonition-0.64.8.jar;C:\Users\Katon\.m2\repository\com\vladsch\flexmark\flexmark-ext-anchorlink\0.64.8\flexmark-ext-anchorlink-0.64.8.jar;C:\Users\Katon\.m2\repository\com\vladsch\flexmark\flexmark-ext-aside\0.64.8\flexmark-ext-aside-0.64.8.jar;C:\Users\Katon\.m2\repository\com\vladsch\flexmark\flexmark-ext-attributes\0.64.8\flexmark-ext-attributes-0.64.8.jar;C:\Users\Katon\.m2\repository\com\vladsch\flexmark\flexmark-ext-autolink\0.64.8\flexmark-ext-autolink-0.64.8.jar;C:\Users\Katon\.m2\repository\org\nibor\autolink\autolink\0.6.0\autolink-0.6.0.jar;C:\Users\Katon\.m2\repository\com\vladsch\flexmark\flexmark-ext-definition\0.64.8\flexmark-ext-definition-0.64.8.jar;C:\Users\Katon\.m2\repository\com\vladsch\flexmark\flexmark-ext-emoji\0.64.8\flexmark-ext-emoji-0.64.8.jar;C:\Users\Katon\.m2\repository\com\vladsch\flexmark\flexmark-ext-enumerated-reference\0.64.8\flexmark-ext-enumerated-reference-0.64.8.jar;C:\Users\Katon\.m2\repository\com\vladsch\flexmark\flexmark-ext-escaped-character\0.64.8\flexmark-ext-escaped-character-0.64.8.jar;C:\Users\Katon\.m2\repository\com\vladsch\flexmark\flexmark-ext-footnotes\0.64.8\flexmark-ext-footnotes-0.64.8.jar;C:\Users\Katon\.m2\repository\com\vladsch\flexmark\flexmark-ext-gfm-issues\0.64.8\flexmark-ext-gfm-issues-0.64.8.jar;C:\Users\Katon\.m2\repository\com\vladsch\flexmark\flexmark-ext-gfm-strikethrough\0.64.8\flexmark-ext-gfm-strikethrough-0.64.8.jar;C:\Users\Katon\.m2\repository\com\vladsch\flexmark\flexmark-ext-gfm-tasklist\0.64.8\flexmark-ext-gfm-tasklist-0.64.8.jar;C:\Users\Katon\.m2\repository\com\vladsch\flexmark\flexmark-ext-gfm-users\0.64.8\flexmark-ext-gfm-users-0.64.8.jar;C:\Users\Katon\.m2\repository\com\vladsch\flexmark\flexmark-ext-gitlab\0.64.8\flexmark-ext-gitlab-0.64.8.jar;C:\Users\Katon\.m2\repository\com\vladsch\flexmark\flexmark-ext-jekyll-front-matter\0.64.8\flexmark-ext-jekyll-front-matter-0.64.8.jar;C:\Users\Katon\.m2\repository\com\vladsch\flexmark\flexmark-ext-jekyll-tag\0.64.8\flexmark-ext-jekyll-tag-0.64.8.jar;C:\Users\Katon\.m2\repository\com\vladsch\flexmark\flexmark-ext-media-tags\0.64.8\flexmark-ext-media-tags-0.64.8.jar;C:\Users\Katon\.m2\repository\com\vladsch\flexmark\flexmark-ext-macros\0.64.8\flexmark-ext-macros-0.64.8.jar;C:\Users\Katon\.m2\repository\com\vladsch\flexmark\flexmark-ext-ins\0.64.8\flexmark-ext-ins-0.64.8.jar;C:\Users\Katon\.m2\repository\com\vladsch\flexmark\flexmark-ext-xwiki-macros\0.64.8\flexmark-ext-xwiki-macros-0.64.8.jar;C:\Users\Katon\.m2\repository\com\vladsch\flexmark\flexmark-ext-superscript\0.64.8\flexmark-ext-superscript-0.64.8.jar;C:\Users\Katon\.m2\repository\com\vladsch\flexmark\flexmark-ext-toc\0.64.8\flexmark-ext-toc-0.64.8.jar;C:\Users\Katon\.m2\repository\com\vladsch\flexmark\flexmark-ext-typographic\0.64.8\flexmark-ext-typographic-0.64.8.jar;C:\Users\Katon\.m2\repository\com\vladsch\flexmark\flexmark-ext-wikilink\0.64.8\flexmark-ext-wikilink-0.64.8.jar;C:\Users\Katon\.m2\repository\com\vladsch\flexmark\flexmark-ext-yaml-front-matter\0.64.8\flexmark-ext-yaml-front-matter-0.64.8.jar;C:\Users\Katon\.m2\repository\com\vladsch\flexmark\flexmark-ext-youtube-embedded\0.64.8\flexmark-ext-youtube-embedded-0.64.8.jar;C:\Users\Katon\.m2\repository\com\vladsch\flexmark\flexmark-html2md-converter\0.64.8\flexmark-html2md-converter-0.64.8.jar;C:\Users\Katon\.m2\repository\com\vladsch\flexmark\flexmark-jira-converter\0.64.8\flexmark-jira-converter-0.64.8.jar;C:\Users\Katon\.m2\repository\com\vladsch\flexmark\flexmark-pdf-converter\0.64.8\flexmark-pdf-converter-0.64.8.jar;C:\Users\Katon\.m2\repository\com\openhtmltopdf\openhtmltopdf-core\1.0.10\openhtmltopdf-core-1.0.10.jar;C:\Users\Katon\.m2\repository\com\openhtmltopdf\openhtmltopdf-pdfbox\1.0.10\openhtmltopdf-pdfbox-1.0.10.jar;C:\Users\Katon\.m2\repository\org\apache\pdfbox\pdfbox\2.0.24\pdfbox-2.0.24.jar;C:\Users\Katon\.m2\repository\org\apache\pdfbox\fontbox\2.0.24\fontbox-2.0.24.jar;C:\Users\Katon\.m2\repository\org\apache\pdfbox\xmpbox\2.0.24\xmpbox-2.0.24.jar;C:\Users\Katon\.m2\repository\de\rototor\pdfbox\graphics2d\0.32\graphics2d-0.32.jar;C:\Users\Katon\.m2\repository\com\openhtmltopdf\openhtmltopdf-rtl-support\1.0.10\openhtmltopdf-rtl-support-1.0.10.jar;C:\Users\Katon\.m2\repository\com\vladsch\flexmark\flexmark-profile-pegdown\0.64.8\flexmark-profile-pegdown-0.64.8.jar;C:\Users\Katon\.m2\repository\com\vladsch\flexmark\flexmark-util-ast\0.64.8\flexmark-util-ast-0.64.8.jar;C:\Users\Katon\.m2\repository\com\vladsch\flexmark\flexmark-util-builder\0.64.8\flexmark-util-builder-0.64.8.jar;C:\Users\Katon\.m2\repository\com\vladsch\flexmark\flexmark-util-collection\0.64.8\flexmark-util-collection-0.64.8.jar;C:\Users\Katon\.m2\repository\com\vladsch\flexmark\flexmark-util-data\0.64.8\flexmark-util-data-0.64.8.jar;C:\Users\Katon\.m2\repository\com\vladsch\flexmark\flexmark-util-dependency\0.64.8\flexmark-util-dependency-0.64.8.jar;C:\Users\Katon\.m2\repository\com\vladsch\flexmark\flexmark-util-format\0.64.8\flexmark-util-format-0.64.8.jar;C:\Users\Katon\.m2\repository\com\vladsch\flexmark\flexmark-util-html\0.64.8\flexmark-util-html-0.64.8.jar;C:\Users\Katon\.m2\repository\com\vladsch\flexmark\flexmark-util-misc\0.64.8\flexmark-util-misc-0.64.8.jar;C:\Users\Katon\.m2\repository\com\vladsch\flexmark\flexmark-util-options\0.64.8\flexmark-util-options-0.64.8.jar;C:\Users\Katon\.m2\repository\com\vladsch\flexmark\flexmark-util-sequence\0.64.8\flexmark-util-sequence-0.64.8.jar;C:\Users\Katon\.m2\repository\com\vladsch\flexmark\flexmark-util-visitor\0.64.8\flexmark-util-visitor-0.64.8.jar;C:\Users\Katon\.m2\repository\com\vladsch\flexmark\flexmark-youtrack-converter\0.64.8\flexmark-youtrack-converter-0.64.8.jar;C:\Users\Katon\.m2\repository\com\vladsch\flexmark\flexmark-ext-resizable-image\0.64.8\flexmark-ext-resizable-image-0.64.8.jar;C:\Users\Katon\.m2\repository\com\vladsch\flexmark\flexmark-ext-tables\0.64.8\flexmark-ext-tables-0.64.8.jar;C:\Users\Katon\.m2\repository\com\vladsch\flexmark\flexmark-util\0.64.8\flexmark-util-0.64.8.jar;C:\Users\Katon\.m2\repository\net\serenity-bdd\serenity-reports\4.0.19\serenity-reports-4.0.19.jar;C:\Users\Katon\.m2\repository\net\serenity-bdd\serenity-stats\4.0.19\serenity-stats-4.0.19.jar;C:\Users\Katon\.m2\repository\net\serenity-bdd\serenity-reports-configuration\4.0.19\serenity-reports-configuration-4.0.19.jar;C:\Users\Katon\.m2\repository\com\ibm\icu\icu4j\72.1\icu4j-72.1.jar;C:\Users\Katon\.m2\repository\es\nitaur\markdown\txtmark\0.16\txtmark-0.16.jar;C:\Users\Katon\.m2\repository\net\serenity-bdd\serenity-report-resources\4.0.19\serenity-report-resources-4.0.19.jar;C:\Users\Katon\.m2\repository\com\google\code\gson\gson\2.10.1\gson-2.10.1.jar;C:\Users\Katon\.m2\repository\com\fasterxml\jackson\core\jackson-core\2.15.2\jackson-core-2.15.2.jar;C:\Users\Katon\.m2\repository\com\fasterxml\jackson\core\jackson-databind\2.15.2\jackson-databind-2.15.2.jar;C:\Users\Katon\.m2\repository\com\fasterxml\jackson\core\jackson-annotations\2.15.2\jackson-annotations-2.15.2.jar;C:\Users\Katon\.m2\repository\commons-codec\commons-codec\1.16.0\commons-codec-1.16.0.jar;C:\Users\Katon\.m2\repository\commons-io\commons-io\2.15.0\commons-io-2.15.0.jar;C:\Users\Katon\.m2\repository\org\apache\httpcomponents\httpclient\4.5.13\httpclient-4.5.13.jar;C:\Users\Katon\.m2\repository\org\apache\httpcomponents\httpcore\4.4.13\httpcore-4.4.13.jar;C:\Users\Katon\.m2\repository\commons-logging\commons-logging\1.2\commons-logging-1.2.jar;C:\Users\Katon\.m2\repository\org\seleniumhq\selenium\selenium-java\4.14.1\selenium-java-4.14.1.jar;C:\Users\Katon\.m2\repository\org\seleniumhq\selenium\selenium-devtools-v116\4.14.1\selenium-devtools-v116-4.14.1.jar;C:\Users\Katon\.m2\repository\org\seleniumhq\selenium\selenium-devtools-v117\4.14.1\selenium-devtools-v117-4.14.1.jar;C:\Users\Katon\.m2\repository\org\seleniumhq\selenium\selenium-devtools-v118\4.14.1\selenium-devtools-v118-4.14.1.jar;C:\Users\Katon\.m2\repository\org\seleniumhq\selenium\selenium-devtools-v85\4.14.1\selenium-devtools-v85-4.14.1.jar;C:\Users\Katon\.m2\repository\org\seleniumhq\selenium\selenium-remote-driver\4.14.1\selenium-remote-driver-4.14.1.jar;C:\Users\Katon\.m2\repository\io\opentelemetry\opentelemetry-api\1.28.0\opentelemetry-api-1.28.0.jar;C:\Users\Katon\.m2\repository\io\opentelemetry\opentelemetry-context\1.28.0\opentelemetry-context-1.28.0.jar;C:\Users\Katon\.m2\repository\io\opentelemetry\opentelemetry-exporter-logging\1.28.0\opentelemetry-exporter-logging-1.28.0.jar;C:\Users\Katon\.m2\repository\io\opentelemetry\opentelemetry-sdk-metrics\1.28.0\opentelemetry-sdk-metrics-1.28.0.jar;C:\Users\Katon\.m2\repository\io\opentelemetry\opentelemetry-extension-incubator\1.28.0-alpha\opentelemetry-extension-incubator-1.28.0-alpha.jar;C:\Users\Katon\.m2\repository\io\opentelemetry\opentelemetry-sdk-logs\1.28.0\opentelemetry-sdk-logs-1.28.0.jar;C:\Users\Katon\.m2\repository\io\opentelemetry\opentelemetry-sdk-common\1.28.0\opentelemetry-sdk-common-1.28.0.jar;C:\Users\Katon\.m2\repository\io\opentelemetry\opentelemetry-sdk-extension-autoconfigure-spi\1.28.0\opentelemetry-sdk-extension-autoconfigure-spi-1.28.0.jar;C:\Users\Katon\.m2\repository\io\opentelemetry\opentelemetry-sdk-extension-autoconfigure\1.28.0\opentelemetry-sdk-extension-autoconfigure-1.28.0.jar;C:\Users\Katon\.m2\repository\io\opentelemetry\opentelemetry-api-events\1.28.0-alpha\opentelemetry-api-events-1.28.0-alpha.jar;C:\Users\Katon\.m2\repository\io\opentelemetry\opentelemetry-sdk-trace\1.28.0\opentelemetry-sdk-trace-1.28.0.jar;C:\Users\Katon\.m2\repository\io\opentelemetry\opentelemetry-sdk\1.28.0\opentelemetry-sdk-1.28.0.jar;C:\Users\Katon\.m2\repository\io\opentelemetry\opentelemetry-semconv\1.28.0-alpha\opentelemetry-semconv-1.28.0-alpha.jar;C:\Users\Katon\.m2\repository\org\seleniumhq\selenium\selenium-os\4.14.1\selenium-os-4.14.1.jar;C:\Users\Katon\.m2\repository\org\apache\commons\commons-exec\1.3\commons-exec-1.3.jar;C:\Users\Katon\.m2\repository\org\seleniumhq\selenium\selenium-safari-driver\4.14.1\selenium-safari-driver-4.14.1.jar;C:\Users\Katon\.m2\repository\org\seleniumhq\selenium\selenium-api\4.14.1\selenium-api-4.14.1.jar;C:\Users\Katon\.m2\repository\org\seleniumhq\selenium\selenium-support\4.14.1\selenium-support-4.14.1.jar;C:\Users\Katon\.m2\repository\com\google\auto\service\auto-service-annotations\1.1.1\auto-service-annotations-1.1.1.jar;C:\Users\Katon\.m2\repository\org\seleniumhq\selenium\selenium-json\4.14.1\selenium-json-4.14.1.jar;C:\Users\Katon\.m2\repository\org\seleniumhq\selenium\selenium-chrome-driver\4.14.1\selenium-chrome-driver-4.14.1.jar;C:\Users\Katon\.m2\repository\org\seleniumhq\selenium\selenium-chromium-driver\4.14.1\selenium-chromium-driver-4.14.1.jar;C:\Users\Katon\.m2\repository\org\seleniumhq\selenium\selenium-manager\4.14.1\selenium-manager-4.14.1.jar;C:\Users\Katon\.m2\repository\org\seleniumhq\selenium\selenium-firefox-driver\4.14.1\selenium-firefox-driver-4.14.1.jar;C:\Users\Katon\.m2\repository\org\seleniumhq\selenium\selenium-http\4.14.1\selenium-http-4.14.1.jar;C:\Users\Katon\.m2\repository\dev\failsafe\failsafe\3.3.2\failsafe-3.3.2.jar;C:\Users\Katon\.m2\repository\org\seleniumhq\selenium\selenium-edge-driver\4.14.1\selenium-edge-driver-4.14.1.jar;C:\Users\Katon\.m2\repository\org\seleniumhq\selenium\selenium-ie-driver\4.14.1\selenium-ie-driver-4.14.1.jar;C:\Users\Katon\.m2\repository\org\htmlunit\htmlunit\3.7.0\htmlunit-3.7.0.jar;C:\Users\Katon\.m2\repository\org\htmlunit\htmlunit-core-js\3.7.0\htmlunit-core-js-3.7.0.jar;C:\Users\Katon\.m2\repository\org\htmlunit\neko-htmlunit\3.7.0\neko-htmlunit-3.7.0.jar;C:\Users\Katon\.m2\repository\org\htmlunit\htmlunit-cssparser\3.7.0\htmlunit-cssparser-3.7.0.jar;C:\Users\Katon\.m2\repository\org\htmlunit\htmlunit-xpath\3.7.0\htmlunit-xpath-3.7.0.jar;C:\Users\Katon\.m2\repository\org\brotli\dec\0.1.2\dec-0.1.2.jar;C:\Users\Katon\.m2\repository\com\shapesecurity\salvation2\3.0.1\salvation2-3.0.1.jar;C:\Users\Katon\.m2\repository\org\eclipse\jetty\websocket\websocket-client\9.4.53.v20231009\websocket-client-9.4.53.v20231009.jar;C:\Users\Katon\.m2\repository\org\eclipse\jetty\jetty-client\9.4.53.v20231009\jetty-client-9.4.53.v20231009.jar;C:\Users\Katon\.m2\repository\org\eclipse\jetty\jetty-http\9.4.53.v20231009\jetty-http-9.4.53.v20231009.jar;C:\Users\Katon\.m2\repository\org\eclipse\jetty\jetty-util\9.4.53.v20231009\jetty-util-9.4.53.v20231009.jar;C:\Users\Katon\.m2\repository\org\eclipse\jetty\jetty-io\9.4.53.v20231009\jetty-io-9.4.53.v20231009.jar;C:\Users\Katon\.m2\repository\org\eclipse\jetty\websocket\websocket-common\9.4.53.v20231009\websocket-common-9.4.53.v20231009.jar;C:\Users\Katon\.m2\repository\org\eclipse\jetty\websocket\websocket-api\9.4.53.v20231009\websocket-api-9.4.53.v20231009.jar;C:\Users\Katon\.m2\repository\org\seleniumhq\selenium\htmlunit3-driver\4.14.1\htmlunit3-driver-4.14.1.jar;C:\Users\Katon\.m2\repository\io\appium\java-client\9.0.0\java-client-9.0.0.jar;C:\Users\Katon\.m2\repository\org\apache\groovy\groovy\4.0.13\groovy-4.0.13.jar;C:\Users\Katon\.m2\repository\net\sf\opencsv\opencsv\2.1\opencsv-2.1.jar;C:\Users\Katon\.m2\repository\org\apache\commons\commons-lang3\3.13.0\commons-lang3-3.13.0.jar;C:\Users\Katon\.m2\repository\org\apache\commons\commons-compress\1.24.0\commons-compress-1.24.0.jar;C:\Users\Katon\.m2\repository\org\fluentlenium\fluentlenium-core\0.10.2\fluentlenium-core-0.10.2.jar;C:\Users\Katon\.m2\repository\com\jhlabs\filters\2.0.235\filters-2.0.235.jar;C:\Users\Katon\.m2\repository\com\paulhammant\ngwebdriver\1.1.6\ngwebdriver-1.1.6.jar;C:\Users\Katon\.m2\repository\joda-time\joda-time\2.12.5\joda-time-2.12.5.jar;C:\Users\Katon\.m2\repository\org\hamcrest\hamcrest\2.2\hamcrest-2.2.jar;C:\Users\Katon\.m2\repository\com\google\jimfs\jimfs\1.3.0\jimfs-1.3.0.jar;C:\Users\Katon\.m2\repository\org\mockito\mockito-core\3.3.3\mockito-core-3.3.3.jar;C:\Users\Katon\.m2\repository\javax\xml\bind\jaxb-api\2.3.1\jaxb-api-2.3.1.jar;C:\Users\Katon\.m2\repository\javax\activation\javax.activation-api\1.2.0\javax.activation-api-1.2.0.jar;C:\Users\Katon\.m2\repository\com\sun\xml\bind\jaxb-core\2.3.0.1\jaxb-core-2.3.0.1.jar;C:\Users\Katon\.m2\repository\com\sun\xml\bind\jaxb-impl\2.3.3\jaxb-impl-2.3.3.jar;C:\Users\Katon\.m2\repository\jakarta\xml\bind\jakarta.xml.bind-api\2.3.3\jakarta.xml.bind-api-2.3.3.jar;C:\Users\Katon\.m2\repository\com\sun\activation\jakarta.activation\1.2.2\jakarta.activation-1.2.2.jar;C:\Users\Katon\.m2\repository\javax\activation\activation\1.1.1\activation-1.1.1.jar;C:\Users\Katon\.m2\repository\net\serenity-bdd\serenity-junit5\4.0.19\serenity-junit5-4.0.19.jar;C:\Users\Katon\.m2\repository\org\junit\jupiter\junit-jupiter-params\5.10.0\junit-jupiter-params-5.10.0.jar;C:\Users\Katon\.m2\repository\org\junit\platform\junit-platform-launcher\1.10.0\junit-platform-launcher-1.10.0.jar;C:\Users\Katon\.m2\repository\net\serenity-bdd\serenity-screenplay\4.0.19\serenity-screenplay-4.0.19.jar;C:\Users\Katon\.m2\repository\net\serenity-bdd\serenity-ensure\4.0.19\serenity-ensure-4.0.19.jar;C:\Users\Katon\.m2\repository\org\jetbrains\kotlin\kotlin-stdlib\1.9.0\kotlin-stdlib-1.9.0.jar;C:\Users\Katon\.m2\repository\org\jetbrains\kotlin\kotlin-stdlib-common\1.9.0\kotlin-stdlib-common-1.9.0.jar;C:\Users\Katon\.m2\repository\org\jetbrains\annotations\13.0\annotations-13.0.jar;C:\Users\Katon\.m2\repository\net\serenity-bdd\serenity-screenplay-webdriver\4.0.19\serenity-screenplay-webdriver-4.0.19.jar;C:\Users\Katon\.m2\repository\ch\qos\logback\logback-classic\1.2.11\logback-classic-1.2.11.jar;C:\Users\Katon\.m2\repository\ch\qos\logback\logback-core\1.2.11\logback-core-1.2.11.jar;C:\Users\Katon\.m2\repository\org\slf4j\slf4j-api\1.7.32\slf4j-api-1.7.32.jar;C:\Users\Katon\.m2\repository\org\junit\jupiter\junit-jupiter-api\5.10.0\junit-jupiter-api-5.10.0.jar;C:\Users\Katon\.m2\repository\org\opentest4j\opentest4j\1.3.0\opentest4j-1.3.0.jar;C:\Users\Katon\.m2\repository\org\junit\platform\junit-platform-commons\1.10.0\junit-platform-commons-1.10.0.jar;C:\Users\Katon\.m2\repository\org\apiguardian\apiguardian-api\1.1.2\apiguardian-api-1.1.2.jar;C:\Users\Katon\.m2\repository\org\junit\jupiter\junit-jupiter-engine\5.10.0\junit-jupiter-engine-5.10.0.jar;C:\Users\Katon\.m2\repository\org\junit\platform\junit-platform-engine\1.10.0\junit-platform-engine-1.10.0.jar;C:\Users\Katon\.m2\repository\org\assertj\assertj-core\3.24.2\assertj-core-3.24.2.jar;C:\Users\Katon\.m2\repository\net\bytebuddy\byte-buddy\1.12.21\byte-buddy-1.12.21.jar;C:\Users\Katon\.m2\repository\net\serenity-bdd\serenity-rest-assured\4.0.19\serenity-rest-assured-4.0.19.jar;C:\Users\Katon\.m2\repository\org\apache\groovy\groovy-json\4.0.13\groovy-json-4.0.13.jar;C:\Users\Katon\.m2\repository\org\apache\groovy\groovy-xml\4.0.13\groovy-xml-4.0.13.jar;C:\Users\Katon\.m2\repository\io\rest-assured\rest-assured\5.4.0\rest-assured-5.4.0.jar;C:\Users\Katon\.m2\repository\org\apache\httpcomponents\httpmime\4.5.13\httpmime-4.5.13.jar;C:\Users\Katon\.m2\repository\org\ccil\cowan\tagsoup\tagsoup\1.2.1\tagsoup-1.2.1.jar;C:\Users\Katon\.m2\repository\io\rest-assured\json-path\5.4.0\json-path-5.4.0.jar;C:\Users\Katon\.m2\repository\io\rest-assured\rest-assured-common\5.4.0\rest-assured-common-5.4.0.jar;C:\Users\Katon\.m2\repository\io\rest-assured\xml-path\5.4.0\xml-path-5.4.0.jar;C:\Users\Katon\.m2\repository\com\mysql\mysql-connector-j\8.3.0\mysql-connector-j-8.3.0.jar;C:\Users\Katon\.m2\repository\com\google\protobuf\protobuf-java\3.25.1\protobuf-java-3.25.1.jar;"/>
    <property name="sun.cpu.endian" value="little"/>
    <property name="user.home" value="C:\Users\Katon"/>
    <property name="user.language" value="en"/>
    <property name="java.specification.vendor" value="Oracle Corporation"/>
    <property name="java.version.date" value="2025-01-21"/>
    <property name="java.home" value="C:\Program Files\Java\jdk-21"/>
    <property name="file.separator" value="\"/>
    <property name="basedir" value="C:\Users\Katon\Documents\JavaProject\DemoSerenityFramework"/>
    <property name="java.vm.compressedOopsMode" value="Zero based"/>
    <property name="line.separator" value="&#10;"/>
    <property name="java.vm.specification.vendor" value="Oracle Corporation"/>
    <property name="java.specification.name" value="Java Platform API Specification"/>
    <property name="surefire.real.class.path" value="C:\Users\Katon\AppData\Local\Temp\surefire10571852970401938850\surefirebooter-20250325163403997_3.jar"/>
    <property name="user.script" value=""/>
    <property name="java.protocol.handler.pkgs" value="com.google.common"/>
    <property name="sun.management.compiler" value="HotSpot 64-Bit Tiered Compilers"/>
    <property name="java.runtime.version" value="21.0.6+8-LTS-188"/>
    <property name="user.name" value="Katon"/>
    <property name="stdout.encoding" value="Cp1252"/>
    <property name="path.separator" value=";"/>
    <property name="os.version" value="10.0"/>
    <property name="java.runtime.name" value="Java(TM) SE Runtime Environment"/>
    <property name="file.encoding" value="UTF-8"/>
    <property name="webdriver.base.url" value=""/>
    <property name="java.vm.name" value="Java HotSpot(TM) 64-Bit Server VM"/>
    <property name="localRepository" value="C:\Users\Katon\.m2\repository"/>
    <property name="java.vendor.url.bug" value="https://bugreport.java.com/bugreport/"/>
    <property name="java.io.tmpdir" value="C:\Users\Katon\AppData\Local\Temp\"/>
    <property name="java.version" value="21.0.6"/>
    <property name="user.dir" value="C:\Users\Katon\Documents\JavaProject\DemoSerenityFramework"/>
    <property name="os.arch" value="amd64"/>
    <property name="java.vm.specification.name" value="Java Virtual Machine Specification"/>
    <property name="sun.os.patch.level" value=""/>
    <property name="native.encoding" value="Cp1252"/>
    <property name="java.library.path" value="C:\Program Files\Java\jdk-21\bin;C:\Windows\Sun\Java\bin;C:\Windows\system32;C:\Windows;C:\Program Files\Common Files\Oracle\Java\javapath;C:\Windows\system32;C:\Windows;C:\Windows\System32\Wbem;C:\Windows\System32\WindowsPowerShell\v1.0\;C:\Windows\System32\OpenSSH\;C:\Program Files (x86)\NVIDIA Corporation\PhysX\Common;C:\xampp\php;C:\Composer;C:\Program Files (x86)\Maven\bin;C:\Users\Katon\AppData\Local\Microsoft\WindowsApps;C:\Users\Katon\AppData\Local\GitHubDesktop\bin;C:\Users\Katon\AppData\Roaming\Composer\vendor\bin;."/>
    <property name="junit.jupiter.extensions.autodetection.enabled" value="true"/>
    <property name="java.vm.info" value="mixed mode, sharing"/>
    <property name="stderr.encoding" value="Cp1252"/>
    <property name="java.vendor" value="Oracle Corporation"/>
    <property name="java.vm.version" value="21.0.6+8-LTS-188"/>
    <property name="sun.io.unicode.encoding" value="UnicodeLittle"/>
    <property name="java.class.version" value="65.0"/>
  </properties>
  <testcase name="checkOpenRegisterPage" classname="Test.Web.RegisterTest" time="1.982">
    <system-out><![CDATA[16:34:57.020 [main] DEBUG net.thucydides.core.steps.StepEventBus - Test suite started for RegisterTest in class Test.Web.RegisterTest
16:34:57.020 [main] INFO  - Test Suite Started: RegisterTest
16:34:57.083 [main] DEBUG net.thucydides.core.steps.StepEventBus - Test suite started for RegisterTest in class Test.Web.RegisterTest
16:34:57.083 [main] INFO  - Test Suite Started: RegisterTest
16:34:57.083 [main] DEBUG net.serenitybdd.junit5.SerenityTestExecutionListener - Thread[#1,main,5,main] Test started TestIdentifier [uniqueId = [engine:junit-jupiter]/[class:Test.Web.RegisterTest]/[method:checkOpenRegisterPage()], parentId = [engine:junit-jupiter]/[class:Test.Web.RegisterTest], displayName = 'Kiểm tra hiển thị trang đăng ký', legacyReportingName = 'checkOpenRegisterPage()', source = MethodSource [className = 'Test.Web.RegisterTest', methodName = 'checkOpenRegisterPage', methodParameterTypes = ''], tags = [], type = TEST]
16:34:57.083 [main] INFO  - 
  _____   ___   ___   _____     ___   _____     _     ___   _____   ___   ___  
 |_   _| | __| / __| |_   _|   / __| |_   _|   /_\   | _ \ |_   _| | __| |   \ 
   | |   | _|  \__ \   | |     \__ \   | |    / _ \  |   /   | |   | _|  | |) |
   |_|   |___| |___/   |_|     |___/   |_|   /_/ \_\ |_|_\   |_|   |___| |___/ 

Kiểm tra hiển thị trang đăng ký([engine:junit-jupiter]/[class:Test.Web.RegisterTest]/[method:checkOpenRegisterPage()])
--------------------------------------------------------------------------------
16:34:57.083 [main] DEBUG net.thucydides.core.steps.StepInterceptor - STARTING STEP: StepInterceptor.testContext - truy cập trang đăng ký
16:34:57.130 [main] INFO net.serenitybdd.core.webdriver.driverproviders.ChromeDriverProvider - Starting Chrome driver instance with capabilities:
16:34:57.130 [main] INFO net.serenitybdd.core.webdriver.driverproviders.ChromeDriverProvider - Capabilities {acceptInsecureCerts: false, browserName: chrome, goog:chromeOptions: {args: [remote-allow-origins=*, --headless=chrome, --headless], extensions: []}}
16:34:58.324 [main] DEBUG net.serenitybdd.core.photography.Darkroom - Opening darkroom
16:34:58.324 [Darkroom Processing Line] DEBUG net.serenitybdd.core.photography.DarkroomProcessingLine - Darkroom processing line starting up
16:34:58.708 [main] DEBUG net.serenitybdd.core.photography.Darkroom - Send negative for processing for C:\Users\Katon\Documents\JavaProject\DemoSerenityFramework\target\site\serenity\a133df92da281fbc66d6aa3e272f270ef64d2d70b223a006efe7dd0471ca972a.png
16:34:58.708 [main] DEBUG net.thucydides.core.steps.StepInterceptor - STEP DONE: truy cập trang đăng ký
16:34:58.713 [main] DEBUG net.thucydides.core.steps.StepInterceptor - STARTING STEP: StepInterceptor.testContext - kiểm tra hiển thị tiêu đề trang đăng ký
16:34:59.065 [main] DEBUG net.serenitybdd.core.photography.Darkroom - Send negative for processing for C:\Users\Katon\Documents\JavaProject\DemoSerenityFramework\target\site\serenity\a133df92da281fbc66d6aa3e272f270ef64d2d70b223a006efe7dd0471ca972a.png
16:34:59.065 [main] DEBUG net.thucydides.core.steps.StepInterceptor - STEP DONE: kiểm tra hiển thị tiêu đề trang đăng ký
]]></system-out>
    <system-err><![CDATA[Mar 25, 2025 4:34:58 PM org.openqa.selenium.devtools.CdpVersionFinder findNearestMatch
WARNING: Unable to find CDP implementation matching 134
Mar 25, 2025 4:34:58 PM org.openqa.selenium.chromium.ChromiumDriver lambda$new$5
WARNING: Unable to find version of CDP to use for 134.0.6998.166. You may need to include a dependency on a specific version of the CDP using something similar to `org.seleniumhq.selenium:selenium-devtools-v86:4.14.1` where the version ("v86") matches the version of the chromium-based browser you're using and the version number of the artifact is the same as Selenium's.
]]></system-err>
  </testcase>
  <testcase name="checkRegisterSuccess" classname="Test.Web.RegisterTest" time="6.66">
    <system-out><![CDATA[16:34:59.065 [main] INFO  - 
  _____   ___   ___   _____     ___     _     ___   ___   ___   ___  
 |_   _| | __| / __| |_   _|   | _ \   /_\   / __| / __| | __| |   \ 
   | |   | _|  \__ \   | |     |  _/  / _ \  \__ \ \__ \ | _|  | |) |
   |_|   |___| |___/   |_|     |_|   /_/ \_\ |___/ |___/ |___| |___/ 

Kiểm tra hiển thị trang đăng ký
----------------------------------------------------------------------
16:34:59.241 [main] DEBUG net.thucydides.core.steps.StepEventBus - Test suite started for RegisterTest in class Test.Web.RegisterTest
16:34:59.241 [main] INFO  - Test Suite Started: RegisterTest
16:34:59.241 [main] DEBUG net.serenitybdd.junit5.SerenityTestExecutionListener - Thread[#1,main,5,main] Test started TestIdentifier [uniqueId = [engine:junit-jupiter]/[class:Test.Web.RegisterTest]/[method:checkRegisterSuccess()], parentId = [engine:junit-jupiter]/[class:Test.Web.RegisterTest], displayName = 'kiểm tra đăng ký thành công', legacyReportingName = 'checkRegisterSuccess()', source = MethodSource [className = 'Test.Web.RegisterTest', methodName = 'checkRegisterSuccess', methodParameterTypes = ''], tags = [], type = TEST]
16:34:59.241 [main] INFO  - 
  _____   ___   ___   _____     ___   _____     _     ___   _____   ___   ___  
 |_   _| | __| / __| |_   _|   / __| |_   _|   /_\   | _ \ |_   _| | __| |   \ 
   | |   | _|  \__ \   | |     \__ \   | |    / _ \  |   /   | |   | _|  | |) |
   |_|   |___| |___/   |_|     |___/   |_|   /_/ \_\ |_|_\   |_|   |___| |___/ 

kiểm tra đăng ký thành công([engine:junit-jupiter]/[class:Test.Web.RegisterTest]/[method:checkRegisterSuccess()])
--------------------------------------------------------------------------------
16:34:59.241 [main] DEBUG net.thucydides.core.steps.StepInterceptor - STARTING STEP: StepInterceptor.testContext - truy cập trang đăng ký
16:34:59.287 [main] INFO net.serenitybdd.core.webdriver.driverproviders.ChromeDriverProvider - Starting Chrome driver instance with capabilities:
16:34:59.287 [main] INFO net.serenitybdd.core.webdriver.driverproviders.ChromeDriverProvider - Capabilities {acceptInsecureCerts: false, browserName: chrome, goog:chromeOptions: {args: [remote-allow-origins=*, --headless=chrome, --headless], extensions: []}}
16:35:00.448 [main] DEBUG net.serenitybdd.core.photography.Darkroom - Opening darkroom
16:35:00.449 [Darkroom Processing Line] DEBUG net.serenitybdd.core.photography.DarkroomProcessingLine - Darkroom processing line starting up
16:35:00.831 [main] DEBUG net.serenitybdd.core.photography.Darkroom - Send negative for processing for C:\Users\Katon\Documents\JavaProject\DemoSerenityFramework\target\site\serenity\a133df92da281fbc66d6aa3e272f270ef64d2d70b223a006efe7dd0471ca972a.png
16:35:00.831 [main] DEBUG net.thucydides.core.steps.StepInterceptor - STEP DONE: truy cập trang đăng ký
16:35:00.836 [main] DEBUG net.thucydides.core.steps.StepInterceptor - STARTING STEP: StepInterceptor.testContext - xóa dữ liệu ô nhập
16:35:01.309 [main] DEBUG net.serenitybdd.core.photography.Darkroom - Send negative for processing for C:\Users\Katon\Documents\JavaProject\DemoSerenityFramework\target\site\serenity\a133df92da281fbc66d6aa3e272f270ef64d2d70b223a006efe7dd0471ca972a.png
16:35:01.312 [main] DEBUG net.thucydides.core.steps.StepInterceptor - STEP DONE: xóa dữ liệu ô nhập
16:35:01.319 [main] DEBUG net.thucydides.core.steps.StepInterceptor - STARTING STEP: StepInterceptor.testContext - nhập họ tên
16:35:01.757 [main] DEBUG net.serenitybdd.core.photography.Darkroom - Send negative for processing for C:\Users\Katon\Documents\JavaProject\DemoSerenityFramework\target\site\serenity\5657ac1b07cf7d3c47389e855205948b9dc159e7e99230bc73a60082e7b62ae4.png
16:35:01.757 [main] DEBUG net.thucydides.core.steps.StepInterceptor - STEP DONE: nhập họ tên
16:35:01.757 [Darkroom Processing Line] DEBUG net.serenitybdd.core.photography.DarkroomProcessingLine - Processing screenshot image in /var/screenshots/screenshot-9832648112396528713
16:35:01.757 [Darkroom Processing Line] DEBUG net.serenitybdd.core.photography.DarkroomProcessingLine - Saving screenshot to C:\Users\Katon\Documents\JavaProject\DemoSerenityFramework\target\site\serenity\5657ac1b07cf7d3c47389e855205948b9dc159e7e99230bc73a60082e7b62ae4.png
16:35:01.763 [main] DEBUG net.thucydides.core.steps.StepInterceptor - STARTING STEP: StepInterceptor.testContext - nhập số điện thoại
16:35:02.137 [main] DEBUG net.serenitybdd.core.photography.Darkroom - Send negative for processing for C:\Users\Katon\Documents\JavaProject\DemoSerenityFramework\target\site\serenity\713988226fd6308db432e01fa9eebfba9e17d04afcf7e72eac645b20028d6aef.png
16:35:02.137 [main] DEBUG net.thucydides.core.steps.StepInterceptor - STEP DONE: nhập số điện thoại
16:35:02.137 [Darkroom Processing Line] DEBUG net.serenitybdd.core.photography.DarkroomProcessingLine - Processing screenshot image in /var/screenshots/screenshot-303868456933774278
16:35:02.137 [Darkroom Processing Line] DEBUG net.serenitybdd.core.photography.DarkroomProcessingLine - Saving screenshot to C:\Users\Katon\Documents\JavaProject\DemoSerenityFramework\target\site\serenity\713988226fd6308db432e01fa9eebfba9e17d04afcf7e72eac645b20028d6aef.png
16:35:02.146 [main] DEBUG net.thucydides.core.steps.StepInterceptor - STARTING STEP: StepInterceptor.testContext - nhập địa chỉ email
16:35:02.569 [main] DEBUG net.serenitybdd.core.photography.Darkroom - Send negative for processing for C:\Users\Katon\Documents\JavaProject\DemoSerenityFramework\target\site\serenity\1184134d191e528d4827a3740f153a697cdbf2a43f6242d46d6a307625acf881.png
16:35:02.569 [main] DEBUG net.thucydides.core.steps.StepInterceptor - STEP DONE: nhập địa chỉ email
16:35:02.569 [Darkroom Processing Line] DEBUG net.serenitybdd.core.photography.DarkroomProcessingLine - Processing screenshot image in /var/screenshots/screenshot-568819589902077463
16:35:02.569 [Darkroom Processing Line] DEBUG net.serenitybdd.core.photography.DarkroomProcessingLine - Saving screenshot to C:\Users\Katon\Documents\JavaProject\DemoSerenityFramework\target\site\serenity\1184134d191e528d4827a3740f153a697cdbf2a43f6242d46d6a307625acf881.png
16:35:02.581 [main] DEBUG net.thucydides.core.steps.StepInterceptor - STARTING STEP: StepInterceptor.testContext - nhập tài khoản đăng nhập
16:35:02.945 [main] DEBUG net.serenitybdd.core.photography.Darkroom - Send negative for processing for C:\Users\Katon\Documents\JavaProject\DemoSerenityFramework\target\site\serenity\58ecbe587a2dd992e0dc3816ff4939e77c75101bc037fddb9029d797242e2748.png
16:35:02.945 [main] DEBUG net.thucydides.core.steps.StepInterceptor - STEP DONE: nhập tài khoản đăng nhập
16:35:02.945 [Darkroom Processing Line] DEBUG net.serenitybdd.core.photography.DarkroomProcessingLine - Processing screenshot image in /var/screenshots/screenshot-9895710941262461565
16:35:02.945 [Darkroom Processing Line] DEBUG net.serenitybdd.core.photography.DarkroomProcessingLine - Saving screenshot to C:\Users\Katon\Documents\JavaProject\DemoSerenityFramework\target\site\serenity\58ecbe587a2dd992e0dc3816ff4939e77c75101bc037fddb9029d797242e2748.png
16:35:02.964 [main] DEBUG net.thucydides.core.steps.StepInterceptor - STARTING STEP: StepInterceptor.testContext - nhập mật khẩu
16:35:03.799 [main] DEBUG net.serenitybdd.core.photography.Darkroom - Send negative for processing for C:\Users\Katon\Documents\JavaProject\DemoSerenityFramework\target\site\serenity\48607d67e4805d193fb318d138a79c0ccc79d8655f9183942ab706c05833c9b6.png
16:35:03.799 [main] DEBUG net.thucydides.core.steps.StepInterceptor - STEP DONE: nhập mật khẩu
16:35:03.799 [Darkroom Processing Line] DEBUG net.serenitybdd.core.photography.DarkroomProcessingLine - Processing screenshot image in /var/screenshots/screenshot-8542473414975904124
16:35:03.799 [Darkroom Processing Line] DEBUG net.serenitybdd.core.photography.DarkroomProcessingLine - Saving screenshot to C:\Users\Katon\Documents\JavaProject\DemoSerenityFramework\target\site\serenity\48607d67e4805d193fb318d138a79c0ccc79d8655f9183942ab706c05833c9b6.png
16:35:03.816 [main] DEBUG net.thucydides.core.steps.StepInterceptor - STARTING STEP: StepInterceptor.testContext - nhập lại mật khẩu
16:35:04.184 [main] DEBUG net.serenitybdd.core.photography.Darkroom - Send negative for processing for C:\Users\Katon\Documents\JavaProject\DemoSerenityFramework\target\site\serenity\e98bf70c5cf38ac13a360afe42599ca656803934e21c2799dc9db149aa536585.png
16:35:04.184 [Darkroom Processing Line] DEBUG net.serenitybdd.core.photography.DarkroomProcessingLine - Processing screenshot image in /var/screenshots/screenshot-6732657899025225431
16:35:04.184 [main] DEBUG net.thucydides.core.steps.StepInterceptor - STEP DONE: nhập lại mật khẩu
16:35:04.184 [Darkroom Processing Line] DEBUG net.serenitybdd.core.photography.DarkroomProcessingLine - Saving screenshot to C:\Users\Katon\Documents\JavaProject\DemoSerenityFramework\target\site\serenity\e98bf70c5cf38ac13a360afe42599ca656803934e21c2799dc9db149aa536585.png
16:35:04.195 [main] DEBUG net.thucydides.core.steps.StepInterceptor - STARTING STEP: StepInterceptor.testContext - bấm nút đăng ký
16:35:05.550 [main] DEBUG net.serenitybdd.core.photography.Darkroom - Send negative for processing for C:\Users\Katon\Documents\JavaProject\DemoSerenityFramework\target\site\serenity\a97fc5104718b258d80b2b667feaf9f453f36c7cfb16f4daaeb3eb279130b93f.png
16:35:05.551 [Darkroom Processing Line] DEBUG net.serenitybdd.core.photography.DarkroomProcessingLine - Processing screenshot image in /var/screenshots/screenshot-535857049867203982
16:35:05.551 [Darkroom Processing Line] DEBUG net.serenitybdd.core.photography.DarkroomProcessingLine - Saving screenshot to C:\Users\Katon\Documents\JavaProject\DemoSerenityFramework\target\site\serenity\a97fc5104718b258d80b2b667feaf9f453f36c7cfb16f4daaeb3eb279130b93f.png
16:35:05.552 [main] DEBUG net.thucydides.core.steps.StepInterceptor - STEP DONE: bấm nút đăng ký
16:35:05.552 [main] DEBUG net.thucydides.core.steps.StepInterceptor - STARTING STEP: StepInterceptor.testContext - kiểm tra hiển thị thông báo đăng ký tài khoản thành công
16:35:05.901 [main] DEBUG net.serenitybdd.core.photography.Darkroom - Send negative for processing for C:\Users\Katon\Documents\JavaProject\DemoSerenityFramework\target\site\serenity\a97fc5104718b258d80b2b667feaf9f453f36c7cfb16f4daaeb3eb279130b93f.png
16:35:05.901 [main] DEBUG net.thucydides.core.steps.StepInterceptor - STEP DONE: kiểm tra hiển thị thông báo đăng ký tài khoản thành công
]]></system-out>
    <system-err><![CDATA[Mar 25, 2025 4:35:00 PM org.openqa.selenium.devtools.CdpVersionFinder findNearestMatch
WARNING: Unable to find CDP implementation matching 134
Mar 25, 2025 4:35:00 PM org.openqa.selenium.chromium.ChromiumDriver lambda$new$5
WARNING: Unable to find version of CDP to use for 134.0.6998.166. You may need to include a dependency on a specific version of the CDP using something similar to `org.seleniumhq.selenium:selenium-devtools-v86:4.14.1` where the version ("v86") matches the version of the chromium-based browser you're using and the version number of the artifact is the same as Selenium's.
]]></system-err>
  </testcase>
  <testcase name="checkEmptyInputUserName" classname="Test.Web.RegisterTest" time="5.159">
    <system-out><![CDATA[16:35:05.914 [main] INFO  - 
  _____   ___   ___   _____     ___     _     ___   ___   ___   ___  
 |_   _| | __| / __| |_   _|   | _ \   /_\   / __| / __| | __| |   \ 
   | |   | _|  \__ \   | |     |  _/  / _ \  \__ \ \__ \ | _|  | |) |
   |_|   |___| |___/   |_|     |_|   /_/ \_\ |___/ |___/ |___| |___/ 

kiểm tra đăng ký thành công
----------------------------------------------------------------------
16:35:06.078 [main] DEBUG net.thucydides.core.steps.StepEventBus - Test suite started for RegisterTest in class Test.Web.RegisterTest
16:35:06.094 [main] INFO  - Test Suite Started: RegisterTest
16:35:06.094 [main] DEBUG net.serenitybdd.junit5.SerenityTestExecutionListener - Thread[#1,main,5,main] Test started TestIdentifier [uniqueId = [engine:junit-jupiter]/[class:Test.Web.RegisterTest]/[method:checkEmptyInputUserName()], parentId = [engine:junit-jupiter]/[class:Test.Web.RegisterTest], displayName = 'kiểm tra bỏ trống họ tên', legacyReportingName = 'checkEmptyInputUserName()', source = MethodSource [className = 'Test.Web.RegisterTest', methodName = 'checkEmptyInputUserName', methodParameterTypes = ''], tags = [], type = TEST]
16:35:06.094 [main] INFO  - 
  _____   ___   ___   _____     ___   _____     _     ___   _____   ___   ___  
 |_   _| | __| / __| |_   _|   / __| |_   _|   /_\   | _ \ |_   _| | __| |   \ 
   | |   | _|  \__ \   | |     \__ \   | |    / _ \  |   /   | |   | _|  | |) |
   |_|   |___| |___/   |_|     |___/   |_|   /_/ \_\ |_|_\   |_|   |___| |___/ 

kiểm tra bỏ trống họ tên([engine:junit-jupiter]/[class:Test.Web.RegisterTest]/[method:checkEmptyInputUserName()])
--------------------------------------------------------------------------------
16:35:06.094 [main] DEBUG net.thucydides.core.steps.StepInterceptor - STARTING STEP: StepInterceptor.testContext - truy cập trang đăng ký
16:35:06.125 [main] INFO net.serenitybdd.core.webdriver.driverproviders.ChromeDriverProvider - Starting Chrome driver instance with capabilities:
16:35:06.125 [main] INFO net.serenitybdd.core.webdriver.driverproviders.ChromeDriverProvider - Capabilities {acceptInsecureCerts: false, browserName: chrome, goog:chromeOptions: {args: [remote-allow-origins=*, --headless=chrome, --headless], extensions: []}}
16:35:07.269 [main] DEBUG net.serenitybdd.core.photography.Darkroom - Opening darkroom
16:35:07.270 [Darkroom Processing Line] DEBUG net.serenitybdd.core.photography.DarkroomProcessingLine - Darkroom processing line starting up
16:35:07.650 [main] DEBUG net.serenitybdd.core.photography.Darkroom - Send negative for processing for C:\Users\Katon\Documents\JavaProject\DemoSerenityFramework\target\site\serenity\a133df92da281fbc66d6aa3e272f270ef64d2d70b223a006efe7dd0471ca972a.png
16:35:07.650 [main] DEBUG net.thucydides.core.steps.StepInterceptor - STEP DONE: truy cập trang đăng ký
16:35:07.662 [main] DEBUG net.thucydides.core.steps.StepInterceptor - STARTING STEP: StepInterceptor.testContext - xóa dữ liệu ô nhập
16:35:08.116 [main] DEBUG net.serenitybdd.core.photography.Darkroom - Send negative for processing for C:\Users\Katon\Documents\JavaProject\DemoSerenityFramework\target\site\serenity\a133df92da281fbc66d6aa3e272f270ef64d2d70b223a006efe7dd0471ca972a.png
16:35:08.116 [main] DEBUG net.thucydides.core.steps.StepInterceptor - STEP DONE: xóa dữ liệu ô nhập
16:35:08.128 [main] DEBUG net.thucydides.core.steps.StepInterceptor - STARTING STEP: StepInterceptor.testContext - nhập số điện thoại
16:35:08.545 [main] DEBUG net.serenitybdd.core.photography.Darkroom - Send negative for processing for C:\Users\Katon\Documents\JavaProject\DemoSerenityFramework\target\site\serenity\d8bef81b8176192bbf334a037fcdf1320d052fe4a02041280d8407846a5167a1.png
16:35:08.545 [main] DEBUG net.thucydides.core.steps.StepInterceptor - STEP DONE: nhập số điện thoại
16:35:08.545 [Darkroom Processing Line] DEBUG net.serenitybdd.core.photography.DarkroomProcessingLine - Processing screenshot image in /var/screenshots/screenshot-9350714018265636401
16:35:08.545 [Darkroom Processing Line] DEBUG net.serenitybdd.core.photography.DarkroomProcessingLine - Saving screenshot to C:\Users\Katon\Documents\JavaProject\DemoSerenityFramework\target\site\serenity\d8bef81b8176192bbf334a037fcdf1320d052fe4a02041280d8407846a5167a1.png
16:35:08.550 [main] DEBUG net.thucydides.core.steps.StepInterceptor - STARTING STEP: StepInterceptor.testContext - nhập địa chỉ email
16:35:09.391 [main] DEBUG net.serenitybdd.core.photography.Darkroom - Send negative for processing for C:\Users\Katon\Documents\JavaProject\DemoSerenityFramework\target\site\serenity\fa19a63745f47318b38825fbf9d2117954cfb998458f8fa4eb901f644c1b85d7.png
16:35:09.391 [main] DEBUG net.thucydides.core.steps.StepInterceptor - STEP DONE: nhập địa chỉ email
16:35:09.391 [Darkroom Processing Line] DEBUG net.serenitybdd.core.photography.DarkroomProcessingLine - Processing screenshot image in /var/screenshots/screenshot-3528656654582323448
16:35:09.391 [Darkroom Processing Line] DEBUG net.serenitybdd.core.photography.DarkroomProcessingLine - Saving screenshot to C:\Users\Katon\Documents\JavaProject\DemoSerenityFramework\target\site\serenity\fa19a63745f47318b38825fbf9d2117954cfb998458f8fa4eb901f644c1b85d7.png
16:35:09.398 [main] DEBUG net.thucydides.core.steps.StepInterceptor - STARTING STEP: StepInterceptor.testContext - nhập tài khoản đăng nhập
16:35:09.749 [main] DEBUG net.serenitybdd.core.photography.Darkroom - Send negative for processing for C:\Users\Katon\Documents\JavaProject\DemoSerenityFramework\target\site\serenity\12ac0d4a77f0904d75e4dfcd12bc741163ccca4ca9cc83a5350a56f90e643d13.png
16:35:09.749 [main] DEBUG net.thucydides.core.steps.StepInterceptor - STEP DONE: nhập tài khoản đăng nhập
16:35:09.749 [Darkroom Processing Line] DEBUG net.serenitybdd.core.photography.DarkroomProcessingLine - Processing screenshot image in /var/screenshots/screenshot-589506286454869147
16:35:09.749 [Darkroom Processing Line] DEBUG net.serenitybdd.core.photography.DarkroomProcessingLine - Saving screenshot to C:\Users\Katon\Documents\JavaProject\DemoSerenityFramework\target\site\serenity\12ac0d4a77f0904d75e4dfcd12bc741163ccca4ca9cc83a5350a56f90e643d13.png
16:35:09.749 [main] DEBUG net.thucydides.core.steps.StepInterceptor - STARTING STEP: StepInterceptor.testContext - nhập mật khẩu
16:35:09.798 [main] DEBUG net.thucydides.core.steps.StepInterceptor - STEP DONE: nhập mật khẩu
16:35:09.798 [main] DEBUG net.thucydides.core.steps.StepInterceptor - STARTING STEP: StepInterceptor.testContext - nhập lại mật khẩu
16:35:10.132 [main] DEBUG net.serenitybdd.core.photography.Darkroom - Send negative for processing for C:\Users\Katon\Documents\JavaProject\DemoSerenityFramework\target\site\serenity\54083ee0dbe6167fdb97b5f539633931ae43fb1406a738f2043aa7b2f5513d19.png
16:35:10.132 [main] DEBUG net.thucydides.core.steps.StepInterceptor - STEP DONE: nhập lại mật khẩu
16:35:10.132 [Darkroom Processing Line] DEBUG net.serenitybdd.core.photography.DarkroomProcessingLine - Processing screenshot image in /var/screenshots/screenshot-8276262215605370867
16:35:10.132 [Darkroom Processing Line] DEBUG net.serenitybdd.core.photography.DarkroomProcessingLine - Saving screenshot to C:\Users\Katon\Documents\JavaProject\DemoSerenityFramework\target\site\serenity\54083ee0dbe6167fdb97b5f539633931ae43fb1406a738f2043aa7b2f5513d19.png
16:35:10.132 [main] DEBUG net.thucydides.core.steps.StepInterceptor - STARTING STEP: StepInterceptor.testContext - bấm nút đăng ký
16:35:10.895 [main] DEBUG net.serenitybdd.core.photography.Darkroom - Send negative for processing for C:\Users\Katon\Documents\JavaProject\DemoSerenityFramework\target\site\serenity\89a1efa48e05b1c71864d2077919740b112f906ac9eb55b89f26ea78f43e70cb.png
16:35:10.895 [Darkroom Processing Line] DEBUG net.serenitybdd.core.photography.DarkroomProcessingLine - Processing screenshot image in /var/screenshots/screenshot-17653178829562852636
16:35:10.895 [Darkroom Processing Line] DEBUG net.serenitybdd.core.photography.DarkroomProcessingLine - Saving screenshot to C:\Users\Katon\Documents\JavaProject\DemoSerenityFramework\target\site\serenity\89a1efa48e05b1c71864d2077919740b112f906ac9eb55b89f26ea78f43e70cb.png
16:35:10.895 [main] DEBUG net.thucydides.core.steps.StepInterceptor - STEP DONE: bấm nút đăng ký
16:35:10.895 [main] DEBUG net.thucydides.core.steps.StepInterceptor - STARTING STEP: StepInterceptor.testContext - kiểm tra hiển thị thông báo họ tên không hợp lệ
16:35:11.253 [main] DEBUG net.serenitybdd.core.photography.Darkroom - Send negative for processing for C:\Users\Katon\Documents\JavaProject\DemoSerenityFramework\target\site\serenity\f8d8c8e7886bf3885b0153106bea892b616a6875289b00c936d58ac3068df0cf.png
16:35:11.253 [main] DEBUG net.thucydides.core.steps.StepInterceptor - STEP DONE: kiểm tra hiển thị thông báo họ tên không hợp lệ
16:35:11.253 [Darkroom Processing Line] DEBUG net.serenitybdd.core.photography.DarkroomProcessingLine - Processing screenshot image in /var/screenshots/screenshot-12939062087105830094
16:35:11.253 [Darkroom Processing Line] DEBUG net.serenitybdd.core.photography.DarkroomProcessingLine - Saving screenshot to C:\Users\Katon\Documents\JavaProject\DemoSerenityFramework\target\site\serenity\f8d8c8e7886bf3885b0153106bea892b616a6875289b00c936d58ac3068df0cf.png
]]></system-out>
    <system-err><![CDATA[Mar 25, 2025 4:35:06 PM org.openqa.selenium.devtools.CdpVersionFinder findNearestMatch
WARNING: Unable to find CDP implementation matching 134
Mar 25, 2025 4:35:06 PM org.openqa.selenium.chromium.ChromiumDriver lambda$new$5
WARNING: Unable to find version of CDP to use for 134.0.6998.166. You may need to include a dependency on a specific version of the CDP using something similar to `org.seleniumhq.selenium:selenium-devtools-v86:4.14.1` where the version ("v86") matches the version of the chromium-based browser you're using and the version number of the artifact is the same as Selenium's.
]]></system-err>
  </testcase>
  <testcase name="checkInputUserPasswordOverLength" classname="Test.Web.RegisterTest" time="6.031">
    <system-out><![CDATA[16:35:11.263 [main] INFO  - 
  _____   ___   ___   _____     ___     _     ___   ___   ___   ___  
 |_   _| | __| / __| |_   _|   | _ \   /_\   / __| / __| | __| |   \ 
   | |   | _|  \__ \   | |     |  _/  / _ \  \__ \ \__ \ | _|  | |) |
   |_|   |___| |___/   |_|     |_|   /_/ \_\ |___/ |___/ |___| |___/ 

kiểm tra bỏ trống họ tên
----------------------------------------------------------------------
16:35:11.456 [main] DEBUG net.thucydides.core.steps.StepEventBus - Test suite started for RegisterTest in class Test.Web.RegisterTest
16:35:11.456 [main] INFO  - Test Suite Started: RegisterTest
16:35:11.456 [main] DEBUG net.serenitybdd.junit5.SerenityTestExecutionListener - Thread[#1,main,5,main] Test started TestIdentifier [uniqueId = [engine:junit-jupiter]/[class:Test.Web.RegisterTest]/[method:checkInputUserPasswordOverLength()], parentId = [engine:junit-jupiter]/[class:Test.Web.RegisterTest], displayName = 'kiểm tra nhập mật khẩu > 30 ký tự', legacyReportingName = 'checkInputUserPasswordOverLength()', source = MethodSource [className = 'Test.Web.RegisterTest', methodName = 'checkInputUserPasswordOverLength', methodParameterTypes = ''], tags = [], type = TEST]
16:35:11.456 [main] INFO  - 
  _____   ___   ___   _____     ___   _____     _     ___   _____   ___   ___  
 |_   _| | __| / __| |_   _|   / __| |_   _|   /_\   | _ \ |_   _| | __| |   \ 
   | |   | _|  \__ \   | |     \__ \   | |    / _ \  |   /   | |   | _|  | |) |
   |_|   |___| |___/   |_|     |___/   |_|   /_/ \_\ |_|_\   |_|   |___| |___/ 

kiểm tra nhập mật khẩu > 30 ký tự([engine:junit-jupiter]/[class:Test.Web.RegisterTest]/[method:checkInputUserPasswordOverLength()])
--------------------------------------------------------------------------------
16:35:11.456 [main] DEBUG net.thucydides.core.steps.StepInterceptor - STARTING STEP: StepInterceptor.testContext - truy cập trang đăng ký
16:35:11.487 [main] INFO net.serenitybdd.core.webdriver.driverproviders.ChromeDriverProvider - Starting Chrome driver instance with capabilities:
16:35:11.487 [main] INFO net.serenitybdd.core.webdriver.driverproviders.ChromeDriverProvider - Capabilities {acceptInsecureCerts: false, browserName: chrome, goog:chromeOptions: {args: [remote-allow-origins=*, --headless=chrome, --headless], extensions: []}}
16:35:12.600 [main] DEBUG net.serenitybdd.core.photography.Darkroom - Opening darkroom
16:35:12.600 [Darkroom Processing Line] DEBUG net.serenitybdd.core.photography.DarkroomProcessingLine - Darkroom processing line starting up
16:35:12.980 [main] DEBUG net.serenitybdd.core.photography.Darkroom - Send negative for processing for C:\Users\Katon\Documents\JavaProject\DemoSerenityFramework\target\site\serenity\a133df92da281fbc66d6aa3e272f270ef64d2d70b223a006efe7dd0471ca972a.png
16:35:12.980 [main] DEBUG net.thucydides.core.steps.StepInterceptor - STEP DONE: truy cập trang đăng ký
16:35:12.980 [main] DEBUG net.thucydides.core.steps.StepInterceptor - STARTING STEP: StepInterceptor.testContext - xóa dữ liệu ô nhập
16:35:13.983 [main] DEBUG net.serenitybdd.core.photography.Darkroom - Send negative for processing for C:\Users\Katon\Documents\JavaProject\DemoSerenityFramework\target\site\serenity\a133df92da281fbc66d6aa3e272f270ef64d2d70b223a006efe7dd0471ca972a.png
16:35:13.983 [main] DEBUG net.thucydides.core.steps.StepInterceptor - STEP DONE: xóa dữ liệu ô nhập
16:35:13.995 [main] DEBUG net.thucydides.core.steps.StepInterceptor - STARTING STEP: StepInterceptor.testContext - nhập họ tên
16:35:14.342 [main] DEBUG net.serenitybdd.core.photography.Darkroom - Send negative for processing for C:\Users\Katon\Documents\JavaProject\DemoSerenityFramework\target\site\serenity\5657ac1b07cf7d3c47389e855205948b9dc159e7e99230bc73a60082e7b62ae4.png
16:35:14.342 [main] DEBUG net.thucydides.core.steps.StepInterceptor - STEP DONE: nhập họ tên
16:35:14.348 [main] DEBUG net.thucydides.core.steps.StepInterceptor - STARTING STEP: StepInterceptor.testContext - nhập số điện thoại
16:35:14.725 [main] DEBUG net.serenitybdd.core.photography.Darkroom - Send negative for processing for C:\Users\Katon\Documents\JavaProject\DemoSerenityFramework\target\site\serenity\713988226fd6308db432e01fa9eebfba9e17d04afcf7e72eac645b20028d6aef.png
16:35:14.725 [main] DEBUG net.thucydides.core.steps.StepInterceptor - STEP DONE: nhập số điện thoại
16:35:14.734 [main] DEBUG net.thucydides.core.steps.StepInterceptor - STARTING STEP: StepInterceptor.testContext - nhập địa chỉ email
16:35:15.118 [main] DEBUG net.serenitybdd.core.photography.Darkroom - Send negative for processing for C:\Users\Katon\Documents\JavaProject\DemoSerenityFramework\target\site\serenity\1184134d191e528d4827a3740f153a697cdbf2a43f6242d46d6a307625acf881.png
16:35:15.118 [main] DEBUG net.thucydides.core.steps.StepInterceptor - STEP DONE: nhập địa chỉ email
16:35:15.132 [main] DEBUG net.thucydides.core.steps.StepInterceptor - STARTING STEP: StepInterceptor.testContext - nhập tài khoản đăng nhập
16:35:15.978 [main] DEBUG net.serenitybdd.core.photography.Darkroom - Send negative for processing for C:\Users\Katon\Documents\JavaProject\DemoSerenityFramework\target\site\serenity\e698f069a0c97d89ab1ca5ab7d517c4197c491d760c3e7922a96e8c3b39af4d4.png
16:35:15.978 [main] DEBUG net.thucydides.core.steps.StepInterceptor - STEP DONE: nhập tài khoản đăng nhập
16:35:15.978 [Darkroom Processing Line] DEBUG net.serenitybdd.core.photography.DarkroomProcessingLine - Processing screenshot image in /var/screenshots/screenshot-735830868582746124
16:35:15.978 [Darkroom Processing Line] DEBUG net.serenitybdd.core.photography.DarkroomProcessingLine - Saving screenshot to C:\Users\Katon\Documents\JavaProject\DemoSerenityFramework\target\site\serenity\e698f069a0c97d89ab1ca5ab7d517c4197c491d760c3e7922a96e8c3b39af4d4.png
16:35:15.984 [main] DEBUG net.thucydides.core.steps.StepInterceptor - STARTING STEP: StepInterceptor.testContext - nhập mật khẩu
16:35:16.316 [main] DEBUG net.serenitybdd.core.photography.Darkroom - Send negative for processing for C:\Users\Katon\Documents\JavaProject\DemoSerenityFramework\target\site\serenity\9664371ac3589fc3e4af9c7f746e0d00587ae386fa3deb7d9121d85d7adeff64.png
16:35:16.316 [main] DEBUG net.thucydides.core.steps.StepInterceptor - STEP DONE: nhập mật khẩu
16:35:16.316 [Darkroom Processing Line] DEBUG net.serenitybdd.core.photography.DarkroomProcessingLine - Processing screenshot image in /var/screenshots/screenshot-5556881078860656889
16:35:16.316 [Darkroom Processing Line] DEBUG net.serenitybdd.core.photography.DarkroomProcessingLine - Saving screenshot to C:\Users\Katon\Documents\JavaProject\DemoSerenityFramework\target\site\serenity\9664371ac3589fc3e4af9c7f746e0d00587ae386fa3deb7d9121d85d7adeff64.png
16:35:16.316 [main] DEBUG net.thucydides.core.steps.StepInterceptor - STARTING STEP: StepInterceptor.testContext - nhập lại mật khẩu
16:35:16.363 [main] DEBUG net.thucydides.core.steps.StepInterceptor - STEP DONE: nhập lại mật khẩu
16:35:16.363 [main] DEBUG net.thucydides.core.steps.StepInterceptor - STARTING STEP: StepInterceptor.testContext - bấm nút đăng ký
16:35:17.112 [main] DEBUG net.serenitybdd.core.photography.Darkroom - Send negative for processing for C:\Users\Katon\Documents\JavaProject\DemoSerenityFramework\target\site\serenity\0b66c080708bceaab61ad9843d5c346a6a07c348f0432086c280d2150f45aa35.png
16:35:17.112 [Darkroom Processing Line] DEBUG net.serenitybdd.core.photography.DarkroomProcessingLine - Processing screenshot image in /var/screenshots/screenshot-1818754073246781353
16:35:17.112 [Darkroom Processing Line] DEBUG net.serenitybdd.core.photography.DarkroomProcessingLine - Saving screenshot to C:\Users\Katon\Documents\JavaProject\DemoSerenityFramework\target\site\serenity\0b66c080708bceaab61ad9843d5c346a6a07c348f0432086c280d2150f45aa35.png
16:35:17.112 [main] DEBUG net.thucydides.core.steps.StepInterceptor - STEP DONE: bấm nút đăng ký
16:35:17.112 [main] DEBUG net.thucydides.core.steps.StepInterceptor - STARTING STEP: StepInterceptor.testContext - kiểm tra hiển thị thông báo mật khẩu không hợp lệ
16:35:17.487 [main] DEBUG net.serenitybdd.core.photography.Darkroom - Send negative for processing for C:\Users\Katon\Documents\JavaProject\DemoSerenityFramework\target\site\serenity\375ec9b4b9041992c341ab49e91fcca678322e8380201315101f6778aff01069.png
16:35:17.487 [main] DEBUG net.thucydides.core.steps.StepInterceptor - STEP DONE: kiểm tra hiển thị thông báo mật khẩu không hợp lệ
16:35:17.487 [Darkroom Processing Line] DEBUG net.serenitybdd.core.photography.DarkroomProcessingLine - Processing screenshot image in /var/screenshots/screenshot-6935037473007480688
16:35:17.487 [Darkroom Processing Line] DEBUG net.serenitybdd.core.photography.DarkroomProcessingLine - Saving screenshot to C:\Users\Katon\Documents\JavaProject\DemoSerenityFramework\target\site\serenity\375ec9b4b9041992c341ab49e91fcca678322e8380201315101f6778aff01069.png
]]></system-out>
    <system-err><![CDATA[Mar 25, 2025 4:35:12 PM org.openqa.selenium.devtools.CdpVersionFinder findNearestMatch
WARNING: Unable to find CDP implementation matching 134
Mar 25, 2025 4:35:12 PM org.openqa.selenium.chromium.ChromiumDriver lambda$new$5
WARNING: Unable to find version of CDP to use for 134.0.6998.166. You may need to include a dependency on a specific version of the CDP using something similar to `org.seleniumhq.selenium:selenium-devtools-v86:4.14.1` where the version ("v86") matches the version of the chromium-based browser you're using and the version number of the artifact is the same as Selenium's.
]]></system-err>
  </testcase>
  <testcase name="checkInputUserNameOverLength" classname="Test.Web.RegisterTest" time="5.726">
    <system-out><![CDATA[16:35:17.495 [main] INFO  - 
  _____   ___   ___   _____     ___     _     ___   ___   ___   ___  
 |_   _| | __| / __| |_   _|   | _ \   /_\   / __| / __| | __| |   \ 
   | |   | _|  \__ \   | |     |  _/  / _ \  \__ \ \__ \ | _|  | |) |
   |_|   |___| |___/   |_|     |_|   /_/ \_\ |___/ |___/ |___| |___/ 

kiểm tra nhập mật khẩu > 30 ký tự
----------------------------------------------------------------------
16:35:17.661 [main] DEBUG net.thucydides.core.steps.StepEventBus - Test suite started for RegisterTest in class Test.Web.RegisterTest
16:35:17.661 [main] INFO  - Test Suite Started: RegisterTest
16:35:17.661 [main] DEBUG net.serenitybdd.junit5.SerenityTestExecutionListener - Thread[#1,main,5,main] Test started TestIdentifier [uniqueId = [engine:junit-jupiter]/[class:Test.Web.RegisterTest]/[method:checkInputUserNameOverLength()], parentId = [engine:junit-jupiter]/[class:Test.Web.RegisterTest], displayName = 'kiểm tra nhập họ tên > 50 ký tự', legacyReportingName = 'checkInputUserNameOverLength()', source = MethodSource [className = 'Test.Web.RegisterTest', methodName = 'checkInputUserNameOverLength', methodParameterTypes = ''], tags = [], type = TEST]
16:35:17.676 [main] INFO  - 
  _____   ___   ___   _____     ___   _____     _     ___   _____   ___   ___  
 |_   _| | __| / __| |_   _|   / __| |_   _|   /_\   | _ \ |_   _| | __| |   \ 
   | |   | _|  \__ \   | |     \__ \   | |    / _ \  |   /   | |   | _|  | |) |
   |_|   |___| |___/   |_|     |___/   |_|   /_/ \_\ |_|_\   |_|   |___| |___/ 

kiểm tra nhập họ tên > 50 ký tự([engine:junit-jupiter]/[class:Test.Web.RegisterTest]/[method:checkInputUserNameOverLength()])
--------------------------------------------------------------------------------
16:35:17.676 [main] DEBUG net.thucydides.core.steps.StepInterceptor - STARTING STEP: StepInterceptor.testContext - truy cập trang đăng ký
16:35:17.708 [main] INFO net.serenitybdd.core.webdriver.driverproviders.ChromeDriverProvider - Starting Chrome driver instance with capabilities:
16:35:17.708 [main] INFO net.serenitybdd.core.webdriver.driverproviders.ChromeDriverProvider - Capabilities {acceptInsecureCerts: false, browserName: chrome, goog:chromeOptions: {args: [remote-allow-origins=*, --headless=chrome, --headless], extensions: []}}
16:35:18.831 [main] DEBUG net.serenitybdd.core.photography.Darkroom - Opening darkroom
16:35:18.831 [Darkroom Processing Line] DEBUG net.serenitybdd.core.photography.DarkroomProcessingLine - Darkroom processing line starting up
16:35:19.205 [main] DEBUG net.serenitybdd.core.photography.Darkroom - Send negative for processing for C:\Users\Katon\Documents\JavaProject\DemoSerenityFramework\target\site\serenity\a133df92da281fbc66d6aa3e272f270ef64d2d70b223a006efe7dd0471ca972a.png
16:35:19.205 [main] DEBUG net.thucydides.core.steps.StepInterceptor - STEP DONE: truy cập trang đăng ký
16:35:19.212 [main] DEBUG net.thucydides.core.steps.StepInterceptor - STARTING STEP: StepInterceptor.testContext - xóa dữ liệu ô nhập
16:35:19.671 [main] DEBUG net.serenitybdd.core.photography.Darkroom - Send negative for processing for C:\Users\Katon\Documents\JavaProject\DemoSerenityFramework\target\site\serenity\a133df92da281fbc66d6aa3e272f270ef64d2d70b223a006efe7dd0471ca972a.png
16:35:19.671 [main] DEBUG net.thucydides.core.steps.StepInterceptor - STEP DONE: xóa dữ liệu ô nhập
16:35:19.671 [main] DEBUG net.thucydides.core.steps.StepInterceptor - STARTING STEP: StepInterceptor.testContext - nhập họ tên
16:35:20.097 [main] DEBUG net.serenitybdd.core.photography.Darkroom - Send negative for processing for C:\Users\Katon\Documents\JavaProject\DemoSerenityFramework\target\site\serenity\3422b93967d0634244efb4ec6d5a01f0baa7e147f940384e696891afbc7027c4.png
16:35:20.097 [main] DEBUG net.thucydides.core.steps.StepInterceptor - STEP DONE: nhập họ tên
16:35:20.097 [Darkroom Processing Line] DEBUG net.serenitybdd.core.photography.DarkroomProcessingLine - Processing screenshot image in /var/screenshots/screenshot-12832485737820885858
16:35:20.097 [Darkroom Processing Line] DEBUG net.serenitybdd.core.photography.DarkroomProcessingLine - Saving screenshot to C:\Users\Katon\Documents\JavaProject\DemoSerenityFramework\target\site\serenity\3422b93967d0634244efb4ec6d5a01f0baa7e147f940384e696891afbc7027c4.png
16:35:20.102 [main] DEBUG net.thucydides.core.steps.StepInterceptor - STARTING STEP: StepInterceptor.testContext - nhập số điện thoại
16:35:20.146 [main] DEBUG net.thucydides.core.steps.StepInterceptor - STEP DONE: nhập số điện thoại
16:35:20.146 [main] DEBUG net.thucydides.core.steps.StepInterceptor - STARTING STEP: StepInterceptor.testContext - nhập địa chỉ email
16:35:20.472 [main] DEBUG net.serenitybdd.core.photography.Darkroom - Send negative for processing for C:\Users\Katon\Documents\JavaProject\DemoSerenityFramework\target\site\serenity\b588df174d2a0eb0b896d30a60923322d86f3941a83078dc63e381742a3f61e2.png
16:35:20.472 [main] DEBUG net.thucydides.core.steps.StepInterceptor - STEP DONE: nhập địa chỉ email
16:35:20.472 [Darkroom Processing Line] DEBUG net.serenitybdd.core.photography.DarkroomProcessingLine - Processing screenshot image in /var/screenshots/screenshot-11084323091851606089
16:35:20.472 [Darkroom Processing Line] DEBUG net.serenitybdd.core.photography.DarkroomProcessingLine - Saving screenshot to C:\Users\Katon\Documents\JavaProject\DemoSerenityFramework\target\site\serenity\b588df174d2a0eb0b896d30a60923322d86f3941a83078dc63e381742a3f61e2.png
16:35:20.488 [main] DEBUG net.thucydides.core.steps.StepInterceptor - STARTING STEP: StepInterceptor.testContext - nhập tài khoản đăng nhập
16:35:21.364 [main] DEBUG net.serenitybdd.core.photography.Darkroom - Send negative for processing for C:\Users\Katon\Documents\JavaProject\DemoSerenityFramework\target\site\serenity\6723e5b0832f1d2f1b594c34b1a41a3e701024d8390870a75c639b407b8f7bd0.png
16:35:21.364 [main] DEBUG net.thucydides.core.steps.StepInterceptor - STEP DONE: nhập tài khoản đăng nhập
16:35:21.364 [Darkroom Processing Line] DEBUG net.serenitybdd.core.photography.DarkroomProcessingLine - Processing screenshot image in /var/screenshots/screenshot-15582080343284858545
16:35:21.364 [Darkroom Processing Line] DEBUG net.serenitybdd.core.photography.DarkroomProcessingLine - Saving screenshot to C:\Users\Katon\Documents\JavaProject\DemoSerenityFramework\target\site\serenity\6723e5b0832f1d2f1b594c34b1a41a3e701024d8390870a75c639b407b8f7bd0.png
16:35:21.370 [main] DEBUG net.thucydides.core.steps.StepInterceptor - STARTING STEP: StepInterceptor.testContext - nhập mật khẩu
16:35:21.413 [main] DEBUG net.thucydides.core.steps.StepInterceptor - STEP DONE: nhập mật khẩu
16:35:21.413 [main] DEBUG net.thucydides.core.steps.StepInterceptor - STARTING STEP: StepInterceptor.testContext - nhập lại mật khẩu
16:35:21.754 [main] DEBUG net.serenitybdd.core.photography.Darkroom - Send negative for processing for C:\Users\Katon\Documents\JavaProject\DemoSerenityFramework\target\site\serenity\954b62b30e8c585ff681c44c088ae83cdc15f590e35602a40590e7b9021e8013.png
16:35:21.754 [main] DEBUG net.thucydides.core.steps.StepInterceptor - STEP DONE: nhập lại mật khẩu
16:35:21.754 [Darkroom Processing Line] DEBUG net.serenitybdd.core.photography.DarkroomProcessingLine - Processing screenshot image in /var/screenshots/screenshot-7680974189731483444
16:35:21.754 [Darkroom Processing Line] DEBUG net.serenitybdd.core.photography.DarkroomProcessingLine - Saving screenshot to C:\Users\Katon\Documents\JavaProject\DemoSerenityFramework\target\site\serenity\954b62b30e8c585ff681c44c088ae83cdc15f590e35602a40590e7b9021e8013.png
16:35:21.754 [main] DEBUG net.thucydides.core.steps.StepInterceptor - STARTING STEP: StepInterceptor.testContext - bấm nút đăng ký
16:35:22.511 [main] DEBUG net.serenitybdd.core.photography.Darkroom - Send negative for processing for C:\Users\Katon\Documents\JavaProject\DemoSerenityFramework\target\site\serenity\a72bbc1c9a730056e76d952c5ae5a42c6e35d9a5e549ad0dc144376d0c0b1a38.png
16:35:22.512 [Darkroom Processing Line] DEBUG net.serenitybdd.core.photography.DarkroomProcessingLine - Processing screenshot image in /var/screenshots/screenshot-3959621935037970718
16:35:22.512 [Darkroom Processing Line] DEBUG net.serenitybdd.core.photography.DarkroomProcessingLine - Saving screenshot to C:\Users\Katon\Documents\JavaProject\DemoSerenityFramework\target\site\serenity\a72bbc1c9a730056e76d952c5ae5a42c6e35d9a5e549ad0dc144376d0c0b1a38.png
16:35:22.512 [main] DEBUG net.thucydides.core.steps.StepInterceptor - STEP DONE: bấm nút đăng ký
16:35:22.512 [main] DEBUG net.thucydides.core.steps.StepInterceptor - STARTING STEP: StepInterceptor.testContext - kiểm tra hiển thị thông báo họ tên không hợp lệ
16:35:23.401 [main] DEBUG net.serenitybdd.core.photography.Darkroom - Send negative for processing for C:\Users\Katon\Documents\JavaProject\DemoSerenityFramework\target\site\serenity\ee3cedd1c58b6ce9ac1a746a14d2d402cdccef7888062edf57074fccb44360cb.png
16:35:23.401 [main] DEBUG net.thucydides.core.steps.StepInterceptor - STEP DONE: kiểm tra hiển thị thông báo họ tên không hợp lệ
16:35:23.401 [Darkroom Processing Line] DEBUG net.serenitybdd.core.photography.DarkroomProcessingLine - Processing screenshot image in /var/screenshots/screenshot-9023840036828519113
16:35:23.401 [Darkroom Processing Line] DEBUG net.serenitybdd.core.photography.DarkroomProcessingLine - Saving screenshot to C:\Users\Katon\Documents\JavaProject\DemoSerenityFramework\target\site\serenity\ee3cedd1c58b6ce9ac1a746a14d2d402cdccef7888062edf57074fccb44360cb.png
]]></system-out>
    <system-err><![CDATA[Mar 25, 2025 4:35:18 PM org.openqa.selenium.devtools.CdpVersionFinder findNearestMatch
WARNING: Unable to find CDP implementation matching 134
Mar 25, 2025 4:35:18 PM org.openqa.selenium.chromium.ChromiumDriver lambda$new$5
WARNING: Unable to find version of CDP to use for 134.0.6998.166. You may need to include a dependency on a specific version of the CDP using something similar to `org.seleniumhq.selenium:selenium-devtools-v86:4.14.1` where the version ("v86") matches the version of the chromium-based browser you're using and the version number of the artifact is the same as Selenium's.
]]></system-err>
  </testcase>
  <testcase name="checkInputUserEmailHeaderIsSpace" classname="Test.Web.RegisterTest" time="5.24">
    <system-out><![CDATA[16:35:23.405 [main] INFO  - 
  _____   ___   ___   _____     ___     _     ___   ___   ___   ___  
 |_   _| | __| / __| |_   _|   | _ \   /_\   / __| / __| | __| |   \ 
   | |   | _|  \__ \   | |     |  _/  / _ \  \__ \ \__ \ | _|  | |) |
   |_|   |___| |___/   |_|     |_|   /_/ \_\ |___/ |___/ |___| |___/ 

kiểm tra nhập họ tên > 50 ký tự
----------------------------------------------------------------------
16:35:23.558 [main] DEBUG net.thucydides.core.steps.StepEventBus - Test suite started for RegisterTest in class Test.Web.RegisterTest
16:35:23.558 [main] INFO  - Test Suite Started: RegisterTest
16:35:23.558 [main] DEBUG net.serenitybdd.junit5.SerenityTestExecutionListener - Thread[#1,main,5,main] Test started TestIdentifier [uniqueId = [engine:junit-jupiter]/[class:Test.Web.RegisterTest]/[method:checkInputUserEmailHeaderIsSpace()], parentId = [engine:junit-jupiter]/[class:Test.Web.RegisterTest], displayName = 'kiểm tra nhập email với đầu chỉ chứa khoảng trắng', legacyReportingName = 'checkInputUserEmailHeaderIsSpace()', source = MethodSource [className = 'Test.Web.RegisterTest', methodName = 'checkInputUserEmailHeaderIsSpace', methodParameterTypes = ''], tags = [], type = TEST]
16:35:23.573 [main] INFO  - 
  _____   ___   ___   _____     ___   _____     _     ___   _____   ___   ___  
 |_   _| | __| / __| |_   _|   / __| |_   _|   /_\   | _ \ |_   _| | __| |   \ 
   | |   | _|  \__ \   | |     \__ \   | |    / _ \  |   /   | |   | _|  | |) |
   |_|   |___| |___/   |_|     |___/   |_|   /_/ \_\ |_|_\   |_|   |___| |___/ 

kiểm tra nhập email với đầu chỉ chứa khoảng trắng([engine:junit-jupiter]/[class:Test.Web.RegisterTest]/[method:checkInputUserEmailHeaderIsSpace()])
--------------------------------------------------------------------------------
16:35:23.573 [main] DEBUG net.thucydides.core.steps.StepInterceptor - STARTING STEP: StepInterceptor.testContext - truy cập trang đăng ký
16:35:23.605 [main] INFO net.serenitybdd.core.webdriver.driverproviders.ChromeDriverProvider - Starting Chrome driver instance with capabilities:
16:35:23.605 [main] INFO net.serenitybdd.core.webdriver.driverproviders.ChromeDriverProvider - Capabilities {acceptInsecureCerts: false, browserName: chrome, goog:chromeOptions: {args: [remote-allow-origins=*, --headless=chrome, --headless], extensions: []}}
16:35:24.785 [main] DEBUG net.serenitybdd.core.photography.Darkroom - Opening darkroom
16:35:24.785 [Darkroom Processing Line] DEBUG net.serenitybdd.core.photography.DarkroomProcessingLine - Darkroom processing line starting up
16:35:25.173 [main] DEBUG net.serenitybdd.core.photography.Darkroom - Send negative for processing for C:\Users\Katon\Documents\JavaProject\DemoSerenityFramework\target\site\serenity\a133df92da281fbc66d6aa3e272f270ef64d2d70b223a006efe7dd0471ca972a.png
16:35:25.173 [main] DEBUG net.thucydides.core.steps.StepInterceptor - STEP DONE: truy cập trang đăng ký
16:35:25.179 [main] DEBUG net.thucydides.core.steps.StepInterceptor - STARTING STEP: StepInterceptor.testContext - xóa dữ liệu ô nhập
16:35:25.634 [main] DEBUG net.serenitybdd.core.photography.Darkroom - Send negative for processing for C:\Users\Katon\Documents\JavaProject\DemoSerenityFramework\target\site\serenity\a133df92da281fbc66d6aa3e272f270ef64d2d70b223a006efe7dd0471ca972a.png
16:35:25.634 [main] DEBUG net.thucydides.core.steps.StepInterceptor - STEP DONE: xóa dữ liệu ô nhập
16:35:25.634 [main] DEBUG net.thucydides.core.steps.StepInterceptor - STARTING STEP: StepInterceptor.testContext - nhập họ tên
16:35:26.036 [main] DEBUG net.serenitybdd.core.photography.Darkroom - Send negative for processing for C:\Users\Katon\Documents\JavaProject\DemoSerenityFramework\target\site\serenity\5657ac1b07cf7d3c47389e855205948b9dc159e7e99230bc73a60082e7b62ae4.png
16:35:26.036 [main] DEBUG net.thucydides.core.steps.StepInterceptor - STEP DONE: nhập họ tên
16:35:26.049 [main] DEBUG net.thucydides.core.steps.StepInterceptor - STARTING STEP: StepInterceptor.testContext - nhập số điện thoại
16:35:26.384 [main] DEBUG net.serenitybdd.core.photography.Darkroom - Send negative for processing for C:\Users\Katon\Documents\JavaProject\DemoSerenityFramework\target\site\serenity\713988226fd6308db432e01fa9eebfba9e17d04afcf7e72eac645b20028d6aef.png
16:35:26.384 [main] DEBUG net.thucydides.core.steps.StepInterceptor - STEP DONE: nhập số điện thoại
16:35:26.384 [main] DEBUG net.thucydides.core.steps.StepInterceptor - STARTING STEP: StepInterceptor.testContext - nhập địa chỉ email
16:35:26.798 [main] DEBUG net.serenitybdd.core.photography.Darkroom - Send negative for processing for C:\Users\Katon\Documents\JavaProject\DemoSerenityFramework\target\site\serenity\25cf53466d193718975d39dfb67658c3b2c487f0c327d5666e72c72624127259.png
16:35:26.798 [main] DEBUG net.thucydides.core.steps.StepInterceptor - STEP DONE: nhập địa chỉ email
16:35:26.798 [Darkroom Processing Line] DEBUG net.serenitybdd.core.photography.DarkroomProcessingLine - Processing screenshot image in /var/screenshots/screenshot-3752326403355120580
16:35:26.798 [Darkroom Processing Line] DEBUG net.serenitybdd.core.photography.DarkroomProcessingLine - Saving screenshot to C:\Users\Katon\Documents\JavaProject\DemoSerenityFramework\target\site\serenity\25cf53466d193718975d39dfb67658c3b2c487f0c327d5666e72c72624127259.png
16:35:26.804 [main] DEBUG net.thucydides.core.steps.StepInterceptor - STARTING STEP: StepInterceptor.testContext - nhập tài khoản đăng nhập
16:35:26.846 [main] DEBUG net.thucydides.core.steps.StepInterceptor - STEP DONE: nhập tài khoản đăng nhập
16:35:26.846 [main] DEBUG net.thucydides.core.steps.StepInterceptor - STARTING STEP: StepInterceptor.testContext - nhập mật khẩu
16:35:27.231 [main] DEBUG net.serenitybdd.core.photography.Darkroom - Send negative for processing for C:\Users\Katon\Documents\JavaProject\DemoSerenityFramework\target\site\serenity\821ab9c6cf44cfa1ea34c0dd12243664b64f952ac424456d48c6fab2d9328bef.png
16:35:27.231 [main] DEBUG net.thucydides.core.steps.StepInterceptor - STEP DONE: nhập mật khẩu
16:35:27.231 [Darkroom Processing Line] DEBUG net.serenitybdd.core.photography.DarkroomProcessingLine - Processing screenshot image in /var/screenshots/screenshot-14526322424897704201
16:35:27.231 [Darkroom Processing Line] DEBUG net.serenitybdd.core.photography.DarkroomProcessingLine - Saving screenshot to C:\Users\Katon\Documents\JavaProject\DemoSerenityFramework\target\site\serenity\821ab9c6cf44cfa1ea34c0dd12243664b64f952ac424456d48c6fab2d9328bef.png
16:35:27.231 [main] DEBUG net.thucydides.core.steps.StepInterceptor - STARTING STEP: StepInterceptor.testContext - nhập lại mật khẩu
16:35:27.592 [main] DEBUG net.serenitybdd.core.photography.Darkroom - Send negative for processing for C:\Users\Katon\Documents\JavaProject\DemoSerenityFramework\target\site\serenity\170e3f63c534a3b09fd6c91251eeb70b0d618942c80b3fba35593b03c639cc6e.png
16:35:27.592 [main] DEBUG net.thucydides.core.steps.StepInterceptor - STEP DONE: nhập lại mật khẩu
16:35:27.592 [Darkroom Processing Line] DEBUG net.serenitybdd.core.photography.DarkroomProcessingLine - Processing screenshot image in /var/screenshots/screenshot-16219610681235636719
16:35:27.592 [Darkroom Processing Line] DEBUG net.serenitybdd.core.photography.DarkroomProcessingLine - Saving screenshot to C:\Users\Katon\Documents\JavaProject\DemoSerenityFramework\target\site\serenity\170e3f63c534a3b09fd6c91251eeb70b0d618942c80b3fba35593b03c639cc6e.png
16:35:27.598 [main] DEBUG net.thucydides.core.steps.StepInterceptor - STARTING STEP: StepInterceptor.testContext - bấm nút đăng ký
16:35:28.412 [main] DEBUG net.serenitybdd.core.photography.Darkroom - Send negative for processing for C:\Users\Katon\Documents\JavaProject\DemoSerenityFramework\target\site\serenity\14b5ba025744cbd67a81012b4c30c633fd975a3d6c616ed91a1b8e0c2baea5b1.png
16:35:28.428 [Darkroom Processing Line] DEBUG net.serenitybdd.core.photography.DarkroomProcessingLine - Processing screenshot image in /var/screenshots/screenshot-10211929154673183705
16:35:28.428 [Darkroom Processing Line] DEBUG net.serenitybdd.core.photography.DarkroomProcessingLine - Saving screenshot to C:\Users\Katon\Documents\JavaProject\DemoSerenityFramework\target\site\serenity\14b5ba025744cbd67a81012b4c30c633fd975a3d6c616ed91a1b8e0c2baea5b1.png
16:35:28.429 [main] DEBUG net.thucydides.core.steps.StepInterceptor - STEP DONE: bấm nút đăng ký
16:35:28.429 [main] DEBUG net.thucydides.core.steps.StepInterceptor - STARTING STEP: StepInterceptor.testContext - kiểm tra hiển thị thông báo địa chỉ email không hợp lệ
16:35:28.812 [main] DEBUG net.serenitybdd.core.photography.Darkroom - Send negative for processing for C:\Users\Katon\Documents\JavaProject\DemoSerenityFramework\target\site\serenity\46f96a8c2c0232e0cda8b12d41b1272d9b0256e5be98338da9447a08a30d88e8.png
16:35:28.812 [main] DEBUG net.thucydides.core.steps.StepInterceptor - STEP DONE: kiểm tra hiển thị thông báo địa chỉ email không hợp lệ
16:35:28.812 [Darkroom Processing Line] DEBUG net.serenitybdd.core.photography.DarkroomProcessingLine - Processing screenshot image in /var/screenshots/screenshot-16844780171022621540
16:35:28.812 [Darkroom Processing Line] DEBUG net.serenitybdd.core.photography.DarkroomProcessingLine - Saving screenshot to C:\Users\Katon\Documents\JavaProject\DemoSerenityFramework\target\site\serenity\46f96a8c2c0232e0cda8b12d41b1272d9b0256e5be98338da9447a08a30d88e8.png
]]></system-out>
    <system-err><![CDATA[Mar 25, 2025 4:35:24 PM org.openqa.selenium.devtools.CdpVersionFinder findNearestMatch
WARNING: Unable to find CDP implementation matching 134
Mar 25, 2025 4:35:24 PM org.openqa.selenium.chromium.ChromiumDriver lambda$new$5
WARNING: Unable to find version of CDP to use for 134.0.6998.166. You may need to include a dependency on a specific version of the CDP using something similar to `org.seleniumhq.selenium:selenium-devtools-v86:4.14.1` where the version ("v86") matches the version of the chromium-based browser you're using and the version number of the artifact is the same as Selenium's.
]]></system-err>
  </testcase>
  <testcase name="checkInputUserPhoneOverLength" classname="Test.Web.RegisterTest" time="6.657">
    <system-out><![CDATA[16:35:28.816 [main] INFO  - 
  _____   ___   ___   _____     ___     _     ___   ___   ___   ___  
 |_   _| | __| / __| |_   _|   | _ \   /_\   / __| / __| | __| |   \ 
   | |   | _|  \__ \   | |     |  _/  / _ \  \__ \ \__ \ | _|  | |) |
   |_|   |___| |___/   |_|     |_|   /_/ \_\ |___/ |___/ |___| |___/ 

kiểm tra nhập email với đầu chỉ chứa khoảng trắng
----------------------------------------------------------------------
16:35:28.979 [main] DEBUG net.thucydides.core.steps.StepEventBus - Test suite started for RegisterTest in class Test.Web.RegisterTest
16:35:28.979 [main] INFO  - Test Suite Started: RegisterTest
16:35:28.979 [main] DEBUG net.serenitybdd.junit5.SerenityTestExecutionListener - Thread[#1,main,5,main] Test started TestIdentifier [uniqueId = [engine:junit-jupiter]/[class:Test.Web.RegisterTest]/[method:checkInputUserPhoneOverLength()], parentId = [engine:junit-jupiter]/[class:Test.Web.RegisterTest], displayName = 'kiểm tra nhập số điện thoại > 10 ký tự', legacyReportingName = 'checkInputUserPhoneOverLength()', source = MethodSource [className = 'Test.Web.RegisterTest', methodName = 'checkInputUserPhoneOverLength', methodParameterTypes = ''], tags = [], type = TEST]
16:35:28.979 [main] INFO  - 
  _____   ___   ___   _____     ___   _____     _     ___   _____   ___   ___  
 |_   _| | __| / __| |_   _|   / __| |_   _|   /_\   | _ \ |_   _| | __| |   \ 
   | |   | _|  \__ \   | |     \__ \   | |    / _ \  |   /   | |   | _|  | |) |
   |_|   |___| |___/   |_|     |___/   |_|   /_/ \_\ |_|_\   |_|   |___| |___/ 

kiểm tra nhập số điện thoại > 10 ký tự([engine:junit-jupiter]/[class:Test.Web.RegisterTest]/[method:checkInputUserPhoneOverLength()])
--------------------------------------------------------------------------------
16:35:28.995 [main] DEBUG net.thucydides.core.steps.StepInterceptor - STARTING STEP: StepInterceptor.testContext - truy cập trang đăng ký
16:35:29.026 [main] INFO net.serenitybdd.core.webdriver.driverproviders.ChromeDriverProvider - Starting Chrome driver instance with capabilities:
16:35:29.026 [main] INFO net.serenitybdd.core.webdriver.driverproviders.ChromeDriverProvider - Capabilities {acceptInsecureCerts: false, browserName: chrome, goog:chromeOptions: {args: [remote-allow-origins=*, --headless=chrome, --headless], extensions: []}}
16:35:30.212 [main] DEBUG net.serenitybdd.core.photography.Darkroom - Opening darkroom
16:35:30.213 [Darkroom Processing Line] DEBUG net.serenitybdd.core.photography.DarkroomProcessingLine - Darkroom processing line starting up
16:35:30.599 [main] DEBUG net.serenitybdd.core.photography.Darkroom - Send negative for processing for C:\Users\Katon\Documents\JavaProject\DemoSerenityFramework\target\site\serenity\a133df92da281fbc66d6aa3e272f270ef64d2d70b223a006efe7dd0471ca972a.png
16:35:30.599 [main] DEBUG net.thucydides.core.steps.StepInterceptor - STEP DONE: truy cập trang đăng ký
16:35:30.613 [main] DEBUG net.thucydides.core.steps.StepInterceptor - STARTING STEP: StepInterceptor.testContext - xóa dữ liệu ô nhập
16:35:31.098 [main] DEBUG net.serenitybdd.core.photography.Darkroom - Send negative for processing for C:\Users\Katon\Documents\JavaProject\DemoSerenityFramework\target\site\serenity\a133df92da281fbc66d6aa3e272f270ef64d2d70b223a006efe7dd0471ca972a.png
16:35:31.098 [main] DEBUG net.thucydides.core.steps.StepInterceptor - STEP DONE: xóa dữ liệu ô nhập
16:35:31.098 [main] DEBUG net.thucydides.core.steps.StepInterceptor - STARTING STEP: StepInterceptor.testContext - nhập họ tên
16:35:31.516 [main] DEBUG net.serenitybdd.core.photography.Darkroom - Send negative for processing for C:\Users\Katon\Documents\JavaProject\DemoSerenityFramework\target\site\serenity\5657ac1b07cf7d3c47389e855205948b9dc159e7e99230bc73a60082e7b62ae4.png
16:35:31.516 [main] DEBUG net.thucydides.core.steps.StepInterceptor - STEP DONE: nhập họ tên
16:35:31.516 [main] DEBUG net.thucydides.core.steps.StepInterceptor - STARTING STEP: StepInterceptor.testContext - nhập số điện thoại
16:35:32.356 [main] DEBUG net.serenitybdd.core.photography.Darkroom - Send negative for processing for C:\Users\Katon\Documents\JavaProject\DemoSerenityFramework\target\site\serenity\e46497f584ead7770d24876cf3814cb3f7ddc6dde56d0d586ad85d0d13958425.png
16:35:32.356 [main] DEBUG net.thucydides.core.steps.StepInterceptor - STEP DONE: nhập số điện thoại
16:35:32.356 [Darkroom Processing Line] DEBUG net.serenitybdd.core.photography.DarkroomProcessingLine - Processing screenshot image in /var/screenshots/screenshot-15574079207598095073
16:35:32.356 [Darkroom Processing Line] DEBUG net.serenitybdd.core.photography.DarkroomProcessingLine - Saving screenshot to C:\Users\Katon\Documents\JavaProject\DemoSerenityFramework\target\site\serenity\e46497f584ead7770d24876cf3814cb3f7ddc6dde56d0d586ad85d0d13958425.png
16:35:32.364 [main] DEBUG net.thucydides.core.steps.StepInterceptor - STARTING STEP: StepInterceptor.testContext - nhập địa chỉ email
16:35:33.201 [main] DEBUG net.serenitybdd.core.photography.Darkroom - Send negative for processing for C:\Users\Katon\Documents\JavaProject\DemoSerenityFramework\target\site\serenity\d063323290ee05cda74c031926337135d58650e8216d2dba8858b122aaaa58b1.png
16:35:33.201 [main] DEBUG net.thucydides.core.steps.StepInterceptor - STEP DONE: nhập địa chỉ email
16:35:33.201 [Darkroom Processing Line] DEBUG net.serenitybdd.core.photography.DarkroomProcessingLine - Processing screenshot image in /var/screenshots/screenshot-11006903427941155627
16:35:33.201 [Darkroom Processing Line] DEBUG net.serenitybdd.core.photography.DarkroomProcessingLine - Saving screenshot to C:\Users\Katon\Documents\JavaProject\DemoSerenityFramework\target\site\serenity\d063323290ee05cda74c031926337135d58650e8216d2dba8858b122aaaa58b1.png
16:35:33.218 [main] DEBUG net.thucydides.core.steps.StepInterceptor - STARTING STEP: StepInterceptor.testContext - nhập tài khoản đăng nhập
16:35:34.050 [main] DEBUG net.serenitybdd.core.photography.Darkroom - Send negative for processing for C:\Users\Katon\Documents\JavaProject\DemoSerenityFramework\target\site\serenity\62c32f4be43658aad1c4812efddf9e78c5e59def83450c7b527a99bf1e2f40a2.png
16:35:34.050 [main] DEBUG net.thucydides.core.steps.StepInterceptor - STEP DONE: nhập tài khoản đăng nhập
16:35:34.050 [Darkroom Processing Line] DEBUG net.serenitybdd.core.photography.DarkroomProcessingLine - Processing screenshot image in /var/screenshots/screenshot-15004109574343436501
16:35:34.050 [Darkroom Processing Line] DEBUG net.serenitybdd.core.photography.DarkroomProcessingLine - Saving screenshot to C:\Users\Katon\Documents\JavaProject\DemoSerenityFramework\target\site\serenity\62c32f4be43658aad1c4812efddf9e78c5e59def83450c7b527a99bf1e2f40a2.png
16:35:34.066 [main] DEBUG net.thucydides.core.steps.StepInterceptor - STARTING STEP: StepInterceptor.testContext - nhập mật khẩu
16:35:34.404 [main] DEBUG net.serenitybdd.core.photography.Darkroom - Send negative for processing for C:\Users\Katon\Documents\JavaProject\DemoSerenityFramework\target\site\serenity\90d039aaea10a99cb13bf1eaa4172323e7c28cc79f73c1ecbcd37eaeffb31844.png
16:35:34.404 [main] DEBUG net.thucydides.core.steps.StepInterceptor - STEP DONE: nhập mật khẩu
16:35:34.404 [Darkroom Processing Line] DEBUG net.serenitybdd.core.photography.DarkroomProcessingLine - Processing screenshot image in /var/screenshots/screenshot-7177678582386105599
16:35:34.404 [Darkroom Processing Line] DEBUG net.serenitybdd.core.photography.DarkroomProcessingLine - Saving screenshot to C:\Users\Katon\Documents\JavaProject\DemoSerenityFramework\target\site\serenity\90d039aaea10a99cb13bf1eaa4172323e7c28cc79f73c1ecbcd37eaeffb31844.png
16:35:34.405 [main] DEBUG net.thucydides.core.steps.StepInterceptor - STARTING STEP: StepInterceptor.testContext - nhập lại mật khẩu
16:35:34.448 [main] DEBUG net.thucydides.core.steps.StepInterceptor - STEP DONE: nhập lại mật khẩu
16:35:34.448 [main] DEBUG net.thucydides.core.steps.StepInterceptor - STARTING STEP: StepInterceptor.testContext - bấm nút đăng ký
16:35:35.262 [main] DEBUG net.serenitybdd.core.photography.Darkroom - Send negative for processing for C:\Users\Katon\Documents\JavaProject\DemoSerenityFramework\target\site\serenity\049c4203fc1da02af4bf0681ed20ccbde87744144ac48c92077d1962323edec2.png
16:35:35.262 [Darkroom Processing Line] DEBUG net.serenitybdd.core.photography.DarkroomProcessingLine - Processing screenshot image in /var/screenshots/screenshot-11333124132032873613
16:35:35.262 [Darkroom Processing Line] DEBUG net.serenitybdd.core.photography.DarkroomProcessingLine - Saving screenshot to C:\Users\Katon\Documents\JavaProject\DemoSerenityFramework\target\site\serenity\049c4203fc1da02af4bf0681ed20ccbde87744144ac48c92077d1962323edec2.png
16:35:35.279 [main] DEBUG net.thucydides.core.steps.StepInterceptor - STEP DONE: bấm nút đăng ký
16:35:35.279 [main] DEBUG net.thucydides.core.steps.StepInterceptor - STARTING STEP: StepInterceptor.testContext - kiểm tra hiển thị thông báo số điện thoại không hợp lệ
16:35:35.636 [main] DEBUG net.serenitybdd.core.photography.Darkroom - Send negative for processing for C:\Users\Katon\Documents\JavaProject\DemoSerenityFramework\target\site\serenity\030ecab854f5dbca99bf323fb1250294b129d77f639cbf633c0c429fece1211d.png
16:35:35.636 [main] DEBUG net.thucydides.core.steps.StepInterceptor - STEP DONE: kiểm tra hiển thị thông báo số điện thoại không hợp lệ
16:35:35.636 [Darkroom Processing Line] DEBUG net.serenitybdd.core.photography.DarkroomProcessingLine - Processing screenshot image in /var/screenshots/screenshot-17556952640372773747
16:35:35.636 [Darkroom Processing Line] DEBUG net.serenitybdd.core.photography.DarkroomProcessingLine - Saving screenshot to C:\Users\Katon\Documents\JavaProject\DemoSerenityFramework\target\site\serenity\030ecab854f5dbca99bf323fb1250294b129d77f639cbf633c0c429fece1211d.png
]]></system-out>
    <system-err><![CDATA[Mar 25, 2025 4:35:29 PM org.openqa.selenium.devtools.CdpVersionFinder findNearestMatch
WARNING: Unable to find CDP implementation matching 134
Mar 25, 2025 4:35:29 PM org.openqa.selenium.chromium.ChromiumDriver lambda$new$5
WARNING: Unable to find version of CDP to use for 134.0.6998.166. You may need to include a dependency on a specific version of the CDP using something similar to `org.seleniumhq.selenium:selenium-devtools-v86:4.14.1` where the version ("v86") matches the version of the chromium-based browser you're using and the version number of the artifact is the same as Selenium's.
]]></system-err>
  </testcase>
  <testcase name="checkInputUserAccountExists" classname="Test.Web.RegisterTest" time="6.012">
    <system-out><![CDATA[16:35:35.648 [main] INFO  - 
  _____   ___   ___   _____     ___     _     ___   ___   ___   ___  
 |_   _| | __| / __| |_   _|   | _ \   /_\   / __| / __| | __| |   \ 
   | |   | _|  \__ \   | |     |  _/  / _ \  \__ \ \__ \ | _|  | |) |
   |_|   |___| |___/   |_|     |_|   /_/ \_\ |___/ |___/ |___| |___/ 

kiểm tra nhập số điện thoại > 10 ký tự
----------------------------------------------------------------------
16:35:35.824 [main] DEBUG net.thucydides.core.steps.StepEventBus - Test suite started for RegisterTest in class Test.Web.RegisterTest
16:35:35.824 [main] INFO  - Test Suite Started: RegisterTest
16:35:35.824 [main] DEBUG net.serenitybdd.junit5.SerenityTestExecutionListener - Thread[#1,main,5,main] Test started TestIdentifier [uniqueId = [engine:junit-jupiter]/[class:Test.Web.RegisterTest]/[method:checkInputUserAccountExists()], parentId = [engine:junit-jupiter]/[class:Test.Web.RegisterTest], displayName = 'kiểm tra nhập tên đăng nhập đã tồn tại', legacyReportingName = 'checkInputUserAccountExists()', source = MethodSource [className = 'Test.Web.RegisterTest', methodName = 'checkInputUserAccountExists', methodParameterTypes = ''], tags = [], type = TEST]
16:35:35.824 [main] INFO  - 
  _____   ___   ___   _____     ___   _____     _     ___   _____   ___   ___  
 |_   _| | __| / __| |_   _|   / __| |_   _|   /_\   | _ \ |_   _| | __| |   \ 
   | |   | _|  \__ \   | |     \__ \   | |    / _ \  |   /   | |   | _|  | |) |
   |_|   |___| |___/   |_|     |___/   |_|   /_/ \_\ |_|_\   |_|   |___| |___/ 

kiểm tra nhập tên đăng nhập đã tồn tại([engine:junit-jupiter]/[class:Test.Web.RegisterTest]/[method:checkInputUserAccountExists()])
--------------------------------------------------------------------------------
16:35:35.824 [main] DEBUG net.thucydides.core.steps.StepInterceptor - STARTING STEP: StepInterceptor.testContext - truy cập trang đăng ký
16:35:35.855 [main] INFO net.serenitybdd.core.webdriver.driverproviders.ChromeDriverProvider - Starting Chrome driver instance with capabilities:
16:35:35.855 [main] INFO net.serenitybdd.core.webdriver.driverproviders.ChromeDriverProvider - Capabilities {acceptInsecureCerts: false, browserName: chrome, goog:chromeOptions: {args: [remote-allow-origins=*, --headless=chrome, --headless], extensions: []}}
16:35:37.088 [main] DEBUG net.serenitybdd.core.photography.Darkroom - Opening darkroom
16:35:37.089 [Darkroom Processing Line] DEBUG net.serenitybdd.core.photography.DarkroomProcessingLine - Darkroom processing line starting up
16:35:37.467 [main] DEBUG net.serenitybdd.core.photography.Darkroom - Send negative for processing for C:\Users\Katon\Documents\JavaProject\DemoSerenityFramework\target\site\serenity\a133df92da281fbc66d6aa3e272f270ef64d2d70b223a006efe7dd0471ca972a.png
16:35:37.467 [main] DEBUG net.thucydides.core.steps.StepInterceptor - STEP DONE: truy cập trang đăng ký
16:35:37.467 [main] DEBUG net.thucydides.core.steps.StepInterceptor - STARTING STEP: StepInterceptor.testContext - xóa dữ liệu ô nhập
16:35:38.029 [main] DEBUG net.serenitybdd.core.photography.Darkroom - Send negative for processing for C:\Users\Katon\Documents\JavaProject\DemoSerenityFramework\target\site\serenity\a133df92da281fbc66d6aa3e272f270ef64d2d70b223a006efe7dd0471ca972a.png
16:35:38.029 [main] DEBUG net.thucydides.core.steps.StepInterceptor - STEP DONE: xóa dữ liệu ô nhập
16:35:38.446 [main] DEBUG net.serenitybdd.core.photography.Darkroom - Send negative for processing for C:\Users\Katon\Documents\JavaProject\DemoSerenityFramework\target\site\serenity\a133df92da281fbc66d6aa3e272f270ef64d2d70b223a006efe7dd0471ca972a.png
16:35:38.447 [main] DEBUG net.thucydides.core.steps.StepInterceptor - STARTING STEP: StepInterceptor.testContext - nhập họ tên
16:35:38.801 [main] DEBUG net.serenitybdd.core.photography.Darkroom - Send negative for processing for C:\Users\Katon\Documents\JavaProject\DemoSerenityFramework\target\site\serenity\5657ac1b07cf7d3c47389e855205948b9dc159e7e99230bc73a60082e7b62ae4.png
16:35:38.801 [main] DEBUG net.thucydides.core.steps.StepInterceptor - STEP DONE: nhập họ tên
16:35:38.809 [main] DEBUG net.thucydides.core.steps.StepInterceptor - STARTING STEP: StepInterceptor.testContext - nhập số điện thoại
16:35:39.183 [main] DEBUG net.serenitybdd.core.photography.Darkroom - Send negative for processing for C:\Users\Katon\Documents\JavaProject\DemoSerenityFramework\target\site\serenity\713988226fd6308db432e01fa9eebfba9e17d04afcf7e72eac645b20028d6aef.png
16:35:39.183 [main] DEBUG net.thucydides.core.steps.StepInterceptor - STEP DONE: nhập số điện thoại
16:35:39.183 [main] DEBUG net.thucydides.core.steps.StepInterceptor - STARTING STEP: StepInterceptor.testContext - nhập địa chỉ email
16:35:39.597 [main] DEBUG net.serenitybdd.core.photography.Darkroom - Send negative for processing for C:\Users\Katon\Documents\JavaProject\DemoSerenityFramework\target\site\serenity\1184134d191e528d4827a3740f153a697cdbf2a43f6242d46d6a307625acf881.png
16:35:39.598 [main] DEBUG net.thucydides.core.steps.StepInterceptor - STEP DONE: nhập địa chỉ email
16:35:39.603 [main] DEBUG net.thucydides.core.steps.StepInterceptor - STARTING STEP: StepInterceptor.testContext - nhập tài khoản đăng nhập
16:35:39.995 [main] DEBUG net.serenitybdd.core.photography.Darkroom - Send negative for processing for C:\Users\Katon\Documents\JavaProject\DemoSerenityFramework\target\site\serenity\41611f61fb153b8db284a17b86adb04b5da6de17ec8a40e45970807962f13241.png
16:35:39.995 [main] DEBUG net.thucydides.core.steps.StepInterceptor - STEP DONE: nhập tài khoản đăng nhập
16:35:39.995 [Darkroom Processing Line] DEBUG net.serenitybdd.core.photography.DarkroomProcessingLine - Processing screenshot image in /var/screenshots/screenshot-16497172096761836746
16:35:39.996 [Darkroom Processing Line] DEBUG net.serenitybdd.core.photography.DarkroomProcessingLine - Saving screenshot to C:\Users\Katon\Documents\JavaProject\DemoSerenityFramework\target\site\serenity\41611f61fb153b8db284a17b86adb04b5da6de17ec8a40e45970807962f13241.png
16:35:40.001 [main] DEBUG net.thucydides.core.steps.StepInterceptor - STARTING STEP: StepInterceptor.testContext - nhập mật khẩu
16:35:40.334 [main] DEBUG net.serenitybdd.core.photography.Darkroom - Send negative for processing for C:\Users\Katon\Documents\JavaProject\DemoSerenityFramework\target\site\serenity\667a86f1c8747e6ee735b65612635eb5f106122b463f26530f5f0b3e6fdc3a85.png
16:35:40.334 [main] DEBUG net.thucydides.core.steps.StepInterceptor - STEP DONE: nhập mật khẩu
16:35:40.334 [Darkroom Processing Line] DEBUG net.serenitybdd.core.photography.DarkroomProcessingLine - Processing screenshot image in /var/screenshots/screenshot-516261444249068123
16:35:40.334 [Darkroom Processing Line] DEBUG net.serenitybdd.core.photography.DarkroomProcessingLine - Saving screenshot to C:\Users\Katon\Documents\JavaProject\DemoSerenityFramework\target\site\serenity\667a86f1c8747e6ee735b65612635eb5f106122b463f26530f5f0b3e6fdc3a85.png
16:35:40.349 [main] DEBUG net.thucydides.core.steps.StepInterceptor - STARTING STEP: StepInterceptor.testContext - nhập lại mật khẩu
16:35:40.685 [main] DEBUG net.serenitybdd.core.photography.Darkroom - Send negative for processing for C:\Users\Katon\Documents\JavaProject\DemoSerenityFramework\target\site\serenity\497316e396f5cdba6c8d807fbe495adc7458b3617564a52562421249b4b9087f.png
16:35:40.685 [main] DEBUG net.thucydides.core.steps.StepInterceptor - STEP DONE: nhập lại mật khẩu
16:35:40.685 [Darkroom Processing Line] DEBUG net.serenitybdd.core.photography.DarkroomProcessingLine - Processing screenshot image in /var/screenshots/screenshot-9749263098925724239
16:35:40.685 [Darkroom Processing Line] DEBUG net.serenitybdd.core.photography.DarkroomProcessingLine - Saving screenshot to C:\Users\Katon\Documents\JavaProject\DemoSerenityFramework\target\site\serenity\497316e396f5cdba6c8d807fbe495adc7458b3617564a52562421249b4b9087f.png
16:35:40.701 [main] DEBUG net.thucydides.core.steps.StepInterceptor - STARTING STEP: StepInterceptor.testContext - bấm nút đăng ký
16:35:41.480 [main] DEBUG net.serenitybdd.core.photography.Darkroom - Send negative for processing for C:\Users\Katon\Documents\JavaProject\DemoSerenityFramework\target\site\serenity\c9c729b0ffd0b0f7d3b9d357fdedbe5e6a48a0834a34981df028c16985762d00.png
16:35:41.480 [Darkroom Processing Line] DEBUG net.serenitybdd.core.photography.DarkroomProcessingLine - Processing screenshot image in /var/screenshots/screenshot-8099427184076696481
16:35:41.480 [Darkroom Processing Line] DEBUG net.serenitybdd.core.photography.DarkroomProcessingLine - Saving screenshot to C:\Users\Katon\Documents\JavaProject\DemoSerenityFramework\target\site\serenity\c9c729b0ffd0b0f7d3b9d357fdedbe5e6a48a0834a34981df028c16985762d00.png
16:35:41.481 [main] DEBUG net.thucydides.core.steps.StepInterceptor - STEP DONE: bấm nút đăng ký
16:35:41.481 [main] DEBUG net.thucydides.core.steps.StepInterceptor - STARTING STEP: StepInterceptor.testContext - kiểm tra hiển thị thông báo tài khoản đã tồn tại
16:35:41.836 [main] DEBUG net.serenitybdd.core.photography.Darkroom - Send negative for processing for C:\Users\Katon\Documents\JavaProject\DemoSerenityFramework\target\site\serenity\0534e4731ab4d6e45ae39cb670129fcd5dd748db8d5b9c9b3119ef64e111df6c.png
16:35:41.836 [main] DEBUG net.thucydides.core.steps.StepInterceptor - STEP DONE: kiểm tra hiển thị thông báo tài khoản đã tồn tại
16:35:41.836 [Darkroom Processing Line] DEBUG net.serenitybdd.core.photography.DarkroomProcessingLine - Processing screenshot image in /var/screenshots/screenshot-1481206384233985248
16:35:41.836 [Darkroom Processing Line] DEBUG net.serenitybdd.core.photography.DarkroomProcessingLine - Saving screenshot to C:\Users\Katon\Documents\JavaProject\DemoSerenityFramework\target\site\serenity\0534e4731ab4d6e45ae39cb670129fcd5dd748db8d5b9c9b3119ef64e111df6c.png
]]></system-out>
    <system-err><![CDATA[Mar 25, 2025 4:35:36 PM org.openqa.selenium.devtools.CdpVersionFinder findNearestMatch
WARNING: Unable to find CDP implementation matching 134
Mar 25, 2025 4:35:36 PM org.openqa.selenium.chromium.ChromiumDriver lambda$new$5
WARNING: Unable to find version of CDP to use for 134.0.6998.166. You may need to include a dependency on a specific version of the CDP using something similar to `org.seleniumhq.selenium:selenium-devtools-v86:4.14.1` where the version ("v86") matches the version of the chromium-based browser you're using and the version number of the artifact is the same as Selenium's.
]]></system-err>
  </testcase>
  <testcase name="checkInputUserNameOnlySpace" classname="Test.Web.RegisterTest" time="6.029">
    <system-out><![CDATA[16:35:41.836 [main] INFO  - 
  _____   ___   ___   _____     ___     _     ___   ___   ___   ___  
 |_   _| | __| / __| |_   _|   | _ \   /_\   / __| / __| | __| |   \ 
   | |   | _|  \__ \   | |     |  _/  / _ \  \__ \ \__ \ | _|  | |) |
   |_|   |___| |___/   |_|     |_|   /_/ \_\ |___/ |___/ |___| |___/ 

kiểm tra nhập tên đăng nhập đã tồn tại
----------------------------------------------------------------------
16:35:42.002 [main] DEBUG net.thucydides.core.steps.StepEventBus - Test suite started for RegisterTest in class Test.Web.RegisterTest
16:35:42.002 [main] INFO  - Test Suite Started: RegisterTest
16:35:42.002 [main] DEBUG net.serenitybdd.junit5.SerenityTestExecutionListener - Thread[#1,main,5,main] Test started TestIdentifier [uniqueId = [engine:junit-jupiter]/[class:Test.Web.RegisterTest]/[method:checkInputUserNameOnlySpace()], parentId = [engine:junit-jupiter]/[class:Test.Web.RegisterTest], displayName = 'kiểm tra nhập họ tên chỉ chứa khoảng trắng', legacyReportingName = 'checkInputUserNameOnlySpace()', source = MethodSource [className = 'Test.Web.RegisterTest', methodName = 'checkInputUserNameOnlySpace', methodParameterTypes = ''], tags = [], type = TEST]
16:35:42.002 [main] INFO  - 
  _____   ___   ___   _____     ___   _____     _     ___   _____   ___   ___  
 |_   _| | __| / __| |_   _|   / __| |_   _|   /_\   | _ \ |_   _| | __| |   \ 
   | |   | _|  \__ \   | |     \__ \   | |    / _ \  |   /   | |   | _|  | |) |
   |_|   |___| |___/   |_|     |___/   |_|   /_/ \_\ |_|_\   |_|   |___| |___/ 

kiểm tra nhập họ tên chỉ chứa khoảng trắng([engine:junit-jupiter]/[class:Test.Web.RegisterTest]/[method:checkInputUserNameOnlySpace()])
--------------------------------------------------------------------------------
16:35:42.018 [main] DEBUG net.thucydides.core.steps.StepInterceptor - STARTING STEP: StepInterceptor.testContext - truy cập trang đăng ký
16:35:42.049 [main] INFO net.serenitybdd.core.webdriver.driverproviders.ChromeDriverProvider - Starting Chrome driver instance with capabilities:
16:35:42.049 [main] INFO net.serenitybdd.core.webdriver.driverproviders.ChromeDriverProvider - Capabilities {acceptInsecureCerts: false, browserName: chrome, goog:chromeOptions: {args: [remote-allow-origins=*, --headless=chrome, --headless], extensions: []}}
16:35:43.226 [main] DEBUG net.serenitybdd.core.photography.Darkroom - Opening darkroom
16:35:43.226 [Darkroom Processing Line] DEBUG net.serenitybdd.core.photography.DarkroomProcessingLine - Darkroom processing line starting up
16:35:43.600 [main] DEBUG net.serenitybdd.core.photography.Darkroom - Send negative for processing for C:\Users\Katon\Documents\JavaProject\DemoSerenityFramework\target\site\serenity\a133df92da281fbc66d6aa3e272f270ef64d2d70b223a006efe7dd0471ca972a.png
16:35:43.600 [main] DEBUG net.thucydides.core.steps.StepInterceptor - STEP DONE: truy cập trang đăng ký
16:35:43.600 [main] DEBUG net.thucydides.core.steps.StepInterceptor - STARTING STEP: StepInterceptor.testContext - xóa dữ liệu ô nhập
16:35:44.066 [main] DEBUG net.serenitybdd.core.photography.Darkroom - Send negative for processing for C:\Users\Katon\Documents\JavaProject\DemoSerenityFramework\target\site\serenity\a133df92da281fbc66d6aa3e272f270ef64d2d70b223a006efe7dd0471ca972a.png
16:35:44.066 [main] DEBUG net.thucydides.core.steps.StepInterceptor - STEP DONE: xóa dữ liệu ô nhập
16:35:44.079 [main] DEBUG net.thucydides.core.steps.StepInterceptor - STARTING STEP: StepInterceptor.testContext - nhập họ tên
16:35:44.468 [main] DEBUG net.serenitybdd.core.photography.Darkroom - Send negative for processing for C:\Users\Katon\Documents\JavaProject\DemoSerenityFramework\target\site\serenity\7395d6b94464f36a67fa5e536d5a2fa115a17f34252fac18c5c33981b408e6b7.png
16:35:44.468 [main] DEBUG net.thucydides.core.steps.StepInterceptor - STEP DONE: nhập họ tên
16:35:44.468 [Darkroom Processing Line] DEBUG net.serenitybdd.core.photography.DarkroomProcessingLine - Processing screenshot image in /var/screenshots/screenshot-6933166433078992015
16:35:44.468 [Darkroom Processing Line] DEBUG net.serenitybdd.core.photography.DarkroomProcessingLine - Saving screenshot to C:\Users\Katon\Documents\JavaProject\DemoSerenityFramework\target\site\serenity\7395d6b94464f36a67fa5e536d5a2fa115a17f34252fac18c5c33981b408e6b7.png
16:35:44.483 [main] DEBUG net.thucydides.core.steps.StepInterceptor - STARTING STEP: StepInterceptor.testContext - nhập số điện thoại
16:35:44.826 [main] DEBUG net.serenitybdd.core.photography.Darkroom - Send negative for processing for C:\Users\Katon\Documents\JavaProject\DemoSerenityFramework\target\site\serenity\0df16dd3270bdb64a034e9cdc47b3ddc49b17b50cfe881ed204e8d41307627bf.png
16:35:44.826 [main] DEBUG net.thucydides.core.steps.StepInterceptor - STEP DONE: nhập số điện thoại
16:35:44.826 [Darkroom Processing Line] DEBUG net.serenitybdd.core.photography.DarkroomProcessingLine - Processing screenshot image in /var/screenshots/screenshot-3289669780359500278
16:35:44.826 [Darkroom Processing Line] DEBUG net.serenitybdd.core.photography.DarkroomProcessingLine - Saving screenshot to C:\Users\Katon\Documents\JavaProject\DemoSerenityFramework\target\site\serenity\0df16dd3270bdb64a034e9cdc47b3ddc49b17b50cfe881ed204e8d41307627bf.png
16:35:44.837 [main] DEBUG net.thucydides.core.steps.StepInterceptor - STARTING STEP: StepInterceptor.testContext - nhập địa chỉ email
16:35:45.694 [main] DEBUG net.serenitybdd.core.photography.Darkroom - Send negative for processing for C:\Users\Katon\Documents\JavaProject\DemoSerenityFramework\target\site\serenity\a3ea28aceba5e74b8735d331385bf5e37bc797e55bc348aaa10abedb70b22d1d.png
16:35:45.694 [main] DEBUG net.thucydides.core.steps.StepInterceptor - STEP DONE: nhập địa chỉ email
16:35:45.694 [Darkroom Processing Line] DEBUG net.serenitybdd.core.photography.DarkroomProcessingLine - Processing screenshot image in /var/screenshots/screenshot-11821885260825648734
16:35:45.694 [Darkroom Processing Line] DEBUG net.serenitybdd.core.photography.DarkroomProcessingLine - Saving screenshot to C:\Users\Katon\Documents\JavaProject\DemoSerenityFramework\target\site\serenity\a3ea28aceba5e74b8735d331385bf5e37bc797e55bc348aaa10abedb70b22d1d.png
16:35:45.694 [main] DEBUG net.thucydides.core.steps.StepInterceptor - STARTING STEP: StepInterceptor.testContext - nhập tài khoản đăng nhập
16:35:46.033 [main] DEBUG net.serenitybdd.core.photography.Darkroom - Send negative for processing for C:\Users\Katon\Documents\JavaProject\DemoSerenityFramework\target\site\serenity\08788fee7fb595cc772c5216d5cfb8fae549a7126af340a60faafd4d3fef8ed7.png
16:35:46.033 [main] DEBUG net.thucydides.core.steps.StepInterceptor - STEP DONE: nhập tài khoản đăng nhập
16:35:46.033 [Darkroom Processing Line] DEBUG net.serenitybdd.core.photography.DarkroomProcessingLine - Processing screenshot image in /var/screenshots/screenshot-11915922578440789689
16:35:46.033 [Darkroom Processing Line] DEBUG net.serenitybdd.core.photography.DarkroomProcessingLine - Saving screenshot to C:\Users\Katon\Documents\JavaProject\DemoSerenityFramework\target\site\serenity\08788fee7fb595cc772c5216d5cfb8fae549a7126af340a60faafd4d3fef8ed7.png
16:35:46.041 [main] DEBUG net.thucydides.core.steps.StepInterceptor - STARTING STEP: StepInterceptor.testContext - nhập mật khẩu
16:35:46.082 [main] DEBUG net.thucydides.core.steps.StepInterceptor - STEP DONE: nhập mật khẩu
16:35:46.082 [main] DEBUG net.thucydides.core.steps.StepInterceptor - STARTING STEP: StepInterceptor.testContext - nhập lại mật khẩu
16:35:46.416 [main] DEBUG net.serenitybdd.core.photography.Darkroom - Send negative for processing for C:\Users\Katon\Documents\JavaProject\DemoSerenityFramework\target\site\serenity\883426db5d03c622de4a17ec89cc23c72e80578e3f1ae339462c32d2436b7087.png
16:35:46.416 [main] DEBUG net.thucydides.core.steps.StepInterceptor - STEP DONE: nhập lại mật khẩu
16:35:46.416 [Darkroom Processing Line] DEBUG net.serenitybdd.core.photography.DarkroomProcessingLine - Processing screenshot image in /var/screenshots/screenshot-6017350032285923250
16:35:46.416 [Darkroom Processing Line] DEBUG net.serenitybdd.core.photography.DarkroomProcessingLine - Saving screenshot to C:\Users\Katon\Documents\JavaProject\DemoSerenityFramework\target\site\serenity\883426db5d03c622de4a17ec89cc23c72e80578e3f1ae339462c32d2436b7087.png
16:35:46.416 [main] DEBUG net.thucydides.core.steps.StepInterceptor - STARTING STEP: StepInterceptor.testContext - bấm nút đăng ký
16:35:47.168 [main] DEBUG net.serenitybdd.core.photography.Darkroom - Send negative for processing for C:\Users\Katon\Documents\JavaProject\DemoSerenityFramework\target\site\serenity\72782a8f073f14e3fc46f38d64366ef7ef59ed7f5c5d228910c34c044cc843f0.png
16:35:47.168 [Darkroom Processing Line] DEBUG net.serenitybdd.core.photography.DarkroomProcessingLine - Processing screenshot image in /var/screenshots/screenshot-3946816962923833291
16:35:47.168 [Darkroom Processing Line] DEBUG net.serenitybdd.core.photography.DarkroomProcessingLine - Saving screenshot to C:\Users\Katon\Documents\JavaProject\DemoSerenityFramework\target\site\serenity\72782a8f073f14e3fc46f38d64366ef7ef59ed7f5c5d228910c34c044cc843f0.png
16:35:47.174 [main] DEBUG net.thucydides.core.steps.StepInterceptor - STEP DONE: bấm nút đăng ký
16:35:47.179 [main] DEBUG net.thucydides.core.steps.StepInterceptor - STARTING STEP: StepInterceptor.testContext - kiểm tra hiển thị thông báo họ tên không hợp lệ
16:35:48.030 [main] DEBUG net.serenitybdd.core.photography.Darkroom - Send negative for processing for C:\Users\Katon\Documents\JavaProject\DemoSerenityFramework\target\site\serenity\905115cd0186c600e33a271a6507e183627fc43305eb7203517a82268bd3c86f.png
16:35:48.030 [main] DEBUG net.thucydides.core.steps.StepInterceptor - STEP DONE: kiểm tra hiển thị thông báo họ tên không hợp lệ
16:35:48.031 [Darkroom Processing Line] DEBUG net.serenitybdd.core.photography.DarkroomProcessingLine - Processing screenshot image in /var/screenshots/screenshot-10426322169183566001
16:35:48.031 [Darkroom Processing Line] DEBUG net.serenitybdd.core.photography.DarkroomProcessingLine - Saving screenshot to C:\Users\Katon\Documents\JavaProject\DemoSerenityFramework\target\site\serenity\905115cd0186c600e33a271a6507e183627fc43305eb7203517a82268bd3c86f.png
]]></system-out>
    <system-err><![CDATA[Mar 25, 2025 4:35:42 PM org.openqa.selenium.devtools.CdpVersionFinder findNearestMatch
WARNING: Unable to find CDP implementation matching 134
Mar 25, 2025 4:35:42 PM org.openqa.selenium.chromium.ChromiumDriver lambda$new$5
WARNING: Unable to find version of CDP to use for 134.0.6998.166. You may need to include a dependency on a specific version of the CDP using something similar to `org.seleniumhq.selenium:selenium-devtools-v86:4.14.1` where the version ("v86") matches the version of the chromium-based browser you're using and the version number of the artifact is the same as Selenium's.
]]></system-err>
  </testcase>
  <testcase name="checkInputUserNameWithNumber" classname="Test.Web.RegisterTest" time="6.535">
    <system-out><![CDATA[16:35:48.034 [main] INFO  - 
  _____   ___   ___   _____     ___     _     ___   ___   ___   ___  
 |_   _| | __| / __| |_   _|   | _ \   /_\   / __| / __| | __| |   \ 
   | |   | _|  \__ \   | |     |  _/  / _ \  \__ \ \__ \ | _|  | |) |
   |_|   |___| |___/   |_|     |_|   /_/ \_\ |___/ |___/ |___| |___/ 

kiểm tra nhập họ tên chỉ chứa khoảng trắng
----------------------------------------------------------------------
16:35:48.202 [main] DEBUG net.thucydides.core.steps.StepEventBus - Test suite started for RegisterTest in class Test.Web.RegisterTest
16:35:48.202 [main] INFO  - Test Suite Started: RegisterTest
16:35:48.202 [main] DEBUG net.serenitybdd.junit5.SerenityTestExecutionListener - Thread[#1,main,5,main] Test started TestIdentifier [uniqueId = [engine:junit-jupiter]/[class:Test.Web.RegisterTest]/[method:checkInputUserNameWithNumber()], parentId = [engine:junit-jupiter]/[class:Test.Web.RegisterTest], displayName = 'kiểm tra nhập họ tên chứa chữ số', legacyReportingName = 'checkInputUserNameWithNumber()', source = MethodSource [className = 'Test.Web.RegisterTest', methodName = 'checkInputUserNameWithNumber', methodParameterTypes = ''], tags = [], type = TEST]
16:35:48.202 [main] INFO  - 
  _____   ___   ___   _____     ___   _____     _     ___   _____   ___   ___  
 |_   _| | __| / __| |_   _|   / __| |_   _|   /_\   | _ \ |_   _| | __| |   \ 
   | |   | _|  \__ \   | |     \__ \   | |    / _ \  |   /   | |   | _|  | |) |
   |_|   |___| |___/   |_|     |___/   |_|   /_/ \_\ |_|_\   |_|   |___| |___/ 

kiểm tra nhập họ tên chứa chữ số([engine:junit-jupiter]/[class:Test.Web.RegisterTest]/[method:checkInputUserNameWithNumber()])
--------------------------------------------------------------------------------
16:35:48.202 [main] DEBUG net.thucydides.core.steps.StepInterceptor - STARTING STEP: StepInterceptor.testContext - truy cập trang đăng ký
16:35:48.248 [main] INFO net.serenitybdd.core.webdriver.driverproviders.ChromeDriverProvider - Starting Chrome driver instance with capabilities:
16:35:48.248 [main] INFO net.serenitybdd.core.webdriver.driverproviders.ChromeDriverProvider - Capabilities {acceptInsecureCerts: false, browserName: chrome, goog:chromeOptions: {args: [remote-allow-origins=*, --headless=chrome, --headless], extensions: []}}
16:35:49.414 [main] DEBUG net.serenitybdd.core.photography.Darkroom - Opening darkroom
16:35:49.414 [Darkroom Processing Line] DEBUG net.serenitybdd.core.photography.DarkroomProcessingLine - Darkroom processing line starting up
16:35:49.786 [main] DEBUG net.serenitybdd.core.photography.Darkroom - Send negative for processing for C:\Users\Katon\Documents\JavaProject\DemoSerenityFramework\target\site\serenity\a133df92da281fbc66d6aa3e272f270ef64d2d70b223a006efe7dd0471ca972a.png
16:35:49.786 [main] DEBUG net.thucydides.core.steps.StepInterceptor - STEP DONE: truy cập trang đăng ký
16:35:49.801 [main] DEBUG net.thucydides.core.steps.StepInterceptor - STARTING STEP: StepInterceptor.testContext - xóa dữ liệu ô nhập
16:35:50.268 [main] DEBUG net.serenitybdd.core.photography.Darkroom - Send negative for processing for C:\Users\Katon\Documents\JavaProject\DemoSerenityFramework\target\site\serenity\a133df92da281fbc66d6aa3e272f270ef64d2d70b223a006efe7dd0471ca972a.png
16:35:50.268 [main] DEBUG net.thucydides.core.steps.StepInterceptor - STEP DONE: xóa dữ liệu ô nhập
16:35:50.280 [main] DEBUG net.thucydides.core.steps.StepInterceptor - STARTING STEP: StepInterceptor.testContext - nhập họ tên
16:35:50.670 [main] DEBUG net.serenitybdd.core.photography.Darkroom - Send negative for processing for C:\Users\Katon\Documents\JavaProject\DemoSerenityFramework\target\site\serenity\1be34eb7177cecddcff5ac5de032d4f6019f4a19c5e0a371db48d200c9df1702.png
16:35:50.670 [main] DEBUG net.thucydides.core.steps.StepInterceptor - STEP DONE: nhập họ tên
16:35:50.670 [Darkroom Processing Line] DEBUG net.serenitybdd.core.photography.DarkroomProcessingLine - Processing screenshot image in /var/screenshots/screenshot-17891140888873730704
16:35:50.670 [Darkroom Processing Line] DEBUG net.serenitybdd.core.photography.DarkroomProcessingLine - Saving screenshot to C:\Users\Katon\Documents\JavaProject\DemoSerenityFramework\target\site\serenity\1be34eb7177cecddcff5ac5de032d4f6019f4a19c5e0a371db48d200c9df1702.png
16:35:50.682 [main] DEBUG net.thucydides.core.steps.StepInterceptor - STARTING STEP: StepInterceptor.testContext - nhập số điện thoại
16:35:51.535 [main] DEBUG net.serenitybdd.core.photography.Darkroom - Send negative for processing for C:\Users\Katon\Documents\JavaProject\DemoSerenityFramework\target\site\serenity\d2978551f86798649ab759150ac71d22a468326a4bbc0a76b1ded2b2159f0020.png
16:35:51.535 [main] DEBUG net.thucydides.core.steps.StepInterceptor - STEP DONE: nhập số điện thoại
16:35:51.535 [Darkroom Processing Line] DEBUG net.serenitybdd.core.photography.DarkroomProcessingLine - Processing screenshot image in /var/screenshots/screenshot-15808355548963346188
16:35:51.535 [Darkroom Processing Line] DEBUG net.serenitybdd.core.photography.DarkroomProcessingLine - Saving screenshot to C:\Users\Katon\Documents\JavaProject\DemoSerenityFramework\target\site\serenity\d2978551f86798649ab759150ac71d22a468326a4bbc0a76b1ded2b2159f0020.png
16:35:51.535 [main] DEBUG net.thucydides.core.steps.StepInterceptor - STARTING STEP: StepInterceptor.testContext - nhập địa chỉ email
16:35:52.385 [main] DEBUG net.serenitybdd.core.photography.Darkroom - Send negative for processing for C:\Users\Katon\Documents\JavaProject\DemoSerenityFramework\target\site\serenity\e4804e22899de2f43e5a0dbd3cfb2812b57303b27c52aaa04d4dca598975553a.png
16:35:52.385 [main] DEBUG net.thucydides.core.steps.StepInterceptor - STEP DONE: nhập địa chỉ email
16:35:52.385 [Darkroom Processing Line] DEBUG net.serenitybdd.core.photography.DarkroomProcessingLine - Processing screenshot image in /var/screenshots/screenshot-2368469002066454651
16:35:52.385 [Darkroom Processing Line] DEBUG net.serenitybdd.core.photography.DarkroomProcessingLine - Saving screenshot to C:\Users\Katon\Documents\JavaProject\DemoSerenityFramework\target\site\serenity\e4804e22899de2f43e5a0dbd3cfb2812b57303b27c52aaa04d4dca598975553a.png
16:35:52.399 [main] DEBUG net.thucydides.core.steps.StepInterceptor - STARTING STEP: StepInterceptor.testContext - nhập tài khoản đăng nhập
16:35:53.245 [main] DEBUG net.serenitybdd.core.photography.Darkroom - Send negative for processing for C:\Users\Katon\Documents\JavaProject\DemoSerenityFramework\target\site\serenity\2dc96660869595fd99909c82ff7cbd4deabe74a79eb5213e306200bc993873ec.png
16:35:53.246 [main] DEBUG net.thucydides.core.steps.StepInterceptor - STEP DONE: nhập tài khoản đăng nhập
16:35:53.246 [Darkroom Processing Line] DEBUG net.serenitybdd.core.photography.DarkroomProcessingLine - Processing screenshot image in /var/screenshots/screenshot-15285439584846318741
16:35:53.246 [Darkroom Processing Line] DEBUG net.serenitybdd.core.photography.DarkroomProcessingLine - Saving screenshot to C:\Users\Katon\Documents\JavaProject\DemoSerenityFramework\target\site\serenity\2dc96660869595fd99909c82ff7cbd4deabe74a79eb5213e306200bc993873ec.png
16:35:53.251 [main] DEBUG net.thucydides.core.steps.StepInterceptor - STARTING STEP: StepInterceptor.testContext - nhập mật khẩu
16:35:53.284 [main] DEBUG net.thucydides.core.steps.StepInterceptor - STEP DONE: nhập mật khẩu
16:35:53.583 [main] DEBUG net.serenitybdd.core.photography.Darkroom - Send negative for processing for C:\Users\Katon\Documents\JavaProject\DemoSerenityFramework\target\site\serenity\8cc65ae3d9049d50101b06a5f996dbf781ef37cbe93fb3c590ffa89220b1ea9e.png
16:35:53.583 [main] DEBUG net.thucydides.core.steps.StepInterceptor - STARTING STEP: StepInterceptor.testContext - nhập lại mật khẩu
16:35:53.583 [Darkroom Processing Line] DEBUG net.serenitybdd.core.photography.DarkroomProcessingLine - Processing screenshot image in /var/screenshots/screenshot-15000235437905729008
16:35:53.583 [Darkroom Processing Line] DEBUG net.serenitybdd.core.photography.DarkroomProcessingLine - Saving screenshot to C:\Users\Katon\Documents\JavaProject\DemoSerenityFramework\target\site\serenity\8cc65ae3d9049d50101b06a5f996dbf781ef37cbe93fb3c590ffa89220b1ea9e.png
16:35:53.630 [main] DEBUG net.thucydides.core.steps.StepInterceptor - STEP DONE: nhập lại mật khẩu
16:35:53.630 [main] DEBUG net.thucydides.core.steps.StepInterceptor - STARTING STEP: StepInterceptor.testContext - bấm nút đăng ký
16:35:54.362 [main] DEBUG net.serenitybdd.core.photography.Darkroom - Send negative for processing for C:\Users\Katon\Documents\JavaProject\DemoSerenityFramework\target\site\serenity\2f4743b7c791c0a91c88ec8791bb70dbdec30729ad595a160d1e3fc77c5fc8b7.png
16:35:54.362 [Darkroom Processing Line] DEBUG net.serenitybdd.core.photography.DarkroomProcessingLine - Processing screenshot image in /var/screenshots/screenshot-2461987168075234307
16:35:54.362 [Darkroom Processing Line] DEBUG net.serenitybdd.core.photography.DarkroomProcessingLine - Saving screenshot to C:\Users\Katon\Documents\JavaProject\DemoSerenityFramework\target\site\serenity\2f4743b7c791c0a91c88ec8791bb70dbdec30729ad595a160d1e3fc77c5fc8b7.png
16:35:54.362 [main] DEBUG net.thucydides.core.steps.StepInterceptor - STEP DONE: bấm nút đăng ký
16:35:54.379 [main] DEBUG net.thucydides.core.steps.StepInterceptor - STARTING STEP: StepInterceptor.testContext - kiểm tra hiển thị thông báo họ tên không hợp lệ
16:35:54.737 [main] DEBUG net.serenitybdd.core.photography.Darkroom - Send negative for processing for C:\Users\Katon\Documents\JavaProject\DemoSerenityFramework\target\site\serenity\624c5ea98e76683c50a8fa9d74745c00bbf0f77fcc4295ce3b1e5eab5cd3a558.png
16:35:54.737 [main] DEBUG net.thucydides.core.steps.StepInterceptor - STEP DONE: kiểm tra hiển thị thông báo họ tên không hợp lệ
16:35:54.737 [Darkroom Processing Line] DEBUG net.serenitybdd.core.photography.DarkroomProcessingLine - Processing screenshot image in /var/screenshots/screenshot-8562977846775860695
16:35:54.737 [Darkroom Processing Line] DEBUG net.serenitybdd.core.photography.DarkroomProcessingLine - Saving screenshot to C:\Users\Katon\Documents\JavaProject\DemoSerenityFramework\target\site\serenity\624c5ea98e76683c50a8fa9d74745c00bbf0f77fcc4295ce3b1e5eab5cd3a558.png
]]></system-out>
    <system-err><![CDATA[Mar 25, 2025 4:35:49 PM org.openqa.selenium.devtools.CdpVersionFinder findNearestMatch
WARNING: Unable to find CDP implementation matching 134
Mar 25, 2025 4:35:49 PM org.openqa.selenium.chromium.ChromiumDriver lambda$new$5
WARNING: Unable to find version of CDP to use for 134.0.6998.166. You may need to include a dependency on a specific version of the CDP using something similar to `org.seleniumhq.selenium:selenium-devtools-v86:4.14.1` where the version ("v86") matches the version of the chromium-based browser you're using and the version number of the artifact is the same as Selenium's.
]]></system-err>
  </testcase>
  <testcase name="checkClickButtonLogin" classname="Test.Web.RegisterTest" time="2.512">
    <system-out><![CDATA[16:35:54.737 [main] INFO  - 
  _____   ___   ___   _____     ___     _     ___   ___   ___   ___  
 |_   _| | __| / __| |_   _|   | _ \   /_\   / __| / __| | __| |   \ 
   | |   | _|  \__ \   | |     |  _/  / _ \  \__ \ \__ \ | _|  | |) |
   |_|   |___| |___/   |_|     |_|   /_/ \_\ |___/ |___/ |___| |___/ 

kiểm tra nhập họ tên chứa chữ số
----------------------------------------------------------------------
16:35:54.933 [main] DEBUG net.thucydides.core.steps.StepEventBus - Test suite started for RegisterTest in class Test.Web.RegisterTest
16:35:54.933 [main] INFO  - Test Suite Started: RegisterTest
16:35:54.933 [main] DEBUG net.serenitybdd.junit5.SerenityTestExecutionListener - Thread[#1,main,5,main] Test started TestIdentifier [uniqueId = [engine:junit-jupiter]/[class:Test.Web.RegisterTest]/[method:checkClickButtonLogin()], parentId = [engine:junit-jupiter]/[class:Test.Web.RegisterTest], displayName = 'kiểm tra bấm nút đăng nhập', legacyReportingName = 'checkClickButtonLogin()', source = MethodSource [className = 'Test.Web.RegisterTest', methodName = 'checkClickButtonLogin', methodParameterTypes = ''], tags = [], type = TEST]
16:35:54.933 [main] INFO  - 
  _____   ___   ___   _____     ___   _____     _     ___   _____   ___   ___  
 |_   _| | __| / __| |_   _|   / __| |_   _|   /_\   | _ \ |_   _| | __| |   \ 
   | |   | _|  \__ \   | |     \__ \   | |    / _ \  |   /   | |   | _|  | |) |
   |_|   |___| |___/   |_|     |___/   |_|   /_/ \_\ |_|_\   |_|   |___| |___/ 

kiểm tra bấm nút đăng nhập([engine:junit-jupiter]/[class:Test.Web.RegisterTest]/[method:checkClickButtonLogin()])
--------------------------------------------------------------------------------
16:35:54.933 [main] DEBUG net.thucydides.core.steps.StepInterceptor - STARTING STEP: StepInterceptor.testContext - truy cập trang đăng ký
16:35:54.980 [main] INFO net.serenitybdd.core.webdriver.driverproviders.ChromeDriverProvider - Starting Chrome driver instance with capabilities:
16:35:54.980 [main] INFO net.serenitybdd.core.webdriver.driverproviders.ChromeDriverProvider - Capabilities {acceptInsecureCerts: false, browserName: chrome, goog:chromeOptions: {args: [remote-allow-origins=*, --headless=chrome, --headless], extensions: []}}
16:35:56.096 [main] DEBUG net.serenitybdd.core.photography.Darkroom - Opening darkroom
16:35:56.097 [Darkroom Processing Line] DEBUG net.serenitybdd.core.photography.DarkroomProcessingLine - Darkroom processing line starting up
16:35:56.483 [main] DEBUG net.serenitybdd.core.photography.Darkroom - Send negative for processing for C:\Users\Katon\Documents\JavaProject\DemoSerenityFramework\target\site\serenity\a133df92da281fbc66d6aa3e272f270ef64d2d70b223a006efe7dd0471ca972a.png
16:35:56.483 [main] DEBUG net.thucydides.core.steps.StepInterceptor - STEP DONE: truy cập trang đăng ký
16:35:56.495 [main] DEBUG net.thucydides.core.steps.StepInterceptor - STARTING STEP: StepInterceptor.testContext - bấm nút đăng nhập
16:35:57.079 [main] DEBUG net.serenitybdd.core.photography.Darkroom - Send negative for processing for C:\Users\Katon\Documents\JavaProject\DemoSerenityFramework\target\site\serenity\4f5f7c5fb69b37d5193473d6bb3163c3c2b362d2d6653f5ef4eaa646aefcd234.png
16:35:57.080 [main] DEBUG net.thucydides.core.steps.StepInterceptor - STEP DONE: bấm nút đăng nhập
16:35:57.080 [main] DEBUG net.thucydides.core.steps.StepInterceptor - STARTING STEP: StepInterceptor.testContext - kiểm tra hiển thị tiêu đề trang đăng nhập
16:35:57.445 [main] DEBUG net.serenitybdd.core.photography.Darkroom - Send negative for processing for C:\Users\Katon\Documents\JavaProject\DemoSerenityFramework\target\site\serenity\4f5f7c5fb69b37d5193473d6bb3163c3c2b362d2d6653f5ef4eaa646aefcd234.png
16:35:57.445 [main] DEBUG net.thucydides.core.steps.StepInterceptor - STEP DONE: kiểm tra hiển thị tiêu đề trang đăng nhập
]]></system-out>
    <system-err><![CDATA[Mar 25, 2025 4:35:55 PM org.openqa.selenium.devtools.CdpVersionFinder findNearestMatch
WARNING: Unable to find CDP implementation matching 134
Mar 25, 2025 4:35:55 PM org.openqa.selenium.chromium.ChromiumDriver lambda$new$5
WARNING: Unable to find version of CDP to use for 134.0.6998.166. You may need to include a dependency on a specific version of the CDP using something similar to `org.seleniumhq.selenium:selenium-devtools-v86:4.14.1` where the version ("v86") matches the version of the chromium-based browser you're using and the version number of the artifact is the same as Selenium's.
]]></system-err>
  </testcase>
  <testcase name="checkInputUserAccountOnlySpace" classname="Test.Web.RegisterTest" time="6.593">
    <system-out><![CDATA[16:35:57.448 [main] INFO  - 
  _____   ___   ___   _____     ___     _     ___   ___   ___   ___  
 |_   _| | __| / __| |_   _|   | _ \   /_\   / __| / __| | __| |   \ 
   | |   | _|  \__ \   | |     |  _/  / _ \  \__ \ \__ \ | _|  | |) |
   |_|   |___| |___/   |_|     |_|   /_/ \_\ |___/ |___/ |___| |___/ 

kiểm tra bấm nút đăng nhập
----------------------------------------------------------------------
16:35:57.621 [main] DEBUG net.thucydides.core.steps.StepEventBus - Test suite started for RegisterTest in class Test.Web.RegisterTest
16:35:57.621 [main] INFO  - Test Suite Started: RegisterTest
16:35:57.621 [main] DEBUG net.serenitybdd.junit5.SerenityTestExecutionListener - Thread[#1,main,5,main] Test started TestIdentifier [uniqueId = [engine:junit-jupiter]/[class:Test.Web.RegisterTest]/[method:checkInputUserAccountOnlySpace()], parentId = [engine:junit-jupiter]/[class:Test.Web.RegisterTest], displayName = 'kiểm tra nhập tên đăng nhập chỉ chứa khoảng trắng', legacyReportingName = 'checkInputUserAccountOnlySpace()', source = MethodSource [className = 'Test.Web.RegisterTest', methodName = 'checkInputUserAccountOnlySpace', methodParameterTypes = ''], tags = [], type = TEST]
16:35:57.621 [main] INFO  - 
  _____   ___   ___   _____     ___   _____     _     ___   _____   ___   ___  
 |_   _| | __| / __| |_   _|   / __| |_   _|   /_\   | _ \ |_   _| | __| |   \ 
   | |   | _|  \__ \   | |     \__ \   | |    / _ \  |   /   | |   | _|  | |) |
   |_|   |___| |___/   |_|     |___/   |_|   /_/ \_\ |_|_\   |_|   |___| |___/ 

kiểm tra nhập tên đăng nhập chỉ chứa khoảng trắng([engine:junit-jupiter]/[class:Test.Web.RegisterTest]/[method:checkInputUserAccountOnlySpace()])
--------------------------------------------------------------------------------
16:35:57.621 [main] DEBUG net.thucydides.core.steps.StepInterceptor - STARTING STEP: StepInterceptor.testContext - truy cập trang đăng ký
16:35:57.652 [main] INFO net.serenitybdd.core.webdriver.driverproviders.ChromeDriverProvider - Starting Chrome driver instance with capabilities:
16:35:57.652 [main] INFO net.serenitybdd.core.webdriver.driverproviders.ChromeDriverProvider - Capabilities {acceptInsecureCerts: false, browserName: chrome, goog:chromeOptions: {args: [remote-allow-origins=*, --headless=chrome, --headless], extensions: []}}
16:35:58.888 [main] DEBUG net.serenitybdd.core.photography.Darkroom - Opening darkroom
16:35:58.889 [Darkroom Processing Line] DEBUG net.serenitybdd.core.photography.DarkroomProcessingLine - Darkroom processing line starting up
16:35:59.249 [main] DEBUG net.serenitybdd.core.photography.Darkroom - Send negative for processing for C:\Users\Katon\Documents\JavaProject\DemoSerenityFramework\target\site\serenity\a133df92da281fbc66d6aa3e272f270ef64d2d70b223a006efe7dd0471ca972a.png
16:35:59.249 [main] DEBUG net.thucydides.core.steps.StepInterceptor - STEP DONE: truy cập trang đăng ký
16:35:59.249 [main] DEBUG net.thucydides.core.steps.StepInterceptor - STARTING STEP: StepInterceptor.testContext - xóa dữ liệu ô nhập
16:36:00.273 [main] DEBUG net.serenitybdd.core.photography.Darkroom - Send negative for processing for C:\Users\Katon\Documents\JavaProject\DemoSerenityFramework\target\site\serenity\a133df92da281fbc66d6aa3e272f270ef64d2d70b223a006efe7dd0471ca972a.png
16:36:00.273 [main] DEBUG net.thucydides.core.steps.StepInterceptor - STEP DONE: xóa dữ liệu ô nhập
16:36:00.289 [main] DEBUG net.thucydides.core.steps.StepInterceptor - STARTING STEP: StepInterceptor.testContext - nhập họ tên
16:36:00.649 [main] DEBUG net.serenitybdd.core.photography.Darkroom - Send negative for processing for C:\Users\Katon\Documents\JavaProject\DemoSerenityFramework\target\site\serenity\5657ac1b07cf7d3c47389e855205948b9dc159e7e99230bc73a60082e7b62ae4.png
16:36:00.649 [main] DEBUG net.thucydides.core.steps.StepInterceptor - STEP DONE: nhập họ tên
16:36:00.649 [main] DEBUG net.thucydides.core.steps.StepInterceptor - STARTING STEP: StepInterceptor.testContext - nhập số điện thoại
16:36:01.016 [main] DEBUG net.serenitybdd.core.photography.Darkroom - Send negative for processing for C:\Users\Katon\Documents\JavaProject\DemoSerenityFramework\target\site\serenity\713988226fd6308db432e01fa9eebfba9e17d04afcf7e72eac645b20028d6aef.png
16:36:01.016 [main] DEBUG net.thucydides.core.steps.StepInterceptor - STEP DONE: nhập số điện thoại
16:36:01.034 [main] DEBUG net.thucydides.core.steps.StepInterceptor - STARTING STEP: StepInterceptor.testContext - nhập địa chỉ email
16:36:01.432 [main] DEBUG net.serenitybdd.core.photography.Darkroom - Send negative for processing for C:\Users\Katon\Documents\JavaProject\DemoSerenityFramework\target\site\serenity\1184134d191e528d4827a3740f153a697cdbf2a43f6242d46d6a307625acf881.png
16:36:01.432 [main] DEBUG net.thucydides.core.steps.StepInterceptor - STEP DONE: nhập địa chỉ email
16:36:01.432 [main] DEBUG net.thucydides.core.steps.StepInterceptor - STARTING STEP: StepInterceptor.testContext - nhập tài khoản đăng nhập
16:36:01.791 [main] DEBUG net.serenitybdd.core.photography.Darkroom - Send negative for processing for C:\Users\Katon\Documents\JavaProject\DemoSerenityFramework\target\site\serenity\c52b0a3ea08288f4d4e7f74aa1773e8b2de090e08898bed590156c77e1024c05.png
16:36:01.791 [main] DEBUG net.thucydides.core.steps.StepInterceptor - STEP DONE: nhập tài khoản đăng nhập
16:36:01.791 [Darkroom Processing Line] DEBUG net.serenitybdd.core.photography.DarkroomProcessingLine - Processing screenshot image in /var/screenshots/screenshot-18072715639316727392
16:36:01.791 [Darkroom Processing Line] DEBUG net.serenitybdd.core.photography.DarkroomProcessingLine - Saving screenshot to C:\Users\Katon\Documents\JavaProject\DemoSerenityFramework\target\site\serenity\c52b0a3ea08288f4d4e7f74aa1773e8b2de090e08898bed590156c77e1024c05.png
16:36:01.791 [main] DEBUG net.thucydides.core.steps.StepInterceptor - STARTING STEP: StepInterceptor.testContext - nhập mật khẩu
16:36:02.146 [main] DEBUG net.serenitybdd.core.photography.Darkroom - Send negative for processing for C:\Users\Katon\Documents\JavaProject\DemoSerenityFramework\target\site\serenity\686b33ab9e8034c46810d6095ba7ed8361dcd234c5dff4b9045778b89e6d6f6c.png
16:36:02.147 [main] DEBUG net.thucydides.core.steps.StepInterceptor - STEP DONE: nhập mật khẩu
16:36:02.147 [Darkroom Processing Line] DEBUG net.serenitybdd.core.photography.DarkroomProcessingLine - Processing screenshot image in /var/screenshots/screenshot-10189126206130380038
16:36:02.147 [Darkroom Processing Line] DEBUG net.serenitybdd.core.photography.DarkroomProcessingLine - Saving screenshot to C:\Users\Katon\Documents\JavaProject\DemoSerenityFramework\target\site\serenity\686b33ab9e8034c46810d6095ba7ed8361dcd234c5dff4b9045778b89e6d6f6c.png
16:36:02.151 [main] DEBUG net.thucydides.core.steps.StepInterceptor - STARTING STEP: StepInterceptor.testContext - nhập lại mật khẩu
16:36:02.998 [main] DEBUG net.serenitybdd.core.photography.Darkroom - Send negative for processing for C:\Users\Katon\Documents\JavaProject\DemoSerenityFramework\target\site\serenity\2469b39e1c6eac196f59802b4426fa62b51a10b1669ecb89ed3b5019a1ef280b.png
16:36:02.998 [main] DEBUG net.thucydides.core.steps.StepInterceptor - STEP DONE: nhập lại mật khẩu
16:36:02.998 [Darkroom Processing Line] DEBUG net.serenitybdd.core.photography.DarkroomProcessingLine - Processing screenshot image in /var/screenshots/screenshot-12747006604086080793
16:36:02.998 [Darkroom Processing Line] DEBUG net.serenitybdd.core.photography.DarkroomProcessingLine - Saving screenshot to C:\Users\Katon\Documents\JavaProject\DemoSerenityFramework\target\site\serenity\2469b39e1c6eac196f59802b4426fa62b51a10b1669ecb89ed3b5019a1ef280b.png
16:36:02.998 [main] DEBUG net.thucydides.core.steps.StepInterceptor - STARTING STEP: StepInterceptor.testContext - bấm nút đăng ký
16:36:03.812 [main] DEBUG net.serenitybdd.core.photography.Darkroom - Send negative for processing for C:\Users\Katon\Documents\JavaProject\DemoSerenityFramework\target\site\serenity\44131a670c7bfcaff9477d29d4e27406958cfd019a3efd0115b1ed3813b38868.png
16:36:03.812 [Darkroom Processing Line] DEBUG net.serenitybdd.core.photography.DarkroomProcessingLine - Processing screenshot image in /var/screenshots/screenshot-12338905295471704105
16:36:03.812 [Darkroom Processing Line] DEBUG net.serenitybdd.core.photography.DarkroomProcessingLine - Saving screenshot to C:\Users\Katon\Documents\JavaProject\DemoSerenityFramework\target\site\serenity\44131a670c7bfcaff9477d29d4e27406958cfd019a3efd0115b1ed3813b38868.png
16:36:03.812 [main] DEBUG net.thucydides.core.steps.StepInterceptor - STEP DONE: bấm nút đăng ký
16:36:03.828 [main] DEBUG net.thucydides.core.steps.StepInterceptor - STARTING STEP: StepInterceptor.testContext - kiểm tra hiển thị thông báo tài khoản không hợp lệ
16:36:04.214 [main] DEBUG net.serenitybdd.core.photography.Darkroom - Send negative for processing for C:\Users\Katon\Documents\JavaProject\DemoSerenityFramework\target\site\serenity\f6b2b66b95a5f91e91a1ebfb63830b9ec559169e03c0326d359659dae5a98a80.png
16:36:04.214 [main] DEBUG net.thucydides.core.steps.StepInterceptor - STEP DONE: kiểm tra hiển thị thông báo tài khoản không hợp lệ
16:36:04.214 [Darkroom Processing Line] DEBUG net.serenitybdd.core.photography.DarkroomProcessingLine - Processing screenshot image in /var/screenshots/screenshot-9123333986700547691
16:36:04.214 [Darkroom Processing Line] DEBUG net.serenitybdd.core.photography.DarkroomProcessingLine - Saving screenshot to C:\Users\Katon\Documents\JavaProject\DemoSerenityFramework\target\site\serenity\f6b2b66b95a5f91e91a1ebfb63830b9ec559169e03c0326d359659dae5a98a80.png
]]></system-out>
    <system-err><![CDATA[Mar 25, 2025 4:35:58 PM org.openqa.selenium.devtools.CdpVersionFinder findNearestMatch
WARNING: Unable to find CDP implementation matching 134
Mar 25, 2025 4:35:58 PM org.openqa.selenium.chromium.ChromiumDriver lambda$new$5
WARNING: Unable to find version of CDP to use for 134.0.6998.166. You may need to include a dependency on a specific version of the CDP using something similar to `org.seleniumhq.selenium:selenium-devtools-v86:4.14.1` where the version ("v86") matches the version of the chromium-based browser you're using and the version number of the artifact is the same as Selenium's.
]]></system-err>
  </testcase>
  <testcase name="checkInputUserNameWithSpecialCharacters" classname="Test.Web.RegisterTest" time="8.029">
    <system-out><![CDATA[16:36:04.218 [main] INFO  - 
  _____   ___   ___   _____     ___     _     ___   ___   ___   ___  
 |_   _| | __| / __| |_   _|   | _ \   /_\   / __| / __| | __| |   \ 
   | |   | _|  \__ \   | |     |  _/  / _ \  \__ \ \__ \ | _|  | |) |
   |_|   |___| |___/   |_|     |_|   /_/ \_\ |___/ |___/ |___| |___/ 

kiểm tra nhập tên đăng nhập chỉ chứa khoảng trắng
----------------------------------------------------------------------
16:36:04.400 [main] DEBUG net.thucydides.core.steps.StepEventBus - Test suite started for RegisterTest in class Test.Web.RegisterTest
16:36:04.400 [main] INFO  - Test Suite Started: RegisterTest
16:36:04.400 [main] DEBUG net.serenitybdd.junit5.SerenityTestExecutionListener - Thread[#1,main,5,main] Test started TestIdentifier [uniqueId = [engine:junit-jupiter]/[class:Test.Web.RegisterTest]/[method:checkInputUserNameWithSpecialCharacters()], parentId = [engine:junit-jupiter]/[class:Test.Web.RegisterTest], displayName = 'kiểm tra nhập họ tên chứa ký tự đặc biệt', legacyReportingName = 'checkInputUserNameWithSpecialCharacters()', source = MethodSource [className = 'Test.Web.RegisterTest', methodName = 'checkInputUserNameWithSpecialCharacters', methodParameterTypes = ''], tags = [], type = TEST]
16:36:04.400 [main] INFO  - 
  _____   ___   ___   _____     ___   _____     _     ___   _____   ___   ___  
 |_   _| | __| / __| |_   _|   / __| |_   _|   /_\   | _ \ |_   _| | __| |   \ 
   | |   | _|  \__ \   | |     \__ \   | |    / _ \  |   /   | |   | _|  | |) |
   |_|   |___| |___/   |_|     |___/   |_|   /_/ \_\ |_|_\   |_|   |___| |___/ 

kiểm tra nhập họ tên chứa ký tự đặc biệt([engine:junit-jupiter]/[class:Test.Web.RegisterTest]/[method:checkInputUserNameWithSpecialCharacters()])
--------------------------------------------------------------------------------
16:36:04.400 [main] DEBUG net.thucydides.core.steps.StepInterceptor - STARTING STEP: StepInterceptor.testContext - truy cập trang đăng ký
16:36:04.447 [main] INFO net.serenitybdd.core.webdriver.driverproviders.ChromeDriverProvider - Starting Chrome driver instance with capabilities:
16:36:04.447 [main] INFO net.serenitybdd.core.webdriver.driverproviders.ChromeDriverProvider - Capabilities {acceptInsecureCerts: false, browserName: chrome, goog:chromeOptions: {args: [remote-allow-origins=*, --headless=chrome, --headless], extensions: []}}
16:36:05.645 [main] DEBUG net.serenitybdd.core.photography.Darkroom - Opening darkroom
16:36:05.646 [Darkroom Processing Line] DEBUG net.serenitybdd.core.photography.DarkroomProcessingLine - Darkroom processing line starting up
16:36:06.418 [main] DEBUG net.serenitybdd.core.photography.Darkroom - Send negative for processing for C:\Users\Katon\Documents\JavaProject\DemoSerenityFramework\target\site\serenity\a133df92da281fbc66d6aa3e272f270ef64d2d70b223a006efe7dd0471ca972a.png
16:36:06.418 [main] DEBUG net.thucydides.core.steps.StepInterceptor - STEP DONE: truy cập trang đăng ký
16:36:06.431 [main] DEBUG net.thucydides.core.steps.StepInterceptor - STARTING STEP: StepInterceptor.testContext - xóa dữ liệu ô nhập
16:36:07.511 [main] DEBUG net.serenitybdd.core.photography.Darkroom - Send negative for processing for C:\Users\Katon\Documents\JavaProject\DemoSerenityFramework\target\site\serenity\a133df92da281fbc66d6aa3e272f270ef64d2d70b223a006efe7dd0471ca972a.png
16:36:07.512 [main] DEBUG net.thucydides.core.steps.StepInterceptor - STEP DONE: xóa dữ liệu ô nhập
16:36:07.517 [main] DEBUG net.thucydides.core.steps.StepInterceptor - STARTING STEP: StepInterceptor.testContext - nhập họ tên
16:36:07.882 [main] DEBUG net.serenitybdd.core.photography.Darkroom - Send negative for processing for C:\Users\Katon\Documents\JavaProject\DemoSerenityFramework\target\site\serenity\6078b8b7444142934e831e6a917d32869201c7d0cff5651a2f4ccff404b8f29e.png
16:36:07.882 [Darkroom Processing Line] DEBUG net.serenitybdd.core.photography.DarkroomProcessingLine - Processing screenshot image in /var/screenshots/screenshot-4869362773351006355
16:36:07.882 [main] DEBUG net.thucydides.core.steps.StepInterceptor - STEP DONE: nhập họ tên
16:36:07.882 [Darkroom Processing Line] DEBUG net.serenitybdd.core.photography.DarkroomProcessingLine - Saving screenshot to C:\Users\Katon\Documents\JavaProject\DemoSerenityFramework\target\site\serenity\6078b8b7444142934e831e6a917d32869201c7d0cff5651a2f4ccff404b8f29e.png
16:36:07.895 [main] DEBUG net.thucydides.core.steps.StepInterceptor - STARTING STEP: StepInterceptor.testContext - nhập số điện thoại
16:36:08.235 [main] DEBUG net.serenitybdd.core.photography.Darkroom - Send negative for processing for C:\Users\Katon\Documents\JavaProject\DemoSerenityFramework\target\site\serenity\63508f2d2a9332d9647f2ab41c08239a514655fa3cc6c09f72b26a17925a44f5.png
16:36:08.235 [main] DEBUG net.thucydides.core.steps.StepInterceptor - STEP DONE: nhập số điện thoại
16:36:08.235 [Darkroom Processing Line] DEBUG net.serenitybdd.core.photography.DarkroomProcessingLine - Processing screenshot image in /var/screenshots/screenshot-6923112894162962054
16:36:08.235 [Darkroom Processing Line] DEBUG net.serenitybdd.core.photography.DarkroomProcessingLine - Saving screenshot to C:\Users\Katon\Documents\JavaProject\DemoSerenityFramework\target\site\serenity\63508f2d2a9332d9647f2ab41c08239a514655fa3cc6c09f72b26a17925a44f5.png
16:36:08.251 [main] DEBUG net.thucydides.core.steps.StepInterceptor - STARTING STEP: StepInterceptor.testContext - nhập địa chỉ email
16:36:08.631 [main] DEBUG net.serenitybdd.core.photography.Darkroom - Send negative for processing for C:\Users\Katon\Documents\JavaProject\DemoSerenityFramework\target\site\serenity\829f7e92c4458c3658cd4b55a734764877c77550a18b44aad31261ea0ef28717.png
16:36:08.631 [main] DEBUG net.thucydides.core.steps.StepInterceptor - STEP DONE: nhập địa chỉ email
16:36:08.631 [Darkroom Processing Line] DEBUG net.serenitybdd.core.photography.DarkroomProcessingLine - Processing screenshot image in /var/screenshots/screenshot-14210655541952630658
16:36:08.631 [Darkroom Processing Line] DEBUG net.serenitybdd.core.photography.DarkroomProcessingLine - Saving screenshot to C:\Users\Katon\Documents\JavaProject\DemoSerenityFramework\target\site\serenity\829f7e92c4458c3658cd4b55a734764877c77550a18b44aad31261ea0ef28717.png
16:36:08.631 [main] DEBUG net.thucydides.core.steps.StepInterceptor - STARTING STEP: StepInterceptor.testContext - nhập tài khoản đăng nhập
16:36:09.008 [main] DEBUG net.serenitybdd.core.photography.Darkroom - Send negative for processing for C:\Users\Katon\Documents\JavaProject\DemoSerenityFramework\target\site\serenity\b870a8732c08aab2e5ed86546b41562b0eb0d8c8821b64b003c2a2b75d9facb2.png
16:36:09.008 [main] DEBUG net.thucydides.core.steps.StepInterceptor - STEP DONE: nhập tài khoản đăng nhập
16:36:09.008 [Darkroom Processing Line] DEBUG net.serenitybdd.core.photography.DarkroomProcessingLine - Processing screenshot image in /var/screenshots/screenshot-16847487507467397407
16:36:09.008 [Darkroom Processing Line] DEBUG net.serenitybdd.core.photography.DarkroomProcessingLine - Saving screenshot to C:\Users\Katon\Documents\JavaProject\DemoSerenityFramework\target\site\serenity\b870a8732c08aab2e5ed86546b41562b0eb0d8c8821b64b003c2a2b75d9facb2.png
16:36:09.024 [main] DEBUG net.thucydides.core.steps.StepInterceptor - STARTING STEP: StepInterceptor.testContext - nhập mật khẩu
16:36:09.865 [main] DEBUG net.serenitybdd.core.photography.Darkroom - Send negative for processing for C:\Users\Katon\Documents\JavaProject\DemoSerenityFramework\target\site\serenity\080bddb7a7b1e8fa8409fcf21d28da29f8fdab4745c7313d869f55aed753e189.png
16:36:09.865 [main] DEBUG net.thucydides.core.steps.StepInterceptor - STEP DONE: nhập mật khẩu
16:36:09.865 [Darkroom Processing Line] DEBUG net.serenitybdd.core.photography.DarkroomProcessingLine - Processing screenshot image in /var/screenshots/screenshot-7749453451296819588
16:36:09.865 [Darkroom Processing Line] DEBUG net.serenitybdd.core.photography.DarkroomProcessingLine - Saving screenshot to C:\Users\Katon\Documents\JavaProject\DemoSerenityFramework\target\site\serenity\080bddb7a7b1e8fa8409fcf21d28da29f8fdab4745c7313d869f55aed753e189.png
16:36:09.873 [main] DEBUG net.thucydides.core.steps.StepInterceptor - STARTING STEP: StepInterceptor.testContext - nhập lại mật khẩu
16:36:10.763 [main] DEBUG net.serenitybdd.core.photography.Darkroom - Send negative for processing for C:\Users\Katon\Documents\JavaProject\DemoSerenityFramework\target\site\serenity\7d0f966c19e30c8ac1025470f8ba2c4a81df336d371760200c4d7a60ecd67e59.png
16:36:10.764 [main] DEBUG net.thucydides.core.steps.StepInterceptor - STEP DONE: nhập lại mật khẩu
16:36:10.764 [Darkroom Processing Line] DEBUG net.serenitybdd.core.photography.DarkroomProcessingLine - Processing screenshot image in /var/screenshots/screenshot-13788759284271038489
16:36:10.764 [Darkroom Processing Line] DEBUG net.serenitybdd.core.photography.DarkroomProcessingLine - Saving screenshot to C:\Users\Katon\Documents\JavaProject\DemoSerenityFramework\target\site\serenity\7d0f966c19e30c8ac1025470f8ba2c4a81df336d371760200c4d7a60ecd67e59.png
16:36:10.768 [main] DEBUG net.thucydides.core.steps.StepInterceptor - STARTING STEP: StepInterceptor.testContext - bấm nút đăng ký
16:36:11.529 [main] DEBUG net.serenitybdd.core.photography.Darkroom - Send negative for processing for C:\Users\Katon\Documents\JavaProject\DemoSerenityFramework\target\site\serenity\f53cd01c0c2febea5a91e92c54f05718c884cbf9930e03a85ec5b132a92050ad.png
16:36:11.529 [Darkroom Processing Line] DEBUG net.serenitybdd.core.photography.DarkroomProcessingLine - Processing screenshot image in /var/screenshots/screenshot-9704048093688476874
16:36:11.529 [Darkroom Processing Line] DEBUG net.serenitybdd.core.photography.DarkroomProcessingLine - Saving screenshot to C:\Users\Katon\Documents\JavaProject\DemoSerenityFramework\target\site\serenity\f53cd01c0c2febea5a91e92c54f05718c884cbf9930e03a85ec5b132a92050ad.png
16:36:11.529 [main] DEBUG net.thucydides.core.steps.StepInterceptor - STEP DONE: bấm nút đăng ký
16:36:11.529 [main] DEBUG net.thucydides.core.steps.StepInterceptor - STARTING STEP: StepInterceptor.testContext - kiểm tra hiển thị thông báo họ tên không hợp lệ
16:36:12.413 [main] DEBUG net.serenitybdd.core.photography.Darkroom - Send negative for processing for C:\Users\Katon\Documents\JavaProject\DemoSerenityFramework\target\site\serenity\7c65067a5418a22031d29e0227580efc6105ab40ed8b53d948cc58fbe75d7070.png
16:36:12.429 [Darkroom Processing Line] DEBUG net.serenitybdd.core.photography.DarkroomProcessingLine - Processing screenshot image in /var/screenshots/screenshot-6053604505607242314
16:36:12.429 [Darkroom Processing Line] DEBUG net.serenitybdd.core.photography.DarkroomProcessingLine - Saving screenshot to C:\Users\Katon\Documents\JavaProject\DemoSerenityFramework\target\site\serenity\7c65067a5418a22031d29e0227580efc6105ab40ed8b53d948cc58fbe75d7070.png
16:36:12.429 [main] DEBUG net.thucydides.core.steps.StepInterceptor - STEP DONE: kiểm tra hiển thị thông báo họ tên không hợp lệ
]]></system-out>
    <system-err><![CDATA[Mar 25, 2025 4:36:05 PM org.openqa.selenium.devtools.CdpVersionFinder findNearestMatch
WARNING: Unable to find CDP implementation matching 134
Mar 25, 2025 4:36:05 PM org.openqa.selenium.chromium.ChromiumDriver lambda$new$5
WARNING: Unable to find version of CDP to use for 134.0.6998.166. You may need to include a dependency on a specific version of the CDP using something similar to `org.seleniumhq.selenium:selenium-devtools-v86:4.14.1` where the version ("v86") matches the version of the chromium-based browser you're using and the version number of the artifact is the same as Selenium's.
]]></system-err>
  </testcase>
  <testcase name="checkEmptyInputUserEmail" classname="Test.Web.RegisterTest" time="6.702">
    <system-out><![CDATA[16:36:12.434 [main] INFO  - 
  _____   ___   ___   _____     ___     _     ___   ___   ___   ___  
 |_   _| | __| / __| |_   _|   | _ \   /_\   / __| / __| | __| |   \ 
   | |   | _|  \__ \   | |     |  _/  / _ \  \__ \ \__ \ | _|  | |) |
   |_|   |___| |___/   |_|     |_|   /_/ \_\ |___/ |___/ |___| |___/ 

kiểm tra nhập họ tên chứa ký tự đặc biệt
----------------------------------------------------------------------
16:36:12.645 [main] DEBUG net.thucydides.core.steps.StepEventBus - Test suite started for RegisterTest in class Test.Web.RegisterTest
16:36:12.645 [main] INFO  - Test Suite Started: RegisterTest
16:36:12.645 [main] DEBUG net.serenitybdd.junit5.SerenityTestExecutionListener - Thread[#1,main,5,main] Test started TestIdentifier [uniqueId = [engine:junit-jupiter]/[class:Test.Web.RegisterTest]/[method:checkEmptyInputUserEmail()], parentId = [engine:junit-jupiter]/[class:Test.Web.RegisterTest], displayName = 'kiểm tra bỏ trống số địa chỉ email', legacyReportingName = 'checkEmptyInputUserEmail()', source = MethodSource [className = 'Test.Web.RegisterTest', methodName = 'checkEmptyInputUserEmail', methodParameterTypes = ''], tags = [], type = TEST]
16:36:12.645 [main] INFO  - 
  _____   ___   ___   _____     ___   _____     _     ___   _____   ___   ___  
 |_   _| | __| / __| |_   _|   / __| |_   _|   /_\   | _ \ |_   _| | __| |   \ 
   | |   | _|  \__ \   | |     \__ \   | |    / _ \  |   /   | |   | _|  | |) |
   |_|   |___| |___/   |_|     |___/   |_|   /_/ \_\ |_|_\   |_|   |___| |___/ 

kiểm tra bỏ trống số địa chỉ email([engine:junit-jupiter]/[class:Test.Web.RegisterTest]/[method:checkEmptyInputUserEmail()])
--------------------------------------------------------------------------------
16:36:12.660 [main] DEBUG net.thucydides.core.steps.StepInterceptor - STARTING STEP: StepInterceptor.testContext - truy cập trang đăng ký
16:36:12.691 [main] INFO net.serenitybdd.core.webdriver.driverproviders.ChromeDriverProvider - Starting Chrome driver instance with capabilities:
16:36:12.691 [main] INFO net.serenitybdd.core.webdriver.driverproviders.ChromeDriverProvider - Capabilities {acceptInsecureCerts: false, browserName: chrome, goog:chromeOptions: {args: [remote-allow-origins=*, --headless=chrome, --headless], extensions: []}}
16:36:13.882 [main] DEBUG net.serenitybdd.core.photography.Darkroom - Opening darkroom
16:36:13.882 [Darkroom Processing Line] DEBUG net.serenitybdd.core.photography.DarkroomProcessingLine - Darkroom processing line starting up
16:36:14.250 [main] DEBUG net.serenitybdd.core.photography.Darkroom - Send negative for processing for C:\Users\Katon\Documents\JavaProject\DemoSerenityFramework\target\site\serenity\a133df92da281fbc66d6aa3e272f270ef64d2d70b223a006efe7dd0471ca972a.png
16:36:14.250 [main] DEBUG net.thucydides.core.steps.StepInterceptor - STEP DONE: truy cập trang đăng ký
16:36:14.250 [main] DEBUG net.thucydides.core.steps.StepInterceptor - STARTING STEP: StepInterceptor.testContext - xóa dữ liệu ô nhập
16:36:15.299 [main] DEBUG net.serenitybdd.core.photography.Darkroom - Send negative for processing for C:\Users\Katon\Documents\JavaProject\DemoSerenityFramework\target\site\serenity\a133df92da281fbc66d6aa3e272f270ef64d2d70b223a006efe7dd0471ca972a.png
16:36:15.299 [main] DEBUG net.thucydides.core.steps.StepInterceptor - STEP DONE: xóa dữ liệu ô nhập
16:36:15.312 [main] DEBUG net.thucydides.core.steps.StepInterceptor - STARTING STEP: StepInterceptor.testContext - nhập họ tên
16:36:16.149 [main] DEBUG net.serenitybdd.core.photography.Darkroom - Send negative for processing for C:\Users\Katon\Documents\JavaProject\DemoSerenityFramework\target\site\serenity\6474d4fd6098b06c1b26763957cd1782014b0dab15c01bf713df0e6a91baa7f6.png
16:36:16.149 [main] DEBUG net.thucydides.core.steps.StepInterceptor - STEP DONE: nhập họ tên
16:36:16.149 [Darkroom Processing Line] DEBUG net.serenitybdd.core.photography.DarkroomProcessingLine - Processing screenshot image in /var/screenshots/screenshot-17594747909907984943
16:36:16.149 [Darkroom Processing Line] DEBUG net.serenitybdd.core.photography.DarkroomProcessingLine - Saving screenshot to C:\Users\Katon\Documents\JavaProject\DemoSerenityFramework\target\site\serenity\6474d4fd6098b06c1b26763957cd1782014b0dab15c01bf713df0e6a91baa7f6.png
16:36:16.149 [main] DEBUG net.thucydides.core.steps.StepInterceptor - STARTING STEP: StepInterceptor.testContext - nhập số điện thoại
16:36:16.989 [main] DEBUG net.serenitybdd.core.photography.Darkroom - Send negative for processing for C:\Users\Katon\Documents\JavaProject\DemoSerenityFramework\target\site\serenity\713988226fd6308db432e01fa9eebfba9e17d04afcf7e72eac645b20028d6aef.png
16:36:16.995 [main] DEBUG net.thucydides.core.steps.StepInterceptor - STEP DONE: nhập số điện thoại
16:36:17.002 [main] DEBUG net.thucydides.core.steps.StepInterceptor - STARTING STEP: StepInterceptor.testContext - nhập tài khoản đăng nhập
16:36:17.334 [main] DEBUG net.serenitybdd.core.photography.Darkroom - Send negative for processing for C:\Users\Katon\Documents\JavaProject\DemoSerenityFramework\target\site\serenity\b6463b070ab0856074fd4fc6e4a7582ba29e1977287db792d4d895f305656199.png
16:36:17.334 [main] DEBUG net.thucydides.core.steps.StepInterceptor - STEP DONE: nhập tài khoản đăng nhập
16:36:17.334 [Darkroom Processing Line] DEBUG net.serenitybdd.core.photography.DarkroomProcessingLine - Processing screenshot image in /var/screenshots/screenshot-13737610976896117715
16:36:17.334 [Darkroom Processing Line] DEBUG net.serenitybdd.core.photography.DarkroomProcessingLine - Saving screenshot to C:\Users\Katon\Documents\JavaProject\DemoSerenityFramework\target\site\serenity\b6463b070ab0856074fd4fc6e4a7582ba29e1977287db792d4d895f305656199.png
16:36:17.334 [main] DEBUG net.thucydides.core.steps.StepInterceptor - STARTING STEP: StepInterceptor.testContext - nhập mật khẩu
16:36:17.380 [main] DEBUG net.thucydides.core.steps.StepInterceptor - STEP DONE: nhập mật khẩu
16:36:17.380 [main] DEBUG net.thucydides.core.steps.StepInterceptor - STARTING STEP: StepInterceptor.testContext - nhập lại mật khẩu
16:36:17.720 [main] DEBUG net.serenitybdd.core.photography.Darkroom - Send negative for processing for C:\Users\Katon\Documents\JavaProject\DemoSerenityFramework\target\site\serenity\d7a745443e1b94733aa7019afecc15ec8465bf5c227f6bd7ebb2726bad82e6a9.png
16:36:17.720 [main] DEBUG net.thucydides.core.steps.StepInterceptor - STEP DONE: nhập lại mật khẩu
16:36:17.720 [Darkroom Processing Line] DEBUG net.serenitybdd.core.photography.DarkroomProcessingLine - Processing screenshot image in /var/screenshots/screenshot-14454246034105204403
16:36:17.720 [Darkroom Processing Line] DEBUG net.serenitybdd.core.photography.DarkroomProcessingLine - Saving screenshot to C:\Users\Katon\Documents\JavaProject\DemoSerenityFramework\target\site\serenity\d7a745443e1b94733aa7019afecc15ec8465bf5c227f6bd7ebb2726bad82e6a9.png
16:36:17.736 [main] DEBUG net.thucydides.core.steps.StepInterceptor - STARTING STEP: StepInterceptor.testContext - bấm nút đăng ký
16:36:18.495 [main] DEBUG net.serenitybdd.core.photography.Darkroom - Send negative for processing for C:\Users\Katon\Documents\JavaProject\DemoSerenityFramework\target\site\serenity\eed77bd72d7040650e1c5f82259d4edeb908176f15ed402dba79e1f90f3a9a78.png
16:36:18.496 [Darkroom Processing Line] DEBUG net.serenitybdd.core.photography.DarkroomProcessingLine - Processing screenshot image in /var/screenshots/screenshot-15612134681609759557
16:36:18.496 [Darkroom Processing Line] DEBUG net.serenitybdd.core.photography.DarkroomProcessingLine - Saving screenshot to C:\Users\Katon\Documents\JavaProject\DemoSerenityFramework\target\site\serenity\eed77bd72d7040650e1c5f82259d4edeb908176f15ed402dba79e1f90f3a9a78.png
16:36:18.496 [main] DEBUG net.thucydides.core.steps.StepInterceptor - STEP DONE: bấm nút đăng ký
16:36:18.496 [main] DEBUG net.thucydides.core.steps.StepInterceptor - STARTING STEP: StepInterceptor.testContext - kiểm tra hiển thị thông báo địa chỉ email không hợp lệ
16:36:19.347 [main] DEBUG net.serenitybdd.core.photography.Darkroom - Send negative for processing for C:\Users\Katon\Documents\JavaProject\DemoSerenityFramework\target\site\serenity\6d205e4a0e6cd6e595bc180aedab16c6b3db3db9c2c0680a33a56d7408255aa6.png
16:36:19.347 [main] DEBUG net.thucydides.core.steps.StepInterceptor - STEP DONE: kiểm tra hiển thị thông báo địa chỉ email không hợp lệ
16:36:19.347 [Darkroom Processing Line] DEBUG net.serenitybdd.core.photography.DarkroomProcessingLine - Processing screenshot image in /var/screenshots/screenshot-6427091552933119241
16:36:19.347 [Darkroom Processing Line] DEBUG net.serenitybdd.core.photography.DarkroomProcessingLine - Saving screenshot to C:\Users\Katon\Documents\JavaProject\DemoSerenityFramework\target\site\serenity\6d205e4a0e6cd6e595bc180aedab16c6b3db3db9c2c0680a33a56d7408255aa6.png
]]></system-out>
    <system-err><![CDATA[Mar 25, 2025 4:36:13 PM org.openqa.selenium.devtools.CdpVersionFinder findNearestMatch
WARNING: Unable to find CDP implementation matching 134
Mar 25, 2025 4:36:13 PM org.openqa.selenium.chromium.ChromiumDriver lambda$new$5
WARNING: Unable to find version of CDP to use for 134.0.6998.166. You may need to include a dependency on a specific version of the CDP using something similar to `org.seleniumhq.selenium:selenium-devtools-v86:4.14.1` where the version ("v86") matches the version of the chromium-based browser you're using and the version number of the artifact is the same as Selenium's.
]]></system-err>
  </testcase>
  <testcase name="checkEmptyInputUserPhone" classname="Test.Web.RegisterTest" time="6.138">
    <system-out><![CDATA[16:36:19.351 [main] INFO  - 
  _____   ___   ___   _____     ___     _     ___   ___   ___   ___  
 |_   _| | __| / __| |_   _|   | _ \   /_\   / __| / __| | __| |   \ 
   | |   | _|  \__ \   | |     |  _/  / _ \  \__ \ \__ \ | _|  | |) |
   |_|   |___| |___/   |_|     |_|   /_/ \_\ |___/ |___/ |___| |___/ 

kiểm tra bỏ trống số địa chỉ email
----------------------------------------------------------------------
16:36:19.515 [main] DEBUG net.thucydides.core.steps.StepEventBus - Test suite started for RegisterTest in class Test.Web.RegisterTest
16:36:19.515 [main] INFO  - Test Suite Started: RegisterTest
16:36:19.515 [main] DEBUG net.serenitybdd.junit5.SerenityTestExecutionListener - Thread[#1,main,5,main] Test started TestIdentifier [uniqueId = [engine:junit-jupiter]/[class:Test.Web.RegisterTest]/[method:checkEmptyInputUserPhone()], parentId = [engine:junit-jupiter]/[class:Test.Web.RegisterTest], displayName = 'kiểm tra bỏ trống số điện thoại', legacyReportingName = 'checkEmptyInputUserPhone()', source = MethodSource [className = 'Test.Web.RegisterTest', methodName = 'checkEmptyInputUserPhone', methodParameterTypes = ''], tags = [], type = TEST]
16:36:19.515 [main] INFO  - 
  _____   ___   ___   _____     ___   _____     _     ___   _____   ___   ___  
 |_   _| | __| / __| |_   _|   / __| |_   _|   /_\   | _ \ |_   _| | __| |   \ 
   | |   | _|  \__ \   | |     \__ \   | |    / _ \  |   /   | |   | _|  | |) |
   |_|   |___| |___/   |_|     |___/   |_|   /_/ \_\ |_|_\   |_|   |___| |___/ 

kiểm tra bỏ trống số điện thoại([engine:junit-jupiter]/[class:Test.Web.RegisterTest]/[method:checkEmptyInputUserPhone()])
--------------------------------------------------------------------------------
16:36:19.530 [main] DEBUG net.thucydides.core.steps.StepInterceptor - STARTING STEP: StepInterceptor.testContext - truy cập trang đăng ký
16:36:19.562 [main] INFO net.serenitybdd.core.webdriver.driverproviders.ChromeDriverProvider - Starting Chrome driver instance with capabilities:
16:36:19.562 [main] INFO net.serenitybdd.core.webdriver.driverproviders.ChromeDriverProvider - Capabilities {acceptInsecureCerts: false, browserName: chrome, goog:chromeOptions: {args: [remote-allow-origins=*, --headless=chrome, --headless], extensions: []}}
16:36:20.701 [main] DEBUG net.serenitybdd.core.photography.Darkroom - Opening darkroom
16:36:20.701 [Darkroom Processing Line] DEBUG net.serenitybdd.core.photography.DarkroomProcessingLine - Darkroom processing line starting up
16:36:21.499 [main] DEBUG net.serenitybdd.core.photography.Darkroom - Send negative for processing for C:\Users\Katon\Documents\JavaProject\DemoSerenityFramework\target\site\serenity\a133df92da281fbc66d6aa3e272f270ef64d2d70b223a006efe7dd0471ca972a.png
16:36:21.499 [main] DEBUG net.thucydides.core.steps.StepInterceptor - STEP DONE: truy cập trang đăng ký
16:36:21.499 [main] DEBUG net.thucydides.core.steps.StepInterceptor - STARTING STEP: StepInterceptor.testContext - xóa dữ liệu ô nhập
16:36:22.533 [main] DEBUG net.serenitybdd.core.photography.Darkroom - Send negative for processing for C:\Users\Katon\Documents\JavaProject\DemoSerenityFramework\target\site\serenity\a133df92da281fbc66d6aa3e272f270ef64d2d70b223a006efe7dd0471ca972a.png
16:36:22.533 [main] DEBUG net.thucydides.core.steps.StepInterceptor - STEP DONE: xóa dữ liệu ô nhập
16:36:22.533 [main] DEBUG net.thucydides.core.steps.StepInterceptor - STARTING STEP: StepInterceptor.testContext - nhập họ tên
16:36:22.900 [main] DEBUG net.serenitybdd.core.photography.Darkroom - Send negative for processing for C:\Users\Katon\Documents\JavaProject\DemoSerenityFramework\target\site\serenity\5657ac1b07cf7d3c47389e855205948b9dc159e7e99230bc73a60082e7b62ae4.png
16:36:22.900 [main] DEBUG net.thucydides.core.steps.StepInterceptor - STEP DONE: nhập họ tên
16:36:22.900 [main] DEBUG net.thucydides.core.steps.StepInterceptor - STARTING STEP: StepInterceptor.testContext - nhập địa chỉ email
16:36:23.280 [main] DEBUG net.serenitybdd.core.photography.Darkroom - Send negative for processing for C:\Users\Katon\Documents\JavaProject\DemoSerenityFramework\target\site\serenity\f98f9139e58bff4b988c36ab501f8ca5641ff0bf585d8c71fa149a01efa055da.png
16:36:23.280 [main] DEBUG net.thucydides.core.steps.StepInterceptor - STEP DONE: nhập địa chỉ email
16:36:23.280 [Darkroom Processing Line] DEBUG net.serenitybdd.core.photography.DarkroomProcessingLine - Processing screenshot image in /var/screenshots/screenshot-7088586691710539245
16:36:23.280 [Darkroom Processing Line] DEBUG net.serenitybdd.core.photography.DarkroomProcessingLine - Saving screenshot to C:\Users\Katon\Documents\JavaProject\DemoSerenityFramework\target\site\serenity\f98f9139e58bff4b988c36ab501f8ca5641ff0bf585d8c71fa149a01efa055da.png
16:36:23.280 [main] DEBUG net.thucydides.core.steps.StepInterceptor - STARTING STEP: StepInterceptor.testContext - nhập tài khoản đăng nhập
16:36:24.117 [main] DEBUG net.serenitybdd.core.photography.Darkroom - Send negative for processing for C:\Users\Katon\Documents\JavaProject\DemoSerenityFramework\target\site\serenity\c8595fd015999ccd0560f7f9d4b019be81546a0d1c399eb6445bfeb329b13607.png
16:36:24.117 [main] DEBUG net.thucydides.core.steps.StepInterceptor - STEP DONE: nhập tài khoản đăng nhập
16:36:24.117 [Darkroom Processing Line] DEBUG net.serenitybdd.core.photography.DarkroomProcessingLine - Processing screenshot image in /var/screenshots/screenshot-8828947871117387064
16:36:24.117 [Darkroom Processing Line] DEBUG net.serenitybdd.core.photography.DarkroomProcessingLine - Saving screenshot to C:\Users\Katon\Documents\JavaProject\DemoSerenityFramework\target\site\serenity\c8595fd015999ccd0560f7f9d4b019be81546a0d1c399eb6445bfeb329b13607.png
16:36:24.134 [main] DEBUG net.thucydides.core.steps.StepInterceptor - STARTING STEP: StepInterceptor.testContext - nhập mật khẩu
16:36:24.482 [main] DEBUG net.serenitybdd.core.photography.Darkroom - Send negative for processing for C:\Users\Katon\Documents\JavaProject\DemoSerenityFramework\target\site\serenity\59424b9d8bc54e91dd76b3f860d0fd455ad07207cea5bb039e91365f965b346c.png
16:36:24.482 [main] DEBUG net.thucydides.core.steps.StepInterceptor - STEP DONE: nhập mật khẩu
16:36:24.482 [Darkroom Processing Line] DEBUG net.serenitybdd.core.photography.DarkroomProcessingLine - Processing screenshot image in /var/screenshots/screenshot-8961622631262067616
16:36:24.482 [Darkroom Processing Line] DEBUG net.serenitybdd.core.photography.DarkroomProcessingLine - Saving screenshot to C:\Users\Katon\Documents\JavaProject\DemoSerenityFramework\target\site\serenity\59424b9d8bc54e91dd76b3f860d0fd455ad07207cea5bb039e91365f965b346c.png
16:36:24.499 [main] DEBUG net.thucydides.core.steps.StepInterceptor - STARTING STEP: StepInterceptor.testContext - nhập lại mật khẩu
16:36:24.530 [main] DEBUG net.thucydides.core.steps.StepInterceptor - STEP DONE: nhập lại mật khẩu
16:36:24.530 [main] DEBUG net.thucydides.core.steps.StepInterceptor - STARTING STEP: StepInterceptor.testContext - bấm nút đăng ký
16:36:25.290 [main] DEBUG net.serenitybdd.core.photography.Darkroom - Send negative for processing for C:\Users\Katon\Documents\JavaProject\DemoSerenityFramework\target\site\serenity\c2f714853288ece58eaa031220d872269b385550598aa4d495c9b2d5cb017c3d.png
16:36:25.290 [Darkroom Processing Line] DEBUG net.serenitybdd.core.photography.DarkroomProcessingLine - Processing screenshot image in /var/screenshots/screenshot-1081010719364744614
16:36:25.290 [Darkroom Processing Line] DEBUG net.serenitybdd.core.photography.DarkroomProcessingLine - Saving screenshot to C:\Users\Katon\Documents\JavaProject\DemoSerenityFramework\target\site\serenity\c2f714853288ece58eaa031220d872269b385550598aa4d495c9b2d5cb017c3d.png
16:36:25.296 [main] DEBUG net.thucydides.core.steps.StepInterceptor - STEP DONE: bấm nút đăng ký
16:36:25.296 [main] DEBUG net.thucydides.core.steps.StepInterceptor - STARTING STEP: StepInterceptor.testContext - kiểm tra hiển thị thông báo số điện thoại không hợp lệ
16:36:25.653 [main] DEBUG net.serenitybdd.core.photography.Darkroom - Send negative for processing for C:\Users\Katon\Documents\JavaProject\DemoSerenityFramework\target\site\serenity\41a065267084d4aeadcb4950f1b1344826dd0d3b4df99078264cb61e832733d0.png
16:36:25.653 [main] DEBUG net.thucydides.core.steps.StepInterceptor - STEP DONE: kiểm tra hiển thị thông báo số điện thoại không hợp lệ
16:36:25.653 [Darkroom Processing Line] DEBUG net.serenitybdd.core.photography.DarkroomProcessingLine - Processing screenshot image in /var/screenshots/screenshot-13710845933141039661
16:36:25.653 [Darkroom Processing Line] DEBUG net.serenitybdd.core.photography.DarkroomProcessingLine - Saving screenshot to C:\Users\Katon\Documents\JavaProject\DemoSerenityFramework\target\site\serenity\41a065267084d4aeadcb4950f1b1344826dd0d3b4df99078264cb61e832733d0.png
]]></system-out>
    <system-err><![CDATA[Mar 25, 2025 4:36:20 PM org.openqa.selenium.devtools.CdpVersionFinder findNearestMatch
WARNING: Unable to find CDP implementation matching 134
Mar 25, 2025 4:36:20 PM org.openqa.selenium.chromium.ChromiumDriver lambda$new$5
WARNING: Unable to find version of CDP to use for 134.0.6998.166. You may need to include a dependency on a specific version of the CDP using something similar to `org.seleniumhq.selenium:selenium-devtools-v86:4.14.1` where the version ("v86") matches the version of the chromium-based browser you're using and the version number of the artifact is the same as Selenium's.
]]></system-err>
  </testcase>
  <testcase name="checkInputUserPasswordOnlySpace" classname="Test.Web.RegisterTest" time="6.393">
    <system-out><![CDATA[16:36:25.663 [main] INFO  - 
  _____   ___   ___   _____     ___     _     ___   ___   ___   ___  
 |_   _| | __| / __| |_   _|   | _ \   /_\   / __| / __| | __| |   \ 
   | |   | _|  \__ \   | |     |  _/  / _ \  \__ \ \__ \ | _|  | |) |
   |_|   |___| |___/   |_|     |_|   /_/ \_\ |___/ |___/ |___| |___/ 

kiểm tra bỏ trống số điện thoại
----------------------------------------------------------------------
16:36:25.873 [main] DEBUG net.thucydides.core.steps.StepEventBus - Test suite started for RegisterTest in class Test.Web.RegisterTest
16:36:25.873 [main] INFO  - Test Suite Started: RegisterTest
16:36:25.873 [main] DEBUG net.serenitybdd.junit5.SerenityTestExecutionListener - Thread[#1,main,5,main] Test started TestIdentifier [uniqueId = [engine:junit-jupiter]/[class:Test.Web.RegisterTest]/[method:checkInputUserPasswordOnlySpace()], parentId = [engine:junit-jupiter]/[class:Test.Web.RegisterTest], displayName = 'kiểm tra nhập mật khẩu chỉ chứa khoảng trắng', legacyReportingName = 'checkInputUserPasswordOnlySpace()', source = MethodSource [className = 'Test.Web.RegisterTest', methodName = 'checkInputUserPasswordOnlySpace', methodParameterTypes = ''], tags = [], type = TEST]
16:36:25.873 [main] INFO  - 
  _____   ___   ___   _____     ___   _____     _     ___   _____   ___   ___  
 |_   _| | __| / __| |_   _|   / __| |_   _|   /_\   | _ \ |_   _| | __| |   \ 
   | |   | _|  \__ \   | |     \__ \   | |    / _ \  |   /   | |   | _|  | |) |
   |_|   |___| |___/   |_|     |___/   |_|   /_/ \_\ |_|_\   |_|   |___| |___/ 

kiểm tra nhập mật khẩu chỉ chứa khoảng trắng([engine:junit-jupiter]/[class:Test.Web.RegisterTest]/[method:checkInputUserPasswordOnlySpace()])
--------------------------------------------------------------------------------
16:36:25.873 [main] DEBUG net.thucydides.core.steps.StepInterceptor - STARTING STEP: StepInterceptor.testContext - truy cập trang đăng ký
16:36:25.920 [main] INFO net.serenitybdd.core.webdriver.driverproviders.ChromeDriverProvider - Starting Chrome driver instance with capabilities:
16:36:25.920 [main] INFO net.serenitybdd.core.webdriver.driverproviders.ChromeDriverProvider - Capabilities {acceptInsecureCerts: false, browserName: chrome, goog:chromeOptions: {args: [remote-allow-origins=*, --headless=chrome, --headless], extensions: []}}
16:36:27.033 [main] DEBUG net.serenitybdd.core.photography.Darkroom - Opening darkroom
16:36:27.033 [Darkroom Processing Line] DEBUG net.serenitybdd.core.photography.DarkroomProcessingLine - Darkroom processing line starting up
16:36:27.829 [main] DEBUG net.serenitybdd.core.photography.Darkroom - Send negative for processing for C:\Users\Katon\Documents\JavaProject\DemoSerenityFramework\target\site\serenity\a133df92da281fbc66d6aa3e272f270ef64d2d70b223a006efe7dd0471ca972a.png
16:36:27.829 [main] DEBUG net.thucydides.core.steps.StepInterceptor - STEP DONE: truy cập trang đăng ký
16:36:27.834 [main] DEBUG net.thucydides.core.steps.StepInterceptor - STARTING STEP: StepInterceptor.testContext - xóa dữ liệu ô nhập
16:36:28.317 [main] DEBUG net.serenitybdd.core.photography.Darkroom - Send negative for processing for C:\Users\Katon\Documents\JavaProject\DemoSerenityFramework\target\site\serenity\a133df92da281fbc66d6aa3e272f270ef64d2d70b223a006efe7dd0471ca972a.png
16:36:28.317 [main] DEBUG net.thucydides.core.steps.StepInterceptor - STEP DONE: xóa dữ liệu ô nhập
16:36:28.334 [main] DEBUG net.thucydides.core.steps.StepInterceptor - STARTING STEP: StepInterceptor.testContext - nhập họ tên
16:36:28.682 [main] DEBUG net.serenitybdd.core.photography.Darkroom - Send negative for processing for C:\Users\Katon\Documents\JavaProject\DemoSerenityFramework\target\site\serenity\5657ac1b07cf7d3c47389e855205948b9dc159e7e99230bc73a60082e7b62ae4.png
16:36:28.683 [main] DEBUG net.thucydides.core.steps.StepInterceptor - STEP DONE: nhập họ tên
16:36:28.690 [main] DEBUG net.thucydides.core.steps.StepInterceptor - STARTING STEP: StepInterceptor.testContext - nhập số điện thoại
16:36:29.052 [main] DEBUG net.serenitybdd.core.photography.Darkroom - Send negative for processing for C:\Users\Katon\Documents\JavaProject\DemoSerenityFramework\target\site\serenity\713988226fd6308db432e01fa9eebfba9e17d04afcf7e72eac645b20028d6aef.png
16:36:29.052 [main] DEBUG net.thucydides.core.steps.StepInterceptor - STEP DONE: nhập số điện thoại
16:36:29.053 [main] DEBUG net.thucydides.core.steps.StepInterceptor - STARTING STEP: StepInterceptor.testContext - nhập địa chỉ email
16:36:29.432 [main] DEBUG net.serenitybdd.core.photography.Darkroom - Send negative for processing for C:\Users\Katon\Documents\JavaProject\DemoSerenityFramework\target\site\serenity\1184134d191e528d4827a3740f153a697cdbf2a43f6242d46d6a307625acf881.png
16:36:29.432 [main] DEBUG net.thucydides.core.steps.StepInterceptor - STEP DONE: nhập địa chỉ email
16:36:29.437 [main] DEBUG net.thucydides.core.steps.StepInterceptor - STARTING STEP: StepInterceptor.testContext - nhập tài khoản đăng nhập
16:36:30.282 [main] DEBUG net.serenitybdd.core.photography.Darkroom - Send negative for processing for C:\Users\Katon\Documents\JavaProject\DemoSerenityFramework\target\site\serenity\e698f069a0c97d89ab1ca5ab7d517c4197c491d760c3e7922a96e8c3b39af4d4.png
16:36:30.282 [main] DEBUG net.thucydides.core.steps.StepInterceptor - STEP DONE: nhập tài khoản đăng nhập
16:36:30.282 [main] DEBUG net.thucydides.core.steps.StepInterceptor - STARTING STEP: StepInterceptor.testContext - nhập mật khẩu
16:36:30.330 [main] DEBUG net.thucydides.core.steps.StepInterceptor - STEP DONE: nhập mật khẩu
16:36:30.330 [main] DEBUG net.thucydides.core.steps.StepInterceptor - STARTING STEP: StepInterceptor.testContext - nhập lại mật khẩu
16:36:30.652 [main] DEBUG net.serenitybdd.core.photography.Darkroom - Send negative for processing for C:\Users\Katon\Documents\JavaProject\DemoSerenityFramework\target\site\serenity\a40824398a5d431382c4ec7d2f5476e66ed75d0a31f105adf6595dc292064de6.png
16:36:30.669 [main] DEBUG net.thucydides.core.steps.StepInterceptor - STEP DONE: nhập lại mật khẩu
16:36:30.669 [Darkroom Processing Line] DEBUG net.serenitybdd.core.photography.DarkroomProcessingLine - Processing screenshot image in /var/screenshots/screenshot-16465653767929326617
16:36:30.669 [Darkroom Processing Line] DEBUG net.serenitybdd.core.photography.DarkroomProcessingLine - Saving screenshot to C:\Users\Katon\Documents\JavaProject\DemoSerenityFramework\target\site\serenity\a40824398a5d431382c4ec7d2f5476e66ed75d0a31f105adf6595dc292064de6.png
16:36:30.670 [main] DEBUG net.thucydides.core.steps.StepInterceptor - STARTING STEP: StepInterceptor.testContext - bấm nút đăng ký
16:36:31.412 [main] DEBUG net.serenitybdd.core.photography.Darkroom - Send negative for processing for C:\Users\Katon\Documents\JavaProject\DemoSerenityFramework\target\site\serenity\eaae96acebcf1074541b9be7fb4143c0aa1db07b686531201d50c84ce7adb270.png
16:36:31.412 [Darkroom Processing Line] DEBUG net.serenitybdd.core.photography.DarkroomProcessingLine - Processing screenshot image in /var/screenshots/screenshot-13714654571917020997
16:36:31.412 [Darkroom Processing Line] DEBUG net.serenitybdd.core.photography.DarkroomProcessingLine - Saving screenshot to C:\Users\Katon\Documents\JavaProject\DemoSerenityFramework\target\site\serenity\eaae96acebcf1074541b9be7fb4143c0aa1db07b686531201d50c84ce7adb270.png
16:36:31.412 [main] DEBUG net.thucydides.core.steps.StepInterceptor - STEP DONE: bấm nút đăng ký
16:36:31.412 [main] DEBUG net.thucydides.core.steps.StepInterceptor - STARTING STEP: StepInterceptor.testContext - kiểm tra hiển thị thông báo mật khẩu không hợp lệ
16:36:32.266 [main] DEBUG net.serenitybdd.core.photography.Darkroom - Send negative for processing for C:\Users\Katon\Documents\JavaProject\DemoSerenityFramework\target\site\serenity\c79a710029d382eadc514ed989fbb5b41baae6820749827e0932e32ae8f27118.png
16:36:32.266 [main] DEBUG net.thucydides.core.steps.StepInterceptor - STEP DONE: kiểm tra hiển thị thông báo mật khẩu không hợp lệ
16:36:32.266 [Darkroom Processing Line] DEBUG net.serenitybdd.core.photography.DarkroomProcessingLine - Processing screenshot image in /var/screenshots/screenshot-7107563961248676648
16:36:32.266 [Darkroom Processing Line] DEBUG net.serenitybdd.core.photography.DarkroomProcessingLine - Saving screenshot to C:\Users\Katon\Documents\JavaProject\DemoSerenityFramework\target\site\serenity\c79a710029d382eadc514ed989fbb5b41baae6820749827e0932e32ae8f27118.png
]]></system-out>
    <system-err><![CDATA[Mar 25, 2025 4:36:26 PM org.openqa.selenium.devtools.CdpVersionFinder findNearestMatch
WARNING: Unable to find CDP implementation matching 134
Mar 25, 2025 4:36:26 PM org.openqa.selenium.chromium.ChromiumDriver lambda$new$5
WARNING: Unable to find version of CDP to use for 134.0.6998.166. You may need to include a dependency on a specific version of the CDP using something similar to `org.seleniumhq.selenium:selenium-devtools-v86:4.14.1` where the version ("v86") matches the version of the chromium-based browser you're using and the version number of the artifact is the same as Selenium's.
]]></system-err>
  </testcase>
  <testcase name="checkInputUserAccountOverLength" classname="Test.Web.RegisterTest" time="6.975">
    <system-out><![CDATA[16:36:32.266 [main] INFO  - 
  _____   ___   ___   _____     ___     _     ___   ___   ___   ___  
 |_   _| | __| / __| |_   _|   | _ \   /_\   / __| / __| | __| |   \ 
   | |   | _|  \__ \   | |     |  _/  / _ \  \__ \ \__ \ | _|  | |) |
   |_|   |___| |___/   |_|     |_|   /_/ \_\ |___/ |___/ |___| |___/ 

kiểm tra nhập mật khẩu chỉ chứa khoảng trắng
----------------------------------------------------------------------
16:36:32.437 [main] DEBUG net.thucydides.core.steps.StepEventBus - Test suite started for RegisterTest in class Test.Web.RegisterTest
16:36:32.437 [main] INFO  - Test Suite Started: RegisterTest
16:36:32.437 [main] DEBUG net.serenitybdd.junit5.SerenityTestExecutionListener - Thread[#1,main,5,main] Test started TestIdentifier [uniqueId = [engine:junit-jupiter]/[class:Test.Web.RegisterTest]/[method:checkInputUserAccountOverLength()], parentId = [engine:junit-jupiter]/[class:Test.Web.RegisterTest], displayName = 'kiểm tra nhập tên đăng nhập > 30 ký tự', legacyReportingName = 'checkInputUserAccountOverLength()', source = MethodSource [className = 'Test.Web.RegisterTest', methodName = 'checkInputUserAccountOverLength', methodParameterTypes = ''], tags = [], type = TEST]
16:36:32.437 [main] INFO  - 
  _____   ___   ___   _____     ___   _____     _     ___   _____   ___   ___  
 |_   _| | __| / __| |_   _|   / __| |_   _|   /_\   | _ \ |_   _| | __| |   \ 
   | |   | _|  \__ \   | |     \__ \   | |    / _ \  |   /   | |   | _|  | |) |
   |_|   |___| |___/   |_|     |___/   |_|   /_/ \_\ |_|_\   |_|   |___| |___/ 

kiểm tra nhập tên đăng nhập > 30 ký tự([engine:junit-jupiter]/[class:Test.Web.RegisterTest]/[method:checkInputUserAccountOverLength()])
--------------------------------------------------------------------------------
16:36:32.452 [main] DEBUG net.thucydides.core.steps.StepInterceptor - STARTING STEP: StepInterceptor.testContext - truy cập trang đăng ký
16:36:32.484 [main] INFO net.serenitybdd.core.webdriver.driverproviders.ChromeDriverProvider - Starting Chrome driver instance with capabilities:
16:36:32.484 [main] INFO net.serenitybdd.core.webdriver.driverproviders.ChromeDriverProvider - Capabilities {acceptInsecureCerts: false, browserName: chrome, goog:chromeOptions: {args: [remote-allow-origins=*, --headless=chrome, --headless], extensions: []}}
16:36:33.601 [main] DEBUG net.serenitybdd.core.photography.Darkroom - Opening darkroom
16:36:33.602 [Darkroom Processing Line] DEBUG net.serenitybdd.core.photography.DarkroomProcessingLine - Darkroom processing line starting up
16:36:33.968 [main] DEBUG net.serenitybdd.core.photography.Darkroom - Send negative for processing for C:\Users\Katon\Documents\JavaProject\DemoSerenityFramework\target\site\serenity\a133df92da281fbc66d6aa3e272f270ef64d2d70b223a006efe7dd0471ca972a.png
16:36:33.968 [main] DEBUG net.thucydides.core.steps.StepInterceptor - STEP DONE: truy cập trang đăng ký
16:36:33.968 [main] DEBUG net.thucydides.core.steps.StepInterceptor - STARTING STEP: StepInterceptor.testContext - xóa dữ liệu ô nhập
16:36:34.999 [main] DEBUG net.serenitybdd.core.photography.Darkroom - Send negative for processing for C:\Users\Katon\Documents\JavaProject\DemoSerenityFramework\target\site\serenity\a133df92da281fbc66d6aa3e272f270ef64d2d70b223a006efe7dd0471ca972a.png
16:36:34.999 [main] DEBUG net.thucydides.core.steps.StepInterceptor - STEP DONE: xóa dữ liệu ô nhập
16:36:34.999 [main] DEBUG net.thucydides.core.steps.StepInterceptor - STARTING STEP: StepInterceptor.testContext - nhập họ tên
16:36:35.340 [main] DEBUG net.serenitybdd.core.photography.Darkroom - Send negative for processing for C:\Users\Katon\Documents\JavaProject\DemoSerenityFramework\target\site\serenity\5657ac1b07cf7d3c47389e855205948b9dc159e7e99230bc73a60082e7b62ae4.png
16:36:35.340 [main] DEBUG net.thucydides.core.steps.StepInterceptor - STEP DONE: nhập họ tên
16:36:35.355 [main] DEBUG net.thucydides.core.steps.StepInterceptor - STARTING STEP: StepInterceptor.testContext - nhập số điện thoại
16:36:36.197 [main] DEBUG net.serenitybdd.core.photography.Darkroom - Send negative for processing for C:\Users\Katon\Documents\JavaProject\DemoSerenityFramework\target\site\serenity\b1a781ff43b0a78de254c5fa95da25c468bae06b0b23ab7e1b55ec87943397d9.png
16:36:36.198 [main] DEBUG net.thucydides.core.steps.StepInterceptor - STEP DONE: nhập số điện thoại
16:36:36.198 [Darkroom Processing Line] DEBUG net.serenitybdd.core.photography.DarkroomProcessingLine - Processing screenshot image in /var/screenshots/screenshot-17619107586596042894
16:36:36.198 [Darkroom Processing Line] DEBUG net.serenitybdd.core.photography.DarkroomProcessingLine - Saving screenshot to C:\Users\Katon\Documents\JavaProject\DemoSerenityFramework\target\site\serenity\b1a781ff43b0a78de254c5fa95da25c468bae06b0b23ab7e1b55ec87943397d9.png
16:36:36.203 [main] DEBUG net.thucydides.core.steps.StepInterceptor - STARTING STEP: StepInterceptor.testContext - nhập địa chỉ email
16:36:37.035 [main] DEBUG net.serenitybdd.core.photography.Darkroom - Send negative for processing for C:\Users\Katon\Documents\JavaProject\DemoSerenityFramework\target\site\serenity\42b1507c2acebdcc2ee8fa843b2c9001aaccebc87b494b190006a5a1303a4df7.png
16:36:37.035 [main] DEBUG net.thucydides.core.steps.StepInterceptor - STEP DONE: nhập địa chỉ email
16:36:37.035 [Darkroom Processing Line] DEBUG net.serenitybdd.core.photography.DarkroomProcessingLine - Processing screenshot image in /var/screenshots/screenshot-26180047323462642
16:36:37.035 [Darkroom Processing Line] DEBUG net.serenitybdd.core.photography.DarkroomProcessingLine - Saving screenshot to C:\Users\Katon\Documents\JavaProject\DemoSerenityFramework\target\site\serenity\42b1507c2acebdcc2ee8fa843b2c9001aaccebc87b494b190006a5a1303a4df7.png
16:36:37.050 [main] DEBUG net.thucydides.core.steps.StepInterceptor - STARTING STEP: StepInterceptor.testContext - nhập tài khoản đăng nhập
16:36:37.372 [main] DEBUG net.serenitybdd.core.photography.Darkroom - Send negative for processing for C:\Users\Katon\Documents\JavaProject\DemoSerenityFramework\target\site\serenity\bc5f25ef98b1d91ef1131f79a97ba4fbd0cd861c0a77aa335f2ce4ef9eb407c2.png
16:36:37.372 [main] DEBUG net.thucydides.core.steps.StepInterceptor - STEP DONE: nhập tài khoản đăng nhập
16:36:37.372 [Darkroom Processing Line] DEBUG net.serenitybdd.core.photography.DarkroomProcessingLine - Processing screenshot image in /var/screenshots/screenshot-11891790459372535982
16:36:37.372 [Darkroom Processing Line] DEBUG net.serenitybdd.core.photography.DarkroomProcessingLine - Saving screenshot to C:\Users\Katon\Documents\JavaProject\DemoSerenityFramework\target\site\serenity\bc5f25ef98b1d91ef1131f79a97ba4fbd0cd861c0a77aa335f2ce4ef9eb407c2.png
16:36:37.387 [main] DEBUG net.thucydides.core.steps.StepInterceptor - STARTING STEP: StepInterceptor.testContext - nhập mật khẩu
16:36:38.230 [main] DEBUG net.serenitybdd.core.photography.Darkroom - Send negative for processing for C:\Users\Katon\Documents\JavaProject\DemoSerenityFramework\target\site\serenity\da1672863589d59e0ddb4101dad90ac168d1dd14e7ac874de1d249b8415225f1.png
16:36:38.230 [main] DEBUG net.thucydides.core.steps.StepInterceptor - STEP DONE: nhập mật khẩu
16:36:38.230 [Darkroom Processing Line] DEBUG net.serenitybdd.core.photography.DarkroomProcessingLine - Processing screenshot image in /var/screenshots/screenshot-12255134312476157734
16:36:38.230 [Darkroom Processing Line] DEBUG net.serenitybdd.core.photography.DarkroomProcessingLine - Saving screenshot to C:\Users\Katon\Documents\JavaProject\DemoSerenityFramework\target\site\serenity\da1672863589d59e0ddb4101dad90ac168d1dd14e7ac874de1d249b8415225f1.png
16:36:38.235 [main] DEBUG net.thucydides.core.steps.StepInterceptor - STARTING STEP: StepInterceptor.testContext - nhập lại mật khẩu
16:36:38.269 [main] DEBUG net.thucydides.core.steps.StepInterceptor - STEP DONE: nhập lại mật khẩu
16:36:38.279 [main] DEBUG net.thucydides.core.steps.StepInterceptor - STARTING STEP: StepInterceptor.testContext - bấm nút đăng ký
16:36:39.044 [main] DEBUG net.serenitybdd.core.photography.Darkroom - Send negative for processing for C:\Users\Katon\Documents\JavaProject\DemoSerenityFramework\target\site\serenity\3e1f108ffad6e95f5785816678d2c1eff05ce106d459dcf6954a7ab8e35cc0b0.png
16:36:39.044 [Darkroom Processing Line] DEBUG net.serenitybdd.core.photography.DarkroomProcessingLine - Processing screenshot image in /var/screenshots/screenshot-12032201334732470554
16:36:39.044 [Darkroom Processing Line] DEBUG net.serenitybdd.core.photography.DarkroomProcessingLine - Saving screenshot to C:\Users\Katon\Documents\JavaProject\DemoSerenityFramework\target\site\serenity\3e1f108ffad6e95f5785816678d2c1eff05ce106d459dcf6954a7ab8e35cc0b0.png
16:36:39.046 [main] DEBUG net.thucydides.core.steps.StepInterceptor - STEP DONE: bấm nút đăng ký
16:36:39.046 [main] DEBUG net.thucydides.core.steps.StepInterceptor - STARTING STEP: StepInterceptor.testContext - kiểm tra hiển thị thông báo tài khoản không hợp lệ
16:36:39.412 [main] DEBUG net.serenitybdd.core.photography.Darkroom - Send negative for processing for C:\Users\Katon\Documents\JavaProject\DemoSerenityFramework\target\site\serenity\97f1ab756efbb66ad102c30456feb0704d570d11a9d286d5fc0d13d2484375b7.png
16:36:39.412 [main] DEBUG net.thucydides.core.steps.StepInterceptor - STEP DONE: kiểm tra hiển thị thông báo tài khoản không hợp lệ
16:36:39.412 [Darkroom Processing Line] DEBUG net.serenitybdd.core.photography.DarkroomProcessingLine - Processing screenshot image in /var/screenshots/screenshot-18209106216381969186
16:36:39.412 [Darkroom Processing Line] DEBUG net.serenitybdd.core.photography.DarkroomProcessingLine - Saving screenshot to C:\Users\Katon\Documents\JavaProject\DemoSerenityFramework\target\site\serenity\97f1ab756efbb66ad102c30456feb0704d570d11a9d286d5fc0d13d2484375b7.png
]]></system-out>
    <system-err><![CDATA[Mar 25, 2025 4:36:33 PM org.openqa.selenium.devtools.CdpVersionFinder findNearestMatch
WARNING: Unable to find CDP implementation matching 134
Mar 25, 2025 4:36:33 PM org.openqa.selenium.chromium.ChromiumDriver lambda$new$5
WARNING: Unable to find version of CDP to use for 134.0.6998.166. You may need to include a dependency on a specific version of the CDP using something similar to `org.seleniumhq.selenium:selenium-devtools-v86:4.14.1` where the version ("v86") matches the version of the chromium-based browser you're using and the version number of the artifact is the same as Selenium's.
]]></system-err>
  </testcase>
  <testcase name="checkInputUserEmailOverLength" classname="Test.Web.RegisterTest" time="7.442">
    <system-out><![CDATA[16:36:39.415 [main] INFO  - 
  _____   ___   ___   _____     ___     _     ___   ___   ___   ___  
 |_   _| | __| / __| |_   _|   | _ \   /_\   / __| / __| | __| |   \ 
   | |   | _|  \__ \   | |     |  _/  / _ \  \__ \ \__ \ | _|  | |) |
   |_|   |___| |___/   |_|     |_|   /_/ \_\ |___/ |___/ |___| |___/ 

kiểm tra nhập tên đăng nhập > 30 ký tự
----------------------------------------------------------------------
16:36:39.608 [main] DEBUG net.thucydides.core.steps.StepEventBus - Test suite started for RegisterTest in class Test.Web.RegisterTest
16:36:39.608 [main] INFO  - Test Suite Started: RegisterTest
16:36:39.608 [main] DEBUG net.serenitybdd.junit5.SerenityTestExecutionListener - Thread[#1,main,5,main] Test started TestIdentifier [uniqueId = [engine:junit-jupiter]/[class:Test.Web.RegisterTest]/[method:checkInputUserEmailOverLength()], parentId = [engine:junit-jupiter]/[class:Test.Web.RegisterTest], displayName = 'kiểm tra nhập email > 255 ký tự', legacyReportingName = 'checkInputUserEmailOverLength()', source = MethodSource [className = 'Test.Web.RegisterTest', methodName = 'checkInputUserEmailOverLength', methodParameterTypes = ''], tags = [], type = TEST]
16:36:39.608 [main] INFO  - 
  _____   ___   ___   _____     ___   _____     _     ___   _____   ___   ___  
 |_   _| | __| / __| |_   _|   / __| |_   _|   /_\   | _ \ |_   _| | __| |   \ 
   | |   | _|  \__ \   | |     \__ \   | |    / _ \  |   /   | |   | _|  | |) |
   |_|   |___| |___/   |_|     |___/   |_|   /_/ \_\ |_|_\   |_|   |___| |___/ 

kiểm tra nhập email > 255 ký tự([engine:junit-jupiter]/[class:Test.Web.RegisterTest]/[method:checkInputUserEmailOverLength()])
--------------------------------------------------------------------------------
16:36:39.608 [main] DEBUG net.thucydides.core.steps.StepInterceptor - STARTING STEP: StepInterceptor.testContext - truy cập trang đăng ký
16:36:39.655 [main] INFO net.serenitybdd.core.webdriver.driverproviders.ChromeDriverProvider - Starting Chrome driver instance with capabilities:
16:36:39.655 [main] INFO net.serenitybdd.core.webdriver.driverproviders.ChromeDriverProvider - Capabilities {acceptInsecureCerts: false, browserName: chrome, goog:chromeOptions: {args: [remote-allow-origins=*, --headless=chrome, --headless], extensions: []}}
16:36:40.816 [main] DEBUG net.serenitybdd.core.photography.Darkroom - Opening darkroom
16:36:40.816 [Darkroom Processing Line] DEBUG net.serenitybdd.core.photography.DarkroomProcessingLine - Darkroom processing line starting up
16:36:41.599 [main] DEBUG net.serenitybdd.core.photography.Darkroom - Send negative for processing for C:\Users\Katon\Documents\JavaProject\DemoSerenityFramework\target\site\serenity\a133df92da281fbc66d6aa3e272f270ef64d2d70b223a006efe7dd0471ca972a.png
16:36:41.599 [main] DEBUG net.thucydides.core.steps.StepInterceptor - STEP DONE: truy cập trang đăng ký
16:36:41.599 [main] DEBUG net.thucydides.core.steps.StepInterceptor - STARTING STEP: StepInterceptor.testContext - xóa dữ liệu ô nhập
16:36:42.101 [main] DEBUG net.serenitybdd.core.photography.Darkroom - Send negative for processing for C:\Users\Katon\Documents\JavaProject\DemoSerenityFramework\target\site\serenity\a133df92da281fbc66d6aa3e272f270ef64d2d70b223a006efe7dd0471ca972a.png
16:36:42.101 [main] DEBUG net.thucydides.core.steps.StepInterceptor - STEP DONE: xóa dữ liệu ô nhập
16:36:42.115 [main] DEBUG net.thucydides.core.steps.StepInterceptor - STARTING STEP: StepInterceptor.testContext - nhập họ tên
16:36:42.469 [main] DEBUG net.serenitybdd.core.photography.Darkroom - Send negative for processing for C:\Users\Katon\Documents\JavaProject\DemoSerenityFramework\target\site\serenity\5657ac1b07cf7d3c47389e855205948b9dc159e7e99230bc73a60082e7b62ae4.png
16:36:42.469 [main] DEBUG net.thucydides.core.steps.StepInterceptor - STEP DONE: nhập họ tên
16:36:42.479 [main] DEBUG net.thucydides.core.steps.StepInterceptor - STARTING STEP: StepInterceptor.testContext - nhập số điện thoại
16:36:42.897 [main] DEBUG net.serenitybdd.core.photography.Darkroom - Send negative for processing for C:\Users\Katon\Documents\JavaProject\DemoSerenityFramework\target\site\serenity\713988226fd6308db432e01fa9eebfba9e17d04afcf7e72eac645b20028d6aef.png
16:36:42.897 [main] DEBUG net.thucydides.core.steps.StepInterceptor - STEP DONE: nhập số điện thoại
16:36:42.897 [main] DEBUG net.thucydides.core.steps.StepInterceptor - STARTING STEP: StepInterceptor.testContext - nhập địa chỉ email
16:36:43.422 [main] DEBUG net.serenitybdd.core.photography.Darkroom - Send negative for processing for C:\Users\Katon\Documents\JavaProject\DemoSerenityFramework\target\site\serenity\32e97484c2c554f56f033e44f23c2f241eb8001c22d11c84f4d161b3634f802e.png
16:36:43.422 [main] DEBUG net.thucydides.core.steps.StepInterceptor - STEP DONE: nhập địa chỉ email
16:36:43.422 [Darkroom Processing Line] DEBUG net.serenitybdd.core.photography.DarkroomProcessingLine - Processing screenshot image in /var/screenshots/screenshot-487835266681226641
16:36:43.422 [Darkroom Processing Line] DEBUG net.serenitybdd.core.photography.DarkroomProcessingLine - Saving screenshot to C:\Users\Katon\Documents\JavaProject\DemoSerenityFramework\target\site\serenity\32e97484c2c554f56f033e44f23c2f241eb8001c22d11c84f4d161b3634f802e.png
16:36:43.438 [main] DEBUG net.thucydides.core.steps.StepInterceptor - STARTING STEP: StepInterceptor.testContext - nhập tài khoản đăng nhập
16:36:43.795 [main] DEBUG net.serenitybdd.core.photography.Darkroom - Send negative for processing for C:\Users\Katon\Documents\JavaProject\DemoSerenityFramework\target\site\serenity\173764a47eb3935ed7a563022baa6ff12599ee87965e0f281683741c7fc5b3a8.png
16:36:43.795 [main] DEBUG net.thucydides.core.steps.StepInterceptor - STEP DONE: nhập tài khoản đăng nhập
16:36:43.795 [Darkroom Processing Line] DEBUG net.serenitybdd.core.photography.DarkroomProcessingLine - Processing screenshot image in /var/screenshots/screenshot-1045765826338938048
16:36:43.795 [Darkroom Processing Line] DEBUG net.serenitybdd.core.photography.DarkroomProcessingLine - Saving screenshot to C:\Users\Katon\Documents\JavaProject\DemoSerenityFramework\target\site\serenity\173764a47eb3935ed7a563022baa6ff12599ee87965e0f281683741c7fc5b3a8.png
16:36:43.801 [main] DEBUG net.thucydides.core.steps.StepInterceptor - STARTING STEP: StepInterceptor.testContext - nhập mật khẩu
16:36:43.834 [main] DEBUG net.thucydides.core.steps.StepInterceptor - STEP DONE: nhập mật khẩu
16:36:44.634 [main] DEBUG net.serenitybdd.core.photography.Darkroom - Send negative for processing for C:\Users\Katon\Documents\JavaProject\DemoSerenityFramework\target\site\serenity\5c5f3db42e87df113fdd6145c8a216bf3113c5b4e177e11d4006243abe1f7df6.png
16:36:44.634 [Darkroom Processing Line] DEBUG net.serenitybdd.core.photography.DarkroomProcessingLine - Processing screenshot image in /var/screenshots/screenshot-18392830739385048508
16:36:44.634 [Darkroom Processing Line] DEBUG net.serenitybdd.core.photography.DarkroomProcessingLine - Saving screenshot to C:\Users\Katon\Documents\JavaProject\DemoSerenityFramework\target\site\serenity\5c5f3db42e87df113fdd6145c8a216bf3113c5b4e177e11d4006243abe1f7df6.png
16:36:44.634 [main] DEBUG net.thucydides.core.steps.StepInterceptor - STARTING STEP: StepInterceptor.testContext - nhập lại mật khẩu
16:36:44.966 [main] DEBUG net.serenitybdd.core.photography.Darkroom - Send negative for processing for C:\Users\Katon\Documents\JavaProject\DemoSerenityFramework\target\site\serenity\633adb4cd7a00de832e457cae0f720befe0f9d26055b29b7c26dd9d89f24bf50.png
16:36:44.966 [main] DEBUG net.thucydides.core.steps.StepInterceptor - STEP DONE: nhập lại mật khẩu
16:36:44.966 [Darkroom Processing Line] DEBUG net.serenitybdd.core.photography.DarkroomProcessingLine - Processing screenshot image in /var/screenshots/screenshot-1018098289609320032
16:36:44.966 [Darkroom Processing Line] DEBUG net.serenitybdd.core.photography.DarkroomProcessingLine - Saving screenshot to C:\Users\Katon\Documents\JavaProject\DemoSerenityFramework\target\site\serenity\633adb4cd7a00de832e457cae0f720befe0f9d26055b29b7c26dd9d89f24bf50.png
16:36:44.975 [main] DEBUG net.thucydides.core.steps.StepInterceptor - STARTING STEP: StepInterceptor.testContext - bấm nút đăng ký
16:36:46.198 [main] DEBUG net.serenitybdd.core.photography.Darkroom - Send negative for processing for C:\Users\Katon\Documents\JavaProject\DemoSerenityFramework\target\site\serenity\b5ae10af4b8119e4f1e0ab7d6c8edc8969ea85acf0d63aa08b28cfcaf67433dd.png
16:36:46.198 [Darkroom Processing Line] DEBUG net.serenitybdd.core.photography.DarkroomProcessingLine - Processing screenshot image in /var/screenshots/screenshot-2598453040280372805
16:36:46.198 [Darkroom Processing Line] DEBUG net.serenitybdd.core.photography.DarkroomProcessingLine - Saving screenshot to C:\Users\Katon\Documents\JavaProject\DemoSerenityFramework\target\site\serenity\b5ae10af4b8119e4f1e0ab7d6c8edc8969ea85acf0d63aa08b28cfcaf67433dd.png
16:36:46.203 [main] DEBUG net.thucydides.core.steps.StepInterceptor - STEP DONE: bấm nút đăng ký
16:36:46.208 [main] DEBUG net.thucydides.core.steps.StepInterceptor - STARTING STEP: StepInterceptor.testContext - kiểm tra hiển thị thông báo địa chỉ email không hợp lệ
16:36:47.049 [main] DEBUG net.serenitybdd.core.photography.Darkroom - Send negative for processing for C:\Users\Katon\Documents\JavaProject\DemoSerenityFramework\target\site\serenity\b5ae10af4b8119e4f1e0ab7d6c8edc8969ea85acf0d63aa08b28cfcaf67433dd.png
16:36:47.049 [main] DEBUG net.thucydides.core.steps.StepInterceptor - STEP DONE: kiểm tra hiển thị thông báo địa chỉ email không hợp lệ
]]></system-out>
    <system-err><![CDATA[Mar 25, 2025 4:36:40 PM org.openqa.selenium.devtools.CdpVersionFinder findNearestMatch
WARNING: Unable to find CDP implementation matching 134
Mar 25, 2025 4:36:40 PM org.openqa.selenium.chromium.ChromiumDriver lambda$new$5
WARNING: Unable to find version of CDP to use for 134.0.6998.166. You may need to include a dependency on a specific version of the CDP using something similar to `org.seleniumhq.selenium:selenium-devtools-v86:4.14.1` where the version ("v86") matches the version of the chromium-based browser you're using and the version number of the artifact is the same as Selenium's.
]]></system-err>
  </testcase>
  <testcase name="checkInputUserPhoneWithAlphabet" classname="Test.Web.RegisterTest" time="7.121">
    <system-out><![CDATA[16:36:47.051 [main] INFO  - 
  _____   ___   ___   _____     ___     _     ___   ___   ___   ___  
 |_   _| | __| / __| |_   _|   | _ \   /_\   / __| / __| | __| |   \ 
   | |   | _|  \__ \   | |     |  _/  / _ \  \__ \ \__ \ | _|  | |) |
   |_|   |___| |___/   |_|     |_|   /_/ \_\ |___/ |___/ |___| |___/ 

kiểm tra nhập email > 255 ký tự
----------------------------------------------------------------------
16:36:47.229 [main] DEBUG net.thucydides.core.steps.StepEventBus - Test suite started for RegisterTest in class Test.Web.RegisterTest
16:36:47.229 [main] INFO  - Test Suite Started: RegisterTest
16:36:47.229 [main] DEBUG net.serenitybdd.junit5.SerenityTestExecutionListener - Thread[#1,main,5,main] Test started TestIdentifier [uniqueId = [engine:junit-jupiter]/[class:Test.Web.RegisterTest]/[method:checkInputUserPhoneWithAlphabet()], parentId = [engine:junit-jupiter]/[class:Test.Web.RegisterTest], displayName = 'kiểm tra nhập số điện thoại chứa chữ cái', legacyReportingName = 'checkInputUserPhoneWithAlphabet()', source = MethodSource [className = 'Test.Web.RegisterTest', methodName = 'checkInputUserPhoneWithAlphabet', methodParameterTypes = ''], tags = [], type = TEST]
16:36:47.229 [main] INFO  - 
  _____   ___   ___   _____     ___   _____     _     ___   _____   ___   ___  
 |_   _| | __| / __| |_   _|   / __| |_   _|   /_\   | _ \ |_   _| | __| |   \ 
   | |   | _|  \__ \   | |     \__ \   | |    / _ \  |   /   | |   | _|  | |) |
   |_|   |___| |___/   |_|     |___/   |_|   /_/ \_\ |_|_\   |_|   |___| |___/ 

kiểm tra nhập số điện thoại chứa chữ cái([engine:junit-jupiter]/[class:Test.Web.RegisterTest]/[method:checkInputUserPhoneWithAlphabet()])
--------------------------------------------------------------------------------
16:36:47.244 [main] DEBUG net.thucydides.core.steps.StepInterceptor - STARTING STEP: StepInterceptor.testContext - truy cập trang đăng ký
16:36:47.276 [main] INFO net.serenitybdd.core.webdriver.driverproviders.ChromeDriverProvider - Starting Chrome driver instance with capabilities:
16:36:47.276 [main] INFO net.serenitybdd.core.webdriver.driverproviders.ChromeDriverProvider - Capabilities {acceptInsecureCerts: false, browserName: chrome, goog:chromeOptions: {args: [remote-allow-origins=*, --headless=chrome, --headless], extensions: []}}
16:36:48.463 [main] DEBUG net.serenitybdd.core.photography.Darkroom - Opening darkroom
16:36:48.463 [Darkroom Processing Line] DEBUG net.serenitybdd.core.photography.DarkroomProcessingLine - Darkroom processing line starting up
16:36:49.251 [main] DEBUG net.serenitybdd.core.photography.Darkroom - Send negative for processing for C:\Users\Katon\Documents\JavaProject\DemoSerenityFramework\target\site\serenity\a133df92da281fbc66d6aa3e272f270ef64d2d70b223a006efe7dd0471ca972a.png
16:36:49.251 [main] DEBUG net.thucydides.core.steps.StepInterceptor - STEP DONE: truy cập trang đăng ký
16:36:49.251 [main] DEBUG net.thucydides.core.steps.StepInterceptor - STARTING STEP: StepInterceptor.testContext - xóa dữ liệu ô nhập
16:36:49.782 [main] DEBUG net.serenitybdd.core.photography.Darkroom - Send negative for processing for C:\Users\Katon\Documents\JavaProject\DemoSerenityFramework\target\site\serenity\a133df92da281fbc66d6aa3e272f270ef64d2d70b223a006efe7dd0471ca972a.png
16:36:49.782 [main] DEBUG net.thucydides.core.steps.StepInterceptor - STEP DONE: xóa dữ liệu ô nhập
16:36:49.782 [main] DEBUG net.thucydides.core.steps.StepInterceptor - STARTING STEP: StepInterceptor.testContext - nhập họ tên
16:36:50.135 [main] DEBUG net.serenitybdd.core.photography.Darkroom - Send negative for processing for C:\Users\Katon\Documents\JavaProject\DemoSerenityFramework\target\site\serenity\5657ac1b07cf7d3c47389e855205948b9dc159e7e99230bc73a60082e7b62ae4.png
16:36:50.135 [main] DEBUG net.thucydides.core.steps.StepInterceptor - STEP DONE: nhập họ tên
16:36:50.135 [main] DEBUG net.thucydides.core.steps.StepInterceptor - STARTING STEP: StepInterceptor.testContext - nhập số điện thoại
16:36:50.516 [main] DEBUG net.serenitybdd.core.photography.Darkroom - Send negative for processing for C:\Users\Katon\Documents\JavaProject\DemoSerenityFramework\target\site\serenity\c8133d9fac213faa8f8b7728eb138123bec4cbe6cbc13bb44462d2481aa789f5.png
16:36:50.516 [main] DEBUG net.thucydides.core.steps.StepInterceptor - STEP DONE: nhập số điện thoại
16:36:50.516 [Darkroom Processing Line] DEBUG net.serenitybdd.core.photography.DarkroomProcessingLine - Processing screenshot image in /var/screenshots/screenshot-1214355155882773245
16:36:50.516 [Darkroom Processing Line] DEBUG net.serenitybdd.core.photography.DarkroomProcessingLine - Saving screenshot to C:\Users\Katon\Documents\JavaProject\DemoSerenityFramework\target\site\serenity\c8133d9fac213faa8f8b7728eb138123bec4cbe6cbc13bb44462d2481aa789f5.png
16:36:50.516 [main] DEBUG net.thucydides.core.steps.StepInterceptor - STARTING STEP: StepInterceptor.testContext - nhập địa chỉ email
16:36:50.565 [main] DEBUG net.thucydides.core.steps.StepInterceptor - STEP DONE: nhập địa chỉ email
16:36:50.565 [main] DEBUG net.thucydides.core.steps.StepInterceptor - STARTING STEP: StepInterceptor.testContext - nhập tài khoản đăng nhập
16:36:51.417 [main] DEBUG net.serenitybdd.core.photography.Darkroom - Send negative for processing for C:\Users\Katon\Documents\JavaProject\DemoSerenityFramework\target\site\serenity\83e21a21aa3b249702ead3a426b8d358bb62877b4da1f9434c417cbbcd775e6a.png
16:36:51.417 [main] DEBUG net.thucydides.core.steps.StepInterceptor - STEP DONE: nhập tài khoản đăng nhập
16:36:51.417 [Darkroom Processing Line] DEBUG net.serenitybdd.core.photography.DarkroomProcessingLine - Processing screenshot image in /var/screenshots/screenshot-6411595526603474331
16:36:51.417 [Darkroom Processing Line] DEBUG net.serenitybdd.core.photography.DarkroomProcessingLine - Saving screenshot to C:\Users\Katon\Documents\JavaProject\DemoSerenityFramework\target\site\serenity\83e21a21aa3b249702ead3a426b8d358bb62877b4da1f9434c417cbbcd775e6a.png
16:36:51.429 [main] DEBUG net.thucydides.core.steps.StepInterceptor - STARTING STEP: StepInterceptor.testContext - nhập mật khẩu
16:36:52.302 [main] DEBUG net.serenitybdd.core.photography.Darkroom - Send negative for processing for C:\Users\Katon\Documents\JavaProject\DemoSerenityFramework\target\site\serenity\9d388bc858e66314069d8e4c4ea8200e7f989c9d1f55db0f0acbf4dd3e60cd8a.png
16:36:52.302 [main] DEBUG net.thucydides.core.steps.StepInterceptor - STEP DONE: nhập mật khẩu
16:36:52.302 [Darkroom Processing Line] DEBUG net.serenitybdd.core.photography.DarkroomProcessingLine - Processing screenshot image in /var/screenshots/screenshot-13653160779311735053
16:36:52.302 [Darkroom Processing Line] DEBUG net.serenitybdd.core.photography.DarkroomProcessingLine - Saving screenshot to C:\Users\Katon\Documents\JavaProject\DemoSerenityFramework\target\site\serenity\9d388bc858e66314069d8e4c4ea8200e7f989c9d1f55db0f0acbf4dd3e60cd8a.png
16:36:52.302 [main] DEBUG net.thucydides.core.steps.StepInterceptor - STARTING STEP: StepInterceptor.testContext - nhập lại mật khẩu
16:36:53.133 [main] DEBUG net.serenitybdd.core.photography.Darkroom - Send negative for processing for C:\Users\Katon\Documents\JavaProject\DemoSerenityFramework\target\site\serenity\94db032607c1e1530ee779e7cfa6e2d6d8df4e395fa00c8483e0967eb7b056c8.png
16:36:53.133 [main] DEBUG net.thucydides.core.steps.StepInterceptor - STEP DONE: nhập lại mật khẩu
16:36:53.133 [Darkroom Processing Line] DEBUG net.serenitybdd.core.photography.DarkroomProcessingLine - Processing screenshot image in /var/screenshots/screenshot-503407111490212055
16:36:53.133 [Darkroom Processing Line] DEBUG net.serenitybdd.core.photography.DarkroomProcessingLine - Saving screenshot to C:\Users\Katon\Documents\JavaProject\DemoSerenityFramework\target\site\serenity\94db032607c1e1530ee779e7cfa6e2d6d8df4e395fa00c8483e0967eb7b056c8.png
16:36:53.133 [main] DEBUG net.thucydides.core.steps.StepInterceptor - STARTING STEP: StepInterceptor.testContext - bấm nút đăng ký
16:36:53.929 [main] DEBUG net.serenitybdd.core.photography.Darkroom - Send negative for processing for C:\Users\Katon\Documents\JavaProject\DemoSerenityFramework\target\site\serenity\6b1fef52d05b1af94080954e7ce22a3d415ea823286ad6388057329c948f79c1.png
16:36:53.929 [Darkroom Processing Line] DEBUG net.serenitybdd.core.photography.DarkroomProcessingLine - Processing screenshot image in /var/screenshots/screenshot-5943154898000318310
16:36:53.929 [Darkroom Processing Line] DEBUG net.serenitybdd.core.photography.DarkroomProcessingLine - Saving screenshot to C:\Users\Katon\Documents\JavaProject\DemoSerenityFramework\target\site\serenity\6b1fef52d05b1af94080954e7ce22a3d415ea823286ad6388057329c948f79c1.png
16:36:53.929 [main] DEBUG net.thucydides.core.steps.StepInterceptor - STEP DONE: bấm nút đăng ký
16:36:53.946 [main] DEBUG net.thucydides.core.steps.StepInterceptor - STARTING STEP: StepInterceptor.testContext - kiểm tra hiển thị thông báo số điện thoại không hợp lệ
16:36:54.350 [main] DEBUG net.serenitybdd.core.photography.Darkroom - Send negative for processing for C:\Users\Katon\Documents\JavaProject\DemoSerenityFramework\target\site\serenity\b5b90ff384cb49feb9d3e6692972541cd8bf3c9e58d7809aa2c263e2ae7b9c9b.png
16:36:54.350 [main] DEBUG net.thucydides.core.steps.StepInterceptor - STEP DONE: kiểm tra hiển thị thông báo số điện thoại không hợp lệ
16:36:54.350 [Darkroom Processing Line] DEBUG net.serenitybdd.core.photography.DarkroomProcessingLine - Processing screenshot image in /var/screenshots/screenshot-5950100486551245831
16:36:54.350 [Darkroom Processing Line] DEBUG net.serenitybdd.core.photography.DarkroomProcessingLine - Saving screenshot to C:\Users\Katon\Documents\JavaProject\DemoSerenityFramework\target\site\serenity\b5b90ff384cb49feb9d3e6692972541cd8bf3c9e58d7809aa2c263e2ae7b9c9b.png
]]></system-out>
    <system-err><![CDATA[Mar 25, 2025 4:36:48 PM org.openqa.selenium.devtools.CdpVersionFinder findNearestMatch
WARNING: Unable to find CDP implementation matching 134
Mar 25, 2025 4:36:48 PM org.openqa.selenium.chromium.ChromiumDriver lambda$new$5
WARNING: Unable to find version of CDP to use for 134.0.6998.166. You may need to include a dependency on a specific version of the CDP using something similar to `org.seleniumhq.selenium:selenium-devtools-v86:4.14.1` where the version ("v86") matches the version of the chromium-based browser you're using and the version number of the artifact is the same as Selenium's.
]]></system-err>
  </testcase>
  <testcase name="checkInputUserPasswordWrong" classname="Test.Web.RegisterTest" time="7.48">
    <system-out><![CDATA[16:36:54.350 [main] INFO  - 
  _____   ___   ___   _____     ___     _     ___   ___   ___   ___  
 |_   _| | __| / __| |_   _|   | _ \   /_\   / __| / __| | __| |   \ 
   | |   | _|  \__ \   | |     |  _/  / _ \  \__ \ \__ \ | _|  | |) |
   |_|   |___| |___/   |_|     |_|   /_/ \_\ |___/ |___/ |___| |___/ 

kiểm tra nhập số điện thoại chứa chữ cái
----------------------------------------------------------------------
16:36:54.568 [main] DEBUG net.thucydides.core.steps.StepEventBus - Test suite started for RegisterTest in class Test.Web.RegisterTest
16:36:54.568 [main] INFO  - Test Suite Started: RegisterTest
16:36:54.568 [main] DEBUG net.serenitybdd.junit5.SerenityTestExecutionListener - Thread[#1,main,5,main] Test started TestIdentifier [uniqueId = [engine:junit-jupiter]/[class:Test.Web.RegisterTest]/[method:checkInputUserPasswordWrong()], parentId = [engine:junit-jupiter]/[class:Test.Web.RegisterTest], displayName = 'kiểm tra nhập lại mật khẩu không khớp', legacyReportingName = 'checkInputUserPasswordWrong()', source = MethodSource [className = 'Test.Web.RegisterTest', methodName = 'checkInputUserPasswordWrong', methodParameterTypes = ''], tags = [], type = TEST]
16:36:54.568 [main] INFO  - 
  _____   ___   ___   _____     ___   _____     _     ___   _____   ___   ___  
 |_   _| | __| / __| |_   _|   / __| |_   _|   /_\   | _ \ |_   _| | __| |   \ 
   | |   | _|  \__ \   | |     \__ \   | |    / _ \  |   /   | |   | _|  | |) |
   |_|   |___| |___/   |_|     |___/   |_|   /_/ \_\ |_|_\   |_|   |___| |___/ 

kiểm tra nhập lại mật khẩu không khớp([engine:junit-jupiter]/[class:Test.Web.RegisterTest]/[method:checkInputUserPasswordWrong()])
--------------------------------------------------------------------------------
16:36:54.568 [main] DEBUG net.thucydides.core.steps.StepInterceptor - STARTING STEP: StepInterceptor.testContext - truy cập trang đăng ký
16:36:54.615 [main] INFO net.serenitybdd.core.webdriver.driverproviders.ChromeDriverProvider - Starting Chrome driver instance with capabilities:
16:36:54.615 [main] INFO net.serenitybdd.core.webdriver.driverproviders.ChromeDriverProvider - Capabilities {acceptInsecureCerts: false, browserName: chrome, goog:chromeOptions: {args: [remote-allow-origins=*, --headless=chrome, --headless], extensions: []}}
16:36:55.807 [main] DEBUG net.serenitybdd.core.photography.Darkroom - Opening darkroom
16:36:55.807 [Darkroom Processing Line] DEBUG net.serenitybdd.core.photography.DarkroomProcessingLine - Darkroom processing line starting up
16:36:56.162 [main] DEBUG net.serenitybdd.core.photography.Darkroom - Send negative for processing for C:\Users\Katon\Documents\JavaProject\DemoSerenityFramework\target\site\serenity\a133df92da281fbc66d6aa3e272f270ef64d2d70b223a006efe7dd0471ca972a.png
16:36:56.162 [main] DEBUG net.thucydides.core.steps.StepInterceptor - STEP DONE: truy cập trang đăng ký
16:36:56.164 [main] DEBUG net.thucydides.core.steps.StepInterceptor - STARTING STEP: StepInterceptor.testContext - xóa dữ liệu ô nhập
16:36:57.194 [main] DEBUG net.serenitybdd.core.photography.Darkroom - Send negative for processing for C:\Users\Katon\Documents\JavaProject\DemoSerenityFramework\target\site\serenity\a133df92da281fbc66d6aa3e272f270ef64d2d70b223a006efe7dd0471ca972a.png
16:36:57.194 [main] DEBUG net.thucydides.core.steps.StepInterceptor - STEP DONE: xóa dữ liệu ô nhập
16:36:57.194 [main] DEBUG net.thucydides.core.steps.StepInterceptor - STARTING STEP: StepInterceptor.testContext - nhập họ tên
16:36:57.566 [main] DEBUG net.serenitybdd.core.photography.Darkroom - Send negative for processing for C:\Users\Katon\Documents\JavaProject\DemoSerenityFramework\target\site\serenity\5657ac1b07cf7d3c47389e855205948b9dc159e7e99230bc73a60082e7b62ae4.png
16:36:57.582 [main] DEBUG net.thucydides.core.steps.StepInterceptor - STEP DONE: nhập họ tên
16:36:57.588 [main] DEBUG net.thucydides.core.steps.StepInterceptor - STARTING STEP: StepInterceptor.testContext - nhập số điện thoại
16:36:57.629 [main] DEBUG net.thucydides.core.steps.StepInterceptor - STEP DONE: nhập số điện thoại
16:36:58.434 [main] DEBUG net.serenitybdd.core.photography.Darkroom - Send negative for processing for C:\Users\Katon\Documents\JavaProject\DemoSerenityFramework\target\site\serenity\b1a781ff43b0a78de254c5fa95da25c468bae06b0b23ab7e1b55ec87943397d9.png
16:36:58.434 [main] DEBUG net.thucydides.core.steps.StepInterceptor - STARTING STEP: StepInterceptor.testContext - nhập địa chỉ email
16:36:58.767 [main] DEBUG net.serenitybdd.core.photography.Darkroom - Send negative for processing for C:\Users\Katon\Documents\JavaProject\DemoSerenityFramework\target\site\serenity\1184134d191e528d4827a3740f153a697cdbf2a43f6242d46d6a307625acf881.png
16:36:58.767 [main] DEBUG net.thucydides.core.steps.StepInterceptor - STEP DONE: nhập địa chỉ email
16:36:58.767 [main] DEBUG net.thucydides.core.steps.StepInterceptor - STARTING STEP: StepInterceptor.testContext - nhập tài khoản đăng nhập
16:36:59.116 [main] DEBUG net.serenitybdd.core.photography.Darkroom - Send negative for processing for C:\Users\Katon\Documents\JavaProject\DemoSerenityFramework\target\site\serenity\dad99f6074d2633b9913b8bc9c0aa8a0d85971dcc5cad4438c26f4a93bdaa207.png
16:36:59.116 [main] DEBUG net.thucydides.core.steps.StepInterceptor - STEP DONE: nhập tài khoản đăng nhập
16:36:59.116 [Darkroom Processing Line] DEBUG net.serenitybdd.core.photography.DarkroomProcessingLine - Processing screenshot image in /var/screenshots/screenshot-15328496501225377511
16:36:59.116 [Darkroom Processing Line] DEBUG net.serenitybdd.core.photography.DarkroomProcessingLine - Saving screenshot to C:\Users\Katon\Documents\JavaProject\DemoSerenityFramework\target\site\serenity\dad99f6074d2633b9913b8bc9c0aa8a0d85971dcc5cad4438c26f4a93bdaa207.png
16:36:59.116 [main] DEBUG net.thucydides.core.steps.StepInterceptor - STARTING STEP: StepInterceptor.testContext - nhập mật khẩu
16:36:59.966 [main] DEBUG net.serenitybdd.core.photography.Darkroom - Send negative for processing for C:\Users\Katon\Documents\JavaProject\DemoSerenityFramework\target\site\serenity\120448a74877333390b1969d482b93287d96a431dd8a43e1f5fd7fea3faaec44.png
16:36:59.966 [main] DEBUG net.thucydides.core.steps.StepInterceptor - STEP DONE: nhập mật khẩu
16:36:59.966 [Darkroom Processing Line] DEBUG net.serenitybdd.core.photography.DarkroomProcessingLine - Processing screenshot image in /var/screenshots/screenshot-13906364660038664090
16:36:59.966 [Darkroom Processing Line] DEBUG net.serenitybdd.core.photography.DarkroomProcessingLine - Saving screenshot to C:\Users\Katon\Documents\JavaProject\DemoSerenityFramework\target\site\serenity\120448a74877333390b1969d482b93287d96a431dd8a43e1f5fd7fea3faaec44.png
16:36:59.981 [main] DEBUG net.thucydides.core.steps.StepInterceptor - STARTING STEP: StepInterceptor.testContext - nhập lại mật khẩu
16:37:00.342 [main] DEBUG net.serenitybdd.core.photography.Darkroom - Send negative for processing for C:\Users\Katon\Documents\JavaProject\DemoSerenityFramework\target\site\serenity\4f44d05a9ef86aae6ce60a2e73a98e6488426cff693aa2ba349f75e775d7e2be.png
16:37:00.342 [main] DEBUG net.thucydides.core.steps.StepInterceptor - STEP DONE: nhập lại mật khẩu
16:37:00.342 [Darkroom Processing Line] DEBUG net.serenitybdd.core.photography.DarkroomProcessingLine - Processing screenshot image in /var/screenshots/screenshot-16456967985554012726
16:37:00.342 [Darkroom Processing Line] DEBUG net.serenitybdd.core.photography.DarkroomProcessingLine - Saving screenshot to C:\Users\Katon\Documents\JavaProject\DemoSerenityFramework\target\site\serenity\4f44d05a9ef86aae6ce60a2e73a98e6488426cff693aa2ba349f75e775d7e2be.png
16:37:00.347 [main] DEBUG net.thucydides.core.steps.StepInterceptor - STARTING STEP: StepInterceptor.testContext - bấm nút đăng ký
16:37:01.178 [main] DEBUG net.serenitybdd.core.photography.Darkroom - Send negative for processing for C:\Users\Katon\Documents\JavaProject\DemoSerenityFramework\target\site\serenity\3bf84c0c0b00be6de8d8b3bc7a37f5a02792fd502a573eec1547de57a55f4f4a.png
16:37:01.178 [Darkroom Processing Line] DEBUG net.serenitybdd.core.photography.DarkroomProcessingLine - Processing screenshot image in /var/screenshots/screenshot-7715134286448069934
16:37:01.178 [Darkroom Processing Line] DEBUG net.serenitybdd.core.photography.DarkroomProcessingLine - Saving screenshot to C:\Users\Katon\Documents\JavaProject\DemoSerenityFramework\target\site\serenity\3bf84c0c0b00be6de8d8b3bc7a37f5a02792fd502a573eec1547de57a55f4f4a.png
16:37:01.179 [main] DEBUG net.thucydides.core.steps.StepInterceptor - STEP DONE: bấm nút đăng ký
16:37:01.179 [main] DEBUG net.thucydides.core.steps.StepInterceptor - STARTING STEP: StepInterceptor.testContext - kiểm tra hiển thị thông báo nhập lại mật khẩu không hợp lệ
16:37:02.048 [main] DEBUG net.serenitybdd.core.photography.Darkroom - Send negative for processing for C:\Users\Katon\Documents\JavaProject\DemoSerenityFramework\target\site\serenity\7a44d444c6b590748be5ed01f27e60ea7ecf51616b2b14aa536386f0716ff2a5.png
16:37:02.048 [main] DEBUG net.thucydides.core.steps.StepInterceptor - STEP DONE: kiểm tra hiển thị thông báo nhập lại mật khẩu không hợp lệ
16:37:02.048 [Darkroom Processing Line] DEBUG net.serenitybdd.core.photography.DarkroomProcessingLine - Processing screenshot image in /var/screenshots/screenshot-12534403804959569814
16:37:02.048 [Darkroom Processing Line] DEBUG net.serenitybdd.core.photography.DarkroomProcessingLine - Saving screenshot to C:\Users\Katon\Documents\JavaProject\DemoSerenityFramework\target\site\serenity\7a44d444c6b590748be5ed01f27e60ea7ecf51616b2b14aa536386f0716ff2a5.png
]]></system-out>
    <system-err><![CDATA[Mar 25, 2025 4:36:55 PM org.openqa.selenium.devtools.CdpVersionFinder findNearestMatch
WARNING: Unable to find CDP implementation matching 134
Mar 25, 2025 4:36:55 PM org.openqa.selenium.chromium.ChromiumDriver lambda$new$5
WARNING: Unable to find version of CDP to use for 134.0.6998.166. You may need to include a dependency on a specific version of the CDP using something similar to `org.seleniumhq.selenium:selenium-devtools-v86:4.14.1` where the version ("v86") matches the version of the chromium-based browser you're using and the version number of the artifact is the same as Selenium's.
]]></system-err>
  </testcase>
  <testcase name="checkInputUserEmailIncorrectExtension" classname="Test.Web.RegisterTest" time="6.076">
    <system-out><![CDATA[16:37:02.048 [main] INFO  - 
  _____   ___   ___   _____     ___     _     ___   ___   ___   ___  
 |_   _| | __| / __| |_   _|   | _ \   /_\   / __| / __| | __| |   \ 
   | |   | _|  \__ \   | |     |  _/  / _ \  \__ \ \__ \ | _|  | |) |
   |_|   |___| |___/   |_|     |_|   /_/ \_\ |___/ |___/ |___| |___/ 

kiểm tra nhập lại mật khẩu không khớp
----------------------------------------------------------------------
16:37:02.223 [main] DEBUG net.thucydides.core.steps.StepEventBus - Test suite started for RegisterTest in class Test.Web.RegisterTest
16:37:02.223 [main] INFO  - Test Suite Started: RegisterTest
16:37:02.223 [main] DEBUG net.serenitybdd.junit5.SerenityTestExecutionListener - Thread[#1,main,5,main] Test started TestIdentifier [uniqueId = [engine:junit-jupiter]/[class:Test.Web.RegisterTest]/[method:checkInputUserEmailIncorrectExtension()], parentId = [engine:junit-jupiter]/[class:Test.Web.RegisterTest], displayName = 'kiểm tra nhập email với đuôi không phải @gmail.com', legacyReportingName = 'checkInputUserEmailIncorrectExtension()', source = MethodSource [className = 'Test.Web.RegisterTest', methodName = 'checkInputUserEmailIncorrectExtension', methodParameterTypes = ''], tags = [], type = TEST]
16:37:02.223 [main] INFO  - 
  _____   ___   ___   _____     ___   _____     _     ___   _____   ___   ___  
 |_   _| | __| / __| |_   _|   / __| |_   _|   /_\   | _ \ |_   _| | __| |   \ 
   | |   | _|  \__ \   | |     \__ \   | |    / _ \  |   /   | |   | _|  | |) |
   |_|   |___| |___/   |_|     |___/   |_|   /_/ \_\ |_|_\   |_|   |___| |___/ 

kiểm tra nhập email với đuôi không phải @gmail.com([engine:junit-jupiter]/[class:Test.Web.RegisterTest]/[method:checkInputUserEmailIncorrectExtension()])
--------------------------------------------------------------------------------
16:37:02.223 [main] DEBUG net.thucydides.core.steps.StepInterceptor - STARTING STEP: StepInterceptor.testContext - truy cập trang đăng ký
16:37:02.270 [main] INFO net.serenitybdd.core.webdriver.driverproviders.ChromeDriverProvider - Starting Chrome driver instance with capabilities:
16:37:02.270 [main] INFO net.serenitybdd.core.webdriver.driverproviders.ChromeDriverProvider - Capabilities {acceptInsecureCerts: false, browserName: chrome, goog:chromeOptions: {args: [remote-allow-origins=*, --headless=chrome, --headless], extensions: []}}
16:37:03.453 [main] DEBUG net.serenitybdd.core.photography.Darkroom - Opening darkroom
16:37:03.454 [Darkroom Processing Line] DEBUG net.serenitybdd.core.photography.DarkroomProcessingLine - Darkroom processing line starting up
16:37:03.834 [main] DEBUG net.serenitybdd.core.photography.Darkroom - Send negative for processing for C:\Users\Katon\Documents\JavaProject\DemoSerenityFramework\target\site\serenity\a133df92da281fbc66d6aa3e272f270ef64d2d70b223a006efe7dd0471ca972a.png
16:37:03.834 [main] DEBUG net.thucydides.core.steps.StepInterceptor - STEP DONE: truy cập trang đăng ký
16:37:03.834 [main] DEBUG net.thucydides.core.steps.StepInterceptor - STARTING STEP: StepInterceptor.testContext - xóa dữ liệu ô nhập
16:37:04.299 [main] DEBUG net.serenitybdd.core.photography.Darkroom - Send negative for processing for C:\Users\Katon\Documents\JavaProject\DemoSerenityFramework\target\site\serenity\a133df92da281fbc66d6aa3e272f270ef64d2d70b223a006efe7dd0471ca972a.png
16:37:04.299 [main] DEBUG net.thucydides.core.steps.StepInterceptor - STEP DONE: xóa dữ liệu ô nhập
16:37:04.299 [main] DEBUG net.thucydides.core.steps.StepInterceptor - STARTING STEP: StepInterceptor.testContext - nhập họ tên
16:37:04.701 [main] DEBUG net.serenitybdd.core.photography.Darkroom - Send negative for processing for C:\Users\Katon\Documents\JavaProject\DemoSerenityFramework\target\site\serenity\5657ac1b07cf7d3c47389e855205948b9dc159e7e99230bc73a60082e7b62ae4.png
16:37:04.701 [main] DEBUG net.thucydides.core.steps.StepInterceptor - STEP DONE: nhập họ tên
16:37:04.713 [main] DEBUG net.thucydides.core.steps.StepInterceptor - STARTING STEP: StepInterceptor.testContext - nhập số điện thoại
16:37:05.061 [main] DEBUG net.serenitybdd.core.photography.Darkroom - Send negative for processing for C:\Users\Katon\Documents\JavaProject\DemoSerenityFramework\target\site\serenity\713988226fd6308db432e01fa9eebfba9e17d04afcf7e72eac645b20028d6aef.png
16:37:05.061 [main] DEBUG net.thucydides.core.steps.StepInterceptor - STEP DONE: nhập số điện thoại
16:37:05.070 [main] DEBUG net.thucydides.core.steps.StepInterceptor - STARTING STEP: StepInterceptor.testContext - nhập địa chỉ email
16:37:05.465 [main] DEBUG net.serenitybdd.core.photography.Darkroom - Send negative for processing for C:\Users\Katon\Documents\JavaProject\DemoSerenityFramework\target\site\serenity\4b66d3f4d52cca4aa8de4d350331ea59515a1f5d32b1dfb44d5b75e0fa0ca963.png
16:37:05.465 [main] DEBUG net.thucydides.core.steps.StepInterceptor - STEP DONE: nhập địa chỉ email
16:37:05.465 [Darkroom Processing Line] DEBUG net.serenitybdd.core.photography.DarkroomProcessingLine - Processing screenshot image in /var/screenshots/screenshot-7236536334306208017
16:37:05.465 [Darkroom Processing Line] DEBUG net.serenitybdd.core.photography.DarkroomProcessingLine - Saving screenshot to C:\Users\Katon\Documents\JavaProject\DemoSerenityFramework\target\site\serenity\4b66d3f4d52cca4aa8de4d350331ea59515a1f5d32b1dfb44d5b75e0fa0ca963.png
16:37:05.482 [main] DEBUG net.thucydides.core.steps.StepInterceptor - STARTING STEP: StepInterceptor.testContext - nhập tài khoản đăng nhập
16:37:05.817 [main] DEBUG net.serenitybdd.core.photography.Darkroom - Send negative for processing for C:\Users\Katon\Documents\JavaProject\DemoSerenityFramework\target\site\serenity\8946f9ea19f41eaa756c6129a854345096dd9e22ba5b3ae11ea63993b56eb214.png
16:37:05.817 [main] DEBUG net.thucydides.core.steps.StepInterceptor - STEP DONE: nhập tài khoản đăng nhập
16:37:05.817 [Darkroom Processing Line] DEBUG net.serenitybdd.core.photography.DarkroomProcessingLine - Processing screenshot image in /var/screenshots/screenshot-3938106822671456068
16:37:05.817 [Darkroom Processing Line] DEBUG net.serenitybdd.core.photography.DarkroomProcessingLine - Saving screenshot to C:\Users\Katon\Documents\JavaProject\DemoSerenityFramework\target\site\serenity\8946f9ea19f41eaa756c6129a854345096dd9e22ba5b3ae11ea63993b56eb214.png
16:37:05.817 [main] DEBUG net.thucydides.core.steps.StepInterceptor - STARTING STEP: StepInterceptor.testContext - nhập mật khẩu
16:37:05.865 [main] DEBUG net.thucydides.core.steps.StepInterceptor - STEP DONE: nhập mật khẩu
16:37:05.865 [main] DEBUG net.thucydides.core.steps.StepInterceptor - STARTING STEP: StepInterceptor.testContext - nhập lại mật khẩu
16:37:06.699 [main] DEBUG net.serenitybdd.core.photography.Darkroom - Send negative for processing for C:\Users\Katon\Documents\JavaProject\DemoSerenityFramework\target\site\serenity\97335e76a5e6468931e0e2ac9359019ca5a712523c9c94a2dc99f72570815c7d.png
16:37:06.699 [main] DEBUG net.thucydides.core.steps.StepInterceptor - STEP DONE: nhập lại mật khẩu
16:37:06.699 [Darkroom Processing Line] DEBUG net.serenitybdd.core.photography.DarkroomProcessingLine - Processing screenshot image in /var/screenshots/screenshot-14951722025179579326
16:37:06.699 [Darkroom Processing Line] DEBUG net.serenitybdd.core.photography.DarkroomProcessingLine - Saving screenshot to C:\Users\Katon\Documents\JavaProject\DemoSerenityFramework\target\site\serenity\97335e76a5e6468931e0e2ac9359019ca5a712523c9c94a2dc99f72570815c7d.png
16:37:06.714 [main] DEBUG net.thucydides.core.steps.StepInterceptor - STARTING STEP: StepInterceptor.testContext - bấm nút đăng ký
16:37:07.462 [main] DEBUG net.serenitybdd.core.photography.Darkroom - Send negative for processing for C:\Users\Katon\Documents\JavaProject\DemoSerenityFramework\target\site\serenity\7a47a1acb0e95890b0966fd85e255ef22ae0d3376d759d762b4097dffdc7899b.png
16:37:07.462 [Darkroom Processing Line] DEBUG net.serenitybdd.core.photography.DarkroomProcessingLine - Processing screenshot image in /var/screenshots/screenshot-2890406494439672436
16:37:07.462 [Darkroom Processing Line] DEBUG net.serenitybdd.core.photography.DarkroomProcessingLine - Saving screenshot to C:\Users\Katon\Documents\JavaProject\DemoSerenityFramework\target\site\serenity\7a47a1acb0e95890b0966fd85e255ef22ae0d3376d759d762b4097dffdc7899b.png
16:37:07.462 [main] DEBUG net.thucydides.core.steps.StepInterceptor - STEP DONE: bấm nút đăng ký
16:37:07.462 [main] DEBUG net.thucydides.core.steps.StepInterceptor - STARTING STEP: StepInterceptor.testContext - kiểm tra hiển thị thông báo địa chỉ email không hợp lệ
16:37:08.299 [main] DEBUG net.serenitybdd.core.photography.Darkroom - Send negative for processing for C:\Users\Katon\Documents\JavaProject\DemoSerenityFramework\target\site\serenity\962334a04992fe464785eee719b641ee23f837ed75fadd02ac4891540f75567a.png
16:37:08.299 [main] DEBUG net.thucydides.core.steps.StepInterceptor - STEP DONE: kiểm tra hiển thị thông báo địa chỉ email không hợp lệ
16:37:08.299 [Darkroom Processing Line] DEBUG net.serenitybdd.core.photography.DarkroomProcessingLine - Processing screenshot image in /var/screenshots/screenshot-12019427546403572095
16:37:08.299 [Darkroom Processing Line] DEBUG net.serenitybdd.core.photography.DarkroomProcessingLine - Saving screenshot to C:\Users\Katon\Documents\JavaProject\DemoSerenityFramework\target\site\serenity\962334a04992fe464785eee719b641ee23f837ed75fadd02ac4891540f75567a.png
]]></system-out>
    <system-err><![CDATA[Mar 25, 2025 4:37:03 PM org.openqa.selenium.devtools.CdpVersionFinder findNearestMatch
WARNING: Unable to find CDP implementation matching 134
Mar 25, 2025 4:37:03 PM org.openqa.selenium.chromium.ChromiumDriver lambda$new$5
WARNING: Unable to find version of CDP to use for 134.0.6998.166. You may need to include a dependency on a specific version of the CDP using something similar to `org.seleniumhq.selenium:selenium-devtools-v86:4.14.1` where the version ("v86") matches the version of the chromium-based browser you're using and the version number of the artifact is the same as Selenium's.
]]></system-err>
  </testcase>
  <testcase name="checkInputUserPasswordTooShort" classname="Test.Web.RegisterTest" time="7.083">
    <system-out><![CDATA[16:37:08.299 [main] INFO  - 
  _____   ___   ___   _____     ___     _     ___   ___   ___   ___  
 |_   _| | __| / __| |_   _|   | _ \   /_\   / __| / __| | __| |   \ 
   | |   | _|  \__ \   | |     |  _/  / _ \  \__ \ \__ \ | _|  | |) |
   |_|   |___| |___/   |_|     |_|   /_/ \_\ |___/ |___/ |___| |___/ 

kiểm tra nhập email với đuôi không phải @gmail.com
----------------------------------------------------------------------
16:37:08.483 [main] DEBUG net.thucydides.core.steps.StepEventBus - Test suite started for RegisterTest in class Test.Web.RegisterTest
16:37:08.483 [main] INFO  - Test Suite Started: RegisterTest
16:37:08.483 [main] DEBUG net.serenitybdd.junit5.SerenityTestExecutionListener - Thread[#1,main,5,main] Test started TestIdentifier [uniqueId = [engine:junit-jupiter]/[class:Test.Web.RegisterTest]/[method:checkInputUserPasswordTooShort()], parentId = [engine:junit-jupiter]/[class:Test.Web.RegisterTest], displayName = 'kiểm tra nhập mật khẩu < 6 ký tự', legacyReportingName = 'checkInputUserPasswordTooShort()', source = MethodSource [className = 'Test.Web.RegisterTest', methodName = 'checkInputUserPasswordTooShort', methodParameterTypes = ''], tags = [], type = TEST]
16:37:08.483 [main] INFO  - 
  _____   ___   ___   _____     ___   _____     _     ___   _____   ___   ___  
 |_   _| | __| / __| |_   _|   / __| |_   _|   /_\   | _ \ |_   _| | __| |   \ 
   | |   | _|  \__ \   | |     \__ \   | |    / _ \  |   /   | |   | _|  | |) |
   |_|   |___| |___/   |_|     |___/   |_|   /_/ \_\ |_|_\   |_|   |___| |___/ 

kiểm tra nhập mật khẩu < 6 ký tự([engine:junit-jupiter]/[class:Test.Web.RegisterTest]/[method:checkInputUserPasswordTooShort()])
--------------------------------------------------------------------------------
16:37:08.483 [main] DEBUG net.thucydides.core.steps.StepInterceptor - STARTING STEP: StepInterceptor.testContext - truy cập trang đăng ký
16:37:08.529 [main] INFO net.serenitybdd.core.webdriver.driverproviders.ChromeDriverProvider - Starting Chrome driver instance with capabilities:
16:37:08.529 [main] INFO net.serenitybdd.core.webdriver.driverproviders.ChromeDriverProvider - Capabilities {acceptInsecureCerts: false, browserName: chrome, goog:chromeOptions: {args: [remote-allow-origins=*, --headless=chrome, --headless], extensions: []}}
16:37:09.725 [main] DEBUG net.serenitybdd.core.photography.Darkroom - Opening darkroom
16:37:09.726 [Darkroom Processing Line] DEBUG net.serenitybdd.core.photography.DarkroomProcessingLine - Darkroom processing line starting up
16:37:10.070 [main] DEBUG net.serenitybdd.core.photography.Darkroom - Send negative for processing for C:\Users\Katon\Documents\JavaProject\DemoSerenityFramework\target\site\serenity\a133df92da281fbc66d6aa3e272f270ef64d2d70b223a006efe7dd0471ca972a.png
16:37:10.070 [main] DEBUG net.thucydides.core.steps.StepInterceptor - STEP DONE: truy cập trang đăng ký
16:37:10.086 [main] DEBUG net.thucydides.core.steps.StepInterceptor - STARTING STEP: StepInterceptor.testContext - xóa dữ liệu ô nhập
16:37:11.101 [main] DEBUG net.serenitybdd.core.photography.Darkroom - Send negative for processing for C:\Users\Katon\Documents\JavaProject\DemoSerenityFramework\target\site\serenity\a133df92da281fbc66d6aa3e272f270ef64d2d70b223a006efe7dd0471ca972a.png
16:37:11.101 [main] DEBUG net.thucydides.core.steps.StepInterceptor - STEP DONE: xóa dữ liệu ô nhập
16:37:11.115 [main] DEBUG net.thucydides.core.steps.StepInterceptor - STARTING STEP: StepInterceptor.testContext - nhập họ tên
16:37:11.495 [main] DEBUG net.serenitybdd.core.photography.Darkroom - Send negative for processing for C:\Users\Katon\Documents\JavaProject\DemoSerenityFramework\target\site\serenity\5657ac1b07cf7d3c47389e855205948b9dc159e7e99230bc73a60082e7b62ae4.png
16:37:11.495 [main] DEBUG net.thucydides.core.steps.StepInterceptor - STEP DONE: nhập họ tên
16:37:11.499 [main] DEBUG net.thucydides.core.steps.StepInterceptor - STARTING STEP: StepInterceptor.testContext - nhập số điện thoại
16:37:11.542 [main] DEBUG net.thucydides.core.steps.StepInterceptor - STEP DONE: nhập số điện thoại
16:37:12.316 [main] DEBUG net.serenitybdd.core.photography.Darkroom - Send negative for processing for C:\Users\Katon\Documents\JavaProject\DemoSerenityFramework\target\site\serenity\b1a781ff43b0a78de254c5fa95da25c468bae06b0b23ab7e1b55ec87943397d9.png
16:37:12.316 [main] DEBUG net.thucydides.core.steps.StepInterceptor - STARTING STEP: StepInterceptor.testContext - nhập địa chỉ email
16:37:13.183 [main] DEBUG net.serenitybdd.core.photography.Darkroom - Send negative for processing for C:\Users\Katon\Documents\JavaProject\DemoSerenityFramework\target\site\serenity\42b1507c2acebdcc2ee8fa843b2c9001aaccebc87b494b190006a5a1303a4df7.png
16:37:13.183 [main] DEBUG net.thucydides.core.steps.StepInterceptor - STEP DONE: nhập địa chỉ email
16:37:13.199 [main] DEBUG net.thucydides.core.steps.StepInterceptor - STARTING STEP: StepInterceptor.testContext - nhập tài khoản đăng nhập
16:37:13.538 [main] DEBUG net.serenitybdd.core.photography.Darkroom - Send negative for processing for C:\Users\Katon\Documents\JavaProject\DemoSerenityFramework\target\site\serenity\dad99f6074d2633b9913b8bc9c0aa8a0d85971dcc5cad4438c26f4a93bdaa207.png
16:37:13.538 [main] DEBUG net.thucydides.core.steps.StepInterceptor - STEP DONE: nhập tài khoản đăng nhập
16:37:13.546 [main] DEBUG net.thucydides.core.steps.StepInterceptor - STARTING STEP: StepInterceptor.testContext - nhập mật khẩu
16:37:13.580 [main] DEBUG net.thucydides.core.steps.StepInterceptor - STEP DONE: nhập mật khẩu
16:37:13.580 [main] DEBUG net.thucydides.core.steps.StepInterceptor - STARTING STEP: StepInterceptor.testContext - nhập lại mật khẩu
16:37:13.917 [main] DEBUG net.serenitybdd.core.photography.Darkroom - Send negative for processing for C:\Users\Katon\Documents\JavaProject\DemoSerenityFramework\target\site\serenity\f3469607e0028148d258bf7a22f370b8f8b0268508d963c2ff6930e8b5fe3b5d.png
16:37:13.917 [main] DEBUG net.thucydides.core.steps.StepInterceptor - STEP DONE: nhập lại mật khẩu
16:37:13.917 [Darkroom Processing Line] DEBUG net.serenitybdd.core.photography.DarkroomProcessingLine - Processing screenshot image in /var/screenshots/screenshot-14113048214703239725
16:37:13.917 [Darkroom Processing Line] DEBUG net.serenitybdd.core.photography.DarkroomProcessingLine - Saving screenshot to C:\Users\Katon\Documents\JavaProject\DemoSerenityFramework\target\site\serenity\f3469607e0028148d258bf7a22f370b8f8b0268508d963c2ff6930e8b5fe3b5d.png
16:37:13.933 [main] DEBUG net.thucydides.core.steps.StepInterceptor - STARTING STEP: StepInterceptor.testContext - bấm nút đăng ký
16:37:14.712 [main] DEBUG net.serenitybdd.core.photography.Darkroom - Send negative for processing for C:\Users\Katon\Documents\JavaProject\DemoSerenityFramework\target\site\serenity\3b5aed359e2c293a1b655412cef95a5cf12336264c135a911ab6ec65af312297.png
16:37:14.712 [Darkroom Processing Line] DEBUG net.serenitybdd.core.photography.DarkroomProcessingLine - Processing screenshot image in /var/screenshots/screenshot-12126567355912546233
16:37:14.712 [Darkroom Processing Line] DEBUG net.serenitybdd.core.photography.DarkroomProcessingLine - Saving screenshot to C:\Users\Katon\Documents\JavaProject\DemoSerenityFramework\target\site\serenity\3b5aed359e2c293a1b655412cef95a5cf12336264c135a911ab6ec65af312297.png
16:37:14.712 [main] DEBUG net.thucydides.core.steps.StepInterceptor - STEP DONE: bấm nút đăng ký
16:37:14.712 [main] DEBUG net.thucydides.core.steps.StepInterceptor - STARTING STEP: StepInterceptor.testContext - kiểm tra hiển thị thông báo mật khẩu không hợp lệ
16:37:15.566 [main] DEBUG net.serenitybdd.core.photography.Darkroom - Send negative for processing for C:\Users\Katon\Documents\JavaProject\DemoSerenityFramework\target\site\serenity\c79a710029d382eadc514ed989fbb5b41baae6820749827e0932e32ae8f27118.png
16:37:15.566 [main] DEBUG net.thucydides.core.steps.StepInterceptor - STEP DONE: kiểm tra hiển thị thông báo mật khẩu không hợp lệ
]]></system-out>
    <system-err><![CDATA[Mar 25, 2025 4:37:09 PM org.openqa.selenium.devtools.CdpVersionFinder findNearestMatch
WARNING: Unable to find CDP implementation matching 134
Mar 25, 2025 4:37:09 PM org.openqa.selenium.chromium.ChromiumDriver lambda$new$5
WARNING: Unable to find version of CDP to use for 134.0.6998.166. You may need to include a dependency on a specific version of the CDP using something similar to `org.seleniumhq.selenium:selenium-devtools-v86:4.14.1` where the version ("v86") matches the version of the chromium-based browser you're using and the version number of the artifact is the same as Selenium's.
]]></system-err>
  </testcase>
  <testcase name="checkInputUserAccountWithSpecialCharacters" classname="Test.Web.RegisterTest" time="7.162">
    <system-out><![CDATA[16:37:15.566 [main] INFO  - 
  _____   ___   ___   _____     ___     _     ___   ___   ___   ___  
 |_   _| | __| / __| |_   _|   | _ \   /_\   / __| / __| | __| |   \ 
   | |   | _|  \__ \   | |     |  _/  / _ \  \__ \ \__ \ | _|  | |) |
   |_|   |___| |___/   |_|     |_|   /_/ \_\ |___/ |___/ |___| |___/ 

kiểm tra nhập mật khẩu < 6 ký tự
----------------------------------------------------------------------
16:37:15.752 [main] DEBUG net.thucydides.core.steps.StepEventBus - Test suite started for RegisterTest in class Test.Web.RegisterTest
16:37:15.752 [main] INFO  - Test Suite Started: RegisterTest
16:37:15.752 [main] DEBUG net.serenitybdd.junit5.SerenityTestExecutionListener - Thread[#1,main,5,main] Test started TestIdentifier [uniqueId = [engine:junit-jupiter]/[class:Test.Web.RegisterTest]/[method:checkInputUserAccountWithSpecialCharacters()], parentId = [engine:junit-jupiter]/[class:Test.Web.RegisterTest], displayName = 'kiểm tra nhập tên đăng nhập chứa ký tự đặc biệt', legacyReportingName = 'checkInputUserAccountWithSpecialCharacters()', source = MethodSource [className = 'Test.Web.RegisterTest', methodName = 'checkInputUserAccountWithSpecialCharacters', methodParameterTypes = ''], tags = [], type = TEST]
16:37:15.752 [main] INFO  - 
  _____   ___   ___   _____     ___   _____     _     ___   _____   ___   ___  
 |_   _| | __| / __| |_   _|   / __| |_   _|   /_\   | _ \ |_   _| | __| |   \ 
   | |   | _|  \__ \   | |     \__ \   | |    / _ \  |   /   | |   | _|  | |) |
   |_|   |___| |___/   |_|     |___/   |_|   /_/ \_\ |_|_\   |_|   |___| |___/ 

kiểm tra nhập tên đăng nhập chứa ký tự đặc biệt([engine:junit-jupiter]/[class:Test.Web.RegisterTest]/[method:checkInputUserAccountWithSpecialCharacters()])
--------------------------------------------------------------------------------
16:37:15.752 [main] DEBUG net.thucydides.core.steps.StepInterceptor - STARTING STEP: StepInterceptor.testContext - truy cập trang đăng ký
16:37:15.799 [main] INFO net.serenitybdd.core.webdriver.driverproviders.ChromeDriverProvider - Starting Chrome driver instance with capabilities:
16:37:15.799 [main] INFO net.serenitybdd.core.webdriver.driverproviders.ChromeDriverProvider - Capabilities {acceptInsecureCerts: false, browserName: chrome, goog:chromeOptions: {args: [remote-allow-origins=*, --headless=chrome, --headless], extensions: []}}
16:37:16.999 [main] DEBUG net.serenitybdd.core.photography.Darkroom - Opening darkroom
16:37:16.999 [Darkroom Processing Line] DEBUG net.serenitybdd.core.photography.DarkroomProcessingLine - Darkroom processing line starting up
16:37:17.384 [main] DEBUG net.serenitybdd.core.photography.Darkroom - Send negative for processing for C:\Users\Katon\Documents\JavaProject\DemoSerenityFramework\target\site\serenity\a133df92da281fbc66d6aa3e272f270ef64d2d70b223a006efe7dd0471ca972a.png
16:37:17.384 [main] DEBUG net.thucydides.core.steps.StepInterceptor - STEP DONE: truy cập trang đăng ký
16:37:17.384 [main] DEBUG net.thucydides.core.steps.StepInterceptor - STARTING STEP: StepInterceptor.testContext - xóa dữ liệu ô nhập
16:37:18.415 [main] DEBUG net.serenitybdd.core.photography.Darkroom - Send negative for processing for C:\Users\Katon\Documents\JavaProject\DemoSerenityFramework\target\site\serenity\a133df92da281fbc66d6aa3e272f270ef64d2d70b223a006efe7dd0471ca972a.png
16:37:18.415 [main] DEBUG net.thucydides.core.steps.StepInterceptor - STEP DONE: xóa dữ liệu ô nhập
16:37:18.415 [main] DEBUG net.thucydides.core.steps.StepInterceptor - STARTING STEP: StepInterceptor.testContext - nhập họ tên
16:37:18.816 [main] DEBUG net.serenitybdd.core.photography.Darkroom - Send negative for processing for C:\Users\Katon\Documents\JavaProject\DemoSerenityFramework\target\site\serenity\5657ac1b07cf7d3c47389e855205948b9dc159e7e99230bc73a60082e7b62ae4.png
16:37:18.816 [main] DEBUG net.thucydides.core.steps.StepInterceptor - STEP DONE: nhập họ tên
16:37:18.831 [main] DEBUG net.thucydides.core.steps.StepInterceptor - STARTING STEP: StepInterceptor.testContext - nhập số điện thoại
16:37:19.713 [main] DEBUG net.serenitybdd.core.photography.Darkroom - Send negative for processing for C:\Users\Katon\Documents\JavaProject\DemoSerenityFramework\target\site\serenity\b1a781ff43b0a78de254c5fa95da25c468bae06b0b23ab7e1b55ec87943397d9.png
16:37:19.714 [main] DEBUG net.thucydides.core.steps.StepInterceptor - STEP DONE: nhập số điện thoại
16:37:19.719 [main] DEBUG net.thucydides.core.steps.StepInterceptor - STARTING STEP: StepInterceptor.testContext - nhập địa chỉ email
16:37:20.549 [main] DEBUG net.serenitybdd.core.photography.Darkroom - Send negative for processing for C:\Users\Katon\Documents\JavaProject\DemoSerenityFramework\target\site\serenity\42b1507c2acebdcc2ee8fa843b2c9001aaccebc87b494b190006a5a1303a4df7.png
16:37:20.549 [main] DEBUG net.thucydides.core.steps.StepInterceptor - STEP DONE: nhập địa chỉ email
16:37:20.549 [main] DEBUG net.thucydides.core.steps.StepInterceptor - STARTING STEP: StepInterceptor.testContext - nhập tài khoản đăng nhập
16:37:20.883 [main] DEBUG net.serenitybdd.core.photography.Darkroom - Send negative for processing for C:\Users\Katon\Documents\JavaProject\DemoSerenityFramework\target\site\serenity\5a17c459a25aaabcc60819d48cecaab7bd3c50fc2c4c4c084ec93eb3aa366f01.png
16:37:20.883 [main] DEBUG net.thucydides.core.steps.StepInterceptor - STEP DONE: nhập tài khoản đăng nhập
16:37:20.883 [Darkroom Processing Line] DEBUG net.serenitybdd.core.photography.DarkroomProcessingLine - Processing screenshot image in /var/screenshots/screenshot-15133765693236782348
16:37:20.883 [Darkroom Processing Line] DEBUG net.serenitybdd.core.photography.DarkroomProcessingLine - Saving screenshot to C:\Users\Katon\Documents\JavaProject\DemoSerenityFramework\target\site\serenity\5a17c459a25aaabcc60819d48cecaab7bd3c50fc2c4c4c084ec93eb3aa366f01.png
16:37:20.883 [main] DEBUG net.thucydides.core.steps.StepInterceptor - STARTING STEP: StepInterceptor.testContext - nhập mật khẩu
16:37:21.717 [main] DEBUG net.serenitybdd.core.photography.Darkroom - Send negative for processing for C:\Users\Katon\Documents\JavaProject\DemoSerenityFramework\target\site\serenity\bfb4216038c2616ce95d4808a72f6a304a808d9e61ded1ca1d3e711b8a168da6.png
16:37:21.717 [main] DEBUG net.thucydides.core.steps.StepInterceptor - STEP DONE: nhập mật khẩu
16:37:21.717 [Darkroom Processing Line] DEBUG net.serenitybdd.core.photography.DarkroomProcessingLine - Processing screenshot image in /var/screenshots/screenshot-12830712160508794600
16:37:21.717 [Darkroom Processing Line] DEBUG net.serenitybdd.core.photography.DarkroomProcessingLine - Saving screenshot to C:\Users\Katon\Documents\JavaProject\DemoSerenityFramework\target\site\serenity\bfb4216038c2616ce95d4808a72f6a304a808d9e61ded1ca1d3e711b8a168da6.png
16:37:21.717 [main] DEBUG net.thucydides.core.steps.StepInterceptor - STARTING STEP: StepInterceptor.testContext - nhập lại mật khẩu
16:37:21.763 [main] DEBUG net.thucydides.core.steps.StepInterceptor - STEP DONE: nhập lại mật khẩu
16:37:21.763 [main] DEBUG net.thucydides.core.steps.StepInterceptor - STARTING STEP: StepInterceptor.testContext - bấm nút đăng ký
16:37:22.529 [main] DEBUG net.serenitybdd.core.photography.Darkroom - Send negative for processing for C:\Users\Katon\Documents\JavaProject\DemoSerenityFramework\target\site\serenity\58d951866aabb1b7511dac03ff295f97b75c7ea72d60137a897012d08f8fb4d8.png
16:37:22.529 [Darkroom Processing Line] DEBUG net.serenitybdd.core.photography.DarkroomProcessingLine - Processing screenshot image in /var/screenshots/screenshot-11236973939929153337
16:37:22.529 [Darkroom Processing Line] DEBUG net.serenitybdd.core.photography.DarkroomProcessingLine - Saving screenshot to C:\Users\Katon\Documents\JavaProject\DemoSerenityFramework\target\site\serenity\58d951866aabb1b7511dac03ff295f97b75c7ea72d60137a897012d08f8fb4d8.png
16:37:22.544 [main] DEBUG net.thucydides.core.steps.StepInterceptor - STEP DONE: bấm nút đăng ký
16:37:22.546 [main] DEBUG net.thucydides.core.steps.StepInterceptor - STARTING STEP: StepInterceptor.testContext - kiểm tra hiển thị thông báo tài khoản không hợp lệ
16:37:22.913 [main] DEBUG net.serenitybdd.core.photography.Darkroom - Send negative for processing for C:\Users\Katon\Documents\JavaProject\DemoSerenityFramework\target\site\serenity\253a7c10680d3bcc67832e8ea888c9f3ec3708eaeaf2ad186b758e4d8a16ad7b.png
16:37:22.914 [main] DEBUG net.thucydides.core.steps.StepInterceptor - STEP DONE: kiểm tra hiển thị thông báo tài khoản không hợp lệ
16:37:22.914 [Darkroom Processing Line] DEBUG net.serenitybdd.core.photography.DarkroomProcessingLine - Processing screenshot image in /var/screenshots/screenshot-4036975799433478137
16:37:22.914 [Darkroom Processing Line] DEBUG net.serenitybdd.core.photography.DarkroomProcessingLine - Saving screenshot to C:\Users\Katon\Documents\JavaProject\DemoSerenityFramework\target\site\serenity\253a7c10680d3bcc67832e8ea888c9f3ec3708eaeaf2ad186b758e4d8a16ad7b.png
]]></system-out>
    <system-err><![CDATA[Mar 25, 2025 4:37:16 PM org.openqa.selenium.devtools.CdpVersionFinder findNearestMatch
WARNING: Unable to find CDP implementation matching 134
Mar 25, 2025 4:37:16 PM org.openqa.selenium.chromium.ChromiumDriver lambda$new$5
WARNING: Unable to find version of CDP to use for 134.0.6998.166. You may need to include a dependency on a specific version of the CDP using something similar to `org.seleniumhq.selenium:selenium-devtools-v86:4.14.1` where the version ("v86") matches the version of the chromium-based browser you're using and the version number of the artifact is the same as Selenium's.
]]></system-err>
  </testcase>
  <testcase name="checkEmptyInputUserAccount" classname="Test.Web.RegisterTest" time="7.355">
    <system-out><![CDATA[16:37:22.918 [main] INFO  - 
  _____   ___   ___   _____     ___     _     ___   ___   ___   ___  
 |_   _| | __| / __| |_   _|   | _ \   /_\   / __| / __| | __| |   \ 
   | |   | _|  \__ \   | |     |  _/  / _ \  \__ \ \__ \ | _|  | |) |
   |_|   |___| |___/   |_|     |_|   /_/ \_\ |___/ |___/ |___| |___/ 

kiểm tra nhập tên đăng nhập chứa ký tự đặc biệt
----------------------------------------------------------------------
16:37:23.110 [main] DEBUG net.thucydides.core.steps.StepEventBus - Test suite started for RegisterTest in class Test.Web.RegisterTest
16:37:23.110 [main] INFO  - Test Suite Started: RegisterTest
16:37:23.110 [main] DEBUG net.serenitybdd.junit5.SerenityTestExecutionListener - Thread[#1,main,5,main] Test started TestIdentifier [uniqueId = [engine:junit-jupiter]/[class:Test.Web.RegisterTest]/[method:checkEmptyInputUserAccount()], parentId = [engine:junit-jupiter]/[class:Test.Web.RegisterTest], displayName = 'kiểm tra bỏ trống tên đăng nhập', legacyReportingName = 'checkEmptyInputUserAccount()', source = MethodSource [className = 'Test.Web.RegisterTest', methodName = 'checkEmptyInputUserAccount', methodParameterTypes = ''], tags = [], type = TEST]
16:37:23.110 [main] INFO  - 
  _____   ___   ___   _____     ___   _____     _     ___   _____   ___   ___  
 |_   _| | __| / __| |_   _|   / __| |_   _|   /_\   | _ \ |_   _| | __| |   \ 
   | |   | _|  \__ \   | |     \__ \   | |    / _ \  |   /   | |   | _|  | |) |
   |_|   |___| |___/   |_|     |___/   |_|   /_/ \_\ |_|_\   |_|   |___| |___/ 

kiểm tra bỏ trống tên đăng nhập([engine:junit-jupiter]/[class:Test.Web.RegisterTest]/[method:checkEmptyInputUserAccount()])
--------------------------------------------------------------------------------
16:37:23.110 [main] DEBUG net.thucydides.core.steps.StepInterceptor - STARTING STEP: StepInterceptor.testContext - truy cập trang đăng ký
16:37:23.156 [main] INFO net.serenitybdd.core.webdriver.driverproviders.ChromeDriverProvider - Starting Chrome driver instance with capabilities:
16:37:23.156 [main] INFO net.serenitybdd.core.webdriver.driverproviders.ChromeDriverProvider - Capabilities {acceptInsecureCerts: false, browserName: chrome, goog:chromeOptions: {args: [remote-allow-origins=*, --headless=chrome, --headless], extensions: []}}
16:37:24.486 [main] DEBUG net.serenitybdd.core.photography.Darkroom - Opening darkroom
16:37:24.487 [Darkroom Processing Line] DEBUG net.serenitybdd.core.photography.DarkroomProcessingLine - Darkroom processing line starting up
16:37:24.884 [main] DEBUG net.serenitybdd.core.photography.Darkroom - Send negative for processing for C:\Users\Katon\Documents\JavaProject\DemoSerenityFramework\target\site\serenity\a133df92da281fbc66d6aa3e272f270ef64d2d70b223a006efe7dd0471ca972a.png
16:37:24.884 [main] DEBUG net.thucydides.core.steps.StepInterceptor - STEP DONE: truy cập trang đăng ký
16:37:24.897 [main] DEBUG net.thucydides.core.steps.StepInterceptor - STARTING STEP: StepInterceptor.testContext - xóa dữ liệu ô nhập
16:37:25.968 [main] DEBUG net.serenitybdd.core.photography.Darkroom - Send negative for processing for C:\Users\Katon\Documents\JavaProject\DemoSerenityFramework\target\site\serenity\a133df92da281fbc66d6aa3e272f270ef64d2d70b223a006efe7dd0471ca972a.png
16:37:25.968 [main] DEBUG net.thucydides.core.steps.StepInterceptor - STEP DONE: xóa dữ liệu ô nhập
16:37:25.979 [main] DEBUG net.thucydides.core.steps.StepInterceptor - STARTING STEP: StepInterceptor.testContext - nhập họ tên
16:37:26.350 [main] DEBUG net.serenitybdd.core.photography.Darkroom - Send negative for processing for C:\Users\Katon\Documents\JavaProject\DemoSerenityFramework\target\site\serenity\5657ac1b07cf7d3c47389e855205948b9dc159e7e99230bc73a60082e7b62ae4.png
16:37:26.350 [main] DEBUG net.thucydides.core.steps.StepInterceptor - STEP DONE: nhập họ tên
16:37:26.350 [main] DEBUG net.thucydides.core.steps.StepInterceptor - STARTING STEP: StepInterceptor.testContext - nhập số điện thoại
16:37:27.263 [main] DEBUG net.serenitybdd.core.photography.Darkroom - Send negative for processing for C:\Users\Katon\Documents\JavaProject\DemoSerenityFramework\target\site\serenity\b1a781ff43b0a78de254c5fa95da25c468bae06b0b23ab7e1b55ec87943397d9.png
16:37:27.263 [main] DEBUG net.thucydides.core.steps.StepInterceptor - STEP DONE: nhập số điện thoại
16:37:27.263 [main] DEBUG net.thucydides.core.steps.StepInterceptor - STARTING STEP: StepInterceptor.testContext - nhập địa chỉ email
16:37:27.616 [main] DEBUG net.serenitybdd.core.photography.Darkroom - Send negative for processing for C:\Users\Katon\Documents\JavaProject\DemoSerenityFramework\target\site\serenity\1184134d191e528d4827a3740f153a697cdbf2a43f6242d46d6a307625acf881.png
16:37:27.616 [main] DEBUG net.thucydides.core.steps.StepInterceptor - STEP DONE: nhập địa chỉ email
16:37:27.632 [main] DEBUG net.thucydides.core.steps.StepInterceptor - STARTING STEP: StepInterceptor.testContext - nhập mật khẩu
16:37:27.980 [main] DEBUG net.serenitybdd.core.photography.Darkroom - Send negative for processing for C:\Users\Katon\Documents\JavaProject\DemoSerenityFramework\target\site\serenity\df21e6c26c65d3edf4b2325579b7cd59c9840caad9572be82d4ff3be932892a5.png
16:37:27.980 [main] DEBUG net.thucydides.core.steps.StepInterceptor - STEP DONE: nhập mật khẩu
16:37:27.980 [Darkroom Processing Line] DEBUG net.serenitybdd.core.photography.DarkroomProcessingLine - Processing screenshot image in /var/screenshots/screenshot-14790272817084709903
16:37:27.980 [Darkroom Processing Line] DEBUG net.serenitybdd.core.photography.DarkroomProcessingLine - Saving screenshot to C:\Users\Katon\Documents\JavaProject\DemoSerenityFramework\target\site\serenity\df21e6c26c65d3edf4b2325579b7cd59c9840caad9572be82d4ff3be932892a5.png
16:37:27.987 [main] DEBUG net.thucydides.core.steps.StepInterceptor - STARTING STEP: StepInterceptor.testContext - nhập lại mật khẩu
16:37:28.803 [main] DEBUG net.serenitybdd.core.photography.Darkroom - Send negative for processing for C:\Users\Katon\Documents\JavaProject\DemoSerenityFramework\target\site\serenity\675eed0ae28e927e87fc25e9e5d36bbba4c9d739d6cd80e369885652741e2f03.png
16:37:28.803 [main] DEBUG net.thucydides.core.steps.StepInterceptor - STEP DONE: nhập lại mật khẩu
16:37:28.803 [Darkroom Processing Line] DEBUG net.serenitybdd.core.photography.DarkroomProcessingLine - Processing screenshot image in /var/screenshots/screenshot-16576109761301808141
16:37:28.803 [Darkroom Processing Line] DEBUG net.serenitybdd.core.photography.DarkroomProcessingLine - Saving screenshot to C:\Users\Katon\Documents\JavaProject\DemoSerenityFramework\target\site\serenity\675eed0ae28e927e87fc25e9e5d36bbba4c9d739d6cd80e369885652741e2f03.png
16:37:28.819 [main] DEBUG net.thucydides.core.steps.StepInterceptor - STARTING STEP: StepInterceptor.testContext - bấm nút đăng ký
16:37:29.596 [main] DEBUG net.serenitybdd.core.photography.Darkroom - Send negative for processing for C:\Users\Katon\Documents\JavaProject\DemoSerenityFramework\target\site\serenity\eafa5e3e13de9a1ac066831f92b6906195c7be7ac4d524f3a7fd31e80276ea12.png
16:37:29.596 [Darkroom Processing Line] DEBUG net.serenitybdd.core.photography.DarkroomProcessingLine - Processing screenshot image in /var/screenshots/screenshot-1368481795346213468
16:37:29.596 [Darkroom Processing Line] DEBUG net.serenitybdd.core.photography.DarkroomProcessingLine - Saving screenshot to C:\Users\Katon\Documents\JavaProject\DemoSerenityFramework\target\site\serenity\eafa5e3e13de9a1ac066831f92b6906195c7be7ac4d524f3a7fd31e80276ea12.png
16:37:29.596 [main] DEBUG net.thucydides.core.steps.StepInterceptor - STEP DONE: bấm nút đăng ký
16:37:29.596 [main] DEBUG net.thucydides.core.steps.StepInterceptor - STARTING STEP: StepInterceptor.testContext - kiểm tra hiển thị thông báo tài khoản không hợp lệ
16:37:30.465 [main] DEBUG net.serenitybdd.core.photography.Darkroom - Send negative for processing for C:\Users\Katon\Documents\JavaProject\DemoSerenityFramework\target\site\serenity\2787944d8cd636d0818615726d10dd4e1fa1344dddf5f44b98b915c5bb25bd31.png
16:37:30.465 [main] DEBUG net.thucydides.core.steps.StepInterceptor - STEP DONE: kiểm tra hiển thị thông báo tài khoản không hợp lệ
16:37:30.465 [Darkroom Processing Line] DEBUG net.serenitybdd.core.photography.DarkroomProcessingLine - Processing screenshot image in /var/screenshots/screenshot-12128598950840364620
16:37:30.465 [Darkroom Processing Line] DEBUG net.serenitybdd.core.photography.DarkroomProcessingLine - Saving screenshot to C:\Users\Katon\Documents\JavaProject\DemoSerenityFramework\target\site\serenity\2787944d8cd636d0818615726d10dd4e1fa1344dddf5f44b98b915c5bb25bd31.png
]]></system-out>
    <system-err><![CDATA[Mar 25, 2025 4:37:24 PM org.openqa.selenium.devtools.CdpVersionFinder findNearestMatch
WARNING: Unable to find CDP implementation matching 134
Mar 25, 2025 4:37:24 PM org.openqa.selenium.chromium.ChromiumDriver lambda$new$5
WARNING: Unable to find version of CDP to use for 134.0.6998.166. You may need to include a dependency on a specific version of the CDP using something similar to `org.seleniumhq.selenium:selenium-devtools-v86:4.14.1` where the version ("v86") matches the version of the chromium-based browser you're using and the version number of the artifact is the same as Selenium's.
]]></system-err>
  </testcase>
  <testcase name="checkInputUserAccountTooShort" classname="Test.Web.RegisterTest" time="7.032">
    <system-out><![CDATA[16:37:30.465 [main] INFO  - 
  _____   ___   ___   _____     ___     _     ___   ___   ___   ___  
 |_   _| | __| / __| |_   _|   | _ \   /_\   / __| / __| | __| |   \ 
   | |   | _|  \__ \   | |     |  _/  / _ \  \__ \ \__ \ | _|  | |) |
   |_|   |___| |___/   |_|     |_|   /_/ \_\ |___/ |___/ |___| |___/ 

kiểm tra bỏ trống tên đăng nhập
----------------------------------------------------------------------
16:37:30.655 [main] DEBUG net.thucydides.core.steps.StepEventBus - Test suite started for RegisterTest in class Test.Web.RegisterTest
16:37:30.655 [main] INFO  - Test Suite Started: RegisterTest
16:37:30.655 [main] DEBUG net.serenitybdd.junit5.SerenityTestExecutionListener - Thread[#1,main,5,main] Test started TestIdentifier [uniqueId = [engine:junit-jupiter]/[class:Test.Web.RegisterTest]/[method:checkInputUserAccountTooShort()], parentId = [engine:junit-jupiter]/[class:Test.Web.RegisterTest], displayName = 'kiểm tra nhập tên đăng nhập < 6 ký tự', legacyReportingName = 'checkInputUserAccountTooShort()', source = MethodSource [className = 'Test.Web.RegisterTest', methodName = 'checkInputUserAccountTooShort', methodParameterTypes = ''], tags = [], type = TEST]
16:37:30.655 [main] INFO  - 
  _____   ___   ___   _____     ___   _____     _     ___   _____   ___   ___  
 |_   _| | __| / __| |_   _|   / __| |_   _|   /_\   | _ \ |_   _| | __| |   \ 
   | |   | _|  \__ \   | |     \__ \   | |    / _ \  |   /   | |   | _|  | |) |
   |_|   |___| |___/   |_|     |___/   |_|   /_/ \_\ |_|_\   |_|   |___| |___/ 

kiểm tra nhập tên đăng nhập < 6 ký tự([engine:junit-jupiter]/[class:Test.Web.RegisterTest]/[method:checkInputUserAccountTooShort()])
--------------------------------------------------------------------------------
16:37:30.655 [main] DEBUG net.thucydides.core.steps.StepInterceptor - STARTING STEP: StepInterceptor.testContext - truy cập trang đăng ký
16:37:30.718 [main] INFO net.serenitybdd.core.webdriver.driverproviders.ChromeDriverProvider - Starting Chrome driver instance with capabilities:
16:37:30.718 [main] INFO net.serenitybdd.core.webdriver.driverproviders.ChromeDriverProvider - Capabilities {acceptInsecureCerts: false, browserName: chrome, goog:chromeOptions: {args: [remote-allow-origins=*, --headless=chrome, --headless], extensions: []}}
16:37:31.910 [main] DEBUG net.serenitybdd.core.photography.Darkroom - Opening darkroom
16:37:31.911 [Darkroom Processing Line] DEBUG net.serenitybdd.core.photography.DarkroomProcessingLine - Darkroom processing line starting up
16:37:32.285 [main] DEBUG net.serenitybdd.core.photography.Darkroom - Send negative for processing for C:\Users\Katon\Documents\JavaProject\DemoSerenityFramework\target\site\serenity\a133df92da281fbc66d6aa3e272f270ef64d2d70b223a006efe7dd0471ca972a.png
16:37:32.285 [main] DEBUG net.thucydides.core.steps.StepInterceptor - STEP DONE: truy cập trang đăng ký
16:37:32.296 [main] DEBUG net.thucydides.core.steps.StepInterceptor - STARTING STEP: StepInterceptor.testContext - xóa dữ liệu ô nhập
16:37:33.315 [main] DEBUG net.serenitybdd.core.photography.Darkroom - Send negative for processing for C:\Users\Katon\Documents\JavaProject\DemoSerenityFramework\target\site\serenity\a133df92da281fbc66d6aa3e272f270ef64d2d70b223a006efe7dd0471ca972a.png
16:37:33.315 [main] DEBUG net.thucydides.core.steps.StepInterceptor - STEP DONE: xóa dữ liệu ô nhập
16:37:33.331 [main] DEBUG net.thucydides.core.steps.StepInterceptor - STARTING STEP: StepInterceptor.testContext - nhập họ tên
16:37:34.167 [main] DEBUG net.serenitybdd.core.photography.Darkroom - Send negative for processing for C:\Users\Katon\Documents\JavaProject\DemoSerenityFramework\target\site\serenity\6474d4fd6098b06c1b26763957cd1782014b0dab15c01bf713df0e6a91baa7f6.png
16:37:34.167 [main] DEBUG net.thucydides.core.steps.StepInterceptor - STEP DONE: nhập họ tên
16:37:34.167 [main] DEBUG net.thucydides.core.steps.StepInterceptor - STARTING STEP: StepInterceptor.testContext - nhập số điện thoại
16:37:35.003 [main] DEBUG net.serenitybdd.core.photography.Darkroom - Send negative for processing for C:\Users\Katon\Documents\JavaProject\DemoSerenityFramework\target\site\serenity\b1a781ff43b0a78de254c5fa95da25c468bae06b0b23ab7e1b55ec87943397d9.png
16:37:35.003 [main] DEBUG net.thucydides.core.steps.StepInterceptor - STEP DONE: nhập số điện thoại
16:37:35.016 [main] DEBUG net.thucydides.core.steps.StepInterceptor - STARTING STEP: StepInterceptor.testContext - nhập địa chỉ email
16:37:35.365 [main] DEBUG net.serenitybdd.core.photography.Darkroom - Send negative for processing for C:\Users\Katon\Documents\JavaProject\DemoSerenityFramework\target\site\serenity\1184134d191e528d4827a3740f153a697cdbf2a43f6242d46d6a307625acf881.png
16:37:35.365 [main] DEBUG net.thucydides.core.steps.StepInterceptor - STEP DONE: nhập địa chỉ email
16:37:35.365 [main] DEBUG net.thucydides.core.steps.StepInterceptor - STARTING STEP: StepInterceptor.testContext - nhập tài khoản đăng nhập
16:37:35.413 [main] DEBUG net.thucydides.core.steps.StepInterceptor - STEP DONE: nhập tài khoản đăng nhập
16:37:35.413 [main] DEBUG net.thucydides.core.steps.StepInterceptor - STARTING STEP: StepInterceptor.testContext - nhập mật khẩu
16:37:35.750 [main] DEBUG net.serenitybdd.core.photography.Darkroom - Send negative for processing for C:\Users\Katon\Documents\JavaProject\DemoSerenityFramework\target\site\serenity\ab98421d89bed9e093a394bc8924d33bf63146f980855505230cedd3e2ef4f5e.png
16:37:35.750 [main] DEBUG net.thucydides.core.steps.StepInterceptor - STEP DONE: nhập mật khẩu
16:37:35.750 [Darkroom Processing Line] DEBUG net.serenitybdd.core.photography.DarkroomProcessingLine - Processing screenshot image in /var/screenshots/screenshot-5065335333942934805
16:37:35.750 [Darkroom Processing Line] DEBUG net.serenitybdd.core.photography.DarkroomProcessingLine - Saving screenshot to C:\Users\Katon\Documents\JavaProject\DemoSerenityFramework\target\site\serenity\ab98421d89bed9e093a394bc8924d33bf63146f980855505230cedd3e2ef4f5e.png
16:37:35.761 [main] DEBUG net.thucydides.core.steps.StepInterceptor - STARTING STEP: StepInterceptor.testContext - nhập lại mật khẩu
16:37:36.584 [main] DEBUG net.serenitybdd.core.photography.Darkroom - Send negative for processing for C:\Users\Katon\Documents\JavaProject\DemoSerenityFramework\target\site\serenity\30e743ac127b485d121d14f492c6aaac924ec58ef2d32beb6db3b646f2f067a7.png
16:37:36.584 [main] DEBUG net.thucydides.core.steps.StepInterceptor - STEP DONE: nhập lại mật khẩu
16:37:36.584 [Darkroom Processing Line] DEBUG net.serenitybdd.core.photography.DarkroomProcessingLine - Processing screenshot image in /var/screenshots/screenshot-11751187418166465429
16:37:36.584 [Darkroom Processing Line] DEBUG net.serenitybdd.core.photography.DarkroomProcessingLine - Saving screenshot to C:\Users\Katon\Documents\JavaProject\DemoSerenityFramework\target\site\serenity\30e743ac127b485d121d14f492c6aaac924ec58ef2d32beb6db3b646f2f067a7.png
16:37:36.584 [main] DEBUG net.thucydides.core.steps.StepInterceptor - STARTING STEP: StepInterceptor.testContext - bấm nút đăng ký
16:37:37.329 [main] DEBUG net.serenitybdd.core.photography.Darkroom - Send negative for processing for C:\Users\Katon\Documents\JavaProject\DemoSerenityFramework\target\site\serenity\fa9d8dd2ea92147163b4fb26a6f2ec2e6c25a76ff83b657a4828e96219da26f6.png
16:37:37.329 [Darkroom Processing Line] DEBUG net.serenitybdd.core.photography.DarkroomProcessingLine - Processing screenshot image in /var/screenshots/screenshot-6177185264148362152
16:37:37.329 [Darkroom Processing Line] DEBUG net.serenitybdd.core.photography.DarkroomProcessingLine - Saving screenshot to C:\Users\Katon\Documents\JavaProject\DemoSerenityFramework\target\site\serenity\fa9d8dd2ea92147163b4fb26a6f2ec2e6c25a76ff83b657a4828e96219da26f6.png
16:37:37.329 [main] DEBUG net.thucydides.core.steps.StepInterceptor - STEP DONE: bấm nút đăng ký
16:37:37.329 [main] DEBUG net.thucydides.core.steps.StepInterceptor - STARTING STEP: StepInterceptor.testContext - kiểm tra hiển thị thông báo tài khoản không hợp lệ
16:37:37.687 [main] DEBUG net.serenitybdd.core.photography.Darkroom - Send negative for processing for C:\Users\Katon\Documents\JavaProject\DemoSerenityFramework\target\site\serenity\4eed75f2144690bf5a25a11ebbd7371203d764692d47a4dc84ef21ff76445ee8.png
16:37:37.687 [main] DEBUG net.thucydides.core.steps.StepInterceptor - STEP DONE: kiểm tra hiển thị thông báo tài khoản không hợp lệ
16:37:37.687 [Darkroom Processing Line] DEBUG net.serenitybdd.core.photography.DarkroomProcessingLine - Processing screenshot image in /var/screenshots/screenshot-10391252601938103969
16:37:37.687 [Darkroom Processing Line] DEBUG net.serenitybdd.core.photography.DarkroomProcessingLine - Saving screenshot to C:\Users\Katon\Documents\JavaProject\DemoSerenityFramework\target\site\serenity\4eed75f2144690bf5a25a11ebbd7371203d764692d47a4dc84ef21ff76445ee8.png
]]></system-out>
    <system-err><![CDATA[Mar 25, 2025 4:37:31 PM org.openqa.selenium.devtools.CdpVersionFinder findNearestMatch
WARNING: Unable to find CDP implementation matching 134
Mar 25, 2025 4:37:31 PM org.openqa.selenium.chromium.ChromiumDriver lambda$new$5
WARNING: Unable to find version of CDP to use for 134.0.6998.166. You may need to include a dependency on a specific version of the CDP using something similar to `org.seleniumhq.selenium:selenium-devtools-v86:4.14.1` where the version ("v86") matches the version of the chromium-based browser you're using and the version number of the artifact is the same as Selenium's.
]]></system-err>
  </testcase>
  <testcase name="checkEmptyInputUserPassword" classname="Test.Web.RegisterTest" time="6.53">
    <system-out><![CDATA[16:37:37.696 [main] INFO  - 
  _____   ___   ___   _____     ___     _     ___   ___   ___   ___  
 |_   _| | __| / __| |_   _|   | _ \   /_\   / __| / __| | __| |   \ 
   | |   | _|  \__ \   | |     |  _/  / _ \  \__ \ \__ \ | _|  | |) |
   |_|   |___| |___/   |_|     |_|   /_/ \_\ |___/ |___/ |___| |___/ 

kiểm tra nhập tên đăng nhập < 6 ký tự
----------------------------------------------------------------------
16:37:37.853 [main] DEBUG net.thucydides.core.steps.StepEventBus - Test suite started for RegisterTest in class Test.Web.RegisterTest
16:37:37.853 [main] INFO  - Test Suite Started: RegisterTest
16:37:37.853 [main] DEBUG net.serenitybdd.junit5.SerenityTestExecutionListener - Thread[#1,main,5,main] Test started TestIdentifier [uniqueId = [engine:junit-jupiter]/[class:Test.Web.RegisterTest]/[method:checkEmptyInputUserPassword()], parentId = [engine:junit-jupiter]/[class:Test.Web.RegisterTest], displayName = 'kiểm tra bỏ trống mật khẩu', legacyReportingName = 'checkEmptyInputUserPassword()', source = MethodSource [className = 'Test.Web.RegisterTest', methodName = 'checkEmptyInputUserPassword', methodParameterTypes = ''], tags = [], type = TEST]
16:37:37.853 [main] INFO  - 
  _____   ___   ___   _____     ___   _____     _     ___   _____   ___   ___  
 |_   _| | __| / __| |_   _|   / __| |_   _|   /_\   | _ \ |_   _| | __| |   \ 
   | |   | _|  \__ \   | |     \__ \   | |    / _ \  |   /   | |   | _|  | |) |
   |_|   |___| |___/   |_|     |___/   |_|   /_/ \_\ |_|_\   |_|   |___| |___/ 

kiểm tra bỏ trống mật khẩu([engine:junit-jupiter]/[class:Test.Web.RegisterTest]/[method:checkEmptyInputUserPassword()])
--------------------------------------------------------------------------------
16:37:37.869 [main] DEBUG net.thucydides.core.steps.StepInterceptor - STARTING STEP: StepInterceptor.testContext - truy cập trang đăng ký
16:37:37.900 [main] INFO net.serenitybdd.core.webdriver.driverproviders.ChromeDriverProvider - Starting Chrome driver instance with capabilities:
16:37:37.900 [main] INFO net.serenitybdd.core.webdriver.driverproviders.ChromeDriverProvider - Capabilities {acceptInsecureCerts: false, browserName: chrome, goog:chromeOptions: {args: [remote-allow-origins=*, --headless=chrome, --headless], extensions: []}}
16:37:39.013 [main] DEBUG net.serenitybdd.core.photography.Darkroom - Opening darkroom
16:37:39.013 [Darkroom Processing Line] DEBUG net.serenitybdd.core.photography.DarkroomProcessingLine - Darkroom processing line starting up
16:37:39.800 [main] DEBUG net.serenitybdd.core.photography.Darkroom - Send negative for processing for C:\Users\Katon\Documents\JavaProject\DemoSerenityFramework\target\site\serenity\a133df92da281fbc66d6aa3e272f270ef64d2d70b223a006efe7dd0471ca972a.png
16:37:39.800 [main] DEBUG net.thucydides.core.steps.StepInterceptor - STEP DONE: truy cập trang đăng ký
16:37:39.800 [main] DEBUG net.thucydides.core.steps.StepInterceptor - STARTING STEP: StepInterceptor.testContext - xóa dữ liệu ô nhập
16:37:40.318 [main] DEBUG net.serenitybdd.core.photography.Darkroom - Send negative for processing for C:\Users\Katon\Documents\JavaProject\DemoSerenityFramework\target\site\serenity\a133df92da281fbc66d6aa3e272f270ef64d2d70b223a006efe7dd0471ca972a.png
16:37:40.318 [main] DEBUG net.thucydides.core.steps.StepInterceptor - STEP DONE: xóa dữ liệu ô nhập
16:37:40.330 [main] DEBUG net.thucydides.core.steps.StepInterceptor - STARTING STEP: StepInterceptor.testContext - nhập họ tên
16:37:41.183 [main] DEBUG net.serenitybdd.core.photography.Darkroom - Send negative for processing for C:\Users\Katon\Documents\JavaProject\DemoSerenityFramework\target\site\serenity\6474d4fd6098b06c1b26763957cd1782014b0dab15c01bf713df0e6a91baa7f6.png
16:37:41.183 [main] DEBUG net.thucydides.core.steps.StepInterceptor - STEP DONE: nhập họ tên
16:37:41.183 [main] DEBUG net.thucydides.core.steps.StepInterceptor - STARTING STEP: StepInterceptor.testContext - nhập số điện thoại
16:37:41.516 [main] DEBUG net.serenitybdd.core.photography.Darkroom - Send negative for processing for C:\Users\Katon\Documents\JavaProject\DemoSerenityFramework\target\site\serenity\713988226fd6308db432e01fa9eebfba9e17d04afcf7e72eac645b20028d6aef.png
16:37:41.516 [main] DEBUG net.thucydides.core.steps.StepInterceptor - STEP DONE: nhập số điện thoại
16:37:41.516 [main] DEBUG net.thucydides.core.steps.StepInterceptor - STARTING STEP: StepInterceptor.testContext - nhập địa chỉ email
16:37:42.350 [main] DEBUG net.serenitybdd.core.photography.Darkroom - Send negative for processing for C:\Users\Katon\Documents\JavaProject\DemoSerenityFramework\target\site\serenity\42b1507c2acebdcc2ee8fa843b2c9001aaccebc87b494b190006a5a1303a4df7.png
16:37:42.350 [main] DEBUG net.thucydides.core.steps.StepInterceptor - STEP DONE: nhập địa chỉ email
16:37:42.362 [main] DEBUG net.thucydides.core.steps.StepInterceptor - STARTING STEP: StepInterceptor.testContext - nhập tài khoản đăng nhập
16:37:42.702 [main] DEBUG net.serenitybdd.core.photography.Darkroom - Send negative for processing for C:\Users\Katon\Documents\JavaProject\DemoSerenityFramework\target\site\serenity\dad99f6074d2633b9913b8bc9c0aa8a0d85971dcc5cad4438c26f4a93bdaa207.png
16:37:42.702 [main] DEBUG net.thucydides.core.steps.StepInterceptor - STEP DONE: nhập tài khoản đăng nhập
16:37:42.716 [main] DEBUG net.thucydides.core.steps.StepInterceptor - STARTING STEP: StepInterceptor.testContext - nhập lại mật khẩu
16:37:43.063 [main] DEBUG net.serenitybdd.core.photography.Darkroom - Send negative for processing for C:\Users\Katon\Documents\JavaProject\DemoSerenityFramework\target\site\serenity\b91f1fa88467cda6016483c3acb67a700d8203783b91632e25287a7649b0b0b8.png
16:37:43.063 [main] DEBUG net.thucydides.core.steps.StepInterceptor - STEP DONE: nhập lại mật khẩu
16:37:43.063 [Darkroom Processing Line] DEBUG net.serenitybdd.core.photography.DarkroomProcessingLine - Processing screenshot image in /var/screenshots/screenshot-6137400593773004960
16:37:43.063 [Darkroom Processing Line] DEBUG net.serenitybdd.core.photography.DarkroomProcessingLine - Saving screenshot to C:\Users\Katon\Documents\JavaProject\DemoSerenityFramework\target\site\serenity\b91f1fa88467cda6016483c3acb67a700d8203783b91632e25287a7649b0b0b8.png
16:37:43.068 [main] DEBUG net.thucydides.core.steps.StepInterceptor - STARTING STEP: StepInterceptor.testContext - bấm nút đăng ký
16:37:43.979 [main] DEBUG net.serenitybdd.core.photography.Darkroom - Send negative for processing for C:\Users\Katon\Documents\JavaProject\DemoSerenityFramework\target\site\serenity\108f0f28de0894828a4713313ac3f364e5acba9ab43760070b3dca499fc6bd68.png
16:37:43.979 [Darkroom Processing Line] DEBUG net.serenitybdd.core.photography.DarkroomProcessingLine - Processing screenshot image in /var/screenshots/screenshot-7458828899057079064
16:37:43.979 [Darkroom Processing Line] DEBUG net.serenitybdd.core.photography.DarkroomProcessingLine - Saving screenshot to C:\Users\Katon\Documents\JavaProject\DemoSerenityFramework\target\site\serenity\108f0f28de0894828a4713313ac3f364e5acba9ab43760070b3dca499fc6bd68.png
16:37:43.979 [main] DEBUG net.thucydides.core.steps.StepInterceptor - STEP DONE: bấm nút đăng ký
16:37:43.979 [main] DEBUG net.thucydides.core.steps.StepInterceptor - STARTING STEP: StepInterceptor.testContext - kiểm tra hiển thị thông báo mật khẩu không hợp lệ
16:37:44.382 [main] DEBUG net.serenitybdd.core.photography.Darkroom - Send negative for processing for C:\Users\Katon\Documents\JavaProject\DemoSerenityFramework\target\site\serenity\c79a710029d382eadc514ed989fbb5b41baae6820749827e0932e32ae8f27118.png
16:37:44.383 [main] DEBUG net.thucydides.core.steps.StepInterceptor - STEP DONE: kiểm tra hiển thị thông báo mật khẩu không hợp lệ
]]></system-out>
    <system-err><![CDATA[Mar 25, 2025 4:37:38 PM org.openqa.selenium.devtools.CdpVersionFinder findNearestMatch
WARNING: Unable to find CDP implementation matching 134
Mar 25, 2025 4:37:38 PM org.openqa.selenium.chromium.ChromiumDriver lambda$new$5
WARNING: Unable to find version of CDP to use for 134.0.6998.166. You may need to include a dependency on a specific version of the CDP using something similar to `org.seleniumhq.selenium:selenium-devtools-v86:4.14.1` where the version ("v86") matches the version of the chromium-based browser you're using and the version number of the artifact is the same as Selenium's.
]]></system-err>
  </testcase>
  <testcase name="checkInputUserPhoneTooShort" classname="Test.Web.RegisterTest" time="6.453">
    <system-out><![CDATA[16:37:44.385 [main] INFO  - 
  _____   ___   ___   _____     ___     _     ___   ___   ___   ___  
 |_   _| | __| / __| |_   _|   | _ \   /_\   / __| / __| | __| |   \ 
   | |   | _|  \__ \   | |     |  _/  / _ \  \__ \ \__ \ | _|  | |) |
   |_|   |___| |___/   |_|     |_|   /_/ \_\ |___/ |___/ |___| |___/ 

kiểm tra bỏ trống mật khẩu
----------------------------------------------------------------------
16:37:44.551 [main] DEBUG net.thucydides.core.steps.StepEventBus - Test suite started for RegisterTest in class Test.Web.RegisterTest
16:37:44.551 [main] INFO  - Test Suite Started: RegisterTest
16:37:44.551 [main] DEBUG net.serenitybdd.junit5.SerenityTestExecutionListener - Thread[#1,main,5,main] Test started TestIdentifier [uniqueId = [engine:junit-jupiter]/[class:Test.Web.RegisterTest]/[method:checkInputUserPhoneTooShort()], parentId = [engine:junit-jupiter]/[class:Test.Web.RegisterTest], displayName = 'kiểm tra nhập số điện thoại < 10 ký tự', legacyReportingName = 'checkInputUserPhoneTooShort()', source = MethodSource [className = 'Test.Web.RegisterTest', methodName = 'checkInputUserPhoneTooShort', methodParameterTypes = ''], tags = [], type = TEST]
16:37:44.551 [main] INFO  - 
  _____   ___   ___   _____     ___   _____     _     ___   _____   ___   ___  
 |_   _| | __| / __| |_   _|   / __| |_   _|   /_\   | _ \ |_   _| | __| |   \ 
   | |   | _|  \__ \   | |     \__ \   | |    / _ \  |   /   | |   | _|  | |) |
   |_|   |___| |___/   |_|     |___/   |_|   /_/ \_\ |_|_\   |_|   |___| |___/ 

kiểm tra nhập số điện thoại < 10 ký tự([engine:junit-jupiter]/[class:Test.Web.RegisterTest]/[method:checkInputUserPhoneTooShort()])
--------------------------------------------------------------------------------
16:37:44.567 [main] DEBUG net.thucydides.core.steps.StepInterceptor - STARTING STEP: StepInterceptor.testContext - truy cập trang đăng ký
16:37:44.613 [main] INFO net.serenitybdd.core.webdriver.driverproviders.ChromeDriverProvider - Starting Chrome driver instance with capabilities:
16:37:44.613 [main] INFO net.serenitybdd.core.webdriver.driverproviders.ChromeDriverProvider - Capabilities {acceptInsecureCerts: false, browserName: chrome, goog:chromeOptions: {args: [remote-allow-origins=*, --headless=chrome, --headless], extensions: []}}
16:37:45.765 [main] DEBUG net.serenitybdd.core.photography.Darkroom - Opening darkroom
16:37:45.765 [Darkroom Processing Line] DEBUG net.serenitybdd.core.photography.DarkroomProcessingLine - Darkroom processing line starting up
16:37:46.129 [main] DEBUG net.serenitybdd.core.photography.Darkroom - Send negative for processing for C:\Users\Katon\Documents\JavaProject\DemoSerenityFramework\target\site\serenity\a133df92da281fbc66d6aa3e272f270ef64d2d70b223a006efe7dd0471ca972a.png
16:37:46.129 [main] DEBUG net.thucydides.core.steps.StepInterceptor - STEP DONE: truy cập trang đăng ký
16:37:46.131 [main] DEBUG net.thucydides.core.steps.StepInterceptor - STARTING STEP: StepInterceptor.testContext - xóa dữ liệu ô nhập
16:37:46.583 [main] DEBUG net.serenitybdd.core.photography.Darkroom - Send negative for processing for C:\Users\Katon\Documents\JavaProject\DemoSerenityFramework\target\site\serenity\a133df92da281fbc66d6aa3e272f270ef64d2d70b223a006efe7dd0471ca972a.png
16:37:46.583 [main] DEBUG net.thucydides.core.steps.StepInterceptor - STEP DONE: xóa dữ liệu ô nhập
16:37:46.583 [main] DEBUG net.thucydides.core.steps.StepInterceptor - STARTING STEP: StepInterceptor.testContext - nhập họ tên
16:37:47.001 [main] DEBUG net.serenitybdd.core.photography.Darkroom - Send negative for processing for C:\Users\Katon\Documents\JavaProject\DemoSerenityFramework\target\site\serenity\5657ac1b07cf7d3c47389e855205948b9dc159e7e99230bc73a60082e7b62ae4.png
16:37:47.001 [main] DEBUG net.thucydides.core.steps.StepInterceptor - STEP DONE: nhập họ tên
16:37:47.014 [main] DEBUG net.thucydides.core.steps.StepInterceptor - STARTING STEP: StepInterceptor.testContext - nhập số điện thoại
16:37:47.049 [main] DEBUG net.thucydides.core.steps.StepInterceptor - STEP DONE: nhập số điện thoại
16:37:47.863 [main] DEBUG net.serenitybdd.core.photography.Darkroom - Send negative for processing for C:\Users\Katon\Documents\JavaProject\DemoSerenityFramework\target\site\serenity\998049f9143c90e30312836aa27e93f6d6600bf1fa883540fce795f99da9338e.png
16:37:47.863 [Darkroom Processing Line] DEBUG net.serenitybdd.core.photography.DarkroomProcessingLine - Processing screenshot image in /var/screenshots/screenshot-15189115968474046092
16:37:47.863 [Darkroom Processing Line] DEBUG net.serenitybdd.core.photography.DarkroomProcessingLine - Saving screenshot to C:\Users\Katon\Documents\JavaProject\DemoSerenityFramework\target\site\serenity\998049f9143c90e30312836aa27e93f6d6600bf1fa883540fce795f99da9338e.png
16:37:47.863 [main] DEBUG net.thucydides.core.steps.StepInterceptor - STARTING STEP: StepInterceptor.testContext - nhập địa chỉ email
16:37:48.697 [main] DEBUG net.serenitybdd.core.photography.Darkroom - Send negative for processing for C:\Users\Katon\Documents\JavaProject\DemoSerenityFramework\target\site\serenity\4e0e97a7c85da73ababe2988eb1914901ad9533908da1883280d5d70cdb85c44.png
16:37:48.697 [main] DEBUG net.thucydides.core.steps.StepInterceptor - STEP DONE: nhập địa chỉ email
16:37:48.697 [Darkroom Processing Line] DEBUG net.serenitybdd.core.photography.DarkroomProcessingLine - Processing screenshot image in /var/screenshots/screenshot-5798787886931807824
16:37:48.697 [Darkroom Processing Line] DEBUG net.serenitybdd.core.photography.DarkroomProcessingLine - Saving screenshot to C:\Users\Katon\Documents\JavaProject\DemoSerenityFramework\target\site\serenity\4e0e97a7c85da73ababe2988eb1914901ad9533908da1883280d5d70cdb85c44.png
16:37:48.702 [main] DEBUG net.thucydides.core.steps.StepInterceptor - STARTING STEP: StepInterceptor.testContext - nhập tài khoản đăng nhập
16:37:48.734 [main] DEBUG net.thucydides.core.steps.StepInterceptor - STEP DONE: nhập tài khoản đăng nhập
16:37:48.746 [main] DEBUG net.thucydides.core.steps.StepInterceptor - STARTING STEP: StepInterceptor.testContext - nhập mật khẩu
16:37:49.058 [main] DEBUG net.serenitybdd.core.photography.Darkroom - Send negative for processing for C:\Users\Katon\Documents\JavaProject\DemoSerenityFramework\target\site\serenity\bb42f2a4495ee0a7add99b94094d9a144b8dd3b45c5289a6f3b2d49381c567b6.png
16:37:49.073 [main] DEBUG net.thucydides.core.steps.StepInterceptor - STEP DONE: nhập mật khẩu
16:37:49.073 [Darkroom Processing Line] DEBUG net.serenitybdd.core.photography.DarkroomProcessingLine - Processing screenshot image in /var/screenshots/screenshot-14817050140180955474
16:37:49.073 [Darkroom Processing Line] DEBUG net.serenitybdd.core.photography.DarkroomProcessingLine - Saving screenshot to C:\Users\Katon\Documents\JavaProject\DemoSerenityFramework\target\site\serenity\bb42f2a4495ee0a7add99b94094d9a144b8dd3b45c5289a6f3b2d49381c567b6.png
16:37:49.073 [main] DEBUG net.thucydides.core.steps.StepInterceptor - STARTING STEP: StepInterceptor.testContext - nhập lại mật khẩu
16:37:49.900 [main] DEBUG net.serenitybdd.core.photography.Darkroom - Send negative for processing for C:\Users\Katon\Documents\JavaProject\DemoSerenityFramework\target\site\serenity\f829954a1e08a2fed586ddad7cb27142113c1f8fb7342ec63c1f70e52ae57c0d.png
16:37:49.900 [main] DEBUG net.thucydides.core.steps.StepInterceptor - STEP DONE: nhập lại mật khẩu
16:37:49.900 [Darkroom Processing Line] DEBUG net.serenitybdd.core.photography.DarkroomProcessingLine - Processing screenshot image in /var/screenshots/screenshot-3098237441210295772
16:37:49.900 [Darkroom Processing Line] DEBUG net.serenitybdd.core.photography.DarkroomProcessingLine - Saving screenshot to C:\Users\Katon\Documents\JavaProject\DemoSerenityFramework\target\site\serenity\f829954a1e08a2fed586ddad7cb27142113c1f8fb7342ec63c1f70e52ae57c0d.png
16:37:49.917 [main] DEBUG net.thucydides.core.steps.StepInterceptor - STARTING STEP: StepInterceptor.testContext - bấm nút đăng ký
16:37:50.629 [main] DEBUG net.serenitybdd.core.photography.Darkroom - Send negative for processing for C:\Users\Katon\Documents\JavaProject\DemoSerenityFramework\target\site\serenity\78a05dde923f21b9e4b827850750edb904a08b8e3759f3a00927f4cf6925eed5.png
16:37:50.629 [Darkroom Processing Line] DEBUG net.serenitybdd.core.photography.DarkroomProcessingLine - Processing screenshot image in /var/screenshots/screenshot-383106611985947584
16:37:50.629 [Darkroom Processing Line] DEBUG net.serenitybdd.core.photography.DarkroomProcessingLine - Saving screenshot to C:\Users\Katon\Documents\JavaProject\DemoSerenityFramework\target\site\serenity\78a05dde923f21b9e4b827850750edb904a08b8e3759f3a00927f4cf6925eed5.png
16:37:50.646 [main] DEBUG net.thucydides.core.steps.StepInterceptor - STEP DONE: bấm nút đăng ký
16:37:50.646 [main] DEBUG net.thucydides.core.steps.StepInterceptor - STARTING STEP: StepInterceptor.testContext - kiểm tra hiển thị thông báo số điện thoại không hợp lệ
16:37:51.004 [main] DEBUG net.serenitybdd.core.photography.Darkroom - Send negative for processing for C:\Users\Katon\Documents\JavaProject\DemoSerenityFramework\target\site\serenity\995e3d61b929c9ff1c11ce402f8d2741f0b69525e21ec6c70dcbb0e979c509a4.png
16:37:51.004 [main] DEBUG net.thucydides.core.steps.StepInterceptor - STEP DONE: kiểm tra hiển thị thông báo số điện thoại không hợp lệ
16:37:51.004 [Darkroom Processing Line] DEBUG net.serenitybdd.core.photography.DarkroomProcessingLine - Processing screenshot image in /var/screenshots/screenshot-6567251727735356890
16:37:51.004 [Darkroom Processing Line] DEBUG net.serenitybdd.core.photography.DarkroomProcessingLine - Saving screenshot to C:\Users\Katon\Documents\JavaProject\DemoSerenityFramework\target\site\serenity\995e3d61b929c9ff1c11ce402f8d2741f0b69525e21ec6c70dcbb0e979c509a4.png
]]></system-out>
    <system-err><![CDATA[Mar 25, 2025 4:37:45 PM org.openqa.selenium.devtools.CdpVersionFinder findNearestMatch
WARNING: Unable to find CDP implementation matching 134
Mar 25, 2025 4:37:45 PM org.openqa.selenium.chromium.ChromiumDriver lambda$new$5
WARNING: Unable to find version of CDP to use for 134.0.6998.166. You may need to include a dependency on a specific version of the CDP using something similar to `org.seleniumhq.selenium:selenium-devtools-v86:4.14.1` where the version ("v86") matches the version of the chromium-based browser you're using and the version number of the artifact is the same as Selenium's.
]]></system-err>
  </testcase>
  <testcase name="checkInputUserPhoneOnlySpace" classname="Test.Web.RegisterTest" time="7.009">
    <system-out><![CDATA[16:37:51.004 [main] INFO  - 
  _____   ___   ___   _____     ___     _     ___   ___   ___   ___  
 |_   _| | __| / __| |_   _|   | _ \   /_\   / __| / __| | __| |   \ 
   | |   | _|  \__ \   | |     |  _/  / _ \  \__ \ \__ \ | _|  | |) |
   |_|   |___| |___/   |_|     |_|   /_/ \_\ |___/ |___/ |___| |___/ 

kiểm tra nhập số điện thoại < 10 ký tự
----------------------------------------------------------------------
16:37:51.174 [main] DEBUG net.thucydides.core.steps.StepEventBus - Test suite started for RegisterTest in class Test.Web.RegisterTest
16:37:51.174 [main] INFO  - Test Suite Started: RegisterTest
16:37:51.174 [main] DEBUG net.serenitybdd.junit5.SerenityTestExecutionListener - Thread[#1,main,5,main] Test started TestIdentifier [uniqueId = [engine:junit-jupiter]/[class:Test.Web.RegisterTest]/[method:checkInputUserPhoneOnlySpace()], parentId = [engine:junit-jupiter]/[class:Test.Web.RegisterTest], displayName = 'kiểm tra nhập số điện thoại chỉ chứa khoảng trắng', legacyReportingName = 'checkInputUserPhoneOnlySpace()', source = MethodSource [className = 'Test.Web.RegisterTest', methodName = 'checkInputUserPhoneOnlySpace', methodParameterTypes = ''], tags = [], type = TEST]
16:37:51.174 [main] INFO  - 
  _____   ___   ___   _____     ___   _____     _     ___   _____   ___   ___  
 |_   _| | __| / __| |_   _|   / __| |_   _|   /_\   | _ \ |_   _| | __| |   \ 
   | |   | _|  \__ \   | |     \__ \   | |    / _ \  |   /   | |   | _|  | |) |
   |_|   |___| |___/   |_|     |___/   |_|   /_/ \_\ |_|_\   |_|   |___| |___/ 

kiểm tra nhập số điện thoại chỉ chứa khoảng trắng([engine:junit-jupiter]/[class:Test.Web.RegisterTest]/[method:checkInputUserPhoneOnlySpace()])
--------------------------------------------------------------------------------
16:37:51.174 [main] DEBUG net.thucydides.core.steps.StepInterceptor - STARTING STEP: StepInterceptor.testContext - truy cập trang đăng ký
16:37:51.221 [main] INFO net.serenitybdd.core.webdriver.driverproviders.ChromeDriverProvider - Starting Chrome driver instance with capabilities:
16:37:51.221 [main] INFO net.serenitybdd.core.webdriver.driverproviders.ChromeDriverProvider - Capabilities {acceptInsecureCerts: false, browserName: chrome, goog:chromeOptions: {args: [remote-allow-origins=*, --headless=chrome, --headless], extensions: []}}
16:37:52.413 [main] DEBUG net.serenitybdd.core.photography.Darkroom - Opening darkroom
16:37:52.414 [Darkroom Processing Line] DEBUG net.serenitybdd.core.photography.DarkroomProcessingLine - Darkroom processing line starting up
16:37:52.801 [main] DEBUG net.serenitybdd.core.photography.Darkroom - Send negative for processing for C:\Users\Katon\Documents\JavaProject\DemoSerenityFramework\target\site\serenity\a133df92da281fbc66d6aa3e272f270ef64d2d70b223a006efe7dd0471ca972a.png
16:37:52.801 [main] DEBUG net.thucydides.core.steps.StepInterceptor - STEP DONE: truy cập trang đăng ký
16:37:52.813 [main] DEBUG net.thucydides.core.steps.StepInterceptor - STARTING STEP: StepInterceptor.testContext - xóa dữ liệu ô nhập
16:37:53.284 [main] DEBUG net.serenitybdd.core.photography.Darkroom - Send negative for processing for C:\Users\Katon\Documents\JavaProject\DemoSerenityFramework\target\site\serenity\a133df92da281fbc66d6aa3e272f270ef64d2d70b223a006efe7dd0471ca972a.png
16:37:53.284 [main] DEBUG net.thucydides.core.steps.StepInterceptor - STEP DONE: xóa dữ liệu ô nhập
16:37:53.296 [main] DEBUG net.thucydides.core.steps.StepInterceptor - STARTING STEP: StepInterceptor.testContext - nhập họ tên
16:37:53.701 [main] DEBUG net.serenitybdd.core.photography.Darkroom - Send negative for processing for C:\Users\Katon\Documents\JavaProject\DemoSerenityFramework\target\site\serenity\5657ac1b07cf7d3c47389e855205948b9dc159e7e99230bc73a60082e7b62ae4.png
16:37:53.701 [main] DEBUG net.thucydides.core.steps.StepInterceptor - STEP DONE: nhập họ tên
16:37:53.713 [main] DEBUG net.thucydides.core.steps.StepInterceptor - STARTING STEP: StepInterceptor.testContext - nhập số điện thoại
16:37:54.058 [main] DEBUG net.serenitybdd.core.photography.Darkroom - Send negative for processing for C:\Users\Katon\Documents\JavaProject\DemoSerenityFramework\target\site\serenity\d9a55b9df9ea0ec5694f7d8de00e1ca99fb0182d6602f70e1ea3d91eee798746.png
16:37:54.058 [main] DEBUG net.thucydides.core.steps.StepInterceptor - STEP DONE: nhập số điện thoại
16:37:54.062 [Darkroom Processing Line] DEBUG net.serenitybdd.core.photography.DarkroomProcessingLine - Processing screenshot image in /var/screenshots/screenshot-2534785483960188436
16:37:54.062 [Darkroom Processing Line] DEBUG net.serenitybdd.core.photography.DarkroomProcessingLine - Saving screenshot to C:\Users\Katon\Documents\JavaProject\DemoSerenityFramework\target\site\serenity\d9a55b9df9ea0ec5694f7d8de00e1ca99fb0182d6602f70e1ea3d91eee798746.png
16:37:54.069 [main] DEBUG net.thucydides.core.steps.StepInterceptor - STARTING STEP: StepInterceptor.testContext - nhập địa chỉ email
16:37:54.464 [main] DEBUG net.serenitybdd.core.photography.Darkroom - Send negative for processing for C:\Users\Katon\Documents\JavaProject\DemoSerenityFramework\target\site\serenity\b4d4a10efa4a698aafd9539f38c94768e53243c0f10f46f13f4c696a9a96a39f.png
16:37:54.464 [main] DEBUG net.thucydides.core.steps.StepInterceptor - STEP DONE: nhập địa chỉ email
16:37:54.464 [Darkroom Processing Line] DEBUG net.serenitybdd.core.photography.DarkroomProcessingLine - Processing screenshot image in /var/screenshots/screenshot-1119912068493340958
16:37:54.464 [Darkroom Processing Line] DEBUG net.serenitybdd.core.photography.DarkroomProcessingLine - Saving screenshot to C:\Users\Katon\Documents\JavaProject\DemoSerenityFramework\target\site\serenity\b4d4a10efa4a698aafd9539f38c94768e53243c0f10f46f13f4c696a9a96a39f.png
16:37:54.481 [main] DEBUG net.thucydides.core.steps.StepInterceptor - STARTING STEP: StepInterceptor.testContext - nhập tài khoản đăng nhập
16:37:55.300 [main] DEBUG net.serenitybdd.core.photography.Darkroom - Send negative for processing for C:\Users\Katon\Documents\JavaProject\DemoSerenityFramework\target\site\serenity\667ba33767a823890f13fd3139394a85bdf3981010b7980ebf6a488c6c08d1f9.png
16:37:55.300 [main] DEBUG net.thucydides.core.steps.StepInterceptor - STEP DONE: nhập tài khoản đăng nhập
16:37:55.300 [Darkroom Processing Line] DEBUG net.serenitybdd.core.photography.DarkroomProcessingLine - Processing screenshot image in /var/screenshots/screenshot-7674666102915739548
16:37:55.300 [Darkroom Processing Line] DEBUG net.serenitybdd.core.photography.DarkroomProcessingLine - Saving screenshot to C:\Users\Katon\Documents\JavaProject\DemoSerenityFramework\target\site\serenity\667ba33767a823890f13fd3139394a85bdf3981010b7980ebf6a488c6c08d1f9.png
16:37:55.312 [main] DEBUG net.thucydides.core.steps.StepInterceptor - STARTING STEP: StepInterceptor.testContext - nhập mật khẩu
16:37:56.135 [main] DEBUG net.serenitybdd.core.photography.Darkroom - Send negative for processing for C:\Users\Katon\Documents\JavaProject\DemoSerenityFramework\target\site\serenity\dec11de26858c134f100cd4caddb0bfeccef2853ff49f0e917a643670427fe67.png
16:37:56.135 [main] DEBUG net.thucydides.core.steps.StepInterceptor - STEP DONE: nhập mật khẩu
16:37:56.135 [Darkroom Processing Line] DEBUG net.serenitybdd.core.photography.DarkroomProcessingLine - Processing screenshot image in /var/screenshots/screenshot-11280194605152642297
16:37:56.135 [Darkroom Processing Line] DEBUG net.serenitybdd.core.photography.DarkroomProcessingLine - Saving screenshot to C:\Users\Katon\Documents\JavaProject\DemoSerenityFramework\target\site\serenity\dec11de26858c134f100cd4caddb0bfeccef2853ff49f0e917a643670427fe67.png
16:37:56.151 [main] DEBUG net.thucydides.core.steps.StepInterceptor - STARTING STEP: StepInterceptor.testContext - nhập lại mật khẩu
16:37:56.514 [main] DEBUG net.serenitybdd.core.photography.Darkroom - Send negative for processing for C:\Users\Katon\Documents\JavaProject\DemoSerenityFramework\target\site\serenity\7c98e58c3d6b12f52dd4854d42ebc1eade53568372882c06d68227da261cded7.png
16:37:56.514 [main] DEBUG net.thucydides.core.steps.StepInterceptor - STEP DONE: nhập lại mật khẩu
16:37:56.514 [Darkroom Processing Line] DEBUG net.serenitybdd.core.photography.DarkroomProcessingLine - Processing screenshot image in /var/screenshots/screenshot-11703202294659964031
16:37:56.514 [Darkroom Processing Line] DEBUG net.serenitybdd.core.photography.DarkroomProcessingLine - Saving screenshot to C:\Users\Katon\Documents\JavaProject\DemoSerenityFramework\target\site\serenity\7c98e58c3d6b12f52dd4854d42ebc1eade53568372882c06d68227da261cded7.png
16:37:56.514 [main] DEBUG net.thucydides.core.steps.StepInterceptor - STARTING STEP: StepInterceptor.testContext - bấm nút đăng ký
16:37:57.329 [main] DEBUG net.serenitybdd.core.photography.Darkroom - Send negative for processing for C:\Users\Katon\Documents\JavaProject\DemoSerenityFramework\target\site\serenity\0dbabc15842c06a1cd6a312877ff120d0b495062519ccd2906a4970c8287b530.png
16:37:57.329 [Darkroom Processing Line] DEBUG net.serenitybdd.core.photography.DarkroomProcessingLine - Processing screenshot image in /var/screenshots/screenshot-147824003577144639
16:37:57.329 [Darkroom Processing Line] DEBUG net.serenitybdd.core.photography.DarkroomProcessingLine - Saving screenshot to C:\Users\Katon\Documents\JavaProject\DemoSerenityFramework\target\site\serenity\0dbabc15842c06a1cd6a312877ff120d0b495062519ccd2906a4970c8287b530.png
16:37:57.329 [main] DEBUG net.thucydides.core.steps.StepInterceptor - STEP DONE: bấm nút đăng ký
16:37:57.346 [main] DEBUG net.thucydides.core.steps.StepInterceptor - STARTING STEP: StepInterceptor.testContext - kiểm tra hiển thị thông báo số điện thoại không hợp lệ
16:37:58.183 [main] DEBUG net.serenitybdd.core.photography.Darkroom - Send negative for processing for C:\Users\Katon\Documents\JavaProject\DemoSerenityFramework\target\site\serenity\cb82268365f00b169751e282d65cade1efe638cedae3867532225a2424dc2d7e.png
16:37:58.183 [main] DEBUG net.thucydides.core.steps.StepInterceptor - STEP DONE: kiểm tra hiển thị thông báo số điện thoại không hợp lệ
16:37:58.183 [Darkroom Processing Line] DEBUG net.serenitybdd.core.photography.DarkroomProcessingLine - Processing screenshot image in /var/screenshots/screenshot-13756994322335021426
16:37:58.183 [Darkroom Processing Line] DEBUG net.serenitybdd.core.photography.DarkroomProcessingLine - Saving screenshot to C:\Users\Katon\Documents\JavaProject\DemoSerenityFramework\target\site\serenity\cb82268365f00b169751e282d65cade1efe638cedae3867532225a2424dc2d7e.png
]]></system-out>
    <system-err><![CDATA[Mar 25, 2025 4:37:52 PM org.openqa.selenium.devtools.CdpVersionFinder findNearestMatch
WARNING: Unable to find CDP implementation matching 134
Mar 25, 2025 4:37:52 PM org.openqa.selenium.chromium.ChromiumDriver lambda$new$5
WARNING: Unable to find version of CDP to use for 134.0.6998.166. You may need to include a dependency on a specific version of the CDP using something similar to `org.seleniumhq.selenium:selenium-devtools-v86:4.14.1` where the version ("v86") matches the version of the chromium-based browser you're using and the version number of the artifact is the same as Selenium's.
]]></system-err>
  </testcase>
  <testcase name="checkInputUserEmailWithSpecialCharacters" classname="Test.Web.RegisterTest" time="6.733">
    <system-out><![CDATA[16:37:58.197 [main] INFO  - 
  _____   ___   ___   _____     ___     _     ___   ___   ___   ___  
 |_   _| | __| / __| |_   _|   | _ \   /_\   / __| / __| | __| |   \ 
   | |   | _|  \__ \   | |     |  _/  / _ \  \__ \ \__ \ | _|  | |) |
   |_|   |___| |___/   |_|     |_|   /_/ \_\ |___/ |___/ |___| |___/ 

kiểm tra nhập số điện thoại chỉ chứa khoảng trắng
----------------------------------------------------------------------
16:37:58.371 [main] DEBUG net.thucydides.core.steps.StepEventBus - Test suite started for RegisterTest in class Test.Web.RegisterTest
16:37:58.371 [main] INFO  - Test Suite Started: RegisterTest
16:37:58.371 [main] DEBUG net.serenitybdd.junit5.SerenityTestExecutionListener - Thread[#1,main,5,main] Test started TestIdentifier [uniqueId = [engine:junit-jupiter]/[class:Test.Web.RegisterTest]/[method:checkInputUserEmailWithSpecialCharacters()], parentId = [engine:junit-jupiter]/[class:Test.Web.RegisterTest], displayName = 'kiểm tra nhập email chứa ký tự đặc biệt', legacyReportingName = 'checkInputUserEmailWithSpecialCharacters()', source = MethodSource [className = 'Test.Web.RegisterTest', methodName = 'checkInputUserEmailWithSpecialCharacters', methodParameterTypes = ''], tags = [], type = TEST]
16:37:58.371 [main] INFO  - 
  _____   ___   ___   _____     ___   _____     _     ___   _____   ___   ___  
 |_   _| | __| / __| |_   _|   / __| |_   _|   /_\   | _ \ |_   _| | __| |   \ 
   | |   | _|  \__ \   | |     \__ \   | |    / _ \  |   /   | |   | _|  | |) |
   |_|   |___| |___/   |_|     |___/   |_|   /_/ \_\ |_|_\   |_|   |___| |___/ 

kiểm tra nhập email chứa ký tự đặc biệt([engine:junit-jupiter]/[class:Test.Web.RegisterTest]/[method:checkInputUserEmailWithSpecialCharacters()])
--------------------------------------------------------------------------------
16:37:58.371 [main] DEBUG net.thucydides.core.steps.StepInterceptor - STARTING STEP: StepInterceptor.testContext - truy cập trang đăng ký
16:37:58.402 [main] INFO net.serenitybdd.core.webdriver.driverproviders.ChromeDriverProvider - Starting Chrome driver instance with capabilities:
16:37:58.402 [main] INFO net.serenitybdd.core.webdriver.driverproviders.ChromeDriverProvider - Capabilities {acceptInsecureCerts: false, browserName: chrome, goog:chromeOptions: {args: [remote-allow-origins=*, --headless=chrome, --headless], extensions: []}}
16:37:59.552 [main] DEBUG net.serenitybdd.core.photography.Darkroom - Opening darkroom
16:37:59.552 [Darkroom Processing Line] DEBUG net.serenitybdd.core.photography.DarkroomProcessingLine - Darkroom processing line starting up
16:37:59.951 [main] DEBUG net.serenitybdd.core.photography.Darkroom - Send negative for processing for C:\Users\Katon\Documents\JavaProject\DemoSerenityFramework\target\site\serenity\a133df92da281fbc66d6aa3e272f270ef64d2d70b223a006efe7dd0471ca972a.png
16:37:59.951 [main] DEBUG net.thucydides.core.steps.StepInterceptor - STEP DONE: truy cập trang đăng ký
16:37:59.951 [main] DEBUG net.thucydides.core.steps.StepInterceptor - STARTING STEP: StepInterceptor.testContext - xóa dữ liệu ô nhập
16:38:00.952 [main] DEBUG net.serenitybdd.core.photography.Darkroom - Send negative for processing for C:\Users\Katon\Documents\JavaProject\DemoSerenityFramework\target\site\serenity\a133df92da281fbc66d6aa3e272f270ef64d2d70b223a006efe7dd0471ca972a.png
16:38:00.952 [main] DEBUG net.thucydides.core.steps.StepInterceptor - STEP DONE: xóa dữ liệu ô nhập
16:38:00.965 [main] DEBUG net.thucydides.core.steps.StepInterceptor - STARTING STEP: StepInterceptor.testContext - nhập họ tên
16:38:01.833 [main] DEBUG net.serenitybdd.core.photography.Darkroom - Send negative for processing for C:\Users\Katon\Documents\JavaProject\DemoSerenityFramework\target\site\serenity\6474d4fd6098b06c1b26763957cd1782014b0dab15c01bf713df0e6a91baa7f6.png
16:38:01.833 [main] DEBUG net.thucydides.core.steps.StepInterceptor - STEP DONE: nhập họ tên
16:38:01.849 [main] DEBUG net.thucydides.core.steps.StepInterceptor - STARTING STEP: StepInterceptor.testContext - nhập số điện thoại
16:38:02.687 [main] DEBUG net.serenitybdd.core.photography.Darkroom - Send negative for processing for C:\Users\Katon\Documents\JavaProject\DemoSerenityFramework\target\site\serenity\b1a781ff43b0a78de254c5fa95da25c468bae06b0b23ab7e1b55ec87943397d9.png
16:38:02.687 [main] DEBUG net.thucydides.core.steps.StepInterceptor - STEP DONE: nhập số điện thoại
16:38:02.703 [main] DEBUG net.thucydides.core.steps.StepInterceptor - STARTING STEP: StepInterceptor.testContext - nhập địa chỉ email
16:38:03.533 [main] DEBUG net.serenitybdd.core.photography.Darkroom - Send negative for processing for C:\Users\Katon\Documents\JavaProject\DemoSerenityFramework\target\site\serenity\f3c1a1e70c2ff6aae2a38e632569e6a9f9e7db50c8578648a6c916f059df14e6.png
16:38:03.533 [main] DEBUG net.thucydides.core.steps.StepInterceptor - STEP DONE: nhập địa chỉ email
16:38:03.533 [Darkroom Processing Line] DEBUG net.serenitybdd.core.photography.DarkroomProcessingLine - Processing screenshot image in /var/screenshots/screenshot-13948381042017362539
16:38:03.533 [Darkroom Processing Line] DEBUG net.serenitybdd.core.photography.DarkroomProcessingLine - Saving screenshot to C:\Users\Katon\Documents\JavaProject\DemoSerenityFramework\target\site\serenity\f3c1a1e70c2ff6aae2a38e632569e6a9f9e7db50c8578648a6c916f059df14e6.png
16:38:03.533 [main] DEBUG net.thucydides.core.steps.StepInterceptor - STARTING STEP: StepInterceptor.testContext - nhập tài khoản đăng nhập
16:38:03.580 [main] DEBUG net.thucydides.core.steps.StepInterceptor - STEP DONE: nhập tài khoản đăng nhập
16:38:03.580 [main] DEBUG net.thucydides.core.steps.StepInterceptor - STARTING STEP: StepInterceptor.testContext - nhập mật khẩu
16:38:03.924 [main] DEBUG net.serenitybdd.core.photography.Darkroom - Send negative for processing for C:\Users\Katon\Documents\JavaProject\DemoSerenityFramework\target\site\serenity\c633e5c6d78ef44a6cf76952614c268cbf52b9204580510e8b1c3359ce56682d.png
16:38:03.924 [main] DEBUG net.thucydides.core.steps.StepInterceptor - STEP DONE: nhập mật khẩu
16:38:03.924 [Darkroom Processing Line] DEBUG net.serenitybdd.core.photography.DarkroomProcessingLine - Processing screenshot image in /var/screenshots/screenshot-4127728716982758223
16:38:03.924 [Darkroom Processing Line] DEBUG net.serenitybdd.core.photography.DarkroomProcessingLine - Saving screenshot to C:\Users\Katon\Documents\JavaProject\DemoSerenityFramework\target\site\serenity\c633e5c6d78ef44a6cf76952614c268cbf52b9204580510e8b1c3359ce56682d.png
16:38:03.924 [main] DEBUG net.thucydides.core.steps.StepInterceptor - STARTING STEP: StepInterceptor.testContext - nhập lại mật khẩu
16:38:03.966 [main] DEBUG net.thucydides.core.steps.StepInterceptor - STEP DONE: nhập lại mật khẩu
16:38:03.966 [main] DEBUG net.thucydides.core.steps.StepInterceptor - STARTING STEP: StepInterceptor.testContext - bấm nút đăng ký
16:38:04.729 [main] DEBUG net.serenitybdd.core.photography.Darkroom - Send negative for processing for C:\Users\Katon\Documents\JavaProject\DemoSerenityFramework\target\site\serenity\de0d723afc97871c6431b5ae3477c6770ac227352c99af63759df9d1820063bc.png
16:38:04.729 [Darkroom Processing Line] DEBUG net.serenitybdd.core.photography.DarkroomProcessingLine - Processing screenshot image in /var/screenshots/screenshot-17502408639802170343
16:38:04.729 [Darkroom Processing Line] DEBUG net.serenitybdd.core.photography.DarkroomProcessingLine - Saving screenshot to C:\Users\Katon\Documents\JavaProject\DemoSerenityFramework\target\site\serenity\de0d723afc97871c6431b5ae3477c6770ac227352c99af63759df9d1820063bc.png
16:38:04.746 [main] DEBUG net.thucydides.core.steps.StepInterceptor - STEP DONE: bấm nút đăng ký
16:38:04.746 [main] DEBUG net.thucydides.core.steps.StepInterceptor - STARTING STEP: StepInterceptor.testContext - kiểm tra hiển thị thông báo địa chỉ email không hợp lệ
16:38:05.104 [main] DEBUG net.serenitybdd.core.photography.Darkroom - Send negative for processing for C:\Users\Katon\Documents\JavaProject\DemoSerenityFramework\target\site\serenity\bd296afa549bf68301d580e614ec59ed64b25515c7c0fac88e2e595441a6013f.png
16:38:05.104 [main] DEBUG net.thucydides.core.steps.StepInterceptor - STEP DONE: kiểm tra hiển thị thông báo địa chỉ email không hợp lệ
16:38:05.104 [Darkroom Processing Line] DEBUG net.serenitybdd.core.photography.DarkroomProcessingLine - Processing screenshot image in /var/screenshots/screenshot-9653733681305526263
16:38:05.104 [Darkroom Processing Line] DEBUG net.serenitybdd.core.photography.DarkroomProcessingLine - Saving screenshot to C:\Users\Katon\Documents\JavaProject\DemoSerenityFramework\target\site\serenity\bd296afa549bf68301d580e614ec59ed64b25515c7c0fac88e2e595441a6013f.png
]]></system-out>
    <system-err><![CDATA[Mar 25, 2025 4:37:59 PM org.openqa.selenium.devtools.CdpVersionFinder findNearestMatch
WARNING: Unable to find CDP implementation matching 134
Mar 25, 2025 4:37:59 PM org.openqa.selenium.chromium.ChromiumDriver lambda$new$5
WARNING: Unable to find version of CDP to use for 134.0.6998.166. You may need to include a dependency on a specific version of the CDP using something similar to `org.seleniumhq.selenium:selenium-devtools-v86:4.14.1` where the version ("v86") matches the version of the chromium-based browser you're using and the version number of the artifact is the same as Selenium's.
]]></system-err>
  </testcase>
  <testcase name="checkEmptyInputUserConfirmPassword" classname="Test.Web.RegisterTest" time="5.686">
    <system-out><![CDATA[16:38:05.104 [main] INFO  - 
  _____   ___   ___   _____     ___     _     ___   ___   ___   ___  
 |_   _| | __| / __| |_   _|   | _ \   /_\   / __| / __| | __| |   \ 
   | |   | _|  \__ \   | |     |  _/  / _ \  \__ \ \__ \ | _|  | |) |
   |_|   |___| |___/   |_|     |_|   /_/ \_\ |___/ |___/ |___| |___/ 

kiểm tra nhập email chứa ký tự đặc biệt
----------------------------------------------------------------------
16:38:05.286 [main] DEBUG net.thucydides.core.steps.StepEventBus - Test suite started for RegisterTest in class Test.Web.RegisterTest
16:38:05.286 [main] INFO  - Test Suite Started: RegisterTest
16:38:05.286 [main] DEBUG net.serenitybdd.junit5.SerenityTestExecutionListener - Thread[#1,main,5,main] Test started TestIdentifier [uniqueId = [engine:junit-jupiter]/[class:Test.Web.RegisterTest]/[method:checkEmptyInputUserConfirmPassword()], parentId = [engine:junit-jupiter]/[class:Test.Web.RegisterTest], displayName = 'kiểm tra bỏ trống nhập lại mật khẩu', legacyReportingName = 'checkEmptyInputUserConfirmPassword()', source = MethodSource [className = 'Test.Web.RegisterTest', methodName = 'checkEmptyInputUserConfirmPassword', methodParameterTypes = ''], tags = [], type = TEST]
16:38:05.286 [main] INFO  - 
  _____   ___   ___   _____     ___   _____     _     ___   _____   ___   ___  
 |_   _| | __| / __| |_   _|   / __| |_   _|   /_\   | _ \ |_   _| | __| |   \ 
   | |   | _|  \__ \   | |     \__ \   | |    / _ \  |   /   | |   | _|  | |) |
   |_|   |___| |___/   |_|     |___/   |_|   /_/ \_\ |_|_\   |_|   |___| |___/ 

kiểm tra bỏ trống nhập lại mật khẩu([engine:junit-jupiter]/[class:Test.Web.RegisterTest]/[method:checkEmptyInputUserConfirmPassword()])
--------------------------------------------------------------------------------
16:38:05.286 [main] DEBUG net.thucydides.core.steps.StepInterceptor - STARTING STEP: StepInterceptor.testContext - truy cập trang đăng ký
16:38:05.333 [main] INFO net.serenitybdd.core.webdriver.driverproviders.ChromeDriverProvider - Starting Chrome driver instance with capabilities:
16:38:05.333 [main] INFO net.serenitybdd.core.webdriver.driverproviders.ChromeDriverProvider - Capabilities {acceptInsecureCerts: false, browserName: chrome, goog:chromeOptions: {args: [remote-allow-origins=*, --headless=chrome, --headless], extensions: []}}
16:38:06.503 [main] DEBUG net.serenitybdd.core.photography.Darkroom - Opening darkroom
16:38:06.503 [Darkroom Processing Line] DEBUG net.serenitybdd.core.photography.DarkroomProcessingLine - Darkroom processing line starting up
16:38:06.901 [main] DEBUG net.serenitybdd.core.photography.Darkroom - Send negative for processing for C:\Users\Katon\Documents\JavaProject\DemoSerenityFramework\target\site\serenity\a133df92da281fbc66d6aa3e272f270ef64d2d70b223a006efe7dd0471ca972a.png
16:38:06.901 [main] DEBUG net.thucydides.core.steps.StepInterceptor - STEP DONE: truy cập trang đăng ký
16:38:06.901 [main] DEBUG net.thucydides.core.steps.StepInterceptor - STARTING STEP: StepInterceptor.testContext - xóa dữ liệu ô nhập
16:38:07.933 [main] DEBUG net.serenitybdd.core.photography.Darkroom - Send negative for processing for C:\Users\Katon\Documents\JavaProject\DemoSerenityFramework\target\site\serenity\a133df92da281fbc66d6aa3e272f270ef64d2d70b223a006efe7dd0471ca972a.png
16:38:07.933 [main] DEBUG net.thucydides.core.steps.StepInterceptor - STEP DONE: xóa dữ liệu ô nhập
16:38:07.933 [main] DEBUG net.thucydides.core.steps.StepInterceptor - STARTING STEP: StepInterceptor.testContext - nhập họ tên
16:38:08.316 [main] DEBUG net.serenitybdd.core.photography.Darkroom - Send negative for processing for C:\Users\Katon\Documents\JavaProject\DemoSerenityFramework\target\site\serenity\5657ac1b07cf7d3c47389e855205948b9dc159e7e99230bc73a60082e7b62ae4.png
16:38:08.316 [main] DEBUG net.thucydides.core.steps.StepInterceptor - STEP DONE: nhập họ tên
16:38:08.316 [main] DEBUG net.thucydides.core.steps.StepInterceptor - STARTING STEP: StepInterceptor.testContext - nhập số điện thoại
16:38:08.683 [main] DEBUG net.serenitybdd.core.photography.Darkroom - Send negative for processing for C:\Users\Katon\Documents\JavaProject\DemoSerenityFramework\target\site\serenity\713988226fd6308db432e01fa9eebfba9e17d04afcf7e72eac645b20028d6aef.png
16:38:08.683 [main] DEBUG net.thucydides.core.steps.StepInterceptor - STEP DONE: nhập số điện thoại
16:38:08.683 [main] DEBUG net.thucydides.core.steps.StepInterceptor - STARTING STEP: StepInterceptor.testContext - nhập địa chỉ email
16:38:09.016 [main] DEBUG net.serenitybdd.core.photography.Darkroom - Send negative for processing for C:\Users\Katon\Documents\JavaProject\DemoSerenityFramework\target\site\serenity\1184134d191e528d4827a3740f153a697cdbf2a43f6242d46d6a307625acf881.png
16:38:09.016 [main] DEBUG net.thucydides.core.steps.StepInterceptor - STEP DONE: nhập địa chỉ email
16:38:09.016 [main] DEBUG net.thucydides.core.steps.StepInterceptor - STARTING STEP: StepInterceptor.testContext - nhập tài khoản đăng nhập
16:38:09.379 [main] DEBUG net.serenitybdd.core.photography.Darkroom - Send negative for processing for C:\Users\Katon\Documents\JavaProject\DemoSerenityFramework\target\site\serenity\dad99f6074d2633b9913b8bc9c0aa8a0d85971dcc5cad4438c26f4a93bdaa207.png
16:38:09.379 [main] DEBUG net.thucydides.core.steps.StepInterceptor - STEP DONE: nhập tài khoản đăng nhập
16:38:09.383 [main] DEBUG net.thucydides.core.steps.StepInterceptor - STARTING STEP: StepInterceptor.testContext - nhập mật khẩu
16:38:09.415 [main] DEBUG net.thucydides.core.steps.StepInterceptor - STEP DONE: nhập mật khẩu
16:38:09.415 [main] DEBUG net.thucydides.core.steps.StepInterceptor - STARTING STEP: StepInterceptor.testContext - bấm nút đăng ký
16:38:10.630 [main] DEBUG net.serenitybdd.core.photography.Darkroom - Send negative for processing for C:\Users\Katon\Documents\JavaProject\DemoSerenityFramework\target\site\serenity\7a44d444c6b590748be5ed01f27e60ea7ecf51616b2b14aa536386f0716ff2a5.png
16:38:10.634 [main] DEBUG net.thucydides.core.steps.StepInterceptor - STEP DONE: bấm nút đăng ký
16:38:10.637 [main] DEBUG net.thucydides.core.steps.StepInterceptor - STARTING STEP: StepInterceptor.testContext - kiểm tra hiển thị thông báo nhập lại mật khẩu không hợp lệ
16:38:10.971 [main] DEBUG net.serenitybdd.core.photography.Darkroom - Send negative for processing for C:\Users\Katon\Documents\JavaProject\DemoSerenityFramework\target\site\serenity\7a44d444c6b590748be5ed01f27e60ea7ecf51616b2b14aa536386f0716ff2a5.png
16:38:10.971 [main] DEBUG net.thucydides.core.steps.StepInterceptor - STEP DONE: kiểm tra hiển thị thông báo nhập lại mật khẩu không hợp lệ
]]></system-out>
    <system-err><![CDATA[Mar 25, 2025 4:38:06 PM org.openqa.selenium.devtools.CdpVersionFinder findNearestMatch
WARNING: Unable to find CDP implementation matching 134
Mar 25, 2025 4:38:06 PM org.openqa.selenium.chromium.ChromiumDriver lambda$new$5
WARNING: Unable to find version of CDP to use for 134.0.6998.166. You may need to include a dependency on a specific version of the CDP using something similar to `org.seleniumhq.selenium:selenium-devtools-v86:4.14.1` where the version ("v86") matches the version of the chromium-based browser you're using and the version number of the artifact is the same as Selenium's.
]]></system-err>
  </testcase>
  <testcase name="checkInputUserPhoneWithSpecialCharacters" classname="Test.Web.RegisterTest" time="7.279">
    <system-out><![CDATA[16:38:10.972 [main] INFO  - 
  _____   ___   ___   _____     ___     _     ___   ___   ___   ___  
 |_   _| | __| / __| |_   _|   | _ \   /_\   / __| / __| | __| |   \ 
   | |   | _|  \__ \   | |     |  _/  / _ \  \__ \ \__ \ | _|  | |) |
   |_|   |___| |___/   |_|     |_|   /_/ \_\ |___/ |___/ |___| |___/ 

kiểm tra bỏ trống nhập lại mật khẩu
----------------------------------------------------------------------
16:38:11.141 [main] DEBUG net.thucydides.core.steps.StepEventBus - Test suite started for RegisterTest in class Test.Web.RegisterTest
16:38:11.141 [main] INFO  - Test Suite Started: RegisterTest
16:38:11.141 [main] DEBUG net.serenitybdd.junit5.SerenityTestExecutionListener - Thread[#1,main,5,main] Test started TestIdentifier [uniqueId = [engine:junit-jupiter]/[class:Test.Web.RegisterTest]/[method:checkInputUserPhoneWithSpecialCharacters()], parentId = [engine:junit-jupiter]/[class:Test.Web.RegisterTest], displayName = 'kiểm tra nhập số điện thoại chứa ký tự đặc biệt', legacyReportingName = 'checkInputUserPhoneWithSpecialCharacters()', source = MethodSource [className = 'Test.Web.RegisterTest', methodName = 'checkInputUserPhoneWithSpecialCharacters', methodParameterTypes = ''], tags = [], type = TEST]
16:38:11.141 [main] INFO  - 
  _____   ___   ___   _____     ___   _____     _     ___   _____   ___   ___  
 |_   _| | __| / __| |_   _|   / __| |_   _|   /_\   | _ \ |_   _| | __| |   \ 
   | |   | _|  \__ \   | |     \__ \   | |    / _ \  |   /   | |   | _|  | |) |
   |_|   |___| |___/   |_|     |___/   |_|   /_/ \_\ |_|_\   |_|   |___| |___/ 

kiểm tra nhập số điện thoại chứa ký tự đặc biệt([engine:junit-jupiter]/[class:Test.Web.RegisterTest]/[method:checkInputUserPhoneWithSpecialCharacters()])
--------------------------------------------------------------------------------
16:38:11.141 [main] DEBUG net.thucydides.core.steps.StepInterceptor - STARTING STEP: StepInterceptor.testContext - truy cập trang đăng ký
16:38:11.187 [main] INFO net.serenitybdd.core.webdriver.driverproviders.ChromeDriverProvider - Starting Chrome driver instance with capabilities:
16:38:11.187 [main] INFO net.serenitybdd.core.webdriver.driverproviders.ChromeDriverProvider - Capabilities {acceptInsecureCerts: false, browserName: chrome, goog:chromeOptions: {args: [remote-allow-origins=*, --headless=chrome, --headless], extensions: []}}
16:38:12.365 [main] DEBUG net.serenitybdd.core.photography.Darkroom - Opening darkroom
16:38:12.365 [Darkroom Processing Line] DEBUG net.serenitybdd.core.photography.DarkroomProcessingLine - Darkroom processing line starting up
16:38:12.720 [main] DEBUG net.serenitybdd.core.photography.Darkroom - Send negative for processing for C:\Users\Katon\Documents\JavaProject\DemoSerenityFramework\target\site\serenity\a133df92da281fbc66d6aa3e272f270ef64d2d70b223a006efe7dd0471ca972a.png
16:38:12.720 [main] DEBUG net.thucydides.core.steps.StepInterceptor - STEP DONE: truy cập trang đăng ký
16:38:12.731 [main] DEBUG net.thucydides.core.steps.StepInterceptor - STARTING STEP: StepInterceptor.testContext - xóa dữ liệu ô nhập
16:38:13.737 [main] DEBUG net.serenitybdd.core.photography.Darkroom - Send negative for processing for C:\Users\Katon\Documents\JavaProject\DemoSerenityFramework\target\site\serenity\a133df92da281fbc66d6aa3e272f270ef64d2d70b223a006efe7dd0471ca972a.png
16:38:13.737 [main] DEBUG net.thucydides.core.steps.StepInterceptor - STEP DONE: xóa dữ liệu ô nhập
16:38:13.737 [main] DEBUG net.thucydides.core.steps.StepInterceptor - STARTING STEP: StepInterceptor.testContext - nhập họ tên
16:38:14.084 [main] DEBUG net.serenitybdd.core.photography.Darkroom - Send negative for processing for C:\Users\Katon\Documents\JavaProject\DemoSerenityFramework\target\site\serenity\5657ac1b07cf7d3c47389e855205948b9dc159e7e99230bc73a60082e7b62ae4.png
16:38:14.084 [main] DEBUG net.thucydides.core.steps.StepInterceptor - STEP DONE: nhập họ tên
16:38:14.084 [main] DEBUG net.thucydides.core.steps.StepInterceptor - STARTING STEP: StepInterceptor.testContext - nhập số điện thoại
16:38:14.418 [main] DEBUG net.serenitybdd.core.photography.Darkroom - Send negative for processing for C:\Users\Katon\Documents\JavaProject\DemoSerenityFramework\target\site\serenity\0b2ec13b656208f0afaf27297dbf693d81e9e503dcee24b0977da5aa6df6730f.png
16:38:14.418 [main] DEBUG net.thucydides.core.steps.StepInterceptor - STEP DONE: nhập số điện thoại
16:38:14.418 [Darkroom Processing Line] DEBUG net.serenitybdd.core.photography.DarkroomProcessingLine - Processing screenshot image in /var/screenshots/screenshot-6872095739241733503
16:38:14.418 [Darkroom Processing Line] DEBUG net.serenitybdd.core.photography.DarkroomProcessingLine - Saving screenshot to C:\Users\Katon\Documents\JavaProject\DemoSerenityFramework\target\site\serenity\0b2ec13b656208f0afaf27297dbf693d81e9e503dcee24b0977da5aa6df6730f.png
16:38:14.418 [main] DEBUG net.thucydides.core.steps.StepInterceptor - STARTING STEP: StepInterceptor.testContext - nhập địa chỉ email
16:38:15.268 [main] DEBUG net.serenitybdd.core.photography.Darkroom - Send negative for processing for C:\Users\Katon\Documents\JavaProject\DemoSerenityFramework\target\site\serenity\4b262e88275725420e7980c8cd2ae7f24a3a21fe041468bb66979364e6aab683.png
16:38:15.268 [main] DEBUG net.thucydides.core.steps.StepInterceptor - STEP DONE: nhập địa chỉ email
16:38:15.279 [Darkroom Processing Line] DEBUG net.serenitybdd.core.photography.DarkroomProcessingLine - Processing screenshot image in /var/screenshots/screenshot-940839858818901408
16:38:15.279 [Darkroom Processing Line] DEBUG net.serenitybdd.core.photography.DarkroomProcessingLine - Saving screenshot to C:\Users\Katon\Documents\JavaProject\DemoSerenityFramework\target\site\serenity\4b262e88275725420e7980c8cd2ae7f24a3a21fe041468bb66979364e6aab683.png
16:38:15.284 [main] DEBUG net.thucydides.core.steps.StepInterceptor - STARTING STEP: StepInterceptor.testContext - nhập tài khoản đăng nhập
16:38:16.101 [main] DEBUG net.serenitybdd.core.photography.Darkroom - Send negative for processing for C:\Users\Katon\Documents\JavaProject\DemoSerenityFramework\target\site\serenity\5c1c9e4612b847adcc1ff85b533c072f17637862fe64c6cd0699aeaba5755130.png
16:38:16.101 [main] DEBUG net.thucydides.core.steps.StepInterceptor - STEP DONE: nhập tài khoản đăng nhập
16:38:16.101 [Darkroom Processing Line] DEBUG net.serenitybdd.core.photography.DarkroomProcessingLine - Processing screenshot image in /var/screenshots/screenshot-7181326792323935449
16:38:16.101 [Darkroom Processing Line] DEBUG net.serenitybdd.core.photography.DarkroomProcessingLine - Saving screenshot to C:\Users\Katon\Documents\JavaProject\DemoSerenityFramework\target\site\serenity\5c1c9e4612b847adcc1ff85b533c072f17637862fe64c6cd0699aeaba5755130.png
16:38:16.112 [main] DEBUG net.thucydides.core.steps.StepInterceptor - STARTING STEP: StepInterceptor.testContext - nhập mật khẩu
16:38:16.949 [main] DEBUG net.serenitybdd.core.photography.Darkroom - Send negative for processing for C:\Users\Katon\Documents\JavaProject\DemoSerenityFramework\target\site\serenity\890287facad166111a5c5f7274af9b0ed090135faa3ed6923a97bf3862671535.png
16:38:16.959 [main] DEBUG net.thucydides.core.steps.StepInterceptor - STEP DONE: nhập mật khẩu
16:38:16.959 [Darkroom Processing Line] DEBUG net.serenitybdd.core.photography.DarkroomProcessingLine - Processing screenshot image in /var/screenshots/screenshot-16834757147030560251
16:38:16.959 [Darkroom Processing Line] DEBUG net.serenitybdd.core.photography.DarkroomProcessingLine - Saving screenshot to C:\Users\Katon\Documents\JavaProject\DemoSerenityFramework\target\site\serenity\890287facad166111a5c5f7274af9b0ed090135faa3ed6923a97bf3862671535.png
16:38:16.963 [main] DEBUG net.thucydides.core.steps.StepInterceptor - STARTING STEP: StepInterceptor.testContext - nhập lại mật khẩu
16:38:17.301 [main] DEBUG net.serenitybdd.core.photography.Darkroom - Send negative for processing for C:\Users\Katon\Documents\JavaProject\DemoSerenityFramework\target\site\serenity\24c1aaaa9f9efd3fd6eede61436fb239d359d14d5ad88365d43d1915f0be0f9d.png
16:38:17.301 [main] DEBUG net.thucydides.core.steps.StepInterceptor - STEP DONE: nhập lại mật khẩu
16:38:17.301 [Darkroom Processing Line] DEBUG net.serenitybdd.core.photography.DarkroomProcessingLine - Processing screenshot image in /var/screenshots/screenshot-8468145526903493761
16:38:17.301 [Darkroom Processing Line] DEBUG net.serenitybdd.core.photography.DarkroomProcessingLine - Saving screenshot to C:\Users\Katon\Documents\JavaProject\DemoSerenityFramework\target\site\serenity\24c1aaaa9f9efd3fd6eede61436fb239d359d14d5ad88365d43d1915f0be0f9d.png
16:38:17.301 [main] DEBUG net.thucydides.core.steps.StepInterceptor - STARTING STEP: StepInterceptor.testContext - bấm nút đăng ký
16:38:18.063 [main] DEBUG net.serenitybdd.core.photography.Darkroom - Send negative for processing for C:\Users\Katon\Documents\JavaProject\DemoSerenityFramework\target\site\serenity\091ea67b757fa98dd453d09c51416dacf1af71b61b62bc01ce6eb1e37f79853e.png
16:38:18.063 [Darkroom Processing Line] DEBUG net.serenitybdd.core.photography.DarkroomProcessingLine - Processing screenshot image in /var/screenshots/screenshot-8388084164059287934
16:38:18.063 [Darkroom Processing Line] DEBUG net.serenitybdd.core.photography.DarkroomProcessingLine - Saving screenshot to C:\Users\Katon\Documents\JavaProject\DemoSerenityFramework\target\site\serenity\091ea67b757fa98dd453d09c51416dacf1af71b61b62bc01ce6eb1e37f79853e.png
16:38:18.063 [main] DEBUG net.thucydides.core.steps.StepInterceptor - STEP DONE: bấm nút đăng ký
16:38:18.063 [main] DEBUG net.thucydides.core.steps.StepInterceptor - STARTING STEP: StepInterceptor.testContext - kiểm tra hiển thị thông báo số điện thoại không hợp lệ
16:38:18.420 [main] DEBUG net.serenitybdd.core.photography.Darkroom - Send negative for processing for C:\Users\Katon\Documents\JavaProject\DemoSerenityFramework\target\site\serenity\409fa8f027d6b8f429befac0cb119f031770b38506b5c941535892f05658fd8d.png
16:38:18.420 [main] DEBUG net.thucydides.core.steps.StepInterceptor - STEP DONE: kiểm tra hiển thị thông báo số điện thoại không hợp lệ
16:38:18.420 [Darkroom Processing Line] DEBUG net.serenitybdd.core.photography.DarkroomProcessingLine - Processing screenshot image in /var/screenshots/screenshot-12339456701657304089
16:38:18.420 [Darkroom Processing Line] DEBUG net.serenitybdd.core.photography.DarkroomProcessingLine - Saving screenshot to C:\Users\Katon\Documents\JavaProject\DemoSerenityFramework\target\site\serenity\409fa8f027d6b8f429befac0cb119f031770b38506b5c941535892f05658fd8d.png
]]></system-out>
    <system-err><![CDATA[Mar 25, 2025 4:38:12 PM org.openqa.selenium.devtools.CdpVersionFinder findNearestMatch
WARNING: Unable to find CDP implementation matching 134
Mar 25, 2025 4:38:12 PM org.openqa.selenium.chromium.ChromiumDriver lambda$new$5
WARNING: Unable to find version of CDP to use for 134.0.6998.166. You may need to include a dependency on a specific version of the CDP using something similar to `org.seleniumhq.selenium:selenium-devtools-v86:4.14.1` where the version ("v86") matches the version of the chromium-based browser you're using and the version number of the artifact is the same as Selenium's.
]]></system-err>
  </testcase>
  <testcase name="checkInputUserAccountStartWithNumber" classname="Test.Web.RegisterTest" time="7.792">
    <system-out><![CDATA[16:38:18.420 [main] INFO  - 
  _____   ___   ___   _____     ___     _     ___   ___   ___   ___  
 |_   _| | __| / __| |_   _|   | _ \   /_\   / __| / __| | __| |   \ 
   | |   | _|  \__ \   | |     |  _/  / _ \  \__ \ \__ \ | _|  | |) |
   |_|   |___| |___/   |_|     |_|   /_/ \_\ |___/ |___/ |___| |___/ 

kiểm tra nhập số điện thoại chứa ký tự đặc biệt
----------------------------------------------------------------------
16:38:18.624 [main] DEBUG net.thucydides.core.steps.StepEventBus - Test suite started for RegisterTest in class Test.Web.RegisterTest
16:38:18.624 [main] INFO  - Test Suite Started: RegisterTest
16:38:18.624 [main] DEBUG net.serenitybdd.junit5.SerenityTestExecutionListener - Thread[#1,main,5,main] Test started TestIdentifier [uniqueId = [engine:junit-jupiter]/[class:Test.Web.RegisterTest]/[method:checkInputUserAccountStartWithNumber()], parentId = [engine:junit-jupiter]/[class:Test.Web.RegisterTest], displayName = 'kiểm tra nhập tên đăng nhập bắt đầu bằng chữ số', legacyReportingName = 'checkInputUserAccountStartWithNumber()', source = MethodSource [className = 'Test.Web.RegisterTest', methodName = 'checkInputUserAccountStartWithNumber', methodParameterTypes = ''], tags = [], type = TEST]
16:38:18.624 [main] INFO  - 
  _____   ___   ___   _____     ___   _____     _     ___   _____   ___   ___  
 |_   _| | __| / __| |_   _|   / __| |_   _|   /_\   | _ \ |_   _| | __| |   \ 
   | |   | _|  \__ \   | |     \__ \   | |    / _ \  |   /   | |   | _|  | |) |
   |_|   |___| |___/   |_|     |___/   |_|   /_/ \_\ |_|_\   |_|   |___| |___/ 

kiểm tra nhập tên đăng nhập bắt đầu bằng chữ số([engine:junit-jupiter]/[class:Test.Web.RegisterTest]/[method:checkInputUserAccountStartWithNumber()])
--------------------------------------------------------------------------------
16:38:18.624 [main] DEBUG net.thucydides.core.steps.StepInterceptor - STARTING STEP: StepInterceptor.testContext - truy cập trang đăng ký
16:38:18.670 [main] INFO net.serenitybdd.core.webdriver.driverproviders.ChromeDriverProvider - Starting Chrome driver instance with capabilities:
16:38:18.670 [main] INFO net.serenitybdd.core.webdriver.driverproviders.ChromeDriverProvider - Capabilities {acceptInsecureCerts: false, browserName: chrome, goog:chromeOptions: {args: [remote-allow-origins=*, --headless=chrome, --headless], extensions: []}}
16:38:19.854 [main] DEBUG net.serenitybdd.core.photography.Darkroom - Opening darkroom
16:38:19.854 [Darkroom Processing Line] DEBUG net.serenitybdd.core.photography.DarkroomProcessingLine - Darkroom processing line starting up
16:38:20.218 [main] DEBUG net.serenitybdd.core.photography.Darkroom - Send negative for processing for C:\Users\Katon\Documents\JavaProject\DemoSerenityFramework\target\site\serenity\a133df92da281fbc66d6aa3e272f270ef64d2d70b223a006efe7dd0471ca972a.png
16:38:20.218 [main] DEBUG net.thucydides.core.steps.StepInterceptor - STEP DONE: truy cập trang đăng ký
16:38:20.231 [main] DEBUG net.thucydides.core.steps.StepInterceptor - STARTING STEP: StepInterceptor.testContext - xóa dữ liệu ô nhập
16:38:21.233 [main] DEBUG net.serenitybdd.core.photography.Darkroom - Send negative for processing for C:\Users\Katon\Documents\JavaProject\DemoSerenityFramework\target\site\serenity\a133df92da281fbc66d6aa3e272f270ef64d2d70b223a006efe7dd0471ca972a.png
16:38:21.233 [main] DEBUG net.thucydides.core.steps.StepInterceptor - STEP DONE: xóa dữ liệu ô nhập
16:38:21.233 [main] DEBUG net.thucydides.core.steps.StepInterceptor - STARTING STEP: StepInterceptor.testContext - nhập họ tên
16:38:21.599 [main] DEBUG net.serenitybdd.core.photography.Darkroom - Send negative for processing for C:\Users\Katon\Documents\JavaProject\DemoSerenityFramework\target\site\serenity\5657ac1b07cf7d3c47389e855205948b9dc159e7e99230bc73a60082e7b62ae4.png
16:38:21.599 [main] DEBUG net.thucydides.core.steps.StepInterceptor - STEP DONE: nhập họ tên
16:38:21.599 [main] DEBUG net.thucydides.core.steps.StepInterceptor - STARTING STEP: StepInterceptor.testContext - nhập số điện thoại
16:38:22.434 [main] DEBUG net.serenitybdd.core.photography.Darkroom - Send negative for processing for C:\Users\Katon\Documents\JavaProject\DemoSerenityFramework\target\site\serenity\713988226fd6308db432e01fa9eebfba9e17d04afcf7e72eac645b20028d6aef.png
16:38:22.434 [main] DEBUG net.thucydides.core.steps.StepInterceptor - STEP DONE: nhập số điện thoại
16:38:22.449 [main] DEBUG net.thucydides.core.steps.StepInterceptor - STARTING STEP: StepInterceptor.testContext - nhập địa chỉ email
16:38:23.286 [main] DEBUG net.serenitybdd.core.photography.Darkroom - Send negative for processing for C:\Users\Katon\Documents\JavaProject\DemoSerenityFramework\target\site\serenity\42b1507c2acebdcc2ee8fa843b2c9001aaccebc87b494b190006a5a1303a4df7.png
16:38:23.286 [main] DEBUG net.thucydides.core.steps.StepInterceptor - STEP DONE: nhập địa chỉ email
16:38:23.299 [main] DEBUG net.thucydides.core.steps.StepInterceptor - STARTING STEP: StepInterceptor.testContext - nhập tài khoản đăng nhập
16:38:23.633 [main] DEBUG net.serenitybdd.core.photography.Darkroom - Send negative for processing for C:\Users\Katon\Documents\JavaProject\DemoSerenityFramework\target\site\serenity\06571f2d1fa2d9cb4c7053ea3bec1b3f9e5957f9e63798a42d25f9e854456050.png
16:38:23.633 [main] DEBUG net.thucydides.core.steps.StepInterceptor - STEP DONE: nhập tài khoản đăng nhập
16:38:23.633 [Darkroom Processing Line] DEBUG net.serenitybdd.core.photography.DarkroomProcessingLine - Processing screenshot image in /var/screenshots/screenshot-12542736599968348093
16:38:23.633 [Darkroom Processing Line] DEBUG net.serenitybdd.core.photography.DarkroomProcessingLine - Saving screenshot to C:\Users\Katon\Documents\JavaProject\DemoSerenityFramework\target\site\serenity\06571f2d1fa2d9cb4c7053ea3bec1b3f9e5957f9e63798a42d25f9e854456050.png
16:38:23.633 [main] DEBUG net.thucydides.core.steps.StepInterceptor - STARTING STEP: StepInterceptor.testContext - nhập mật khẩu
16:38:23.966 [main] DEBUG net.serenitybdd.core.photography.Darkroom - Send negative for processing for C:\Users\Katon\Documents\JavaProject\DemoSerenityFramework\target\site\serenity\5103abe47b823317fb7fadd0fddb8da0f9aa928a0be4bebc0eb9c318156023c8.png
16:38:23.966 [main] DEBUG net.thucydides.core.steps.StepInterceptor - STEP DONE: nhập mật khẩu
16:38:23.966 [Darkroom Processing Line] DEBUG net.serenitybdd.core.photography.DarkroomProcessingLine - Processing screenshot image in /var/screenshots/screenshot-7675592069636035368
16:38:23.966 [Darkroom Processing Line] DEBUG net.serenitybdd.core.photography.DarkroomProcessingLine - Saving screenshot to C:\Users\Katon\Documents\JavaProject\DemoSerenityFramework\target\site\serenity\5103abe47b823317fb7fadd0fddb8da0f9aa928a0be4bebc0eb9c318156023c8.png
16:38:23.979 [main] DEBUG net.thucydides.core.steps.StepInterceptor - STARTING STEP: StepInterceptor.testContext - nhập lại mật khẩu
16:38:24.801 [main] DEBUG net.serenitybdd.core.photography.Darkroom - Send negative for processing for C:\Users\Katon\Documents\JavaProject\DemoSerenityFramework\target\site\serenity\cc260144bba1f96735f2f8fed4fc065bc91035e808262c6c4658c91265665a85.png
16:38:24.812 [main] DEBUG net.thucydides.core.steps.StepInterceptor - STEP DONE: nhập lại mật khẩu
16:38:24.812 [Darkroom Processing Line] DEBUG net.serenitybdd.core.photography.DarkroomProcessingLine - Processing screenshot image in /var/screenshots/screenshot-9044856396051588143
16:38:24.812 [Darkroom Processing Line] DEBUG net.serenitybdd.core.photography.DarkroomProcessingLine - Saving screenshot to C:\Users\Katon\Documents\JavaProject\DemoSerenityFramework\target\site\serenity\cc260144bba1f96735f2f8fed4fc065bc91035e808262c6c4658c91265665a85.png
16:38:24.817 [main] DEBUG net.thucydides.core.steps.StepInterceptor - STARTING STEP: StepInterceptor.testContext - bấm nút đăng ký
16:38:25.562 [main] DEBUG net.serenitybdd.core.photography.Darkroom - Send negative for processing for C:\Users\Katon\Documents\JavaProject\DemoSerenityFramework\target\site\serenity\b784545d880e3ac5d6159422e6209ef3fe9ae691c9a55d129fc1c00d32f6ed32.png
16:38:25.562 [Darkroom Processing Line] DEBUG net.serenitybdd.core.photography.DarkroomProcessingLine - Processing screenshot image in /var/screenshots/screenshot-7526027588721862728
16:38:25.562 [Darkroom Processing Line] DEBUG net.serenitybdd.core.photography.DarkroomProcessingLine - Saving screenshot to C:\Users\Katon\Documents\JavaProject\DemoSerenityFramework\target\site\serenity\b784545d880e3ac5d6159422e6209ef3fe9ae691c9a55d129fc1c00d32f6ed32.png
16:38:25.562 [main] DEBUG net.thucydides.core.steps.StepInterceptor - STEP DONE: bấm nút đăng ký
16:38:25.578 [main] DEBUG net.thucydides.core.steps.StepInterceptor - STARTING STEP: StepInterceptor.testContext - kiểm tra hiển thị thông báo tài khoản không hợp lệ
16:38:26.416 [main] DEBUG net.serenitybdd.core.photography.Darkroom - Send negative for processing for C:\Users\Katon\Documents\JavaProject\DemoSerenityFramework\target\site\serenity\b03051a32588baf2dc9f3c4fa1f5f06821ebe5e10066be094c36ab13f092dd78.png
16:38:26.416 [main] DEBUG net.thucydides.core.steps.StepInterceptor - STEP DONE: kiểm tra hiển thị thông báo tài khoản không hợp lệ
16:38:26.416 [Darkroom Processing Line] DEBUG net.serenitybdd.core.photography.DarkroomProcessingLine - Processing screenshot image in /var/screenshots/screenshot-12149503473901259673
16:38:26.416 [Darkroom Processing Line] DEBUG net.serenitybdd.core.photography.DarkroomProcessingLine - Saving screenshot to C:\Users\Katon\Documents\JavaProject\DemoSerenityFramework\target\site\serenity\b03051a32588baf2dc9f3c4fa1f5f06821ebe5e10066be094c36ab13f092dd78.png
]]></system-out>
    <system-err><![CDATA[Mar 25, 2025 4:38:19 PM org.openqa.selenium.devtools.CdpVersionFinder findNearestMatch
WARNING: Unable to find CDP implementation matching 134
Mar 25, 2025 4:38:19 PM org.openqa.selenium.chromium.ChromiumDriver lambda$new$5
WARNING: Unable to find version of CDP to use for 134.0.6998.166. You may need to include a dependency on a specific version of the CDP using something similar to `org.seleniumhq.selenium:selenium-devtools-v86:4.14.1` where the version ("v86") matches the version of the chromium-based browser you're using and the version number of the artifact is the same as Selenium's.
]]></system-err>
  </testcase>
</testsuite>