<?xml version="1.0" encoding="UTF-8"?>
<testsuite xmlns:xsi="http://www.w3.org/2001/XMLSchema-instance" xsi:noNamespaceSchemaLocation="https://maven.apache.org/surefire/maven-failsafe-plugin/xsd/failsafe-test-report-3.0.xsd" version="3.0" name="Test.Web.ShowInfoTest" time="16.463" tests="3" errors="0" skipped="0" failures="0">
  <properties>
    <property name="java.specification.version" value="21"/>
    <property name="sun.cpu.isalist" value="amd64"/>
    <property name="sun.jnu.encoding" value="Cp1252"/>
    <property name="java.class.path" value="C:\Users\Katon\Documents\JavaProject\DemoSerenityFramework\target\test-classes;C:\Users\Katon\Documents\JavaProject\DemoSerenityFramework\target\DemoSerenity-1.0-SNAPSHOT.jar;C:\Users\Katon\.m2\repository\net\serenity-bdd\serenity-core\4.0.19\serenity-core-4.0.19.jar;C:\Users\Katon\.m2\repository\net\serenity-bdd\serenity-model\4.0.19\serenity-model-4.0.19.jar;C:\Users\Katon\.m2\repository\org\apache\commons\commons-text\1.11.0\commons-text-1.11.0.jar;C:\Users\Katon\.m2\repository\commons-net\commons-net\3.10.0\commons-net-3.10.0.jar;C:\Users\Katon\.m2\repository\com\google\guava\guava\32.1.3-jre\guava-32.1.3-jre.jar;C:\Users\Katon\.m2\repository\com\google\guava\failureaccess\1.0.1\failureaccess-1.0.1.jar;C:\Users\Katon\.m2\repository\com\google\guava\listenablefuture\9999.0-empty-to-avoid-conflict-with-guava\listenablefuture-9999.0-empty-to-avoid-conflict-with-guava.jar;C:\Users\Katon\.m2\repository\com\google\code\findbugs\jsr305\3.0.2\jsr305-3.0.2.jar;C:\Users\Katon\.m2\repository\org\checkerframework\checker-qual\3.37.0\checker-qual-3.37.0.jar;C:\Users\Katon\.m2\repository\com\google\errorprone\error_prone_annotations\2.21.1\error_prone_annotations-2.21.1.jar;C:\Users\Katon\.m2\repository\com\google\j2objc\j2objc-annotations\2.8\j2objc-annotations-2.8.jar;C:\Users\Katon\.m2\repository\org\jsoup\jsoup\1.15.4\jsoup-1.15.4.jar;C:\Users\Katon\.m2\repository\com\thoughtworks\xstream\xstream\1.4.20\xstream-1.4.20.jar;C:\Users\Katon\.m2\repository\io\github\x-stream\mxparser\1.2.2\mxparser-1.2.2.jar;C:\Users\Katon\.m2\repository\xmlpull\xmlpull\1.1.3.1\xmlpull-1.1.3.1.jar;C:\Users\Katon\.m2\repository\io\cucumber\cucumber-core\7.14.0\cucumber-core-7.14.0.jar;C:\Users\Katon\.m2\repository\io\cucumber\cucumber-gherkin\7.14.0\cucumber-gherkin-7.14.0.jar;C:\Users\Katon\.m2\repository\io\cucumber\cucumber-gherkin-messages\7.14.0\cucumber-gherkin-messages-7.14.0.jar;C:\Users\Katon\.m2\repository\io\cucumber\gherkin\26.2.0\gherkin-26.2.0.jar;C:\Users\Katon\.m2\repository\io\cucumber\messages\22.0.0\messages-22.0.0.jar;C:\Users\Katon\.m2\repository\io\cucumber\tag-expressions\5.0.6\tag-expressions-5.0.6.jar;C:\Users\Katon\.m2\repository\io\cucumber\cucumber-expressions\16.1.2\cucumber-expressions-16.1.2.jar;C:\Users\Katon\.m2\repository\io\cucumber\datatable\7.14.0\datatable-7.14.0.jar;C:\Users\Katon\.m2\repository\io\cucumber\cucumber-plugin\7.14.0\cucumber-plugin-7.14.0.jar;C:\Users\Katon\.m2\repository\io\cucumber\docstring\7.14.0\docstring-7.14.0.jar;C:\Users\Katon\.m2\repository\io\cucumber\html-formatter\20.4.0\html-formatter-20.4.0.jar;C:\Users\Katon\.m2\repository\io\cucumber\junit-xml-formatter\0.2.0\junit-xml-formatter-0.2.0.jar;C:\Users\Katon\.m2\repository\io\cucumber\ci-environment\9.2.0\ci-environment-9.2.0.jar;C:\Users\Katon\.m2\repository\io\cucumber\cucumber-java\7.14.0\cucumber-java-7.14.0.jar;C:\Users\Katon\.m2\repository\com\typesafe\config\1.4.3\config-1.4.3.jar;C:\Users\Katon\.m2\repository\org\imgscalr\imgscalr-lib\4.2\imgscalr-lib-4.2.jar;C:\Users\Katon\.m2\repository\org\awaitility\awaitility\4.2.0\awaitility-4.2.0.jar;C:\Users\Katon\.m2\repository\org\freemarker\freemarker\2.3.32\freemarker-2.3.32.jar;C:\Users\Katon\.m2\repository\io\github\classgraph\classgraph\4.8.157\classgraph-4.8.157.jar;C:\Users\Katon\.m2\repository\com\github\ben-manes\caffeine\caffeine\2.9.2\caffeine-2.9.2.jar;C:\Users\Katon\.m2\repository\org\ehcache\ehcache\3.10.8\ehcache-3.10.8.jar;C:\Users\Katon\.m2\repository\javax\cache\cache-api\1.1.0\cache-api-1.1.0.jar;C:\Users\Katon\.m2\repository\net\sourceforge\jexcelapi\jxl\2.6.12\jxl-2.6.12.jar;C:\Users\Katon\.m2\repository\net\bytebuddy\byte-buddy-agent\1.14.9\byte-buddy-agent-1.14.9.jar;C:\Users\Katon\.m2\repository\org\objenesis\objenesis\3.3\objenesis-3.3.jar;C:\Users\Katon\.m2\repository\com\vladsch\flexmark\flexmark-all\0.64.8\flexmark-all-0.64.8.jar;C:\Users\Katon\.m2\repository\com\vladsch\flexmark\flexmark\0.64.8\flexmark-0.64.8.jar;C:\Users\Katon\.m2\repository\com\vladsch\flexmark\flexmark-ext-abbreviation\0.64.8\flexmark-ext-abbreviation-0.64.8.jar;C:\Users\Katon\.m2\repository\com\vladsch\flexmark\flexmark-ext-admonition\0.64.8\flexmark-ext-admonition-0.64.8.jar;C:\Users\Katon\.m2\repository\com\vladsch\flexmark\flexmark-ext-anchorlink\0.64.8\flexmark-ext-anchorlink-0.64.8.jar;C:\Users\Katon\.m2\repository\com\vladsch\flexmark\flexmark-ext-aside\0.64.8\flexmark-ext-aside-0.64.8.jar;C:\Users\Katon\.m2\repository\com\vladsch\flexmark\flexmark-ext-attributes\0.64.8\flexmark-ext-attributes-0.64.8.jar;C:\Users\Katon\.m2\repository\com\vladsch\flexmark\flexmark-ext-autolink\0.64.8\flexmark-ext-autolink-0.64.8.jar;C:\Users\Katon\.m2\repository\org\nibor\autolink\autolink\0.6.0\autolink-0.6.0.jar;C:\Users\Katon\.m2\repository\com\vladsch\flexmark\flexmark-ext-definition\0.64.8\flexmark-ext-definition-0.64.8.jar;C:\Users\Katon\.m2\repository\com\vladsch\flexmark\flexmark-ext-emoji\0.64.8\flexmark-ext-emoji-0.64.8.jar;C:\Users\Katon\.m2\repository\com\vladsch\flexmark\flexmark-ext-enumerated-reference\0.64.8\flexmark-ext-enumerated-reference-0.64.8.jar;C:\Users\Katon\.m2\repository\com\vladsch\flexmark\flexmark-ext-escaped-character\0.64.8\flexmark-ext-escaped-character-0.64.8.jar;C:\Users\Katon\.m2\repository\com\vladsch\flexmark\flexmark-ext-footnotes\0.64.8\flexmark-ext-footnotes-0.64.8.jar;C:\Users\Katon\.m2\repository\com\vladsch\flexmark\flexmark-ext-gfm-issues\0.64.8\flexmark-ext-gfm-issues-0.64.8.jar;C:\Users\Katon\.m2\repository\com\vladsch\flexmark\flexmark-ext-gfm-strikethrough\0.64.8\flexmark-ext-gfm-strikethrough-0.64.8.jar;C:\Users\Katon\.m2\repository\com\vladsch\flexmark\flexmark-ext-gfm-tasklist\0.64.8\flexmark-ext-gfm-tasklist-0.64.8.jar;C:\Users\Katon\.m2\repository\com\vladsch\flexmark\flexmark-ext-gfm-users\0.64.8\flexmark-ext-gfm-users-0.64.8.jar;C:\Users\Katon\.m2\repository\com\vladsch\flexmark\flexmark-ext-gitlab\0.64.8\flexmark-ext-gitlab-0.64.8.jar;C:\Users\Katon\.m2\repository\com\vladsch\flexmark\flexmark-ext-jekyll-front-matter\0.64.8\flexmark-ext-jekyll-front-matter-0.64.8.jar;C:\Users\Katon\.m2\repository\com\vladsch\flexmark\flexmark-ext-jekyll-tag\0.64.8\flexmark-ext-jekyll-tag-0.64.8.jar;C:\Users\Katon\.m2\repository\com\vladsch\flexmark\flexmark-ext-media-tags\0.64.8\flexmark-ext-media-tags-0.64.8.jar;C:\Users\Katon\.m2\repository\com\vladsch\flexmark\flexmark-ext-macros\0.64.8\flexmark-ext-macros-0.64.8.jar;C:\Users\Katon\.m2\repository\com\vladsch\flexmark\flexmark-ext-ins\0.64.8\flexmark-ext-ins-0.64.8.jar;C:\Users\Katon\.m2\repository\com\vladsch\flexmark\flexmark-ext-xwiki-macros\0.64.8\flexmark-ext-xwiki-macros-0.64.8.jar;C:\Users\Katon\.m2\repository\com\vladsch\flexmark\flexmark-ext-superscript\0.64.8\flexmark-ext-superscript-0.64.8.jar;C:\Users\Katon\.m2\repository\com\vladsch\flexmark\flexmark-ext-toc\0.64.8\flexmark-ext-toc-0.64.8.jar;C:\Users\Katon\.m2\repository\com\vladsch\flexmark\flexmark-ext-typographic\0.64.8\flexmark-ext-typographic-0.64.8.jar;C:\Users\Katon\.m2\repository\com\vladsch\flexmark\flexmark-ext-wikilink\0.64.8\flexmark-ext-wikilink-0.64.8.jar;C:\Users\Katon\.m2\repository\com\vladsch\flexmark\flexmark-ext-yaml-front-matter\0.64.8\flexmark-ext-yaml-front-matter-0.64.8.jar;C:\Users\Katon\.m2\repository\com\vladsch\flexmark\flexmark-ext-youtube-embedded\0.64.8\flexmark-ext-youtube-embedded-0.64.8.jar;C:\Users\Katon\.m2\repository\com\vladsch\flexmark\flexmark-html2md-converter\0.64.8\flexmark-html2md-converter-0.64.8.jar;C:\Users\Katon\.m2\repository\com\vladsch\flexmark\flexmark-jira-converter\0.64.8\flexmark-jira-converter-0.64.8.jar;C:\Users\Katon\.m2\repository\com\vladsch\flexmark\flexmark-pdf-converter\0.64.8\flexmark-pdf-converter-0.64.8.jar;C:\Users\Katon\.m2\repository\com\openhtmltopdf\openhtmltopdf-core\1.0.10\openhtmltopdf-core-1.0.10.jar;C:\Users\Katon\.m2\repository\com\openhtmltopdf\openhtmltopdf-pdfbox\1.0.10\openhtmltopdf-pdfbox-1.0.10.jar;C:\Users\Katon\.m2\repository\org\apache\pdfbox\pdfbox\2.0.24\pdfbox-2.0.24.jar;C:\Users\Katon\.m2\repository\org\apache\pdfbox\fontbox\2.0.24\fontbox-2.0.24.jar;C:\Users\Katon\.m2\repository\org\apache\pdfbox\xmpbox\2.0.24\xmpbox-2.0.24.jar;C:\Users\Katon\.m2\repository\de\rototor\pdfbox\graphics2d\0.32\graphics2d-0.32.jar;C:\Users\Katon\.m2\repository\com\openhtmltopdf\openhtmltopdf-rtl-support\1.0.10\openhtmltopdf-rtl-support-1.0.10.jar;C:\Users\Katon\.m2\repository\com\vladsch\flexmark\flexmark-profile-pegdown\0.64.8\flexmark-profile-pegdown-0.64.8.jar;C:\Users\Katon\.m2\repository\com\vladsch\flexmark\flexmark-util-ast\0.64.8\flexmark-util-ast-0.64.8.jar;C:\Users\Katon\.m2\repository\com\vladsch\flexmark\flexmark-util-builder\0.64.8\flexmark-util-builder-0.64.8.jar;C:\Users\Katon\.m2\repository\com\vladsch\flexmark\flexmark-util-collection\0.64.8\flexmark-util-collection-0.64.8.jar;C:\Users\Katon\.m2\repository\com\vladsch\flexmark\flexmark-util-data\0.64.8\flexmark-util-data-0.64.8.jar;C:\Users\Katon\.m2\repository\com\vladsch\flexmark\flexmark-util-dependency\0.64.8\flexmark-util-dependency-0.64.8.jar;C:\Users\Katon\.m2\repository\com\vladsch\flexmark\flexmark-util-format\0.64.8\flexmark-util-format-0.64.8.jar;C:\Users\Katon\.m2\repository\com\vladsch\flexmark\flexmark-util-html\0.64.8\flexmark-util-html-0.64.8.jar;C:\Users\Katon\.m2\repository\com\vladsch\flexmark\flexmark-util-misc\0.64.8\flexmark-util-misc-0.64.8.jar;C:\Users\Katon\.m2\repository\com\vladsch\flexmark\flexmark-util-options\0.64.8\flexmark-util-options-0.64.8.jar;C:\Users\Katon\.m2\repository\com\vladsch\flexmark\flexmark-util-sequence\0.64.8\flexmark-util-sequence-0.64.8.jar;C:\Users\Katon\.m2\repository\com\vladsch\flexmark\flexmark-util-visitor\0.64.8\flexmark-util-visitor-0.64.8.jar;C:\Users\Katon\.m2\repository\com\vladsch\flexmark\flexmark-youtrack-converter\0.64.8\flexmark-youtrack-converter-0.64.8.jar;C:\Users\Katon\.m2\repository\com\vladsch\flexmark\flexmark-ext-resizable-image\0.64.8\flexmark-ext-resizable-image-0.64.8.jar;C:\Users\Katon\.m2\repository\com\vladsch\flexmark\flexmark-ext-tables\0.64.8\flexmark-ext-tables-0.64.8.jar;C:\Users\Katon\.m2\repository\com\vladsch\flexmark\flexmark-util\0.64.8\flexmark-util-0.64.8.jar;C:\Users\Katon\.m2\repository\net\serenity-bdd\serenity-reports\4.0.19\serenity-reports-4.0.19.jar;C:\Users\Katon\.m2\repository\net\serenity-bdd\serenity-stats\4.0.19\serenity-stats-4.0.19.jar;C:\Users\Katon\.m2\repository\net\serenity-bdd\serenity-reports-configuration\4.0.19\serenity-reports-configuration-4.0.19.jar;C:\Users\Katon\.m2\repository\com\ibm\icu\icu4j\72.1\icu4j-72.1.jar;C:\Users\Katon\.m2\repository\es\nitaur\markdown\txtmark\0.16\txtmark-0.16.jar;C:\Users\Katon\.m2\repository\net\serenity-bdd\serenity-report-resources\4.0.19\serenity-report-resources-4.0.19.jar;C:\Users\Katon\.m2\repository\com\google\code\gson\gson\2.10.1\gson-2.10.1.jar;C:\Users\Katon\.m2\repository\com\fasterxml\jackson\core\jackson-core\2.15.2\jackson-core-2.15.2.jar;C:\Users\Katon\.m2\repository\com\fasterxml\jackson\core\jackson-databind\2.15.2\jackson-databind-2.15.2.jar;C:\Users\Katon\.m2\repository\com\fasterxml\jackson\core\jackson-annotations\2.15.2\jackson-annotations-2.15.2.jar;C:\Users\Katon\.m2\repository\commons-codec\commons-codec\1.16.0\commons-codec-1.16.0.jar;C:\Users\Katon\.m2\repository\commons-io\commons-io\2.15.0\commons-io-2.15.0.jar;C:\Users\Katon\.m2\repository\org\apache\httpcomponents\httpclient\4.5.13\httpclient-4.5.13.jar;C:\Users\Katon\.m2\repository\org\apache\httpcomponents\httpcore\4.4.13\httpcore-4.4.13.jar;C:\Users\Katon\.m2\repository\commons-logging\commons-logging\1.2\commons-logging-1.2.jar;C:\Users\Katon\.m2\repository\org\seleniumhq\selenium\selenium-java\4.14.1\selenium-java-4.14.1.jar;C:\Users\Katon\.m2\repository\org\seleniumhq\selenium\selenium-devtools-v116\4.14.1\selenium-devtools-v116-4.14.1.jar;C:\Users\Katon\.m2\repository\org\seleniumhq\selenium\selenium-devtools-v117\4.14.1\selenium-devtools-v117-4.14.1.jar;C:\Users\Katon\.m2\repository\org\seleniumhq\selenium\selenium-devtools-v118\4.14.1\selenium-devtools-v118-4.14.1.jar;C:\Users\Katon\.m2\repository\org\seleniumhq\selenium\selenium-devtools-v85\4.14.1\selenium-devtools-v85-4.14.1.jar;C:\Users\Katon\.m2\repository\org\seleniumhq\selenium\selenium-remote-driver\4.14.1\selenium-remote-driver-4.14.1.jar;C:\Users\Katon\.m2\repository\io\opentelemetry\opentelemetry-api\1.28.0\opentelemetry-api-1.28.0.jar;C:\Users\Katon\.m2\repository\io\opentelemetry\opentelemetry-context\1.28.0\opentelemetry-context-1.28.0.jar;C:\Users\Katon\.m2\repository\io\opentelemetry\opentelemetry-exporter-logging\1.28.0\opentelemetry-exporter-logging-1.28.0.jar;C:\Users\Katon\.m2\repository\io\opentelemetry\opentelemetry-sdk-metrics\1.28.0\opentelemetry-sdk-metrics-1.28.0.jar;C:\Users\Katon\.m2\repository\io\opentelemetry\opentelemetry-extension-incubator\1.28.0-alpha\opentelemetry-extension-incubator-1.28.0-alpha.jar;C:\Users\Katon\.m2\repository\io\opentelemetry\opentelemetry-sdk-logs\1.28.0\opentelemetry-sdk-logs-1.28.0.jar;C:\Users\Katon\.m2\repository\io\opentelemetry\opentelemetry-sdk-common\1.28.0\opentelemetry-sdk-common-1.28.0.jar;C:\Users\Katon\.m2\repository\io\opentelemetry\opentelemetry-sdk-extension-autoconfigure-spi\1.28.0\opentelemetry-sdk-extension-autoconfigure-spi-1.28.0.jar;C:\Users\Katon\.m2\repository\io\opentelemetry\opentelemetry-sdk-extension-autoconfigure\1.28.0\opentelemetry-sdk-extension-autoconfigure-1.28.0.jar;C:\Users\Katon\.m2\repository\io\opentelemetry\opentelemetry-api-events\1.28.0-alpha\opentelemetry-api-events-1.28.0-alpha.jar;C:\Users\Katon\.m2\repository\io\opentelemetry\opentelemetry-sdk-trace\1.28.0\opentelemetry-sdk-trace-1.28.0.jar;C:\Users\Katon\.m2\repository\io\opentelemetry\opentelemetry-sdk\1.28.0\opentelemetry-sdk-1.28.0.jar;C:\Users\Katon\.m2\repository\io\opentelemetry\opentelemetry-semconv\1.28.0-alpha\opentelemetry-semconv-1.28.0-alpha.jar;C:\Users\Katon\.m2\repository\org\seleniumhq\selenium\selenium-os\4.14.1\selenium-os-4.14.1.jar;C:\Users\Katon\.m2\repository\org\apache\commons\commons-exec\1.3\commons-exec-1.3.jar;C:\Users\Katon\.m2\repository\org\seleniumhq\selenium\selenium-safari-driver\4.14.1\selenium-safari-driver-4.14.1.jar;C:\Users\Katon\.m2\repository\org\seleniumhq\selenium\selenium-api\4.14.1\selenium-api-4.14.1.jar;C:\Users\Katon\.m2\repository\org\seleniumhq\selenium\selenium-support\4.14.1\selenium-support-4.14.1.jar;C:\Users\Katon\.m2\repository\com\google\auto\service\auto-service-annotations\1.1.1\auto-service-annotations-1.1.1.jar;C:\Users\Katon\.m2\repository\org\seleniumhq\selenium\selenium-json\4.14.1\selenium-json-4.14.1.jar;C:\Users\Katon\.m2\repository\org\seleniumhq\selenium\selenium-chrome-driver\4.14.1\selenium-chrome-driver-4.14.1.jar;C:\Users\Katon\.m2\repository\org\seleniumhq\selenium\selenium-chromium-driver\4.14.1\selenium-chromium-driver-4.14.1.jar;C:\Users\Katon\.m2\repository\org\seleniumhq\selenium\selenium-manager\4.14.1\selenium-manager-4.14.1.jar;C:\Users\Katon\.m2\repository\org\seleniumhq\selenium\selenium-firefox-driver\4.14.1\selenium-firefox-driver-4.14.1.jar;C:\Users\Katon\.m2\repository\org\seleniumhq\selenium\selenium-http\4.14.1\selenium-http-4.14.1.jar;C:\Users\Katon\.m2\repository\dev\failsafe\failsafe\3.3.2\failsafe-3.3.2.jar;C:\Users\Katon\.m2\repository\org\seleniumhq\selenium\selenium-edge-driver\4.14.1\selenium-edge-driver-4.14.1.jar;C:\Users\Katon\.m2\repository\org\seleniumhq\selenium\selenium-ie-driver\4.14.1\selenium-ie-driver-4.14.1.jar;C:\Users\Katon\.m2\repository\org\htmlunit\htmlunit\3.7.0\htmlunit-3.7.0.jar;C:\Users\Katon\.m2\repository\org\htmlunit\htmlunit-core-js\3.7.0\htmlunit-core-js-3.7.0.jar;C:\Users\Katon\.m2\repository\org\htmlunit\neko-htmlunit\3.7.0\neko-htmlunit-3.7.0.jar;C:\Users\Katon\.m2\repository\org\htmlunit\htmlunit-cssparser\3.7.0\htmlunit-cssparser-3.7.0.jar;C:\Users\Katon\.m2\repository\org\htmlunit\htmlunit-xpath\3.7.0\htmlunit-xpath-3.7.0.jar;C:\Users\Katon\.m2\repository\org\brotli\dec\0.1.2\dec-0.1.2.jar;C:\Users\Katon\.m2\repository\com\shapesecurity\salvation2\3.0.1\salvation2-3.0.1.jar;C:\Users\Katon\.m2\repository\org\eclipse\jetty\websocket\websocket-client\9.4.53.v20231009\websocket-client-9.4.53.v20231009.jar;C:\Users\Katon\.m2\repository\org\eclipse\jetty\jetty-client\9.4.53.v20231009\jetty-client-9.4.53.v20231009.jar;C:\Users\Katon\.m2\repository\org\eclipse\jetty\jetty-http\9.4.53.v20231009\jetty-http-9.4.53.v20231009.jar;C:\Users\Katon\.m2\repository\org\eclipse\jetty\jetty-util\9.4.53.v20231009\jetty-util-9.4.53.v20231009.jar;C:\Users\Katon\.m2\repository\org\eclipse\jetty\jetty-io\9.4.53.v20231009\jetty-io-9.4.53.v20231009.jar;C:\Users\Katon\.m2\repository\org\eclipse\jetty\websocket\websocket-common\9.4.53.v20231009\websocket-common-9.4.53.v20231009.jar;C:\Users\Katon\.m2\repository\org\eclipse\jetty\websocket\websocket-api\9.4.53.v20231009\websocket-api-9.4.53.v20231009.jar;C:\Users\Katon\.m2\repository\org\seleniumhq\selenium\htmlunit3-driver\4.14.1\htmlunit3-driver-4.14.1.jar;C:\Users\Katon\.m2\repository\io\appium\java-client\9.0.0\java-client-9.0.0.jar;C:\Users\Katon\.m2\repository\org\apache\groovy\groovy\4.0.13\groovy-4.0.13.jar;C:\Users\Katon\.m2\repository\net\sf\opencsv\opencsv\2.1\opencsv-2.1.jar;C:\Users\Katon\.m2\repository\org\apache\commons\commons-lang3\3.13.0\commons-lang3-3.13.0.jar;C:\Users\Katon\.m2\repository\org\apache\commons\commons-compress\1.24.0\commons-compress-1.24.0.jar;C:\Users\Katon\.m2\repository\org\fluentlenium\fluentlenium-core\0.10.2\fluentlenium-core-0.10.2.jar;C:\Users\Katon\.m2\repository\com\jhlabs\filters\2.0.235\filters-2.0.235.jar;C:\Users\Katon\.m2\repository\com\paulhammant\ngwebdriver\1.1.6\ngwebdriver-1.1.6.jar;C:\Users\Katon\.m2\repository\joda-time\joda-time\2.12.5\joda-time-2.12.5.jar;C:\Users\Katon\.m2\repository\org\hamcrest\hamcrest\2.2\hamcrest-2.2.jar;C:\Users\Katon\.m2\repository\com\google\jimfs\jimfs\1.3.0\jimfs-1.3.0.jar;C:\Users\Katon\.m2\repository\org\mockito\mockito-core\3.3.3\mockito-core-3.3.3.jar;C:\Users\Katon\.m2\repository\javax\xml\bind\jaxb-api\2.3.1\jaxb-api-2.3.1.jar;C:\Users\Katon\.m2\repository\javax\activation\javax.activation-api\1.2.0\javax.activation-api-1.2.0.jar;C:\Users\Katon\.m2\repository\com\sun\xml\bind\jaxb-core\2.3.0.1\jaxb-core-2.3.0.1.jar;C:\Users\Katon\.m2\repository\com\sun\xml\bind\jaxb-impl\2.3.3\jaxb-impl-2.3.3.jar;C:\Users\Katon\.m2\repository\jakarta\xml\bind\jakarta.xml.bind-api\2.3.3\jakarta.xml.bind-api-2.3.3.jar;C:\Users\Katon\.m2\repository\com\sun\activation\jakarta.activation\1.2.2\jakarta.activation-1.2.2.jar;C:\Users\Katon\.m2\repository\javax\activation\activation\1.1.1\activation-1.1.1.jar;C:\Users\Katon\.m2\repository\net\serenity-bdd\serenity-junit5\4.0.19\serenity-junit5-4.0.19.jar;C:\Users\Katon\.m2\repository\org\junit\jupiter\junit-jupiter-params\5.10.0\junit-jupiter-params-5.10.0.jar;C:\Users\Katon\.m2\repository\org\junit\platform\junit-platform-launcher\1.10.0\junit-platform-launcher-1.10.0.jar;C:\Users\Katon\.m2\repository\net\serenity-bdd\serenity-screenplay\4.0.19\serenity-screenplay-4.0.19.jar;C:\Users\Katon\.m2\repository\net\serenity-bdd\serenity-ensure\4.0.19\serenity-ensure-4.0.19.jar;C:\Users\Katon\.m2\repository\org\jetbrains\kotlin\kotlin-stdlib\1.9.0\kotlin-stdlib-1.9.0.jar;C:\Users\Katon\.m2\repository\org\jetbrains\kotlin\kotlin-stdlib-common\1.9.0\kotlin-stdlib-common-1.9.0.jar;C:\Users\Katon\.m2\repository\org\jetbrains\annotations\13.0\annotations-13.0.jar;C:\Users\Katon\.m2\repository\net\serenity-bdd\serenity-screenplay-webdriver\4.0.19\serenity-screenplay-webdriver-4.0.19.jar;C:\Users\Katon\.m2\repository\ch\qos\logback\logback-classic\1.2.11\logback-classic-1.2.11.jar;C:\Users\Katon\.m2\repository\ch\qos\logback\logback-core\1.2.11\logback-core-1.2.11.jar;C:\Users\Katon\.m2\repository\org\slf4j\slf4j-api\1.7.32\slf4j-api-1.7.32.jar;C:\Users\Katon\.m2\repository\org\junit\jupiter\junit-jupiter-api\5.10.0\junit-jupiter-api-5.10.0.jar;C:\Users\Katon\.m2\repository\org\opentest4j\opentest4j\1.3.0\opentest4j-1.3.0.jar;C:\Users\Katon\.m2\repository\org\junit\platform\junit-platform-commons\1.10.0\junit-platform-commons-1.10.0.jar;C:\Users\Katon\.m2\repository\org\apiguardian\apiguardian-api\1.1.2\apiguardian-api-1.1.2.jar;C:\Users\Katon\.m2\repository\org\junit\jupiter\junit-jupiter-engine\5.10.0\junit-jupiter-engine-5.10.0.jar;C:\Users\Katon\.m2\repository\org\junit\platform\junit-platform-engine\1.10.0\junit-platform-engine-1.10.0.jar;C:\Users\Katon\.m2\repository\org\assertj\assertj-core\3.24.2\assertj-core-3.24.2.jar;C:\Users\Katon\.m2\repository\net\bytebuddy\byte-buddy\1.12.21\byte-buddy-1.12.21.jar;C:\Users\Katon\.m2\repository\net\serenity-bdd\serenity-rest-assured\4.0.19\serenity-rest-assured-4.0.19.jar;C:\Users\Katon\.m2\repository\org\apache\groovy\groovy-json\4.0.13\groovy-json-4.0.13.jar;C:\Users\Katon\.m2\repository\org\apache\groovy\groovy-xml\4.0.13\groovy-xml-4.0.13.jar;C:\Users\Katon\.m2\repository\io\rest-assured\rest-assured\5.4.0\rest-assured-5.4.0.jar;C:\Users\Katon\.m2\repository\org\apache\httpcomponents\httpmime\4.5.13\httpmime-4.5.13.jar;C:\Users\Katon\.m2\repository\org\ccil\cowan\tagsoup\tagsoup\1.2.1\tagsoup-1.2.1.jar;C:\Users\Katon\.m2\repository\io\rest-assured\json-path\5.4.0\json-path-5.4.0.jar;C:\Users\Katon\.m2\repository\io\rest-assured\rest-assured-common\5.4.0\rest-assured-common-5.4.0.jar;C:\Users\Katon\.m2\repository\io\rest-assured\xml-path\5.4.0\xml-path-5.4.0.jar;C:\Users\Katon\.m2\repository\com\mysql\mysql-connector-j\8.3.0\mysql-connector-j-8.3.0.jar;C:\Users\Katon\.m2\repository\com\google\protobuf\protobuf-java\3.25.1\protobuf-java-3.25.1.jar;"/>
    <property name="java.vm.vendor" value="Oracle Corporation"/>
    <property name="sun.arch.data.model" value="64"/>
    <property name="user.variant" value=""/>
    <property name="java.vendor.url" value="https://java.oracle.com/"/>
    <property name="user.timezone" value="Europe/London"/>
    <property name="os.name" value="Windows 10"/>
    <property name="java.vm.specification.version" value="21"/>
    <property name="sun.java.launcher" value="SUN_STANDARD"/>
    <property name="user.country" value="GB"/>
    <property name="sun.boot.library.path" value="C:\Program Files\Java\jdk-21\bin"/>
    <property name="sun.java.command" value="C:\Users\Katon\AppData\Local\Temp\surefire10571852970401938850\surefirebooter-20250325163403997_3.jar C:\Users\Katon\AppData\Local\Temp\surefire10571852970401938850 2025-03-25T16-34-03_828-jvmRun1 surefire-20250325163403997_1tmp surefire_0-20250325163403997_2tmp"/>
    <property name="jdk.debug" value="release"/>
    <property name="surefire.test.class.path" value="C:\Users\Katon\Documents\JavaProject\DemoSerenityFramework\target\test-classes;C:\Users\Katon\Documents\JavaProject\DemoSerenityFramework\target\DemoSerenity-1.0-SNAPSHOT.jar;C:\Users\Katon\.m2\repository\net\serenity-bdd\serenity-core\4.0.19\serenity-core-4.0.19.jar;C:\Users\Katon\.m2\repository\net\serenity-bdd\serenity-model\4.0.19\serenity-model-4.0.19.jar;C:\Users\Katon\.m2\repository\org\apache\commons\commons-text\1.11.0\commons-text-1.11.0.jar;C:\Users\Katon\.m2\repository\commons-net\commons-net\3.10.0\commons-net-3.10.0.jar;C:\Users\Katon\.m2\repository\com\google\guava\guava\32.1.3-jre\guava-32.1.3-jre.jar;C:\Users\Katon\.m2\repository\com\google\guava\failureaccess\1.0.1\failureaccess-1.0.1.jar;C:\Users\Katon\.m2\repository\com\google\guava\listenablefuture\9999.0-empty-to-avoid-conflict-with-guava\listenablefuture-9999.0-empty-to-avoid-conflict-with-guava.jar;C:\Users\Katon\.m2\repository\com\google\code\findbugs\jsr305\3.0.2\jsr305-3.0.2.jar;C:\Users\Katon\.m2\repository\org\checkerframework\checker-qual\3.37.0\checker-qual-3.37.0.jar;C:\Users\Katon\.m2\repository\com\google\errorprone\error_prone_annotations\2.21.1\error_prone_annotations-2.21.1.jar;C:\Users\Katon\.m2\repository\com\google\j2objc\j2objc-annotations\2.8\j2objc-annotations-2.8.jar;C:\Users\Katon\.m2\repository\org\jsoup\jsoup\1.15.4\jsoup-1.15.4.jar;C:\Users\Katon\.m2\repository\com\thoughtworks\xstream\xstream\1.4.20\xstream-1.4.20.jar;C:\Users\Katon\.m2\repository\io\github\x-stream\mxparser\1.2.2\mxparser-1.2.2.jar;C:\Users\Katon\.m2\repository\xmlpull\xmlpull\1.1.3.1\xmlpull-1.1.3.1.jar;C:\Users\Katon\.m2\repository\io\cucumber\cucumber-core\7.14.0\cucumber-core-7.14.0.jar;C:\Users\Katon\.m2\repository\io\cucumber\cucumber-gherkin\7.14.0\cucumber-gherkin-7.14.0.jar;C:\Users\Katon\.m2\repository\io\cucumber\cucumber-gherkin-messages\7.14.0\cucumber-gherkin-messages-7.14.0.jar;C:\Users\Katon\.m2\repository\io\cucumber\gherkin\26.2.0\gherkin-26.2.0.jar;C:\Users\Katon\.m2\repository\io\cucumber\messages\22.0.0\messages-22.0.0.jar;C:\Users\Katon\.m2\repository\io\cucumber\tag-expressions\5.0.6\tag-expressions-5.0.6.jar;C:\Users\Katon\.m2\repository\io\cucumber\cucumber-expressions\16.1.2\cucumber-expressions-16.1.2.jar;C:\Users\Katon\.m2\repository\io\cucumber\datatable\7.14.0\datatable-7.14.0.jar;C:\Users\Katon\.m2\repository\io\cucumber\cucumber-plugin\7.14.0\cucumber-plugin-7.14.0.jar;C:\Users\Katon\.m2\repository\io\cucumber\docstring\7.14.0\docstring-7.14.0.jar;C:\Users\Katon\.m2\repository\io\cucumber\html-formatter\20.4.0\html-formatter-20.4.0.jar;C:\Users\Katon\.m2\repository\io\cucumber\junit-xml-formatter\0.2.0\junit-xml-formatter-0.2.0.jar;C:\Users\Katon\.m2\repository\io\cucumber\ci-environment\9.2.0\ci-environment-9.2.0.jar;C:\Users\Katon\.m2\repository\io\cucumber\cucumber-java\7.14.0\cucumber-java-7.14.0.jar;C:\Users\Katon\.m2\repository\com\typesafe\config\1.4.3\config-1.4.3.jar;C:\Users\Katon\.m2\repository\org\imgscalr\imgscalr-lib\4.2\imgscalr-lib-4.2.jar;C:\Users\Katon\.m2\repository\org\awaitility\awaitility\4.2.0\awaitility-4.2.0.jar;C:\Users\Katon\.m2\repository\org\freemarker\freemarker\2.3.32\freemarker-2.3.32.jar;C:\Users\Katon\.m2\repository\io\github\classgraph\classgraph\4.8.157\classgraph-4.8.157.jar;C:\Users\Katon\.m2\repository\com\github\ben-manes\caffeine\caffeine\2.9.2\caffeine-2.9.2.jar;C:\Users\Katon\.m2\repository\org\ehcache\ehcache\3.10.8\ehcache-3.10.8.jar;C:\Users\Katon\.m2\repository\javax\cache\cache-api\1.1.0\cache-api-1.1.0.jar;C:\Users\Katon\.m2\repository\net\sourceforge\jexcelapi\jxl\2.6.12\jxl-2.6.12.jar;C:\Users\Katon\.m2\repository\net\bytebuddy\byte-buddy-agent\1.14.9\byte-buddy-agent-1.14.9.jar;C:\Users\Katon\.m2\repository\org\objenesis\objenesis\3.3\objenesis-3.3.jar;C:\Users\Katon\.m2\repository\com\vladsch\flexmark\flexmark-all\0.64.8\flexmark-all-0.64.8.jar;C:\Users\Katon\.m2\repository\com\vladsch\flexmark\flexmark\0.64.8\flexmark-0.64.8.jar;C:\Users\Katon\.m2\repository\com\vladsch\flexmark\flexmark-ext-abbreviation\0.64.8\flexmark-ext-abbreviation-0.64.8.jar;C:\Users\Katon\.m2\repository\com\vladsch\flexmark\flexmark-ext-admonition\0.64.8\flexmark-ext-admonition-0.64.8.jar;C:\Users\Katon\.m2\repository\com\vladsch\flexmark\flexmark-ext-anchorlink\0.64.8\flexmark-ext-anchorlink-0.64.8.jar;C:\Users\Katon\.m2\repository\com\vladsch\flexmark\flexmark-ext-aside\0.64.8\flexmark-ext-aside-0.64.8.jar;C:\Users\Katon\.m2\repository\com\vladsch\flexmark\flexmark-ext-attributes\0.64.8\flexmark-ext-attributes-0.64.8.jar;C:\Users\Katon\.m2\repository\com\vladsch\flexmark\flexmark-ext-autolink\0.64.8\flexmark-ext-autolink-0.64.8.jar;C:\Users\Katon\.m2\repository\org\nibor\autolink\autolink\0.6.0\autolink-0.6.0.jar;C:\Users\Katon\.m2\repository\com\vladsch\flexmark\flexmark-ext-definition\0.64.8\flexmark-ext-definition-0.64.8.jar;C:\Users\Katon\.m2\repository\com\vladsch\flexmark\flexmark-ext-emoji\0.64.8\flexmark-ext-emoji-0.64.8.jar;C:\Users\Katon\.m2\repository\com\vladsch\flexmark\flexmark-ext-enumerated-reference\0.64.8\flexmark-ext-enumerated-reference-0.64.8.jar;C:\Users\Katon\.m2\repository\com\vladsch\flexmark\flexmark-ext-escaped-character\0.64.8\flexmark-ext-escaped-character-0.64.8.jar;C:\Users\Katon\.m2\repository\com\vladsch\flexmark\flexmark-ext-footnotes\0.64.8\flexmark-ext-footnotes-0.64.8.jar;C:\Users\Katon\.m2\repository\com\vladsch\flexmark\flexmark-ext-gfm-issues\0.64.8\flexmark-ext-gfm-issues-0.64.8.jar;C:\Users\Katon\.m2\repository\com\vladsch\flexmark\flexmark-ext-gfm-strikethrough\0.64.8\flexmark-ext-gfm-strikethrough-0.64.8.jar;C:\Users\Katon\.m2\repository\com\vladsch\flexmark\flexmark-ext-gfm-tasklist\0.64.8\flexmark-ext-gfm-tasklist-0.64.8.jar;C:\Users\Katon\.m2\repository\com\vladsch\flexmark\flexmark-ext-gfm-users\0.64.8\flexmark-ext-gfm-users-0.64.8.jar;C:\Users\Katon\.m2\repository\com\vladsch\flexmark\flexmark-ext-gitlab\0.64.8\flexmark-ext-gitlab-0.64.8.jar;C:\Users\Katon\.m2\repository\com\vladsch\flexmark\flexmark-ext-jekyll-front-matter\0.64.8\flexmark-ext-jekyll-front-matter-0.64.8.jar;C:\Users\Katon\.m2\repository\com\vladsch\flexmark\flexmark-ext-jekyll-tag\0.64.8\flexmark-ext-jekyll-tag-0.64.8.jar;C:\Users\Katon\.m2\repository\com\vladsch\flexmark\flexmark-ext-media-tags\0.64.8\flexmark-ext-media-tags-0.64.8.jar;C:\Users\Katon\.m2\repository\com\vladsch\flexmark\flexmark-ext-macros\0.64.8\flexmark-ext-macros-0.64.8.jar;C:\Users\Katon\.m2\repository\com\vladsch\flexmark\flexmark-ext-ins\0.64.8\flexmark-ext-ins-0.64.8.jar;C:\Users\Katon\.m2\repository\com\vladsch\flexmark\flexmark-ext-xwiki-macros\0.64.8\flexmark-ext-xwiki-macros-0.64.8.jar;C:\Users\Katon\.m2\repository\com\vladsch\flexmark\flexmark-ext-superscript\0.64.8\flexmark-ext-superscript-0.64.8.jar;C:\Users\Katon\.m2\repository\com\vladsch\flexmark\flexmark-ext-toc\0.64.8\flexmark-ext-toc-0.64.8.jar;C:\Users\Katon\.m2\repository\com\vladsch\flexmark\flexmark-ext-typographic\0.64.8\flexmark-ext-typographic-0.64.8.jar;C:\Users\Katon\.m2\repository\com\vladsch\flexmark\flexmark-ext-wikilink\0.64.8\flexmark-ext-wikilink-0.64.8.jar;C:\Users\Katon\.m2\repository\com\vladsch\flexmark\flexmark-ext-yaml-front-matter\0.64.8\flexmark-ext-yaml-front-matter-0.64.8.jar;C:\Users\Katon\.m2\repository\com\vladsch\flexmark\flexmark-ext-youtube-embedded\0.64.8\flexmark-ext-youtube-embedded-0.64.8.jar;C:\Users\Katon\.m2\repository\com\vladsch\flexmark\flexmark-html2md-converter\0.64.8\flexmark-html2md-converter-0.64.8.jar;C:\Users\Katon\.m2\repository\com\vladsch\flexmark\flexmark-jira-converter\0.64.8\flexmark-jira-converter-0.64.8.jar;C:\Users\Katon\.m2\repository\com\vladsch\flexmark\flexmark-pdf-converter\0.64.8\flexmark-pdf-converter-0.64.8.jar;C:\Users\Katon\.m2\repository\com\openhtmltopdf\openhtmltopdf-core\1.0.10\openhtmltopdf-core-1.0.10.jar;C:\Users\Katon\.m2\repository\com\openhtmltopdf\openhtmltopdf-pdfbox\1.0.10\openhtmltopdf-pdfbox-1.0.10.jar;C:\Users\Katon\.m2\repository\org\apache\pdfbox\pdfbox\2.0.24\pdfbox-2.0.24.jar;C:\Users\Katon\.m2\repository\org\apache\pdfbox\fontbox\2.0.24\fontbox-2.0.24.jar;C:\Users\Katon\.m2\repository\org\apache\pdfbox\xmpbox\2.0.24\xmpbox-2.0.24.jar;C:\Users\Katon\.m2\repository\de\rototor\pdfbox\graphics2d\0.32\graphics2d-0.32.jar;C:\Users\Katon\.m2\repository\com\openhtmltopdf\openhtmltopdf-rtl-support\1.0.10\openhtmltopdf-rtl-support-1.0.10.jar;C:\Users\Katon\.m2\repository\com\vladsch\flexmark\flexmark-profile-pegdown\0.64.8\flexmark-profile-pegdown-0.64.8.jar;C:\Users\Katon\.m2\repository\com\vladsch\flexmark\flexmark-util-ast\0.64.8\flexmark-util-ast-0.64.8.jar;C:\Users\Katon\.m2\repository\com\vladsch\flexmark\flexmark-util-builder\0.64.8\flexmark-util-builder-0.64.8.jar;C:\Users\Katon\.m2\repository\com\vladsch\flexmark\flexmark-util-collection\0.64.8\flexmark-util-collection-0.64.8.jar;C:\Users\Katon\.m2\repository\com\vladsch\flexmark\flexmark-util-data\0.64.8\flexmark-util-data-0.64.8.jar;C:\Users\Katon\.m2\repository\com\vladsch\flexmark\flexmark-util-dependency\0.64.8\flexmark-util-dependency-0.64.8.jar;C:\Users\Katon\.m2\repository\com\vladsch\flexmark\flexmark-util-format\0.64.8\flexmark-util-format-0.64.8.jar;C:\Users\Katon\.m2\repository\com\vladsch\flexmark\flexmark-util-html\0.64.8\flexmark-util-html-0.64.8.jar;C:\Users\Katon\.m2\repository\com\vladsch\flexmark\flexmark-util-misc\0.64.8\flexmark-util-misc-0.64.8.jar;C:\Users\Katon\.m2\repository\com\vladsch\flexmark\flexmark-util-options\0.64.8\flexmark-util-options-0.64.8.jar;C:\Users\Katon\.m2\repository\com\vladsch\flexmark\flexmark-util-sequence\0.64.8\flexmark-util-sequence-0.64.8.jar;C:\Users\Katon\.m2\repository\com\vladsch\flexmark\flexmark-util-visitor\0.64.8\flexmark-util-visitor-0.64.8.jar;C:\Users\Katon\.m2\repository\com\vladsch\flexmark\flexmark-youtrack-converter\0.64.8\flexmark-youtrack-converter-0.64.8.jar;C:\Users\Katon\.m2\repository\com\vladsch\flexmark\flexmark-ext-resizable-image\0.64.8\flexmark-ext-resizable-image-0.64.8.jar;C:\Users\Katon\.m2\repository\com\vladsch\flexmark\flexmark-ext-tables\0.64.8\flexmark-ext-tables-0.64.8.jar;C:\Users\Katon\.m2\repository\com\vladsch\flexmark\flexmark-util\0.64.8\flexmark-util-0.64.8.jar;C:\Users\Katon\.m2\repository\net\serenity-bdd\serenity-reports\4.0.19\serenity-reports-4.0.19.jar;C:\Users\Katon\.m2\repository\net\serenity-bdd\serenity-stats\4.0.19\serenity-stats-4.0.19.jar;C:\Users\Katon\.m2\repository\net\serenity-bdd\serenity-reports-configuration\4.0.19\serenity-reports-configuration-4.0.19.jar;C:\Users\Katon\.m2\repository\com\ibm\icu\icu4j\72.1\icu4j-72.1.jar;C:\Users\Katon\.m2\repository\es\nitaur\markdown\txtmark\0.16\txtmark-0.16.jar;C:\Users\Katon\.m2\repository\net\serenity-bdd\serenity-report-resources\4.0.19\serenity-report-resources-4.0.19.jar;C:\Users\Katon\.m2\repository\com\google\code\gson\gson\2.10.1\gson-2.10.1.jar;C:\Users\Katon\.m2\repository\com\fasterxml\jackson\core\jackson-core\2.15.2\jackson-core-2.15.2.jar;C:\Users\Katon\.m2\repository\com\fasterxml\jackson\core\jackson-databind\2.15.2\jackson-databind-2.15.2.jar;C:\Users\Katon\.m2\repository\com\fasterxml\jackson\core\jackson-annotations\2.15.2\jackson-annotations-2.15.2.jar;C:\Users\Katon\.m2\repository\commons-codec\commons-codec\1.16.0\commons-codec-1.16.0.jar;C:\Users\Katon\.m2\repository\commons-io\commons-io\2.15.0\commons-io-2.15.0.jar;C:\Users\Katon\.m2\repository\org\apache\httpcomponents\httpclient\4.5.13\httpclient-4.5.13.jar;C:\Users\Katon\.m2\repository\org\apache\httpcomponents\httpcore\4.4.13\httpcore-4.4.13.jar;C:\Users\Katon\.m2\repository\commons-logging\commons-logging\1.2\commons-logging-1.2.jar;C:\Users\Katon\.m2\repository\org\seleniumhq\selenium\selenium-java\4.14.1\selenium-java-4.14.1.jar;C:\Users\Katon\.m2\repository\org\seleniumhq\selenium\selenium-devtools-v116\4.14.1\selenium-devtools-v116-4.14.1.jar;C:\Users\Katon\.m2\repository\org\seleniumhq\selenium\selenium-devtools-v117\4.14.1\selenium-devtools-v117-4.14.1.jar;C:\Users\Katon\.m2\repository\org\seleniumhq\selenium\selenium-devtools-v118\4.14.1\selenium-devtools-v118-4.14.1.jar;C:\Users\Katon\.m2\repository\org\seleniumhq\selenium\selenium-devtools-v85\4.14.1\selenium-devtools-v85-4.14.1.jar;C:\Users\Katon\.m2\repository\org\seleniumhq\selenium\selenium-remote-driver\4.14.1\selenium-remote-driver-4.14.1.jar;C:\Users\Katon\.m2\repository\io\opentelemetry\opentelemetry-api\1.28.0\opentelemetry-api-1.28.0.jar;C:\Users\Katon\.m2\repository\io\opentelemetry\opentelemetry-context\1.28.0\opentelemetry-context-1.28.0.jar;C:\Users\Katon\.m2\repository\io\opentelemetry\opentelemetry-exporter-logging\1.28.0\opentelemetry-exporter-logging-1.28.0.jar;C:\Users\Katon\.m2\repository\io\opentelemetry\opentelemetry-sdk-metrics\1.28.0\opentelemetry-sdk-metrics-1.28.0.jar;C:\Users\Katon\.m2\repository\io\opentelemetry\opentelemetry-extension-incubator\1.28.0-alpha\opentelemetry-extension-incubator-1.28.0-alpha.jar;C:\Users\Katon\.m2\repository\io\opentelemetry\opentelemetry-sdk-logs\1.28.0\opentelemetry-sdk-logs-1.28.0.jar;C:\Users\Katon\.m2\repository\io\opentelemetry\opentelemetry-sdk-common\1.28.0\opentelemetry-sdk-common-1.28.0.jar;C:\Users\Katon\.m2\repository\io\opentelemetry\opentelemetry-sdk-extension-autoconfigure-spi\1.28.0\opentelemetry-sdk-extension-autoconfigure-spi-1.28.0.jar;C:\Users\Katon\.m2\repository\io\opentelemetry\opentelemetry-sdk-extension-autoconfigure\1.28.0\opentelemetry-sdk-extension-autoconfigure-1.28.0.jar;C:\Users\Katon\.m2\repository\io\opentelemetry\opentelemetry-api-events\1.28.0-alpha\opentelemetry-api-events-1.28.0-alpha.jar;C:\Users\Katon\.m2\repository\io\opentelemetry\opentelemetry-sdk-trace\1.28.0\opentelemetry-sdk-trace-1.28.0.jar;C:\Users\Katon\.m2\repository\io\opentelemetry\opentelemetry-sdk\1.28.0\opentelemetry-sdk-1.28.0.jar;C:\Users\Katon\.m2\repository\io\opentelemetry\opentelemetry-semconv\1.28.0-alpha\opentelemetry-semconv-1.28.0-alpha.jar;C:\Users\Katon\.m2\repository\org\seleniumhq\selenium\selenium-os\4.14.1\selenium-os-4.14.1.jar;C:\Users\Katon\.m2\repository\org\apache\commons\commons-exec\1.3\commons-exec-1.3.jar;C:\Users\Katon\.m2\repository\org\seleniumhq\selenium\selenium-safari-driver\4.14.1\selenium-safari-driver-4.14.1.jar;C:\Users\Katon\.m2\repository\org\seleniumhq\selenium\selenium-api\4.14.1\selenium-api-4.14.1.jar;C:\Users\Katon\.m2\repository\org\seleniumhq\selenium\selenium-support\4.14.1\selenium-support-4.14.1.jar;C:\Users\Katon\.m2\repository\com\google\auto\service\auto-service-annotations\1.1.1\auto-service-annotations-1.1.1.jar;C:\Users\Katon\.m2\repository\org\seleniumhq\selenium\selenium-json\4.14.1\selenium-json-4.14.1.jar;C:\Users\Katon\.m2\repository\org\seleniumhq\selenium\selenium-chrome-driver\4.14.1\selenium-chrome-driver-4.14.1.jar;C:\Users\Katon\.m2\repository\org\seleniumhq\selenium\selenium-chromium-driver\4.14.1\selenium-chromium-driver-4.14.1.jar;C:\Users\Katon\.m2\repository\org\seleniumhq\selenium\selenium-manager\4.14.1\selenium-manager-4.14.1.jar;C:\Users\Katon\.m2\repository\org\seleniumhq\selenium\selenium-firefox-driver\4.14.1\selenium-firefox-driver-4.14.1.jar;C:\Users\Katon\.m2\repository\org\seleniumhq\selenium\selenium-http\4.14.1\selenium-http-4.14.1.jar;C:\Users\Katon\.m2\repository\dev\failsafe\failsafe\3.3.2\failsafe-3.3.2.jar;C:\Users\Katon\.m2\repository\org\seleniumhq\selenium\selenium-edge-driver\4.14.1\selenium-edge-driver-4.14.1.jar;C:\Users\Katon\.m2\repository\org\seleniumhq\selenium\selenium-ie-driver\4.14.1\selenium-ie-driver-4.14.1.jar;C:\Users\Katon\.m2\repository\org\htmlunit\htmlunit\3.7.0\htmlunit-3.7.0.jar;C:\Users\Katon\.m2\repository\org\htmlunit\htmlunit-core-js\3.7.0\htmlunit-core-js-3.7.0.jar;C:\Users\Katon\.m2\repository\org\htmlunit\neko-htmlunit\3.7.0\neko-htmlunit-3.7.0.jar;C:\Users\Katon\.m2\repository\org\htmlunit\htmlunit-cssparser\3.7.0\htmlunit-cssparser-3.7.0.jar;C:\Users\Katon\.m2\repository\org\htmlunit\htmlunit-xpath\3.7.0\htmlunit-xpath-3.7.0.jar;C:\Users\Katon\.m2\repository\org\brotli\dec\0.1.2\dec-0.1.2.jar;C:\Users\Katon\.m2\repository\com\shapesecurity\salvation2\3.0.1\salvation2-3.0.1.jar;C:\Users\Katon\.m2\repository\org\eclipse\jetty\websocket\websocket-client\9.4.53.v20231009\websocket-client-9.4.53.v20231009.jar;C:\Users\Katon\.m2\repository\org\eclipse\jetty\jetty-client\9.4.53.v20231009\jetty-client-9.4.53.v20231009.jar;C:\Users\Katon\.m2\repository\org\eclipse\jetty\jetty-http\9.4.53.v20231009\jetty-http-9.4.53.v20231009.jar;C:\Users\Katon\.m2\repository\org\eclipse\jetty\jetty-util\9.4.53.v20231009\jetty-util-9.4.53.v20231009.jar;C:\Users\Katon\.m2\repository\org\eclipse\jetty\jetty-io\9.4.53.v20231009\jetty-io-9.4.53.v20231009.jar;C:\Users\Katon\.m2\repository\org\eclipse\jetty\websocket\websocket-common\9.4.53.v20231009\websocket-common-9.4.53.v20231009.jar;C:\Users\Katon\.m2\repository\org\eclipse\jetty\websocket\websocket-api\9.4.53.v20231009\websocket-api-9.4.53.v20231009.jar;C:\Users\Katon\.m2\repository\org\seleniumhq\selenium\htmlunit3-driver\4.14.1\htmlunit3-driver-4.14.1.jar;C:\Users\Katon\.m2\repository\io\appium\java-client\9.0.0\java-client-9.0.0.jar;C:\Users\Katon\.m2\repository\org\apache\groovy\groovy\4.0.13\groovy-4.0.13.jar;C:\Users\Katon\.m2\repository\net\sf\opencsv\opencsv\2.1\opencsv-2.1.jar;C:\Users\Katon\.m2\repository\org\apache\commons\commons-lang3\3.13.0\commons-lang3-3.13.0.jar;C:\Users\Katon\.m2\repository\org\apache\commons\commons-compress\1.24.0\commons-compress-1.24.0.jar;C:\Users\Katon\.m2\repository\org\fluentlenium\fluentlenium-core\0.10.2\fluentlenium-core-0.10.2.jar;C:\Users\Katon\.m2\repository\com\jhlabs\filters\2.0.235\filters-2.0.235.jar;C:\Users\Katon\.m2\repository\com\paulhammant\ngwebdriver\1.1.6\ngwebdriver-1.1.6.jar;C:\Users\Katon\.m2\repository\joda-time\joda-time\2.12.5\joda-time-2.12.5.jar;C:\Users\Katon\.m2\repository\org\hamcrest\hamcrest\2.2\hamcrest-2.2.jar;C:\Users\Katon\.m2\repository\com\google\jimfs\jimfs\1.3.0\jimfs-1.3.0.jar;C:\Users\Katon\.m2\repository\org\mockito\mockito-core\3.3.3\mockito-core-3.3.3.jar;C:\Users\Katon\.m2\repository\javax\xml\bind\jaxb-api\2.3.1\jaxb-api-2.3.1.jar;C:\Users\Katon\.m2\repository\javax\activation\javax.activation-api\1.2.0\javax.activation-api-1.2.0.jar;C:\Users\Katon\.m2\repository\com\sun\xml\bind\jaxb-core\2.3.0.1\jaxb-core-2.3.0.1.jar;C:\Users\Katon\.m2\repository\com\sun\xml\bind\jaxb-impl\2.3.3\jaxb-impl-2.3.3.jar;C:\Users\Katon\.m2\repository\jakarta\xml\bind\jakarta.xml.bind-api\2.3.3\jakarta.xml.bind-api-2.3.3.jar;C:\Users\Katon\.m2\repository\com\sun\activation\jakarta.activation\1.2.2\jakarta.activation-1.2.2.jar;C:\Users\Katon\.m2\repository\javax\activation\activation\1.1.1\activation-1.1.1.jar;C:\Users\Katon\.m2\repository\net\serenity-bdd\serenity-junit5\4.0.19\serenity-junit5-4.0.19.jar;C:\Users\Katon\.m2\repository\org\junit\jupiter\junit-jupiter-params\5.10.0\junit-jupiter-params-5.10.0.jar;C:\Users\Katon\.m2\repository\org\junit\platform\junit-platform-launcher\1.10.0\junit-platform-launcher-1.10.0.jar;C:\Users\Katon\.m2\repository\net\serenity-bdd\serenity-screenplay\4.0.19\serenity-screenplay-4.0.19.jar;C:\Users\Katon\.m2\repository\net\serenity-bdd\serenity-ensure\4.0.19\serenity-ensure-4.0.19.jar;C:\Users\Katon\.m2\repository\org\jetbrains\kotlin\kotlin-stdlib\1.9.0\kotlin-stdlib-1.9.0.jar;C:\Users\Katon\.m2\repository\org\jetbrains\kotlin\kotlin-stdlib-common\1.9.0\kotlin-stdlib-common-1.9.0.jar;C:\Users\Katon\.m2\repository\org\jetbrains\annotations\13.0\annotations-13.0.jar;C:\Users\Katon\.m2\repository\net\serenity-bdd\serenity-screenplay-webdriver\4.0.19\serenity-screenplay-webdriver-4.0.19.jar;C:\Users\Katon\.m2\repository\ch\qos\logback\logback-classic\1.2.11\logback-classic-1.2.11.jar;C:\Users\Katon\.m2\repository\ch\qos\logback\logback-core\1.2.11\logback-core-1.2.11.jar;C:\Users\Katon\.m2\repository\org\slf4j\slf4j-api\1.7.32\slf4j-api-1.7.32.jar;C:\Users\Katon\.m2\repository\org\junit\jupiter\junit-jupiter-api\5.10.0\junit-jupiter-api-5.10.0.jar;C:\Users\Katon\.m2\repository\org\opentest4j\opentest4j\1.3.0\opentest4j-1.3.0.jar;C:\Users\Katon\.m2\repository\org\junit\platform\junit-platform-commons\1.10.0\junit-platform-commons-1.10.0.jar;C:\Users\Katon\.m2\repository\org\apiguardian\apiguardian-api\1.1.2\apiguardian-api-1.1.2.jar;C:\Users\Katon\.m2\repository\org\junit\jupiter\junit-jupiter-engine\5.10.0\junit-jupiter-engine-5.10.0.jar;C:\Users\Katon\.m2\repository\org\junit\platform\junit-platform-engine\1.10.0\junit-platform-engine-1.10.0.jar;C:\Users\Katon\.m2\repository\org\assertj\assertj-core\3.24.2\assertj-core-3.24.2.jar;C:\Users\Katon\.m2\repository\net\bytebuddy\byte-buddy\1.12.21\byte-buddy-1.12.21.jar;C:\Users\Katon\.m2\repository\net\serenity-bdd\serenity-rest-assured\4.0.19\serenity-rest-assured-4.0.19.jar;C:\Users\Katon\.m2\repository\org\apache\groovy\groovy-json\4.0.13\groovy-json-4.0.13.jar;C:\Users\Katon\.m2\repository\org\apache\groovy\groovy-xml\4.0.13\groovy-xml-4.0.13.jar;C:\Users\Katon\.m2\repository\io\rest-assured\rest-assured\5.4.0\rest-assured-5.4.0.jar;C:\Users\Katon\.m2\repository\org\apache\httpcomponents\httpmime\4.5.13\httpmime-4.5.13.jar;C:\Users\Katon\.m2\repository\org\ccil\cowan\tagsoup\tagsoup\1.2.1\tagsoup-1.2.1.jar;C:\Users\Katon\.m2\repository\io\rest-assured\json-path\5.4.0\json-path-5.4.0.jar;C:\Users\Katon\.m2\repository\io\rest-assured\rest-assured-common\5.4.0\rest-assured-common-5.4.0.jar;C:\Users\Katon\.m2\repository\io\rest-assured\xml-path\5.4.0\xml-path-5.4.0.jar;C:\Users\Katon\.m2\repository\com\mysql\mysql-connector-j\8.3.0\mysql-connector-j-8.3.0.jar;C:\Users\Katon\.m2\repository\com\google\protobuf\protobuf-java\3.25.1\protobuf-java-3.25.1.jar;"/>
    <property name="sun.cpu.endian" value="little"/>
    <property name="user.home" value="C:\Users\Katon"/>
    <property name="user.language" value="en"/>
    <property name="java.specification.vendor" value="Oracle Corporation"/>
    <property name="java.version.date" value="2025-01-21"/>
    <property name="java.home" value="C:\Program Files\Java\jdk-21"/>
    <property name="file.separator" value="\"/>
    <property name="basedir" value="C:\Users\Katon\Documents\JavaProject\DemoSerenityFramework"/>
    <property name="java.vm.compressedOopsMode" value="Zero based"/>
    <property name="line.separator" value="&#10;"/>
    <property name="java.vm.specification.vendor" value="Oracle Corporation"/>
    <property name="java.specification.name" value="Java Platform API Specification"/>
    <property name="surefire.real.class.path" value="C:\Users\Katon\AppData\Local\Temp\surefire10571852970401938850\surefirebooter-20250325163403997_3.jar"/>
    <property name="user.script" value=""/>
    <property name="java.protocol.handler.pkgs" value="com.google.common"/>
    <property name="sun.management.compiler" value="HotSpot 64-Bit Tiered Compilers"/>
    <property name="java.runtime.version" value="21.0.6+8-LTS-188"/>
    <property name="user.name" value="Katon"/>
    <property name="stdout.encoding" value="Cp1252"/>
    <property name="path.separator" value=";"/>
    <property name="os.version" value="10.0"/>
    <property name="java.runtime.name" value="Java(TM) SE Runtime Environment"/>
    <property name="file.encoding" value="UTF-8"/>
    <property name="webdriver.base.url" value=""/>
    <property name="java.vm.name" value="Java HotSpot(TM) 64-Bit Server VM"/>
    <property name="localRepository" value="C:\Users\Katon\.m2\repository"/>
    <property name="java.vendor.url.bug" value="https://bugreport.java.com/bugreport/"/>
    <property name="java.io.tmpdir" value="C:\Users\Katon\AppData\Local\Temp\"/>
    <property name="java.version" value="21.0.6"/>
    <property name="user.dir" value="C:\Users\Katon\Documents\JavaProject\DemoSerenityFramework"/>
    <property name="os.arch" value="amd64"/>
    <property name="java.vm.specification.name" value="Java Virtual Machine Specification"/>
    <property name="sun.os.patch.level" value=""/>
    <property name="native.encoding" value="Cp1252"/>
    <property name="java.library.path" value="C:\Program Files\Java\jdk-21\bin;C:\Windows\Sun\Java\bin;C:\Windows\system32;C:\Windows;C:\Program Files\Common Files\Oracle\Java\javapath;C:\Windows\system32;C:\Windows;C:\Windows\System32\Wbem;C:\Windows\System32\WindowsPowerShell\v1.0\;C:\Windows\System32\OpenSSH\;C:\Program Files (x86)\NVIDIA Corporation\PhysX\Common;C:\xampp\php;C:\Composer;C:\Program Files (x86)\Maven\bin;C:\Users\Katon\AppData\Local\Microsoft\WindowsApps;C:\Users\Katon\AppData\Local\GitHubDesktop\bin;C:\Users\Katon\AppData\Roaming\Composer\vendor\bin;."/>
    <property name="junit.jupiter.extensions.autodetection.enabled" value="true"/>
    <property name="java.vm.info" value="mixed mode, sharing"/>
    <property name="stderr.encoding" value="Cp1252"/>
    <property name="java.vendor" value="Oracle Corporation"/>
    <property name="java.vm.version" value="21.0.6+8-LTS-188"/>
    <property name="sun.io.unicode.encoding" value="UnicodeLittle"/>
    <property name="java.class.version" value="65.0"/>
  </properties>
  <testcase name="checkClickButtonLogout" classname="Test.Web.ShowInfoTest" time="6.242">
    <system-out><![CDATA[16:38:26.595 [main] DEBUG net.thucydides.core.steps.StepEventBus - Test suite started for ShowInfoTest in class Test.Web.ShowInfoTest
16:38:26.595 [main] INFO  - Test Suite Started: ShowInfoTest
16:38:26.627 [main] DEBUG net.thucydides.core.steps.StepEventBus - Test suite started for ShowInfoTest in class Test.Web.ShowInfoTest
16:38:26.627 [main] INFO  - Test Suite Started: ShowInfoTest
16:38:26.627 [main] DEBUG net.serenitybdd.junit5.SerenityTestExecutionListener - Thread[#1,main,5,main] Test started TestIdentifier [uniqueId = [engine:junit-jupiter]/[class:Test.Web.ShowInfoTest]/[method:checkClickButtonLogout()], parentId = [engine:junit-jupiter]/[class:Test.Web.ShowInfoTest], displayName = 'kiểm tra bấm nút đăng xuất', legacyReportingName = 'checkClickButtonLogout()', source = MethodSource [className = 'Test.Web.ShowInfoTest', methodName = 'checkClickButtonLogout', methodParameterTypes = ''], tags = [], type = TEST]
16:38:26.642 [main] INFO  - 
  _____   ___   ___   _____     ___   _____     _     ___   _____   ___   ___  
 |_   _| | __| / __| |_   _|   / __| |_   _|   /_\   | _ \ |_   _| | __| |   \ 
   | |   | _|  \__ \   | |     \__ \   | |    / _ \  |   /   | |   | _|  | |) |
   |_|   |___| |___/   |_|     |___/   |_|   /_/ \_\ |_|_\   |_|   |___| |___/ 

kiểm tra bấm nút đăng xuất([engine:junit-jupiter]/[class:Test.Web.ShowInfoTest]/[method:checkClickButtonLogout()])
--------------------------------------------------------------------------------
16:38:26.642 [main] DEBUG net.thucydides.core.steps.StepInterceptor - STARTING STEP: StepInterceptor.testContext - truy cập trang đăng nhập
16:38:26.674 [main] INFO net.serenitybdd.core.webdriver.driverproviders.ChromeDriverProvider - Starting Chrome driver instance with capabilities:
16:38:26.674 [main] INFO net.serenitybdd.core.webdriver.driverproviders.ChromeDriverProvider - Capabilities {acceptInsecureCerts: false, browserName: chrome, goog:chromeOptions: {args: [remote-allow-origins=*, --headless=chrome, --headless], extensions: []}}
16:38:27.783 [main] DEBUG net.serenitybdd.core.photography.Darkroom - Opening darkroom
16:38:27.783 [Darkroom Processing Line] DEBUG net.serenitybdd.core.photography.DarkroomProcessingLine - Darkroom processing line starting up
16:38:28.588 [main] DEBUG net.serenitybdd.core.photography.Darkroom - Send negative for processing for C:\Users\Katon\Documents\JavaProject\DemoSerenityFramework\target\site\serenity\4f5f7c5fb69b37d5193473d6bb3163c3c2b362d2d6653f5ef4eaa646aefcd234.png
16:38:28.588 [main] DEBUG net.thucydides.core.steps.StepInterceptor - STEP DONE: truy cập trang đăng nhập
16:38:28.600 [main] DEBUG net.thucydides.core.steps.StepInterceptor - STARTING STEP: StepInterceptor.testContext - xóa dữ liệu ô nhập
16:38:29.048 [main] DEBUG net.serenitybdd.core.photography.Darkroom - Send negative for processing for C:\Users\Katon\Documents\JavaProject\DemoSerenityFramework\target\site\serenity\4f5f7c5fb69b37d5193473d6bb3163c3c2b362d2d6653f5ef4eaa646aefcd234.png
16:38:29.048 [main] DEBUG net.thucydides.core.steps.StepInterceptor - STEP DONE: xóa dữ liệu ô nhập
16:38:29.048 [main] DEBUG net.thucydides.core.steps.StepInterceptor - STARTING STEP: StepInterceptor.testContext - nhập tài khoản
16:38:29.433 [main] DEBUG net.serenitybdd.core.photography.Darkroom - Send negative for processing for C:\Users\Katon\Documents\JavaProject\DemoSerenityFramework\target\site\serenity\dc833e7d4416efb2734884ff032756f289c1b86b165792aa692eaeaf98013b50.png
16:38:29.433 [main] DEBUG net.thucydides.core.steps.StepInterceptor - STEP DONE: nhập tài khoản
16:38:29.441 [main] DEBUG net.thucydides.core.steps.StepInterceptor - STARTING STEP: StepInterceptor.testContext - nhập mật khẩu
16:38:30.285 [main] DEBUG net.serenitybdd.core.photography.Darkroom - Send negative for processing for C:\Users\Katon\Documents\JavaProject\DemoSerenityFramework\target\site\serenity\86ce05be554b12cdf2852352fdbee1b35e0d807cdb4cf7f2f54ed3ed539a4d66.png
16:38:30.285 [main] DEBUG net.thucydides.core.steps.StepInterceptor - STEP DONE: nhập mật khẩu
16:38:30.285 [Darkroom Processing Line] DEBUG net.serenitybdd.core.photography.DarkroomProcessingLine - Processing screenshot image in /var/screenshots/screenshot-12238976961669186732
16:38:30.285 [Darkroom Processing Line] DEBUG net.serenitybdd.core.photography.DarkroomProcessingLine - Saving screenshot to C:\Users\Katon\Documents\JavaProject\DemoSerenityFramework\target\site\serenity\86ce05be554b12cdf2852352fdbee1b35e0d807cdb4cf7f2f54ed3ed539a4d66.png
16:38:30.299 [main] DEBUG net.thucydides.core.steps.StepInterceptor - STARTING STEP: StepInterceptor.testContext - bấm nút đăng nhập
16:38:31.235 [main] DEBUG net.serenitybdd.core.photography.Darkroom - Send negative for processing for C:\Users\Katon\Documents\JavaProject\DemoSerenityFramework\target\site\serenity\30c273840467a46de4a15cad12c1f5e2040bb5c73e3873d2f8ef80aa249e3bad.png
16:38:31.249 [main] DEBUG net.thucydides.core.steps.StepInterceptor - STEP DONE: bấm nút đăng nhập
16:38:31.249 [main] DEBUG net.thucydides.core.steps.StepInterceptor - STARTING STEP: StepInterceptor.testContext - bấm nút đăng xuất
16:38:32.032 [main] DEBUG net.serenitybdd.core.photography.Darkroom - Send negative for processing for C:\Users\Katon\Documents\JavaProject\DemoSerenityFramework\target\site\serenity\4f5f7c5fb69b37d5193473d6bb3163c3c2b362d2d6653f5ef4eaa646aefcd234.png
16:38:32.032 [main] DEBUG net.thucydides.core.steps.StepInterceptor - STEP DONE: bấm nút đăng xuất
16:38:32.048 [main] DEBUG net.thucydides.core.steps.StepInterceptor - STARTING STEP: StepInterceptor.testContext - kiểm tra hiển thị tiêu đề trang đăng nhập
16:38:32.884 [main] DEBUG net.serenitybdd.core.photography.Darkroom - Send negative for processing for C:\Users\Katon\Documents\JavaProject\DemoSerenityFramework\target\site\serenity\4f5f7c5fb69b37d5193473d6bb3163c3c2b362d2d6653f5ef4eaa646aefcd234.png
16:38:32.884 [main] DEBUG net.thucydides.core.steps.StepInterceptor - STEP DONE: kiểm tra hiển thị tiêu đề trang đăng nhập
]]></system-out>
    <system-err><![CDATA[Mar 25, 2025 4:38:27 PM org.openqa.selenium.devtools.CdpVersionFinder findNearestMatch
WARNING: Unable to find CDP implementation matching 134
Mar 25, 2025 4:38:27 PM org.openqa.selenium.chromium.ChromiumDriver lambda$new$5
WARNING: Unable to find version of CDP to use for 134.0.6998.166. You may need to include a dependency on a specific version of the CDP using something similar to `org.seleniumhq.selenium:selenium-devtools-v86:4.14.1` where the version ("v86") matches the version of the chromium-based browser you're using and the version number of the artifact is the same as Selenium's.
]]></system-err>
  </testcase>
  <testcase name="checkClickButtonUpdate" classname="Test.Web.ShowInfoTest" time="5.451">
    <system-out><![CDATA[16:38:32.884 [main] INFO  - 
  _____   ___   ___   _____     ___     _     ___   ___   ___   ___  
 |_   _| | __| / __| |_   _|   | _ \   /_\   / __| / __| | __| |   \ 
   | |   | _|  \__ \   | |     |  _/  / _ \  \__ \ \__ \ | _|  | |) |
   |_|   |___| |___/   |_|     |_|   /_/ \_\ |___/ |___/ |___| |___/ 

kiểm tra bấm nút đăng xuất
----------------------------------------------------------------------
16:38:33.056 [main] DEBUG net.thucydides.core.steps.StepEventBus - Test suite started for ShowInfoTest in class Test.Web.ShowInfoTest
16:38:33.056 [main] INFO  - Test Suite Started: ShowInfoTest
16:38:33.056 [main] DEBUG net.serenitybdd.junit5.SerenityTestExecutionListener - Thread[#1,main,5,main] Test started TestIdentifier [uniqueId = [engine:junit-jupiter]/[class:Test.Web.ShowInfoTest]/[method:checkClickButtonUpdate()], parentId = [engine:junit-jupiter]/[class:Test.Web.ShowInfoTest], displayName = 'kiểm tra bấm nút cập nhật', legacyReportingName = 'checkClickButtonUpdate()', source = MethodSource [className = 'Test.Web.ShowInfoTest', methodName = 'checkClickButtonUpdate', methodParameterTypes = ''], tags = [], type = TEST]
16:38:33.056 [main] INFO  - 
  _____   ___   ___   _____     ___   _____     _     ___   _____   ___   ___  
 |_   _| | __| / __| |_   _|   / __| |_   _|   /_\   | _ \ |_   _| | __| |   \ 
   | |   | _|  \__ \   | |     \__ \   | |    / _ \  |   /   | |   | _|  | |) |
   |_|   |___| |___/   |_|     |___/   |_|   /_/ \_\ |_|_\   |_|   |___| |___/ 

kiểm tra bấm nút cập nhật([engine:junit-jupiter]/[class:Test.Web.ShowInfoTest]/[method:checkClickButtonUpdate()])
--------------------------------------------------------------------------------
16:38:33.056 [main] DEBUG net.thucydides.core.steps.StepInterceptor - STARTING STEP: StepInterceptor.testContext - truy cập trang đăng nhập
16:38:33.103 [main] INFO net.serenitybdd.core.webdriver.driverproviders.ChromeDriverProvider - Starting Chrome driver instance with capabilities:
16:38:33.103 [main] INFO net.serenitybdd.core.webdriver.driverproviders.ChromeDriverProvider - Capabilities {acceptInsecureCerts: false, browserName: chrome, goog:chromeOptions: {args: [remote-allow-origins=*, --headless=chrome, --headless], extensions: []}}
16:38:34.269 [main] DEBUG net.serenitybdd.core.photography.Darkroom - Opening darkroom
16:38:34.270 [Darkroom Processing Line] DEBUG net.serenitybdd.core.photography.DarkroomProcessingLine - Darkroom processing line starting up
16:38:34.662 [main] DEBUG net.serenitybdd.core.photography.Darkroom - Send negative for processing for C:\Users\Katon\Documents\JavaProject\DemoSerenityFramework\target\site\serenity\4f5f7c5fb69b37d5193473d6bb3163c3c2b362d2d6653f5ef4eaa646aefcd234.png
16:38:34.662 [main] DEBUG net.thucydides.core.steps.StepInterceptor - STEP DONE: truy cập trang đăng nhập
16:38:34.664 [main] DEBUG net.thucydides.core.steps.StepInterceptor - STARTING STEP: StepInterceptor.testContext - xóa dữ liệu ô nhập
16:38:35.553 [main] DEBUG net.serenitybdd.core.photography.Darkroom - Send negative for processing for C:\Users\Katon\Documents\JavaProject\DemoSerenityFramework\target\site\serenity\4f5f7c5fb69b37d5193473d6bb3163c3c2b362d2d6653f5ef4eaa646aefcd234.png
16:38:35.553 [main] DEBUG net.thucydides.core.steps.StepInterceptor - STEP DONE: xóa dữ liệu ô nhập
16:38:35.567 [main] DEBUG net.thucydides.core.steps.StepInterceptor - STARTING STEP: StepInterceptor.testContext - nhập tài khoản
16:38:35.901 [main] DEBUG net.serenitybdd.core.photography.Darkroom - Send negative for processing for C:\Users\Katon\Documents\JavaProject\DemoSerenityFramework\target\site\serenity\dc833e7d4416efb2734884ff032756f289c1b86b165792aa692eaeaf98013b50.png
16:38:35.901 [main] DEBUG net.thucydides.core.steps.StepInterceptor - STEP DONE: nhập tài khoản
16:38:35.901 [main] DEBUG net.thucydides.core.steps.StepInterceptor - STARTING STEP: StepInterceptor.testContext - nhập mật khẩu
16:38:36.241 [main] DEBUG net.serenitybdd.core.photography.Darkroom - Send negative for processing for C:\Users\Katon\Documents\JavaProject\DemoSerenityFramework\target\site\serenity\26c31608ecde0a70e2641b00af1e90c1f4466d8349be07ff94bff6b45e87c71f.png
16:38:36.241 [main] DEBUG net.thucydides.core.steps.StepInterceptor - STEP DONE: nhập mật khẩu
16:38:36.241 [Darkroom Processing Line] DEBUG net.serenitybdd.core.photography.DarkroomProcessingLine - Processing screenshot image in /var/screenshots/screenshot-6019569207490732415
16:38:36.246 [Darkroom Processing Line] DEBUG net.serenitybdd.core.photography.DarkroomProcessingLine - Saving screenshot to C:\Users\Katon\Documents\JavaProject\DemoSerenityFramework\target\site\serenity\26c31608ecde0a70e2641b00af1e90c1f4466d8349be07ff94bff6b45e87c71f.png
16:38:36.254 [main] DEBUG net.thucydides.core.steps.StepInterceptor - STARTING STEP: StepInterceptor.testContext - bấm nút đăng nhập
16:38:37.739 [main] DEBUG net.serenitybdd.core.photography.Darkroom - Send negative for processing for C:\Users\Katon\Documents\JavaProject\DemoSerenityFramework\target\site\serenity\30c273840467a46de4a15cad12c1f5e2040bb5c73e3873d2f8ef80aa249e3bad.png
16:38:37.748 [main] DEBUG net.thucydides.core.steps.StepInterceptor - STEP DONE: bấm nút đăng nhập
16:38:37.752 [main] DEBUG net.thucydides.core.steps.StepInterceptor - STARTING STEP: StepInterceptor.testContext - bấm nút cập nhật
16:38:38.470 [main] DEBUG net.serenitybdd.core.photography.Darkroom - Send negative for processing for C:\Users\Katon\Documents\JavaProject\DemoSerenityFramework\target\site\serenity\e1341ffb994f070516bf203a6f8c79dd80414b86f19d36f44d136abf1447eb73.png
16:38:38.470 [Darkroom Processing Line] DEBUG net.serenitybdd.core.photography.DarkroomProcessingLine - Processing screenshot image in /var/screenshots/screenshot-6026749735566995218
16:38:38.470 [Darkroom Processing Line] DEBUG net.serenitybdd.core.photography.DarkroomProcessingLine - Saving screenshot to C:\Users\Katon\Documents\JavaProject\DemoSerenityFramework\target\site\serenity\e1341ffb994f070516bf203a6f8c79dd80414b86f19d36f44d136abf1447eb73.png
16:38:38.481 [main] DEBUG net.thucydides.core.steps.StepInterceptor - STEP DONE: bấm nút cập nhật
16:38:38.481 [main] DEBUG net.thucydides.core.steps.StepInterceptor - STARTING STEP: StepInterceptor.testContext - kiểm tra ô nhập họ tên bị vô hiệu hóa
16:38:38.507 [main] DEBUG net.thucydides.core.steps.StepInterceptor - STEP DONE: kiểm tra ô nhập họ tên bị vô hiệu hóa
]]></system-out>
    <system-err><![CDATA[Mar 25, 2025 4:38:33 PM org.openqa.selenium.devtools.CdpVersionFinder findNearestMatch
WARNING: Unable to find CDP implementation matching 134
Mar 25, 2025 4:38:33 PM org.openqa.selenium.chromium.ChromiumDriver lambda$new$5
WARNING: Unable to find version of CDP to use for 134.0.6998.166. You may need to include a dependency on a specific version of the CDP using something similar to `org.seleniumhq.selenium:selenium-devtools-v86:4.14.1` where the version ("v86") matches the version of the chromium-based browser you're using and the version number of the artifact is the same as Selenium's.
]]></system-err>
  </testcase>
  <testcase name="checkOpenShowInfoPage" classname="Test.Web.ShowInfoTest" time="4.242">
    <system-out><![CDATA[16:38:38.509 [main] INFO  - 
  _____   ___   ___   _____     ___     _     ___   ___   ___   ___  
 |_   _| | __| / __| |_   _|   | _ \   /_\   / __| / __| | __| |   \ 
   | |   | _|  \__ \   | |     |  _/  / _ \  \__ \ \__ \ | _|  | |) |
   |_|   |___| |___/   |_|     |_|   /_/ \_\ |___/ |___/ |___| |___/ 

kiểm tra bấm nút cập nhật
----------------------------------------------------------------------
16:38:38.669 [main] DEBUG net.thucydides.core.steps.StepEventBus - Test suite started for ShowInfoTest in class Test.Web.ShowInfoTest
16:38:38.669 [main] INFO  - Test Suite Started: ShowInfoTest
16:38:38.669 [main] DEBUG net.serenitybdd.junit5.SerenityTestExecutionListener - Thread[#1,main,5,main] Test started TestIdentifier [uniqueId = [engine:junit-jupiter]/[class:Test.Web.ShowInfoTest]/[method:checkOpenShowInfoPage()], parentId = [engine:junit-jupiter]/[class:Test.Web.ShowInfoTest], displayName = 'kiểm tra hiển thị trang hiển thị thông tin', legacyReportingName = 'checkOpenShowInfoPage()', source = MethodSource [className = 'Test.Web.ShowInfoTest', methodName = 'checkOpenShowInfoPage', methodParameterTypes = ''], tags = [], type = TEST]
16:38:38.669 [main] INFO  - 
  _____   ___   ___   _____     ___   _____     _     ___   _____   ___   ___  
 |_   _| | __| / __| |_   _|   / __| |_   _|   /_\   | _ \ |_   _| | __| |   \ 
   | |   | _|  \__ \   | |     \__ \   | |    / _ \  |   /   | |   | _|  | |) |
   |_|   |___| |___/   |_|     |___/   |_|   /_/ \_\ |_|_\   |_|   |___| |___/ 

kiểm tra hiển thị trang hiển thị thông tin([engine:junit-jupiter]/[class:Test.Web.ShowInfoTest]/[method:checkOpenShowInfoPage()])
--------------------------------------------------------------------------------
16:38:38.669 [main] DEBUG net.thucydides.core.steps.StepInterceptor - STARTING STEP: StepInterceptor.testContext - truy cập trang đăng nhập
16:38:38.716 [main] INFO net.serenitybdd.core.webdriver.driverproviders.ChromeDriverProvider - Starting Chrome driver instance with capabilities:
16:38:38.716 [main] INFO net.serenitybdd.core.webdriver.driverproviders.ChromeDriverProvider - Capabilities {acceptInsecureCerts: false, browserName: chrome, goog:chromeOptions: {args: [remote-allow-origins=*, --headless=chrome, --headless], extensions: []}}
16:38:39.938 [main] DEBUG net.serenitybdd.core.photography.Darkroom - Opening darkroom
16:38:39.938 [Darkroom Processing Line] DEBUG net.serenitybdd.core.photography.DarkroomProcessingLine - Darkroom processing line starting up
16:38:40.285 [main] DEBUG net.serenitybdd.core.photography.Darkroom - Send negative for processing for C:\Users\Katon\Documents\JavaProject\DemoSerenityFramework\target\site\serenity\4f5f7c5fb69b37d5193473d6bb3163c3c2b362d2d6653f5ef4eaa646aefcd234.png
16:38:40.285 [main] DEBUG net.thucydides.core.steps.StepInterceptor - STEP DONE: truy cập trang đăng nhập
16:38:40.301 [main] DEBUG net.thucydides.core.steps.StepInterceptor - STARTING STEP: StepInterceptor.testContext - xóa dữ liệu ô nhập
16:38:40.650 [main] DEBUG net.serenitybdd.core.photography.Darkroom - Send negative for processing for C:\Users\Katon\Documents\JavaProject\DemoSerenityFramework\target\site\serenity\4f5f7c5fb69b37d5193473d6bb3163c3c2b362d2d6653f5ef4eaa646aefcd234.png
16:38:40.650 [main] DEBUG net.thucydides.core.steps.StepInterceptor - STEP DONE: xóa dữ liệu ô nhập
16:38:40.650 [main] DEBUG net.thucydides.core.steps.StepInterceptor - STARTING STEP: StepInterceptor.testContext - nhập tài khoản
16:38:41.068 [main] DEBUG net.serenitybdd.core.photography.Darkroom - Send negative for processing for C:\Users\Katon\Documents\JavaProject\DemoSerenityFramework\target\site\serenity\dc833e7d4416efb2734884ff032756f289c1b86b165792aa692eaeaf98013b50.png
16:38:41.068 [main] DEBUG net.thucydides.core.steps.StepInterceptor - STEP DONE: nhập tài khoản
16:38:41.080 [main] DEBUG net.thucydides.core.steps.StepInterceptor - STARTING STEP: StepInterceptor.testContext - nhập mật khẩu
16:38:41.117 [main] DEBUG net.thucydides.core.steps.StepInterceptor - STEP DONE: nhập mật khẩu
16:38:41.915 [main] DEBUG net.serenitybdd.core.photography.Darkroom - Send negative for processing for C:\Users\Katon\Documents\JavaProject\DemoSerenityFramework\target\site\serenity\86ce05be554b12cdf2852352fdbee1b35e0d807cdb4cf7f2f54ed3ed539a4d66.png
16:38:41.915 [main] DEBUG net.thucydides.core.steps.StepInterceptor - STARTING STEP: StepInterceptor.testContext - bấm nút đăng nhập
16:38:42.848 [main] DEBUG net.serenitybdd.core.photography.Darkroom - Send negative for processing for C:\Users\Katon\Documents\JavaProject\DemoSerenityFramework\target\site\serenity\30c273840467a46de4a15cad12c1f5e2040bb5c73e3873d2f8ef80aa249e3bad.png
16:38:42.848 [main] DEBUG net.thucydides.core.steps.StepInterceptor - STEP DONE: bấm nút đăng nhập
16:38:42.848 [main] DEBUG net.thucydides.core.steps.StepInterceptor - STARTING STEP: StepInterceptor.testContext - kiểm tra hiển thị tiêu đề trang hiển thị thông tin
16:38:42.896 [main] DEBUG net.thucydides.core.steps.StepInterceptor - STEP DONE: kiểm tra hiển thị tiêu đề trang hiển thị thông tin
]]></system-out>
    <system-err><![CDATA[Mar 25, 2025 4:38:39 PM org.openqa.selenium.devtools.CdpVersionFinder findNearestMatch
WARNING: Unable to find CDP implementation matching 134
Mar 25, 2025 4:38:39 PM org.openqa.selenium.chromium.ChromiumDriver lambda$new$5
WARNING: Unable to find version of CDP to use for 134.0.6998.166. You may need to include a dependency on a specific version of the CDP using something similar to `org.seleniumhq.selenium:selenium-devtools-v86:4.14.1` where the version ("v86") matches the version of the chromium-based browser you're using and the version number of the artifact is the same as Selenium's.
]]></system-err>
  </testcase>
</testsuite>