<?xml version="1.0" encoding="UTF-8"?>
<testsuite xmlns:xsi="http://www.w3.org/2001/XMLSchema-instance" xsi:noNamespaceSchemaLocation="https://maven.apache.org/surefire/maven-failsafe-plugin/xsd/failsafe-test-report-3.0.xsd" version="3.0" name="Test.Web.UpdateInfoTest" time="203.239" tests="20" errors="0" skipped="0" failures="0">
  <properties>
    <property name="java.specification.version" value="21"/>
    <property name="sun.cpu.isalist" value="amd64"/>
    <property name="sun.jnu.encoding" value="Cp1252"/>
    <property name="java.class.path" value="C:\Users\Katon\Documents\JavaProject\DemoSerenityFramework\target\test-classes;C:\Users\Katon\Documents\JavaProject\DemoSerenityFramework\target\DemoSerenity-1.0-SNAPSHOT.jar;C:\Users\Katon\.m2\repository\net\serenity-bdd\serenity-core\4.0.19\serenity-core-4.0.19.jar;C:\Users\Katon\.m2\repository\net\serenity-bdd\serenity-model\4.0.19\serenity-model-4.0.19.jar;C:\Users\Katon\.m2\repository\org\apache\commons\commons-text\1.11.0\commons-text-1.11.0.jar;C:\Users\Katon\.m2\repository\commons-net\commons-net\3.10.0\commons-net-3.10.0.jar;C:\Users\Katon\.m2\repository\com\google\guava\guava\32.1.3-jre\guava-32.1.3-jre.jar;C:\Users\Katon\.m2\repository\com\google\guava\failureaccess\1.0.1\failureaccess-1.0.1.jar;C:\Users\Katon\.m2\repository\com\google\guava\listenablefuture\9999.0-empty-to-avoid-conflict-with-guava\listenablefuture-9999.0-empty-to-avoid-conflict-with-guava.jar;C:\Users\Katon\.m2\repository\com\google\code\findbugs\jsr305\3.0.2\jsr305-3.0.2.jar;C:\Users\Katon\.m2\repository\org\checkerframework\checker-qual\3.37.0\checker-qual-3.37.0.jar;C:\Users\Katon\.m2\repository\com\google\errorprone\error_prone_annotations\2.21.1\error_prone_annotations-2.21.1.jar;C:\Users\Katon\.m2\repository\com\google\j2objc\j2objc-annotations\2.8\j2objc-annotations-2.8.jar;C:\Users\Katon\.m2\repository\org\jsoup\jsoup\1.15.4\jsoup-1.15.4.jar;C:\Users\Katon\.m2\repository\com\thoughtworks\xstream\xstream\1.4.20\xstream-1.4.20.jar;C:\Users\Katon\.m2\repository\io\github\x-stream\mxparser\1.2.2\mxparser-1.2.2.jar;C:\Users\Katon\.m2\repository\xmlpull\xmlpull\1.1.3.1\xmlpull-1.1.3.1.jar;C:\Users\Katon\.m2\repository\io\cucumber\cucumber-core\7.14.0\cucumber-core-7.14.0.jar;C:\Users\Katon\.m2\repository\io\cucumber\cucumber-gherkin\7.14.0\cucumber-gherkin-7.14.0.jar;C:\Users\Katon\.m2\repository\io\cucumber\cucumber-gherkin-messages\7.14.0\cucumber-gherkin-messages-7.14.0.jar;C:\Users\Katon\.m2\repository\io\cucumber\gherkin\26.2.0\gherkin-26.2.0.jar;C:\Users\Katon\.m2\repository\io\cucumber\messages\22.0.0\messages-22.0.0.jar;C:\Users\Katon\.m2\repository\io\cucumber\tag-expressions\5.0.6\tag-expressions-5.0.6.jar;C:\Users\Katon\.m2\repository\io\cucumber\cucumber-expressions\16.1.2\cucumber-expressions-16.1.2.jar;C:\Users\Katon\.m2\repository\io\cucumber\datatable\7.14.0\datatable-7.14.0.jar;C:\Users\Katon\.m2\repository\io\cucumber\cucumber-plugin\7.14.0\cucumber-plugin-7.14.0.jar;C:\Users\Katon\.m2\repository\io\cucumber\docstring\7.14.0\docstring-7.14.0.jar;C:\Users\Katon\.m2\repository\io\cucumber\html-formatter\20.4.0\html-formatter-20.4.0.jar;C:\Users\Katon\.m2\repository\io\cucumber\junit-xml-formatter\0.2.0\junit-xml-formatter-0.2.0.jar;C:\Users\Katon\.m2\repository\io\cucumber\ci-environment\9.2.0\ci-environment-9.2.0.jar;C:\Users\Katon\.m2\repository\io\cucumber\cucumber-java\7.14.0\cucumber-java-7.14.0.jar;C:\Users\Katon\.m2\repository\com\typesafe\config\1.4.3\config-1.4.3.jar;C:\Users\Katon\.m2\repository\org\imgscalr\imgscalr-lib\4.2\imgscalr-lib-4.2.jar;C:\Users\Katon\.m2\repository\org\awaitility\awaitility\4.2.0\awaitility-4.2.0.jar;C:\Users\Katon\.m2\repository\org\freemarker\freemarker\2.3.32\freemarker-2.3.32.jar;C:\Users\Katon\.m2\repository\io\github\classgraph\classgraph\4.8.157\classgraph-4.8.157.jar;C:\Users\Katon\.m2\repository\com\github\ben-manes\caffeine\caffeine\2.9.2\caffeine-2.9.2.jar;C:\Users\Katon\.m2\repository\org\ehcache\ehcache\3.10.8\ehcache-3.10.8.jar;C:\Users\Katon\.m2\repository\javax\cache\cache-api\1.1.0\cache-api-1.1.0.jar;C:\Users\Katon\.m2\repository\net\sourceforge\jexcelapi\jxl\2.6.12\jxl-2.6.12.jar;C:\Users\Katon\.m2\repository\net\bytebuddy\byte-buddy-agent\1.14.9\byte-buddy-agent-1.14.9.jar;C:\Users\Katon\.m2\repository\org\objenesis\objenesis\3.3\objenesis-3.3.jar;C:\Users\Katon\.m2\repository\com\vladsch\flexmark\flexmark-all\0.64.8\flexmark-all-0.64.8.jar;C:\Users\Katon\.m2\repository\com\vladsch\flexmark\flexmark\0.64.8\flexmark-0.64.8.jar;C:\Users\Katon\.m2\repository\com\vladsch\flexmark\flexmark-ext-abbreviation\0.64.8\flexmark-ext-abbreviation-0.64.8.jar;C:\Users\Katon\.m2\repository\com\vladsch\flexmark\flexmark-ext-admonition\0.64.8\flexmark-ext-admonition-0.64.8.jar;C:\Users\Katon\.m2\repository\com\vladsch\flexmark\flexmark-ext-anchorlink\0.64.8\flexmark-ext-anchorlink-0.64.8.jar;C:\Users\Katon\.m2\repository\com\vladsch\flexmark\flexmark-ext-aside\0.64.8\flexmark-ext-aside-0.64.8.jar;C:\Users\Katon\.m2\repository\com\vladsch\flexmark\flexmark-ext-attributes\0.64.8\flexmark-ext-attributes-0.64.8.jar;C:\Users\Katon\.m2\repository\com\vladsch\flexmark\flexmark-ext-autolink\0.64.8\flexmark-ext-autolink-0.64.8.jar;C:\Users\Katon\.m2\repository\org\nibor\autolink\autolink\0.6.0\autolink-0.6.0.jar;C:\Users\Katon\.m2\repository\com\vladsch\flexmark\flexmark-ext-definition\0.64.8\flexmark-ext-definition-0.64.8.jar;C:\Users\Katon\.m2\repository\com\vladsch\flexmark\flexmark-ext-emoji\0.64.8\flexmark-ext-emoji-0.64.8.jar;C:\Users\Katon\.m2\repository\com\vladsch\flexmark\flexmark-ext-enumerated-reference\0.64.8\flexmark-ext-enumerated-reference-0.64.8.jar;C:\Users\Katon\.m2\repository\com\vladsch\flexmark\flexmark-ext-escaped-character\0.64.8\flexmark-ext-escaped-character-0.64.8.jar;C:\Users\Katon\.m2\repository\com\vladsch\flexmark\flexmark-ext-footnotes\0.64.8\flexmark-ext-footnotes-0.64.8.jar;C:\Users\Katon\.m2\repository\com\vladsch\flexmark\flexmark-ext-gfm-issues\0.64.8\flexmark-ext-gfm-issues-0.64.8.jar;C:\Users\Katon\.m2\repository\com\vladsch\flexmark\flexmark-ext-gfm-strikethrough\0.64.8\flexmark-ext-gfm-strikethrough-0.64.8.jar;C:\Users\Katon\.m2\repository\com\vladsch\flexmark\flexmark-ext-gfm-tasklist\0.64.8\flexmark-ext-gfm-tasklist-0.64.8.jar;C:\Users\Katon\.m2\repository\com\vladsch\flexmark\flexmark-ext-gfm-users\0.64.8\flexmark-ext-gfm-users-0.64.8.jar;C:\Users\Katon\.m2\repository\com\vladsch\flexmark\flexmark-ext-gitlab\0.64.8\flexmark-ext-gitlab-0.64.8.jar;C:\Users\Katon\.m2\repository\com\vladsch\flexmark\flexmark-ext-jekyll-front-matter\0.64.8\flexmark-ext-jekyll-front-matter-0.64.8.jar;C:\Users\Katon\.m2\repository\com\vladsch\flexmark\flexmark-ext-jekyll-tag\0.64.8\flexmark-ext-jekyll-tag-0.64.8.jar;C:\Users\Katon\.m2\repository\com\vladsch\flexmark\flexmark-ext-media-tags\0.64.8\flexmark-ext-media-tags-0.64.8.jar;C:\Users\Katon\.m2\repository\com\vladsch\flexmark\flexmark-ext-macros\0.64.8\flexmark-ext-macros-0.64.8.jar;C:\Users\Katon\.m2\repository\com\vladsch\flexmark\flexmark-ext-ins\0.64.8\flexmark-ext-ins-0.64.8.jar;C:\Users\Katon\.m2\repository\com\vladsch\flexmark\flexmark-ext-xwiki-macros\0.64.8\flexmark-ext-xwiki-macros-0.64.8.jar;C:\Users\Katon\.m2\repository\com\vladsch\flexmark\flexmark-ext-superscript\0.64.8\flexmark-ext-superscript-0.64.8.jar;C:\Users\Katon\.m2\repository\com\vladsch\flexmark\flexmark-ext-toc\0.64.8\flexmark-ext-toc-0.64.8.jar;C:\Users\Katon\.m2\repository\com\vladsch\flexmark\flexmark-ext-typographic\0.64.8\flexmark-ext-typographic-0.64.8.jar;C:\Users\Katon\.m2\repository\com\vladsch\flexmark\flexmark-ext-wikilink\0.64.8\flexmark-ext-wikilink-0.64.8.jar;C:\Users\Katon\.m2\repository\com\vladsch\flexmark\flexmark-ext-yaml-front-matter\0.64.8\flexmark-ext-yaml-front-matter-0.64.8.jar;C:\Users\Katon\.m2\repository\com\vladsch\flexmark\flexmark-ext-youtube-embedded\0.64.8\flexmark-ext-youtube-embedded-0.64.8.jar;C:\Users\Katon\.m2\repository\com\vladsch\flexmark\flexmark-html2md-converter\0.64.8\flexmark-html2md-converter-0.64.8.jar;C:\Users\Katon\.m2\repository\com\vladsch\flexmark\flexmark-jira-converter\0.64.8\flexmark-jira-converter-0.64.8.jar;C:\Users\Katon\.m2\repository\com\vladsch\flexmark\flexmark-pdf-converter\0.64.8\flexmark-pdf-converter-0.64.8.jar;C:\Users\Katon\.m2\repository\com\openhtmltopdf\openhtmltopdf-core\1.0.10\openhtmltopdf-core-1.0.10.jar;C:\Users\Katon\.m2\repository\com\openhtmltopdf\openhtmltopdf-pdfbox\1.0.10\openhtmltopdf-pdfbox-1.0.10.jar;C:\Users\Katon\.m2\repository\org\apache\pdfbox\pdfbox\2.0.24\pdfbox-2.0.24.jar;C:\Users\Katon\.m2\repository\org\apache\pdfbox\fontbox\2.0.24\fontbox-2.0.24.jar;C:\Users\Katon\.m2\repository\org\apache\pdfbox\xmpbox\2.0.24\xmpbox-2.0.24.jar;C:\Users\Katon\.m2\repository\de\rototor\pdfbox\graphics2d\0.32\graphics2d-0.32.jar;C:\Users\Katon\.m2\repository\com\openhtmltopdf\openhtmltopdf-rtl-support\1.0.10\openhtmltopdf-rtl-support-1.0.10.jar;C:\Users\Katon\.m2\repository\com\vladsch\flexmark\flexmark-profile-pegdown\0.64.8\flexmark-profile-pegdown-0.64.8.jar;C:\Users\Katon\.m2\repository\com\vladsch\flexmark\flexmark-util-ast\0.64.8\flexmark-util-ast-0.64.8.jar;C:\Users\Katon\.m2\repository\com\vladsch\flexmark\flexmark-util-builder\0.64.8\flexmark-util-builder-0.64.8.jar;C:\Users\Katon\.m2\repository\com\vladsch\flexmark\flexmark-util-collection\0.64.8\flexmark-util-collection-0.64.8.jar;C:\Users\Katon\.m2\repository\com\vladsch\flexmark\flexmark-util-data\0.64.8\flexmark-util-data-0.64.8.jar;C:\Users\Katon\.m2\repository\com\vladsch\flexmark\flexmark-util-dependency\0.64.8\flexmark-util-dependency-0.64.8.jar;C:\Users\Katon\.m2\repository\com\vladsch\flexmark\flexmark-util-format\0.64.8\flexmark-util-format-0.64.8.jar;C:\Users\Katon\.m2\repository\com\vladsch\flexmark\flexmark-util-html\0.64.8\flexmark-util-html-0.64.8.jar;C:\Users\Katon\.m2\repository\com\vladsch\flexmark\flexmark-util-misc\0.64.8\flexmark-util-misc-0.64.8.jar;C:\Users\Katon\.m2\repository\com\vladsch\flexmark\flexmark-util-options\0.64.8\flexmark-util-options-0.64.8.jar;C:\Users\Katon\.m2\repository\com\vladsch\flexmark\flexmark-util-sequence\0.64.8\flexmark-util-sequence-0.64.8.jar;C:\Users\Katon\.m2\repository\com\vladsch\flexmark\flexmark-util-visitor\0.64.8\flexmark-util-visitor-0.64.8.jar;C:\Users\Katon\.m2\repository\com\vladsch\flexmark\flexmark-youtrack-converter\0.64.8\flexmark-youtrack-converter-0.64.8.jar;C:\Users\Katon\.m2\repository\com\vladsch\flexmark\flexmark-ext-resizable-image\0.64.8\flexmark-ext-resizable-image-0.64.8.jar;C:\Users\Katon\.m2\repository\com\vladsch\flexmark\flexmark-ext-tables\0.64.8\flexmark-ext-tables-0.64.8.jar;C:\Users\Katon\.m2\repository\com\vladsch\flexmark\flexmark-util\0.64.8\flexmark-util-0.64.8.jar;C:\Users\Katon\.m2\repository\net\serenity-bdd\serenity-reports\4.0.19\serenity-reports-4.0.19.jar;C:\Users\Katon\.m2\repository\net\serenity-bdd\serenity-stats\4.0.19\serenity-stats-4.0.19.jar;C:\Users\Katon\.m2\repository\net\serenity-bdd\serenity-reports-configuration\4.0.19\serenity-reports-configuration-4.0.19.jar;C:\Users\Katon\.m2\repository\com\ibm\icu\icu4j\72.1\icu4j-72.1.jar;C:\Users\Katon\.m2\repository\es\nitaur\markdown\txtmark\0.16\txtmark-0.16.jar;C:\Users\Katon\.m2\repository\net\serenity-bdd\serenity-report-resources\4.0.19\serenity-report-resources-4.0.19.jar;C:\Users\Katon\.m2\repository\com\google\code\gson\gson\2.10.1\gson-2.10.1.jar;C:\Users\Katon\.m2\repository\com\fasterxml\jackson\core\jackson-core\2.15.2\jackson-core-2.15.2.jar;C:\Users\Katon\.m2\repository\com\fasterxml\jackson\core\jackson-databind\2.15.2\jackson-databind-2.15.2.jar;C:\Users\Katon\.m2\repository\com\fasterxml\jackson\core\jackson-annotations\2.15.2\jackson-annotations-2.15.2.jar;C:\Users\Katon\.m2\repository\commons-codec\commons-codec\1.16.0\commons-codec-1.16.0.jar;C:\Users\Katon\.m2\repository\commons-io\commons-io\2.15.0\commons-io-2.15.0.jar;C:\Users\Katon\.m2\repository\org\apache\httpcomponents\httpclient\4.5.13\httpclient-4.5.13.jar;C:\Users\Katon\.m2\repository\org\apache\httpcomponents\httpcore\4.4.13\httpcore-4.4.13.jar;C:\Users\Katon\.m2\repository\commons-logging\commons-logging\1.2\commons-logging-1.2.jar;C:\Users\Katon\.m2\repository\org\seleniumhq\selenium\selenium-java\4.14.1\selenium-java-4.14.1.jar;C:\Users\Katon\.m2\repository\org\seleniumhq\selenium\selenium-devtools-v116\4.14.1\selenium-devtools-v116-4.14.1.jar;C:\Users\Katon\.m2\repository\org\seleniumhq\selenium\selenium-devtools-v117\4.14.1\selenium-devtools-v117-4.14.1.jar;C:\Users\Katon\.m2\repository\org\seleniumhq\selenium\selenium-devtools-v118\4.14.1\selenium-devtools-v118-4.14.1.jar;C:\Users\Katon\.m2\repository\org\seleniumhq\selenium\selenium-devtools-v85\4.14.1\selenium-devtools-v85-4.14.1.jar;C:\Users\Katon\.m2\repository\org\seleniumhq\selenium\selenium-remote-driver\4.14.1\selenium-remote-driver-4.14.1.jar;C:\Users\Katon\.m2\repository\io\opentelemetry\opentelemetry-api\1.28.0\opentelemetry-api-1.28.0.jar;C:\Users\Katon\.m2\repository\io\opentelemetry\opentelemetry-context\1.28.0\opentelemetry-context-1.28.0.jar;C:\Users\Katon\.m2\repository\io\opentelemetry\opentelemetry-exporter-logging\1.28.0\opentelemetry-exporter-logging-1.28.0.jar;C:\Users\Katon\.m2\repository\io\opentelemetry\opentelemetry-sdk-metrics\1.28.0\opentelemetry-sdk-metrics-1.28.0.jar;C:\Users\Katon\.m2\repository\io\opentelemetry\opentelemetry-extension-incubator\1.28.0-alpha\opentelemetry-extension-incubator-1.28.0-alpha.jar;C:\Users\Katon\.m2\repository\io\opentelemetry\opentelemetry-sdk-logs\1.28.0\opentelemetry-sdk-logs-1.28.0.jar;C:\Users\Katon\.m2\repository\io\opentelemetry\opentelemetry-sdk-common\1.28.0\opentelemetry-sdk-common-1.28.0.jar;C:\Users\Katon\.m2\repository\io\opentelemetry\opentelemetry-sdk-extension-autoconfigure-spi\1.28.0\opentelemetry-sdk-extension-autoconfigure-spi-1.28.0.jar;C:\Users\Katon\.m2\repository\io\opentelemetry\opentelemetry-sdk-extension-autoconfigure\1.28.0\opentelemetry-sdk-extension-autoconfigure-1.28.0.jar;C:\Users\Katon\.m2\repository\io\opentelemetry\opentelemetry-api-events\1.28.0-alpha\opentelemetry-api-events-1.28.0-alpha.jar;C:\Users\Katon\.m2\repository\io\opentelemetry\opentelemetry-sdk-trace\1.28.0\opentelemetry-sdk-trace-1.28.0.jar;C:\Users\Katon\.m2\repository\io\opentelemetry\opentelemetry-sdk\1.28.0\opentelemetry-sdk-1.28.0.jar;C:\Users\Katon\.m2\repository\io\opentelemetry\opentelemetry-semconv\1.28.0-alpha\opentelemetry-semconv-1.28.0-alpha.jar;C:\Users\Katon\.m2\repository\org\seleniumhq\selenium\selenium-os\4.14.1\selenium-os-4.14.1.jar;C:\Users\Katon\.m2\repository\org\apache\commons\commons-exec\1.3\commons-exec-1.3.jar;C:\Users\Katon\.m2\repository\org\seleniumhq\selenium\selenium-safari-driver\4.14.1\selenium-safari-driver-4.14.1.jar;C:\Users\Katon\.m2\repository\org\seleniumhq\selenium\selenium-api\4.14.1\selenium-api-4.14.1.jar;C:\Users\Katon\.m2\repository\org\seleniumhq\selenium\selenium-support\4.14.1\selenium-support-4.14.1.jar;C:\Users\Katon\.m2\repository\com\google\auto\service\auto-service-annotations\1.1.1\auto-service-annotations-1.1.1.jar;C:\Users\Katon\.m2\repository\org\seleniumhq\selenium\selenium-json\4.14.1\selenium-json-4.14.1.jar;C:\Users\Katon\.m2\repository\org\seleniumhq\selenium\selenium-chrome-driver\4.14.1\selenium-chrome-driver-4.14.1.jar;C:\Users\Katon\.m2\repository\org\seleniumhq\selenium\selenium-chromium-driver\4.14.1\selenium-chromium-driver-4.14.1.jar;C:\Users\Katon\.m2\repository\org\seleniumhq\selenium\selenium-manager\4.14.1\selenium-manager-4.14.1.jar;C:\Users\Katon\.m2\repository\org\seleniumhq\selenium\selenium-firefox-driver\4.14.1\selenium-firefox-driver-4.14.1.jar;C:\Users\Katon\.m2\repository\org\seleniumhq\selenium\selenium-http\4.14.1\selenium-http-4.14.1.jar;C:\Users\Katon\.m2\repository\dev\failsafe\failsafe\3.3.2\failsafe-3.3.2.jar;C:\Users\Katon\.m2\repository\org\seleniumhq\selenium\selenium-edge-driver\4.14.1\selenium-edge-driver-4.14.1.jar;C:\Users\Katon\.m2\repository\org\seleniumhq\selenium\selenium-ie-driver\4.14.1\selenium-ie-driver-4.14.1.jar;C:\Users\Katon\.m2\repository\org\htmlunit\htmlunit\3.7.0\htmlunit-3.7.0.jar;C:\Users\Katon\.m2\repository\org\htmlunit\htmlunit-core-js\3.7.0\htmlunit-core-js-3.7.0.jar;C:\Users\Katon\.m2\repository\org\htmlunit\neko-htmlunit\3.7.0\neko-htmlunit-3.7.0.jar;C:\Users\Katon\.m2\repository\org\htmlunit\htmlunit-cssparser\3.7.0\htmlunit-cssparser-3.7.0.jar;C:\Users\Katon\.m2\repository\org\htmlunit\htmlunit-xpath\3.7.0\htmlunit-xpath-3.7.0.jar;C:\Users\Katon\.m2\repository\org\brotli\dec\0.1.2\dec-0.1.2.jar;C:\Users\Katon\.m2\repository\com\shapesecurity\salvation2\3.0.1\salvation2-3.0.1.jar;C:\Users\Katon\.m2\repository\org\eclipse\jetty\websocket\websocket-client\9.4.53.v20231009\websocket-client-9.4.53.v20231009.jar;C:\Users\Katon\.m2\repository\org\eclipse\jetty\jetty-client\9.4.53.v20231009\jetty-client-9.4.53.v20231009.jar;C:\Users\Katon\.m2\repository\org\eclipse\jetty\jetty-http\9.4.53.v20231009\jetty-http-9.4.53.v20231009.jar;C:\Users\Katon\.m2\repository\org\eclipse\jetty\jetty-util\9.4.53.v20231009\jetty-util-9.4.53.v20231009.jar;C:\Users\Katon\.m2\repository\org\eclipse\jetty\jetty-io\9.4.53.v20231009\jetty-io-9.4.53.v20231009.jar;C:\Users\Katon\.m2\repository\org\eclipse\jetty\websocket\websocket-common\9.4.53.v20231009\websocket-common-9.4.53.v20231009.jar;C:\Users\Katon\.m2\repository\org\eclipse\jetty\websocket\websocket-api\9.4.53.v20231009\websocket-api-9.4.53.v20231009.jar;C:\Users\Katon\.m2\repository\org\seleniumhq\selenium\htmlunit3-driver\4.14.1\htmlunit3-driver-4.14.1.jar;C:\Users\Katon\.m2\repository\io\appium\java-client\9.0.0\java-client-9.0.0.jar;C:\Users\Katon\.m2\repository\org\apache\groovy\groovy\4.0.13\groovy-4.0.13.jar;C:\Users\Katon\.m2\repository\net\sf\opencsv\opencsv\2.1\opencsv-2.1.jar;C:\Users\Katon\.m2\repository\org\apache\commons\commons-lang3\3.13.0\commons-lang3-3.13.0.jar;C:\Users\Katon\.m2\repository\org\apache\commons\commons-compress\1.24.0\commons-compress-1.24.0.jar;C:\Users\Katon\.m2\repository\org\fluentlenium\fluentlenium-core\0.10.2\fluentlenium-core-0.10.2.jar;C:\Users\Katon\.m2\repository\com\jhlabs\filters\2.0.235\filters-2.0.235.jar;C:\Users\Katon\.m2\repository\com\paulhammant\ngwebdriver\1.1.6\ngwebdriver-1.1.6.jar;C:\Users\Katon\.m2\repository\joda-time\joda-time\2.12.5\joda-time-2.12.5.jar;C:\Users\Katon\.m2\repository\org\hamcrest\hamcrest\2.2\hamcrest-2.2.jar;C:\Users\Katon\.m2\repository\com\google\jimfs\jimfs\1.3.0\jimfs-1.3.0.jar;C:\Users\Katon\.m2\repository\org\mockito\mockito-core\3.3.3\mockito-core-3.3.3.jar;C:\Users\Katon\.m2\repository\javax\xml\bind\jaxb-api\2.3.1\jaxb-api-2.3.1.jar;C:\Users\Katon\.m2\repository\javax\activation\javax.activation-api\1.2.0\javax.activation-api-1.2.0.jar;C:\Users\Katon\.m2\repository\com\sun\xml\bind\jaxb-core\2.3.0.1\jaxb-core-2.3.0.1.jar;C:\Users\Katon\.m2\repository\com\sun\xml\bind\jaxb-impl\2.3.3\jaxb-impl-2.3.3.jar;C:\Users\Katon\.m2\repository\jakarta\xml\bind\jakarta.xml.bind-api\2.3.3\jakarta.xml.bind-api-2.3.3.jar;C:\Users\Katon\.m2\repository\com\sun\activation\jakarta.activation\1.2.2\jakarta.activation-1.2.2.jar;C:\Users\Katon\.m2\repository\javax\activation\activation\1.1.1\activation-1.1.1.jar;C:\Users\Katon\.m2\repository\net\serenity-bdd\serenity-junit5\4.0.19\serenity-junit5-4.0.19.jar;C:\Users\Katon\.m2\repository\org\junit\jupiter\junit-jupiter-params\5.10.0\junit-jupiter-params-5.10.0.jar;C:\Users\Katon\.m2\repository\org\junit\platform\junit-platform-launcher\1.10.0\junit-platform-launcher-1.10.0.jar;C:\Users\Katon\.m2\repository\net\serenity-bdd\serenity-screenplay\4.0.19\serenity-screenplay-4.0.19.jar;C:\Users\Katon\.m2\repository\net\serenity-bdd\serenity-ensure\4.0.19\serenity-ensure-4.0.19.jar;C:\Users\Katon\.m2\repository\org\jetbrains\kotlin\kotlin-stdlib\1.9.0\kotlin-stdlib-1.9.0.jar;C:\Users\Katon\.m2\repository\org\jetbrains\kotlin\kotlin-stdlib-common\1.9.0\kotlin-stdlib-common-1.9.0.jar;C:\Users\Katon\.m2\repository\org\jetbrains\annotations\13.0\annotations-13.0.jar;C:\Users\Katon\.m2\repository\net\serenity-bdd\serenity-screenplay-webdriver\4.0.19\serenity-screenplay-webdriver-4.0.19.jar;C:\Users\Katon\.m2\repository\ch\qos\logback\logback-classic\1.2.11\logback-classic-1.2.11.jar;C:\Users\Katon\.m2\repository\ch\qos\logback\logback-core\1.2.11\logback-core-1.2.11.jar;C:\Users\Katon\.m2\repository\org\slf4j\slf4j-api\1.7.32\slf4j-api-1.7.32.jar;C:\Users\Katon\.m2\repository\org\junit\jupiter\junit-jupiter-api\5.10.0\junit-jupiter-api-5.10.0.jar;C:\Users\Katon\.m2\repository\org\opentest4j\opentest4j\1.3.0\opentest4j-1.3.0.jar;C:\Users\Katon\.m2\repository\org\junit\platform\junit-platform-commons\1.10.0\junit-platform-commons-1.10.0.jar;C:\Users\Katon\.m2\repository\org\apiguardian\apiguardian-api\1.1.2\apiguardian-api-1.1.2.jar;C:\Users\Katon\.m2\repository\org\junit\jupiter\junit-jupiter-engine\5.10.0\junit-jupiter-engine-5.10.0.jar;C:\Users\Katon\.m2\repository\org\junit\platform\junit-platform-engine\1.10.0\junit-platform-engine-1.10.0.jar;C:\Users\Katon\.m2\repository\org\assertj\assertj-core\3.24.2\assertj-core-3.24.2.jar;C:\Users\Katon\.m2\repository\net\bytebuddy\byte-buddy\1.12.21\byte-buddy-1.12.21.jar;C:\Users\Katon\.m2\repository\net\serenity-bdd\serenity-rest-assured\4.0.19\serenity-rest-assured-4.0.19.jar;C:\Users\Katon\.m2\repository\org\apache\groovy\groovy-json\4.0.13\groovy-json-4.0.13.jar;C:\Users\Katon\.m2\repository\org\apache\groovy\groovy-xml\4.0.13\groovy-xml-4.0.13.jar;C:\Users\Katon\.m2\repository\io\rest-assured\rest-assured\5.4.0\rest-assured-5.4.0.jar;C:\Users\Katon\.m2\repository\org\apache\httpcomponents\httpmime\4.5.13\httpmime-4.5.13.jar;C:\Users\Katon\.m2\repository\org\ccil\cowan\tagsoup\tagsoup\1.2.1\tagsoup-1.2.1.jar;C:\Users\Katon\.m2\repository\io\rest-assured\json-path\5.4.0\json-path-5.4.0.jar;C:\Users\Katon\.m2\repository\io\rest-assured\rest-assured-common\5.4.0\rest-assured-common-5.4.0.jar;C:\Users\Katon\.m2\repository\io\rest-assured\xml-path\5.4.0\xml-path-5.4.0.jar;C:\Users\Katon\.m2\repository\com\mysql\mysql-connector-j\8.3.0\mysql-connector-j-8.3.0.jar;C:\Users\Katon\.m2\repository\com\google\protobuf\protobuf-java\3.25.1\protobuf-java-3.25.1.jar;"/>
    <property name="java.vm.vendor" value="Oracle Corporation"/>
    <property name="sun.arch.data.model" value="64"/>
    <property name="user.variant" value=""/>
    <property name="java.vendor.url" value="https://java.oracle.com/"/>
    <property name="user.timezone" value="Europe/London"/>
    <property name="os.name" value="Windows 10"/>
    <property name="java.vm.specification.version" value="21"/>
    <property name="sun.java.launcher" value="SUN_STANDARD"/>
    <property name="user.country" value="GB"/>
    <property name="sun.boot.library.path" value="C:\Program Files\Java\jdk-21\bin"/>
    <property name="sun.java.command" value="C:\Users\Katon\AppData\Local\Temp\surefire10571852970401938850\surefirebooter-20250325163403997_3.jar C:\Users\Katon\AppData\Local\Temp\surefire10571852970401938850 2025-03-25T16-34-03_828-jvmRun1 surefire-20250325163403997_1tmp surefire_0-20250325163403997_2tmp"/>
    <property name="jdk.debug" value="release"/>
    <property name="surefire.test.class.path" value="C:\Users\Katon\Documents\JavaProject\DemoSerenityFramework\target\test-classes;C:\Users\Katon\Documents\JavaProject\DemoSerenityFramework\target\DemoSerenity-1.0-SNAPSHOT.jar;C:\Users\Katon\.m2\repository\net\serenity-bdd\serenity-core\4.0.19\serenity-core-4.0.19.jar;C:\Users\Katon\.m2\repository\net\serenity-bdd\serenity-model\4.0.19\serenity-model-4.0.19.jar;C:\Users\Katon\.m2\repository\org\apache\commons\commons-text\1.11.0\commons-text-1.11.0.jar;C:\Users\Katon\.m2\repository\commons-net\commons-net\3.10.0\commons-net-3.10.0.jar;C:\Users\Katon\.m2\repository\com\google\guava\guava\32.1.3-jre\guava-32.1.3-jre.jar;C:\Users\Katon\.m2\repository\com\google\guava\failureaccess\1.0.1\failureaccess-1.0.1.jar;C:\Users\Katon\.m2\repository\com\google\guava\listenablefuture\9999.0-empty-to-avoid-conflict-with-guava\listenablefuture-9999.0-empty-to-avoid-conflict-with-guava.jar;C:\Users\Katon\.m2\repository\com\google\code\findbugs\jsr305\3.0.2\jsr305-3.0.2.jar;C:\Users\Katon\.m2\repository\org\checkerframework\checker-qual\3.37.0\checker-qual-3.37.0.jar;C:\Users\Katon\.m2\repository\com\google\errorprone\error_prone_annotations\2.21.1\error_prone_annotations-2.21.1.jar;C:\Users\Katon\.m2\repository\com\google\j2objc\j2objc-annotations\2.8\j2objc-annotations-2.8.jar;C:\Users\Katon\.m2\repository\org\jsoup\jsoup\1.15.4\jsoup-1.15.4.jar;C:\Users\Katon\.m2\repository\com\thoughtworks\xstream\xstream\1.4.20\xstream-1.4.20.jar;C:\Users\Katon\.m2\repository\io\github\x-stream\mxparser\1.2.2\mxparser-1.2.2.jar;C:\Users\Katon\.m2\repository\xmlpull\xmlpull\1.1.3.1\xmlpull-1.1.3.1.jar;C:\Users\Katon\.m2\repository\io\cucumber\cucumber-core\7.14.0\cucumber-core-7.14.0.jar;C:\Users\Katon\.m2\repository\io\cucumber\cucumber-gherkin\7.14.0\cucumber-gherkin-7.14.0.jar;C:\Users\Katon\.m2\repository\io\cucumber\cucumber-gherkin-messages\7.14.0\cucumber-gherkin-messages-7.14.0.jar;C:\Users\Katon\.m2\repository\io\cucumber\gherkin\26.2.0\gherkin-26.2.0.jar;C:\Users\Katon\.m2\repository\io\cucumber\messages\22.0.0\messages-22.0.0.jar;C:\Users\Katon\.m2\repository\io\cucumber\tag-expressions\5.0.6\tag-expressions-5.0.6.jar;C:\Users\Katon\.m2\repository\io\cucumber\cucumber-expressions\16.1.2\cucumber-expressions-16.1.2.jar;C:\Users\Katon\.m2\repository\io\cucumber\datatable\7.14.0\datatable-7.14.0.jar;C:\Users\Katon\.m2\repository\io\cucumber\cucumber-plugin\7.14.0\cucumber-plugin-7.14.0.jar;C:\Users\Katon\.m2\repository\io\cucumber\docstring\7.14.0\docstring-7.14.0.jar;C:\Users\Katon\.m2\repository\io\cucumber\html-formatter\20.4.0\html-formatter-20.4.0.jar;C:\Users\Katon\.m2\repository\io\cucumber\junit-xml-formatter\0.2.0\junit-xml-formatter-0.2.0.jar;C:\Users\Katon\.m2\repository\io\cucumber\ci-environment\9.2.0\ci-environment-9.2.0.jar;C:\Users\Katon\.m2\repository\io\cucumber\cucumber-java\7.14.0\cucumber-java-7.14.0.jar;C:\Users\Katon\.m2\repository\com\typesafe\config\1.4.3\config-1.4.3.jar;C:\Users\Katon\.m2\repository\org\imgscalr\imgscalr-lib\4.2\imgscalr-lib-4.2.jar;C:\Users\Katon\.m2\repository\org\awaitility\awaitility\4.2.0\awaitility-4.2.0.jar;C:\Users\Katon\.m2\repository\org\freemarker\freemarker\2.3.32\freemarker-2.3.32.jar;C:\Users\Katon\.m2\repository\io\github\classgraph\classgraph\4.8.157\classgraph-4.8.157.jar;C:\Users\Katon\.m2\repository\com\github\ben-manes\caffeine\caffeine\2.9.2\caffeine-2.9.2.jar;C:\Users\Katon\.m2\repository\org\ehcache\ehcache\3.10.8\ehcache-3.10.8.jar;C:\Users\Katon\.m2\repository\javax\cache\cache-api\1.1.0\cache-api-1.1.0.jar;C:\Users\Katon\.m2\repository\net\sourceforge\jexcelapi\jxl\2.6.12\jxl-2.6.12.jar;C:\Users\Katon\.m2\repository\net\bytebuddy\byte-buddy-agent\1.14.9\byte-buddy-agent-1.14.9.jar;C:\Users\Katon\.m2\repository\org\objenesis\objenesis\3.3\objenesis-3.3.jar;C:\Users\Katon\.m2\repository\com\vladsch\flexmark\flexmark-all\0.64.8\flexmark-all-0.64.8.jar;C:\Users\Katon\.m2\repository\com\vladsch\flexmark\flexmark\0.64.8\flexmark-0.64.8.jar;C:\Users\Katon\.m2\repository\com\vladsch\flexmark\flexmark-ext-abbreviation\0.64.8\flexmark-ext-abbreviation-0.64.8.jar;C:\Users\Katon\.m2\repository\com\vladsch\flexmark\flexmark-ext-admonition\0.64.8\flexmark-ext-admonition-0.64.8.jar;C:\Users\Katon\.m2\repository\com\vladsch\flexmark\flexmark-ext-anchorlink\0.64.8\flexmark-ext-anchorlink-0.64.8.jar;C:\Users\Katon\.m2\repository\com\vladsch\flexmark\flexmark-ext-aside\0.64.8\flexmark-ext-aside-0.64.8.jar;C:\Users\Katon\.m2\repository\com\vladsch\flexmark\flexmark-ext-attributes\0.64.8\flexmark-ext-attributes-0.64.8.jar;C:\Users\Katon\.m2\repository\com\vladsch\flexmark\flexmark-ext-autolink\0.64.8\flexmark-ext-autolink-0.64.8.jar;C:\Users\Katon\.m2\repository\org\nibor\autolink\autolink\0.6.0\autolink-0.6.0.jar;C:\Users\Katon\.m2\repository\com\vladsch\flexmark\flexmark-ext-definition\0.64.8\flexmark-ext-definition-0.64.8.jar;C:\Users\Katon\.m2\repository\com\vladsch\flexmark\flexmark-ext-emoji\0.64.8\flexmark-ext-emoji-0.64.8.jar;C:\Users\Katon\.m2\repository\com\vladsch\flexmark\flexmark-ext-enumerated-reference\0.64.8\flexmark-ext-enumerated-reference-0.64.8.jar;C:\Users\Katon\.m2\repository\com\vladsch\flexmark\flexmark-ext-escaped-character\0.64.8\flexmark-ext-escaped-character-0.64.8.jar;C:\Users\Katon\.m2\repository\com\vladsch\flexmark\flexmark-ext-footnotes\0.64.8\flexmark-ext-footnotes-0.64.8.jar;C:\Users\Katon\.m2\repository\com\vladsch\flexmark\flexmark-ext-gfm-issues\0.64.8\flexmark-ext-gfm-issues-0.64.8.jar;C:\Users\Katon\.m2\repository\com\vladsch\flexmark\flexmark-ext-gfm-strikethrough\0.64.8\flexmark-ext-gfm-strikethrough-0.64.8.jar;C:\Users\Katon\.m2\repository\com\vladsch\flexmark\flexmark-ext-gfm-tasklist\0.64.8\flexmark-ext-gfm-tasklist-0.64.8.jar;C:\Users\Katon\.m2\repository\com\vladsch\flexmark\flexmark-ext-gfm-users\0.64.8\flexmark-ext-gfm-users-0.64.8.jar;C:\Users\Katon\.m2\repository\com\vladsch\flexmark\flexmark-ext-gitlab\0.64.8\flexmark-ext-gitlab-0.64.8.jar;C:\Users\Katon\.m2\repository\com\vladsch\flexmark\flexmark-ext-jekyll-front-matter\0.64.8\flexmark-ext-jekyll-front-matter-0.64.8.jar;C:\Users\Katon\.m2\repository\com\vladsch\flexmark\flexmark-ext-jekyll-tag\0.64.8\flexmark-ext-jekyll-tag-0.64.8.jar;C:\Users\Katon\.m2\repository\com\vladsch\flexmark\flexmark-ext-media-tags\0.64.8\flexmark-ext-media-tags-0.64.8.jar;C:\Users\Katon\.m2\repository\com\vladsch\flexmark\flexmark-ext-macros\0.64.8\flexmark-ext-macros-0.64.8.jar;C:\Users\Katon\.m2\repository\com\vladsch\flexmark\flexmark-ext-ins\0.64.8\flexmark-ext-ins-0.64.8.jar;C:\Users\Katon\.m2\repository\com\vladsch\flexmark\flexmark-ext-xwiki-macros\0.64.8\flexmark-ext-xwiki-macros-0.64.8.jar;C:\Users\Katon\.m2\repository\com\vladsch\flexmark\flexmark-ext-superscript\0.64.8\flexmark-ext-superscript-0.64.8.jar;C:\Users\Katon\.m2\repository\com\vladsch\flexmark\flexmark-ext-toc\0.64.8\flexmark-ext-toc-0.64.8.jar;C:\Users\Katon\.m2\repository\com\vladsch\flexmark\flexmark-ext-typographic\0.64.8\flexmark-ext-typographic-0.64.8.jar;C:\Users\Katon\.m2\repository\com\vladsch\flexmark\flexmark-ext-wikilink\0.64.8\flexmark-ext-wikilink-0.64.8.jar;C:\Users\Katon\.m2\repository\com\vladsch\flexmark\flexmark-ext-yaml-front-matter\0.64.8\flexmark-ext-yaml-front-matter-0.64.8.jar;C:\Users\Katon\.m2\repository\com\vladsch\flexmark\flexmark-ext-youtube-embedded\0.64.8\flexmark-ext-youtube-embedded-0.64.8.jar;C:\Users\Katon\.m2\repository\com\vladsch\flexmark\flexmark-html2md-converter\0.64.8\flexmark-html2md-converter-0.64.8.jar;C:\Users\Katon\.m2\repository\com\vladsch\flexmark\flexmark-jira-converter\0.64.8\flexmark-jira-converter-0.64.8.jar;C:\Users\Katon\.m2\repository\com\vladsch\flexmark\flexmark-pdf-converter\0.64.8\flexmark-pdf-converter-0.64.8.jar;C:\Users\Katon\.m2\repository\com\openhtmltopdf\openhtmltopdf-core\1.0.10\openhtmltopdf-core-1.0.10.jar;C:\Users\Katon\.m2\repository\com\openhtmltopdf\openhtmltopdf-pdfbox\1.0.10\openhtmltopdf-pdfbox-1.0.10.jar;C:\Users\Katon\.m2\repository\org\apache\pdfbox\pdfbox\2.0.24\pdfbox-2.0.24.jar;C:\Users\Katon\.m2\repository\org\apache\pdfbox\fontbox\2.0.24\fontbox-2.0.24.jar;C:\Users\Katon\.m2\repository\org\apache\pdfbox\xmpbox\2.0.24\xmpbox-2.0.24.jar;C:\Users\Katon\.m2\repository\de\rototor\pdfbox\graphics2d\0.32\graphics2d-0.32.jar;C:\Users\Katon\.m2\repository\com\openhtmltopdf\openhtmltopdf-rtl-support\1.0.10\openhtmltopdf-rtl-support-1.0.10.jar;C:\Users\Katon\.m2\repository\com\vladsch\flexmark\flexmark-profile-pegdown\0.64.8\flexmark-profile-pegdown-0.64.8.jar;C:\Users\Katon\.m2\repository\com\vladsch\flexmark\flexmark-util-ast\0.64.8\flexmark-util-ast-0.64.8.jar;C:\Users\Katon\.m2\repository\com\vladsch\flexmark\flexmark-util-builder\0.64.8\flexmark-util-builder-0.64.8.jar;C:\Users\Katon\.m2\repository\com\vladsch\flexmark\flexmark-util-collection\0.64.8\flexmark-util-collection-0.64.8.jar;C:\Users\Katon\.m2\repository\com\vladsch\flexmark\flexmark-util-data\0.64.8\flexmark-util-data-0.64.8.jar;C:\Users\Katon\.m2\repository\com\vladsch\flexmark\flexmark-util-dependency\0.64.8\flexmark-util-dependency-0.64.8.jar;C:\Users\Katon\.m2\repository\com\vladsch\flexmark\flexmark-util-format\0.64.8\flexmark-util-format-0.64.8.jar;C:\Users\Katon\.m2\repository\com\vladsch\flexmark\flexmark-util-html\0.64.8\flexmark-util-html-0.64.8.jar;C:\Users\Katon\.m2\repository\com\vladsch\flexmark\flexmark-util-misc\0.64.8\flexmark-util-misc-0.64.8.jar;C:\Users\Katon\.m2\repository\com\vladsch\flexmark\flexmark-util-options\0.64.8\flexmark-util-options-0.64.8.jar;C:\Users\Katon\.m2\repository\com\vladsch\flexmark\flexmark-util-sequence\0.64.8\flexmark-util-sequence-0.64.8.jar;C:\Users\Katon\.m2\repository\com\vladsch\flexmark\flexmark-util-visitor\0.64.8\flexmark-util-visitor-0.64.8.jar;C:\Users\Katon\.m2\repository\com\vladsch\flexmark\flexmark-youtrack-converter\0.64.8\flexmark-youtrack-converter-0.64.8.jar;C:\Users\Katon\.m2\repository\com\vladsch\flexmark\flexmark-ext-resizable-image\0.64.8\flexmark-ext-resizable-image-0.64.8.jar;C:\Users\Katon\.m2\repository\com\vladsch\flexmark\flexmark-ext-tables\0.64.8\flexmark-ext-tables-0.64.8.jar;C:\Users\Katon\.m2\repository\com\vladsch\flexmark\flexmark-util\0.64.8\flexmark-util-0.64.8.jar;C:\Users\Katon\.m2\repository\net\serenity-bdd\serenity-reports\4.0.19\serenity-reports-4.0.19.jar;C:\Users\Katon\.m2\repository\net\serenity-bdd\serenity-stats\4.0.19\serenity-stats-4.0.19.jar;C:\Users\Katon\.m2\repository\net\serenity-bdd\serenity-reports-configuration\4.0.19\serenity-reports-configuration-4.0.19.jar;C:\Users\Katon\.m2\repository\com\ibm\icu\icu4j\72.1\icu4j-72.1.jar;C:\Users\Katon\.m2\repository\es\nitaur\markdown\txtmark\0.16\txtmark-0.16.jar;C:\Users\Katon\.m2\repository\net\serenity-bdd\serenity-report-resources\4.0.19\serenity-report-resources-4.0.19.jar;C:\Users\Katon\.m2\repository\com\google\code\gson\gson\2.10.1\gson-2.10.1.jar;C:\Users\Katon\.m2\repository\com\fasterxml\jackson\core\jackson-core\2.15.2\jackson-core-2.15.2.jar;C:\Users\Katon\.m2\repository\com\fasterxml\jackson\core\jackson-databind\2.15.2\jackson-databind-2.15.2.jar;C:\Users\Katon\.m2\repository\com\fasterxml\jackson\core\jackson-annotations\2.15.2\jackson-annotations-2.15.2.jar;C:\Users\Katon\.m2\repository\commons-codec\commons-codec\1.16.0\commons-codec-1.16.0.jar;C:\Users\Katon\.m2\repository\commons-io\commons-io\2.15.0\commons-io-2.15.0.jar;C:\Users\Katon\.m2\repository\org\apache\httpcomponents\httpclient\4.5.13\httpclient-4.5.13.jar;C:\Users\Katon\.m2\repository\org\apache\httpcomponents\httpcore\4.4.13\httpcore-4.4.13.jar;C:\Users\Katon\.m2\repository\commons-logging\commons-logging\1.2\commons-logging-1.2.jar;C:\Users\Katon\.m2\repository\org\seleniumhq\selenium\selenium-java\4.14.1\selenium-java-4.14.1.jar;C:\Users\Katon\.m2\repository\org\seleniumhq\selenium\selenium-devtools-v116\4.14.1\selenium-devtools-v116-4.14.1.jar;C:\Users\Katon\.m2\repository\org\seleniumhq\selenium\selenium-devtools-v117\4.14.1\selenium-devtools-v117-4.14.1.jar;C:\Users\Katon\.m2\repository\org\seleniumhq\selenium\selenium-devtools-v118\4.14.1\selenium-devtools-v118-4.14.1.jar;C:\Users\Katon\.m2\repository\org\seleniumhq\selenium\selenium-devtools-v85\4.14.1\selenium-devtools-v85-4.14.1.jar;C:\Users\Katon\.m2\repository\org\seleniumhq\selenium\selenium-remote-driver\4.14.1\selenium-remote-driver-4.14.1.jar;C:\Users\Katon\.m2\repository\io\opentelemetry\opentelemetry-api\1.28.0\opentelemetry-api-1.28.0.jar;C:\Users\Katon\.m2\repository\io\opentelemetry\opentelemetry-context\1.28.0\opentelemetry-context-1.28.0.jar;C:\Users\Katon\.m2\repository\io\opentelemetry\opentelemetry-exporter-logging\1.28.0\opentelemetry-exporter-logging-1.28.0.jar;C:\Users\Katon\.m2\repository\io\opentelemetry\opentelemetry-sdk-metrics\1.28.0\opentelemetry-sdk-metrics-1.28.0.jar;C:\Users\Katon\.m2\repository\io\opentelemetry\opentelemetry-extension-incubator\1.28.0-alpha\opentelemetry-extension-incubator-1.28.0-alpha.jar;C:\Users\Katon\.m2\repository\io\opentelemetry\opentelemetry-sdk-logs\1.28.0\opentelemetry-sdk-logs-1.28.0.jar;C:\Users\Katon\.m2\repository\io\opentelemetry\opentelemetry-sdk-common\1.28.0\opentelemetry-sdk-common-1.28.0.jar;C:\Users\Katon\.m2\repository\io\opentelemetry\opentelemetry-sdk-extension-autoconfigure-spi\1.28.0\opentelemetry-sdk-extension-autoconfigure-spi-1.28.0.jar;C:\Users\Katon\.m2\repository\io\opentelemetry\opentelemetry-sdk-extension-autoconfigure\1.28.0\opentelemetry-sdk-extension-autoconfigure-1.28.0.jar;C:\Users\Katon\.m2\repository\io\opentelemetry\opentelemetry-api-events\1.28.0-alpha\opentelemetry-api-events-1.28.0-alpha.jar;C:\Users\Katon\.m2\repository\io\opentelemetry\opentelemetry-sdk-trace\1.28.0\opentelemetry-sdk-trace-1.28.0.jar;C:\Users\Katon\.m2\repository\io\opentelemetry\opentelemetry-sdk\1.28.0\opentelemetry-sdk-1.28.0.jar;C:\Users\Katon\.m2\repository\io\opentelemetry\opentelemetry-semconv\1.28.0-alpha\opentelemetry-semconv-1.28.0-alpha.jar;C:\Users\Katon\.m2\repository\org\seleniumhq\selenium\selenium-os\4.14.1\selenium-os-4.14.1.jar;C:\Users\Katon\.m2\repository\org\apache\commons\commons-exec\1.3\commons-exec-1.3.jar;C:\Users\Katon\.m2\repository\org\seleniumhq\selenium\selenium-safari-driver\4.14.1\selenium-safari-driver-4.14.1.jar;C:\Users\Katon\.m2\repository\org\seleniumhq\selenium\selenium-api\4.14.1\selenium-api-4.14.1.jar;C:\Users\Katon\.m2\repository\org\seleniumhq\selenium\selenium-support\4.14.1\selenium-support-4.14.1.jar;C:\Users\Katon\.m2\repository\com\google\auto\service\auto-service-annotations\1.1.1\auto-service-annotations-1.1.1.jar;C:\Users\Katon\.m2\repository\org\seleniumhq\selenium\selenium-json\4.14.1\selenium-json-4.14.1.jar;C:\Users\Katon\.m2\repository\org\seleniumhq\selenium\selenium-chrome-driver\4.14.1\selenium-chrome-driver-4.14.1.jar;C:\Users\Katon\.m2\repository\org\seleniumhq\selenium\selenium-chromium-driver\4.14.1\selenium-chromium-driver-4.14.1.jar;C:\Users\Katon\.m2\repository\org\seleniumhq\selenium\selenium-manager\4.14.1\selenium-manager-4.14.1.jar;C:\Users\Katon\.m2\repository\org\seleniumhq\selenium\selenium-firefox-driver\4.14.1\selenium-firefox-driver-4.14.1.jar;C:\Users\Katon\.m2\repository\org\seleniumhq\selenium\selenium-http\4.14.1\selenium-http-4.14.1.jar;C:\Users\Katon\.m2\repository\dev\failsafe\failsafe\3.3.2\failsafe-3.3.2.jar;C:\Users\Katon\.m2\repository\org\seleniumhq\selenium\selenium-edge-driver\4.14.1\selenium-edge-driver-4.14.1.jar;C:\Users\Katon\.m2\repository\org\seleniumhq\selenium\selenium-ie-driver\4.14.1\selenium-ie-driver-4.14.1.jar;C:\Users\Katon\.m2\repository\org\htmlunit\htmlunit\3.7.0\htmlunit-3.7.0.jar;C:\Users\Katon\.m2\repository\org\htmlunit\htmlunit-core-js\3.7.0\htmlunit-core-js-3.7.0.jar;C:\Users\Katon\.m2\repository\org\htmlunit\neko-htmlunit\3.7.0\neko-htmlunit-3.7.0.jar;C:\Users\Katon\.m2\repository\org\htmlunit\htmlunit-cssparser\3.7.0\htmlunit-cssparser-3.7.0.jar;C:\Users\Katon\.m2\repository\org\htmlunit\htmlunit-xpath\3.7.0\htmlunit-xpath-3.7.0.jar;C:\Users\Katon\.m2\repository\org\brotli\dec\0.1.2\dec-0.1.2.jar;C:\Users\Katon\.m2\repository\com\shapesecurity\salvation2\3.0.1\salvation2-3.0.1.jar;C:\Users\Katon\.m2\repository\org\eclipse\jetty\websocket\websocket-client\9.4.53.v20231009\websocket-client-9.4.53.v20231009.jar;C:\Users\Katon\.m2\repository\org\eclipse\jetty\jetty-client\9.4.53.v20231009\jetty-client-9.4.53.v20231009.jar;C:\Users\Katon\.m2\repository\org\eclipse\jetty\jetty-http\9.4.53.v20231009\jetty-http-9.4.53.v20231009.jar;C:\Users\Katon\.m2\repository\org\eclipse\jetty\jetty-util\9.4.53.v20231009\jetty-util-9.4.53.v20231009.jar;C:\Users\Katon\.m2\repository\org\eclipse\jetty\jetty-io\9.4.53.v20231009\jetty-io-9.4.53.v20231009.jar;C:\Users\Katon\.m2\repository\org\eclipse\jetty\websocket\websocket-common\9.4.53.v20231009\websocket-common-9.4.53.v20231009.jar;C:\Users\Katon\.m2\repository\org\eclipse\jetty\websocket\websocket-api\9.4.53.v20231009\websocket-api-9.4.53.v20231009.jar;C:\Users\Katon\.m2\repository\org\seleniumhq\selenium\htmlunit3-driver\4.14.1\htmlunit3-driver-4.14.1.jar;C:\Users\Katon\.m2\repository\io\appium\java-client\9.0.0\java-client-9.0.0.jar;C:\Users\Katon\.m2\repository\org\apache\groovy\groovy\4.0.13\groovy-4.0.13.jar;C:\Users\Katon\.m2\repository\net\sf\opencsv\opencsv\2.1\opencsv-2.1.jar;C:\Users\Katon\.m2\repository\org\apache\commons\commons-lang3\3.13.0\commons-lang3-3.13.0.jar;C:\Users\Katon\.m2\repository\org\apache\commons\commons-compress\1.24.0\commons-compress-1.24.0.jar;C:\Users\Katon\.m2\repository\org\fluentlenium\fluentlenium-core\0.10.2\fluentlenium-core-0.10.2.jar;C:\Users\Katon\.m2\repository\com\jhlabs\filters\2.0.235\filters-2.0.235.jar;C:\Users\Katon\.m2\repository\com\paulhammant\ngwebdriver\1.1.6\ngwebdriver-1.1.6.jar;C:\Users\Katon\.m2\repository\joda-time\joda-time\2.12.5\joda-time-2.12.5.jar;C:\Users\Katon\.m2\repository\org\hamcrest\hamcrest\2.2\hamcrest-2.2.jar;C:\Users\Katon\.m2\repository\com\google\jimfs\jimfs\1.3.0\jimfs-1.3.0.jar;C:\Users\Katon\.m2\repository\org\mockito\mockito-core\3.3.3\mockito-core-3.3.3.jar;C:\Users\Katon\.m2\repository\javax\xml\bind\jaxb-api\2.3.1\jaxb-api-2.3.1.jar;C:\Users\Katon\.m2\repository\javax\activation\javax.activation-api\1.2.0\javax.activation-api-1.2.0.jar;C:\Users\Katon\.m2\repository\com\sun\xml\bind\jaxb-core\2.3.0.1\jaxb-core-2.3.0.1.jar;C:\Users\Katon\.m2\repository\com\sun\xml\bind\jaxb-impl\2.3.3\jaxb-impl-2.3.3.jar;C:\Users\Katon\.m2\repository\jakarta\xml\bind\jakarta.xml.bind-api\2.3.3\jakarta.xml.bind-api-2.3.3.jar;C:\Users\Katon\.m2\repository\com\sun\activation\jakarta.activation\1.2.2\jakarta.activation-1.2.2.jar;C:\Users\Katon\.m2\repository\javax\activation\activation\1.1.1\activation-1.1.1.jar;C:\Users\Katon\.m2\repository\net\serenity-bdd\serenity-junit5\4.0.19\serenity-junit5-4.0.19.jar;C:\Users\Katon\.m2\repository\org\junit\jupiter\junit-jupiter-params\5.10.0\junit-jupiter-params-5.10.0.jar;C:\Users\Katon\.m2\repository\org\junit\platform\junit-platform-launcher\1.10.0\junit-platform-launcher-1.10.0.jar;C:\Users\Katon\.m2\repository\net\serenity-bdd\serenity-screenplay\4.0.19\serenity-screenplay-4.0.19.jar;C:\Users\Katon\.m2\repository\net\serenity-bdd\serenity-ensure\4.0.19\serenity-ensure-4.0.19.jar;C:\Users\Katon\.m2\repository\org\jetbrains\kotlin\kotlin-stdlib\1.9.0\kotlin-stdlib-1.9.0.jar;C:\Users\Katon\.m2\repository\org\jetbrains\kotlin\kotlin-stdlib-common\1.9.0\kotlin-stdlib-common-1.9.0.jar;C:\Users\Katon\.m2\repository\org\jetbrains\annotations\13.0\annotations-13.0.jar;C:\Users\Katon\.m2\repository\net\serenity-bdd\serenity-screenplay-webdriver\4.0.19\serenity-screenplay-webdriver-4.0.19.jar;C:\Users\Katon\.m2\repository\ch\qos\logback\logback-classic\1.2.11\logback-classic-1.2.11.jar;C:\Users\Katon\.m2\repository\ch\qos\logback\logback-core\1.2.11\logback-core-1.2.11.jar;C:\Users\Katon\.m2\repository\org\slf4j\slf4j-api\1.7.32\slf4j-api-1.7.32.jar;C:\Users\Katon\.m2\repository\org\junit\jupiter\junit-jupiter-api\5.10.0\junit-jupiter-api-5.10.0.jar;C:\Users\Katon\.m2\repository\org\opentest4j\opentest4j\1.3.0\opentest4j-1.3.0.jar;C:\Users\Katon\.m2\repository\org\junit\platform\junit-platform-commons\1.10.0\junit-platform-commons-1.10.0.jar;C:\Users\Katon\.m2\repository\org\apiguardian\apiguardian-api\1.1.2\apiguardian-api-1.1.2.jar;C:\Users\Katon\.m2\repository\org\junit\jupiter\junit-jupiter-engine\5.10.0\junit-jupiter-engine-5.10.0.jar;C:\Users\Katon\.m2\repository\org\junit\platform\junit-platform-engine\1.10.0\junit-platform-engine-1.10.0.jar;C:\Users\Katon\.m2\repository\org\assertj\assertj-core\3.24.2\assertj-core-3.24.2.jar;C:\Users\Katon\.m2\repository\net\bytebuddy\byte-buddy\1.12.21\byte-buddy-1.12.21.jar;C:\Users\Katon\.m2\repository\net\serenity-bdd\serenity-rest-assured\4.0.19\serenity-rest-assured-4.0.19.jar;C:\Users\Katon\.m2\repository\org\apache\groovy\groovy-json\4.0.13\groovy-json-4.0.13.jar;C:\Users\Katon\.m2\repository\org\apache\groovy\groovy-xml\4.0.13\groovy-xml-4.0.13.jar;C:\Users\Katon\.m2\repository\io\rest-assured\rest-assured\5.4.0\rest-assured-5.4.0.jar;C:\Users\Katon\.m2\repository\org\apache\httpcomponents\httpmime\4.5.13\httpmime-4.5.13.jar;C:\Users\Katon\.m2\repository\org\ccil\cowan\tagsoup\tagsoup\1.2.1\tagsoup-1.2.1.jar;C:\Users\Katon\.m2\repository\io\rest-assured\json-path\5.4.0\json-path-5.4.0.jar;C:\Users\Katon\.m2\repository\io\rest-assured\rest-assured-common\5.4.0\rest-assured-common-5.4.0.jar;C:\Users\Katon\.m2\repository\io\rest-assured\xml-path\5.4.0\xml-path-5.4.0.jar;C:\Users\Katon\.m2\repository\com\mysql\mysql-connector-j\8.3.0\mysql-connector-j-8.3.0.jar;C:\Users\Katon\.m2\repository\com\google\protobuf\protobuf-java\3.25.1\protobuf-java-3.25.1.jar;"/>
    <property name="sun.cpu.endian" value="little"/>
    <property name="user.home" value="C:\Users\Katon"/>
    <property name="user.language" value="en"/>
    <property name="java.specification.vendor" value="Oracle Corporation"/>
    <property name="java.version.date" value="2025-01-21"/>
    <property name="java.home" value="C:\Program Files\Java\jdk-21"/>
    <property name="file.separator" value="\"/>
    <property name="basedir" value="C:\Users\Katon\Documents\JavaProject\DemoSerenityFramework"/>
    <property name="java.vm.compressedOopsMode" value="Zero based"/>
    <property name="line.separator" value="&#10;"/>
    <property name="java.vm.specification.vendor" value="Oracle Corporation"/>
    <property name="java.specification.name" value="Java Platform API Specification"/>
    <property name="surefire.real.class.path" value="C:\Users\Katon\AppData\Local\Temp\surefire10571852970401938850\surefirebooter-20250325163403997_3.jar"/>
    <property name="user.script" value=""/>
    <property name="java.protocol.handler.pkgs" value="com.google.common"/>
    <property name="sun.management.compiler" value="HotSpot 64-Bit Tiered Compilers"/>
    <property name="java.runtime.version" value="21.0.6+8-LTS-188"/>
    <property name="user.name" value="Katon"/>
    <property name="stdout.encoding" value="Cp1252"/>
    <property name="path.separator" value=";"/>
    <property name="os.version" value="10.0"/>
    <property name="java.runtime.name" value="Java(TM) SE Runtime Environment"/>
    <property name="file.encoding" value="UTF-8"/>
    <property name="webdriver.base.url" value=""/>
    <property name="java.vm.name" value="Java HotSpot(TM) 64-Bit Server VM"/>
    <property name="localRepository" value="C:\Users\Katon\.m2\repository"/>
    <property name="java.vendor.url.bug" value="https://bugreport.java.com/bugreport/"/>
    <property name="java.io.tmpdir" value="C:\Users\Katon\AppData\Local\Temp\"/>
    <property name="java.version" value="21.0.6"/>
    <property name="user.dir" value="C:\Users\Katon\Documents\JavaProject\DemoSerenityFramework"/>
    <property name="os.arch" value="amd64"/>
    <property name="java.vm.specification.name" value="Java Virtual Machine Specification"/>
    <property name="sun.os.patch.level" value=""/>
    <property name="native.encoding" value="Cp1252"/>
    <property name="java.library.path" value="C:\Program Files\Java\jdk-21\bin;C:\Windows\Sun\Java\bin;C:\Windows\system32;C:\Windows;C:\Program Files\Common Files\Oracle\Java\javapath;C:\Windows\system32;C:\Windows;C:\Windows\System32\Wbem;C:\Windows\System32\WindowsPowerShell\v1.0\;C:\Windows\System32\OpenSSH\;C:\Program Files (x86)\NVIDIA Corporation\PhysX\Common;C:\xampp\php;C:\Composer;C:\Program Files (x86)\Maven\bin;C:\Users\Katon\AppData\Local\Microsoft\WindowsApps;C:\Users\Katon\AppData\Local\GitHubDesktop\bin;C:\Users\Katon\AppData\Roaming\Composer\vendor\bin;."/>
    <property name="junit.jupiter.extensions.autodetection.enabled" value="true"/>
    <property name="java.vm.info" value="mixed mode, sharing"/>
    <property name="stderr.encoding" value="Cp1252"/>
    <property name="java.vendor" value="Oracle Corporation"/>
    <property name="java.vm.version" value="21.0.6+8-LTS-188"/>
    <property name="sun.io.unicode.encoding" value="UnicodeLittle"/>
    <property name="java.class.version" value="65.0"/>
  </properties>
  <testcase name="checkOpenUpdateInfoPage" classname="Test.Web.UpdateInfoTest" time="5.721">
    <system-out><![CDATA[16:38:43.058 [main] DEBUG net.thucydides.core.steps.StepEventBus - Test suite started for UpdateInfoTest in class Test.Web.UpdateInfoTest
16:38:43.058 [main] INFO  - Test Suite Started: UpdateInfoTest
16:38:43.309 [main] DEBUG net.thucydides.core.steps.StepEventBus - Test suite started for UpdateInfoTest in class Test.Web.UpdateInfoTest
16:38:43.309 [main] INFO  - Test Suite Started: UpdateInfoTest
16:38:43.309 [main] DEBUG net.serenitybdd.junit5.SerenityTestExecutionListener - Thread[#1,main,5,main] Test started TestIdentifier [uniqueId = [engine:junit-jupiter]/[class:Test.Web.UpdateInfoTest]/[method:checkOpenUpdateInfoPage()], parentId = [engine:junit-jupiter]/[class:Test.Web.UpdateInfoTest], displayName = 'Kiểm tra hiển thị trang cập nhật thông tin', legacyReportingName = 'checkOpenUpdateInfoPage()', source = MethodSource [className = 'Test.Web.UpdateInfoTest', methodName = 'checkOpenUpdateInfoPage', methodParameterTypes = ''], tags = [], type = TEST]
16:38:43.309 [main] INFO  - 
  _____   ___   ___   _____     ___   _____     _     ___   _____   ___   ___  
 |_   _| | __| / __| |_   _|   / __| |_   _|   /_\   | _ \ |_   _| | __| |   \ 
   | |   | _|  \__ \   | |     \__ \   | |    / _ \  |   /   | |   | _|  | |) |
   |_|   |___| |___/   |_|     |___/   |_|   /_/ \_\ |_|_\   |_|   |___| |___/ 

Kiểm tra hiển thị trang cập nhật thông tin([engine:junit-jupiter]/[class:Test.Web.UpdateInfoTest]/[method:checkOpenUpdateInfoPage()])
--------------------------------------------------------------------------------
16:38:43.325 [main] DEBUG net.thucydides.core.steps.StepInterceptor - STARTING STEP: StepInterceptor.testContext - truy cập trang đăng nhập
16:38:43.372 [main] INFO net.serenitybdd.core.webdriver.driverproviders.ChromeDriverProvider - Starting Chrome driver instance with capabilities:
16:38:43.372 [main] INFO net.serenitybdd.core.webdriver.driverproviders.ChromeDriverProvider - Capabilities {acceptInsecureCerts: false, browserName: chrome, goog:chromeOptions: {args: [remote-allow-origins=*, --headless=chrome, --headless], extensions: []}}
16:38:44.466 [main] DEBUG net.serenitybdd.core.photography.Darkroom - Opening darkroom
16:38:44.466 [Darkroom Processing Line] DEBUG net.serenitybdd.core.photography.DarkroomProcessingLine - Darkroom processing line starting up
16:38:45.250 [main] DEBUG net.serenitybdd.core.photography.Darkroom - Send negative for processing for C:\Users\Katon\Documents\JavaProject\DemoSerenityFramework\target\site\serenity\4f5f7c5fb69b37d5193473d6bb3163c3c2b362d2d6653f5ef4eaa646aefcd234.png
16:38:45.250 [main] DEBUG net.thucydides.core.steps.StepInterceptor - STEP DONE: truy cập trang đăng nhập
16:38:45.250 [main] DEBUG net.thucydides.core.steps.StepInterceptor - STARTING STEP: StepInterceptor.testContext - xóa dữ liệu ô nhập
16:38:46.164 [main] DEBUG net.serenitybdd.core.photography.Darkroom - Send negative for processing for C:\Users\Katon\Documents\JavaProject\DemoSerenityFramework\target\site\serenity\4f5f7c5fb69b37d5193473d6bb3163c3c2b362d2d6653f5ef4eaa646aefcd234.png
16:38:46.164 [main] DEBUG net.thucydides.core.steps.StepInterceptor - STEP DONE: xóa dữ liệu ô nhập
16:38:46.171 [main] DEBUG net.thucydides.core.steps.StepInterceptor - STARTING STEP: StepInterceptor.testContext - nhập tài khoản
16:38:46.533 [main] DEBUG net.serenitybdd.core.photography.Darkroom - Send negative for processing for C:\Users\Katon\Documents\JavaProject\DemoSerenityFramework\target\site\serenity\dc833e7d4416efb2734884ff032756f289c1b86b165792aa692eaeaf98013b50.png
16:38:46.533 [main] DEBUG net.thucydides.core.steps.StepInterceptor - STEP DONE: nhập tài khoản
16:38:46.533 [main] DEBUG net.thucydides.core.steps.StepInterceptor - STARTING STEP: StepInterceptor.testContext - nhập mật khẩu
16:38:46.580 [main] DEBUG net.thucydides.core.steps.StepInterceptor - STEP DONE: nhập mật khẩu
16:38:46.580 [main] DEBUG net.thucydides.core.steps.StepInterceptor - STARTING STEP: StepInterceptor.testContext - bấm nút đăng nhập
16:38:47.910 [main] DEBUG net.serenitybdd.core.photography.Darkroom - Send negative for processing for C:\Users\Katon\Documents\JavaProject\DemoSerenityFramework\target\site\serenity\30c273840467a46de4a15cad12c1f5e2040bb5c73e3873d2f8ef80aa249e3bad.png
16:38:47.926 [main] DEBUG net.thucydides.core.steps.StepInterceptor - STEP DONE: bấm nút đăng nhập
16:38:47.931 [main] DEBUG net.thucydides.core.steps.StepInterceptor - STARTING STEP: StepInterceptor.testContext - bấm nút cập nhật
16:38:48.997 [main] DEBUG net.serenitybdd.core.photography.Darkroom - Send negative for processing for C:\Users\Katon\Documents\JavaProject\DemoSerenityFramework\target\site\serenity\e1341ffb994f070516bf203a6f8c79dd80414b86f19d36f44d136abf1447eb73.png
16:38:49.000 [main] DEBUG net.thucydides.core.steps.StepInterceptor - STEP DONE: bấm nút cập nhật
16:38:49.012 [main] DEBUG net.thucydides.core.steps.StepInterceptor - STARTING STEP: StepInterceptor.testContext - kiểm tra ô nhập họ tên bị vô hiệu hóa
16:38:49.030 [main] DEBUG net.thucydides.core.steps.StepInterceptor - STEP DONE: kiểm tra ô nhập họ tên bị vô hiệu hóa
]]></system-out>
    <system-err><![CDATA[Mar 25, 2025 4:38:44 PM org.openqa.selenium.devtools.CdpVersionFinder findNearestMatch
WARNING: Unable to find CDP implementation matching 134
Mar 25, 2025 4:38:44 PM org.openqa.selenium.chromium.ChromiumDriver lambda$new$5
WARNING: Unable to find version of CDP to use for 134.0.6998.166. You may need to include a dependency on a specific version of the CDP using something similar to `org.seleniumhq.selenium:selenium-devtools-v86:4.14.1` where the version ("v86") matches the version of the chromium-based browser you're using and the version number of the artifact is the same as Selenium's.
]]></system-err>
  </testcase>
  <testcase name="checkUpdateInfoSuccess" classname="Test.Web.UpdateInfoTest" time="9.355">
    <system-out><![CDATA[16:38:49.030 [main] INFO  - 
  _____   ___   ___   _____     ___     _     ___   ___   ___   ___  
 |_   _| | __| / __| |_   _|   | _ \   /_\   / __| / __| | __| |   \ 
   | |   | _|  \__ \   | |     |  _/  / _ \  \__ \ \__ \ | _|  | |) |
   |_|   |___| |___/   |_|     |_|   /_/ \_\ |___/ |___/ |___| |___/ 

Kiểm tra hiển thị trang cập nhật thông tin
----------------------------------------------------------------------
16:38:49.233 [main] DEBUG net.thucydides.core.steps.StepEventBus - Test suite started for UpdateInfoTest in class Test.Web.UpdateInfoTest
16:38:49.233 [main] INFO  - Test Suite Started: UpdateInfoTest
16:38:49.233 [main] DEBUG net.serenitybdd.junit5.SerenityTestExecutionListener - Thread[#1,main,5,main] Test started TestIdentifier [uniqueId = [engine:junit-jupiter]/[class:Test.Web.UpdateInfoTest]/[method:checkUpdateInfoSuccess()], parentId = [engine:junit-jupiter]/[class:Test.Web.UpdateInfoTest], displayName = 'kiểm tra cập nhật thông tin thành công', legacyReportingName = 'checkUpdateInfoSuccess()', source = MethodSource [className = 'Test.Web.UpdateInfoTest', methodName = 'checkUpdateInfoSuccess', methodParameterTypes = ''], tags = [], type = TEST]
16:38:49.233 [main] INFO  - 
  _____   ___   ___   _____     ___   _____     _     ___   _____   ___   ___  
 |_   _| | __| / __| |_   _|   / __| |_   _|   /_\   | _ \ |_   _| | __| |   \ 
   | |   | _|  \__ \   | |     \__ \   | |    / _ \  |   /   | |   | _|  | |) |
   |_|   |___| |___/   |_|     |___/   |_|   /_/ \_\ |_|_\   |_|   |___| |___/ 

kiểm tra cập nhật thông tin thành công([engine:junit-jupiter]/[class:Test.Web.UpdateInfoTest]/[method:checkUpdateInfoSuccess()])
--------------------------------------------------------------------------------
16:38:49.249 [main] DEBUG net.thucydides.core.steps.StepInterceptor - STARTING STEP: StepInterceptor.testContext - truy cập trang đăng nhập
16:38:49.280 [main] INFO net.serenitybdd.core.webdriver.driverproviders.ChromeDriverProvider - Starting Chrome driver instance with capabilities:
16:38:49.280 [main] INFO net.serenitybdd.core.webdriver.driverproviders.ChromeDriverProvider - Capabilities {acceptInsecureCerts: false, browserName: chrome, goog:chromeOptions: {args: [remote-allow-origins=*, --headless=chrome, --headless], extensions: []}}
16:38:50.465 [main] DEBUG net.serenitybdd.core.photography.Darkroom - Opening darkroom
16:38:50.465 [Darkroom Processing Line] DEBUG net.serenitybdd.core.photography.DarkroomProcessingLine - Darkroom processing line starting up
16:38:50.841 [main] DEBUG net.serenitybdd.core.photography.Darkroom - Send negative for processing for C:\Users\Katon\Documents\JavaProject\DemoSerenityFramework\target\site\serenity\4f5f7c5fb69b37d5193473d6bb3163c3c2b362d2d6653f5ef4eaa646aefcd234.png
16:38:50.841 [main] DEBUG net.thucydides.core.steps.StepInterceptor - STEP DONE: truy cập trang đăng nhập
16:38:50.848 [main] DEBUG net.thucydides.core.steps.StepInterceptor - STARTING STEP: StepInterceptor.testContext - xóa dữ liệu ô nhập
16:38:51.739 [main] DEBUG net.serenitybdd.core.photography.Darkroom - Send negative for processing for C:\Users\Katon\Documents\JavaProject\DemoSerenityFramework\target\site\serenity\4f5f7c5fb69b37d5193473d6bb3163c3c2b362d2d6653f5ef4eaa646aefcd234.png
16:38:51.739 [main] DEBUG net.thucydides.core.steps.StepInterceptor - STEP DONE: xóa dữ liệu ô nhập
16:38:51.755 [main] DEBUG net.thucydides.core.steps.StepInterceptor - STARTING STEP: StepInterceptor.testContext - nhập tài khoản
16:38:52.085 [main] DEBUG net.serenitybdd.core.photography.Darkroom - Send negative for processing for C:\Users\Katon\Documents\JavaProject\DemoSerenityFramework\target\site\serenity\dc833e7d4416efb2734884ff032756f289c1b86b165792aa692eaeaf98013b50.png
16:38:52.085 [main] DEBUG net.thucydides.core.steps.StepInterceptor - STEP DONE: nhập tài khoản
16:38:52.101 [main] DEBUG net.thucydides.core.steps.StepInterceptor - STARTING STEP: StepInterceptor.testContext - nhập mật khẩu
16:38:52.436 [main] DEBUG net.serenitybdd.core.photography.Darkroom - Send negative for processing for C:\Users\Katon\Documents\JavaProject\DemoSerenityFramework\target\site\serenity\26c31608ecde0a70e2641b00af1e90c1f4466d8349be07ff94bff6b45e87c71f.png
16:38:52.436 [main] DEBUG net.thucydides.core.steps.StepInterceptor - STEP DONE: nhập mật khẩu
16:38:52.439 [main] DEBUG net.thucydides.core.steps.StepInterceptor - STARTING STEP: StepInterceptor.testContext - bấm nút đăng nhập
16:38:53.467 [main] DEBUG net.serenitybdd.core.photography.Darkroom - Send negative for processing for C:\Users\Katon\Documents\JavaProject\DemoSerenityFramework\target\site\serenity\30c273840467a46de4a15cad12c1f5e2040bb5c73e3873d2f8ef80aa249e3bad.png
16:38:53.467 [main] DEBUG net.thucydides.core.steps.StepInterceptor - STEP DONE: bấm nút đăng nhập
16:38:53.467 [main] DEBUG net.thucydides.core.steps.StepInterceptor - STARTING STEP: StepInterceptor.testContext - bấm nút cập nhật
16:38:54.097 [main] DEBUG net.serenitybdd.core.photography.Darkroom - Send negative for processing for C:\Users\Katon\Documents\JavaProject\DemoSerenityFramework\target\site\serenity\e1341ffb994f070516bf203a6f8c79dd80414b86f19d36f44d136abf1447eb73.png
16:38:54.098 [main] DEBUG net.thucydides.core.steps.StepInterceptor - STEP DONE: bấm nút cập nhật
16:38:54.098 [main] DEBUG net.thucydides.core.steps.StepInterceptor - STARTING STEP: StepInterceptor.testContext - xóa dữ liệu ô nhập
16:38:54.489 [main] DEBUG net.serenitybdd.core.photography.Darkroom - Send negative for processing for C:\Users\Katon\Documents\JavaProject\DemoSerenityFramework\target\site\serenity\509c0ea80cc10b1690b30e0ecd5fc1d2292aa887cfccfdbb28986b5e1d941898.png
16:38:54.489 [main] DEBUG net.thucydides.core.steps.StepInterceptor - STEP DONE: xóa dữ liệu ô nhập
16:38:54.489 [Darkroom Processing Line] DEBUG net.serenitybdd.core.photography.DarkroomProcessingLine - Processing screenshot image in /var/screenshots/screenshot-7358841501272328867
16:38:54.489 [Darkroom Processing Line] DEBUG net.serenitybdd.core.photography.DarkroomProcessingLine - Saving screenshot to C:\Users\Katon\Documents\JavaProject\DemoSerenityFramework\target\site\serenity\509c0ea80cc10b1690b30e0ecd5fc1d2292aa887cfccfdbb28986b5e1d941898.png
16:38:54.489 [main] DEBUG net.thucydides.core.steps.StepInterceptor - STARTING STEP: StepInterceptor.testContext - nhập họ tên
16:38:54.834 [main] DEBUG net.serenitybdd.core.photography.Darkroom - Send negative for processing for C:\Users\Katon\Documents\JavaProject\DemoSerenityFramework\target\site\serenity\466792bc240c5a9df24e344b9805a18531c0931339edae2d77acc7cf74b1a6d2.png
16:38:54.834 [main] DEBUG net.thucydides.core.steps.StepInterceptor - STEP DONE: nhập họ tên
16:38:54.837 [Darkroom Processing Line] DEBUG net.serenitybdd.core.photography.DarkroomProcessingLine - Processing screenshot image in /var/screenshots/screenshot-10369406117617019303
16:38:54.837 [Darkroom Processing Line] DEBUG net.serenitybdd.core.photography.DarkroomProcessingLine - Saving screenshot to C:\Users\Katon\Documents\JavaProject\DemoSerenityFramework\target\site\serenity\466792bc240c5a9df24e344b9805a18531c0931339edae2d77acc7cf74b1a6d2.png
16:38:54.838 [main] DEBUG net.thucydides.core.steps.StepInterceptor - STARTING STEP: StepInterceptor.testContext - nhập số điện thoại
16:38:55.667 [main] DEBUG net.serenitybdd.core.photography.Darkroom - Send negative for processing for C:\Users\Katon\Documents\JavaProject\DemoSerenityFramework\target\site\serenity\ec9d9579434ccdf1222f2eb35d63fb33e19585d3456fd39b66600d045fe76840.png
16:38:55.667 [Darkroom Processing Line] DEBUG net.serenitybdd.core.photography.DarkroomProcessingLine - Processing screenshot image in /var/screenshots/screenshot-12272752431557540075
16:38:55.667 [Darkroom Processing Line] DEBUG net.serenitybdd.core.photography.DarkroomProcessingLine - Saving screenshot to C:\Users\Katon\Documents\JavaProject\DemoSerenityFramework\target\site\serenity\ec9d9579434ccdf1222f2eb35d63fb33e19585d3456fd39b66600d045fe76840.png
16:38:55.667 [main] DEBUG net.thucydides.core.steps.StepInterceptor - STEP DONE: nhập số điện thoại
16:38:55.684 [main] DEBUG net.thucydides.core.steps.StepInterceptor - STARTING STEP: StepInterceptor.testContext - nhập địa chỉ email
16:38:56.539 [main] DEBUG net.serenitybdd.core.photography.Darkroom - Send negative for processing for C:\Users\Katon\Documents\JavaProject\DemoSerenityFramework\target\site\serenity\f5fec4dad558e49dfd1571200460b6cd76a1d602af5b6441754fdef477109e29.png
16:38:56.539 [main] DEBUG net.thucydides.core.steps.StepInterceptor - STEP DONE: nhập địa chỉ email
16:38:56.539 [Darkroom Processing Line] DEBUG net.serenitybdd.core.photography.DarkroomProcessingLine - Processing screenshot image in /var/screenshots/screenshot-12983110132358772196
16:38:56.539 [Darkroom Processing Line] DEBUG net.serenitybdd.core.photography.DarkroomProcessingLine - Saving screenshot to C:\Users\Katon\Documents\JavaProject\DemoSerenityFramework\target\site\serenity\f5fec4dad558e49dfd1571200460b6cd76a1d602af5b6441754fdef477109e29.png
16:38:56.549 [main] DEBUG net.thucydides.core.steps.StepInterceptor - STARTING STEP: StepInterceptor.testContext - bấm nút lưu
16:38:57.446 [main] DEBUG net.serenitybdd.core.photography.Darkroom - Send negative for processing for C:\Users\Katon\Documents\JavaProject\DemoSerenityFramework\target\site\serenity\2af07f856a9241c6b373ef0544fbdcc0d8abc82d9134ab17c5b89f241820b27e.png
16:38:57.446 [Darkroom Processing Line] DEBUG net.serenitybdd.core.photography.DarkroomProcessingLine - Processing screenshot image in /var/screenshots/screenshot-1085806322394254109
16:38:57.446 [Darkroom Processing Line] DEBUG net.serenitybdd.core.photography.DarkroomProcessingLine - Saving screenshot to C:\Users\Katon\Documents\JavaProject\DemoSerenityFramework\target\site\serenity\2af07f856a9241c6b373ef0544fbdcc0d8abc82d9134ab17c5b89f241820b27e.png
16:38:57.449 [main] DEBUG net.thucydides.core.steps.StepInterceptor - STEP DONE: bấm nút lưu
16:38:57.453 [main] DEBUG net.thucydides.core.steps.StepInterceptor - STARTING STEP: StepInterceptor.testContext - bấm nút đồng ý
16:38:58.230 [main] DEBUG net.serenitybdd.core.photography.Darkroom - Send negative for processing for C:\Users\Katon\Documents\JavaProject\DemoSerenityFramework\target\site\serenity\faadfaabcbaf4083be2552d0e8b0c0e2a9c42261b56037f529212d5cdb9e511f.png
16:38:58.230 [Darkroom Processing Line] DEBUG net.serenitybdd.core.photography.DarkroomProcessingLine - Processing screenshot image in /var/screenshots/screenshot-17188319756323019513
16:38:58.230 [Darkroom Processing Line] DEBUG net.serenitybdd.core.photography.DarkroomProcessingLine - Saving screenshot to C:\Users\Katon\Documents\JavaProject\DemoSerenityFramework\target\site\serenity\faadfaabcbaf4083be2552d0e8b0c0e2a9c42261b56037f529212d5cdb9e511f.png
16:38:58.230 [main] DEBUG net.thucydides.core.steps.StepInterceptor - STEP DONE: bấm nút đồng ý
16:38:58.246 [main] DEBUG net.thucydides.core.steps.StepInterceptor - STARTING STEP: StepInterceptor.testContext - kiểm tra hiển thị thông báo cập nhật thông tin tài khoản thành công
16:38:58.573 [main] DEBUG net.serenitybdd.core.photography.Darkroom - Send negative for processing for C:\Users\Katon\Documents\JavaProject\DemoSerenityFramework\target\site\serenity\324e0b4f378236ee9116b7bb091fe73b6e9fdffe0a8d9d59626575a8586b82e1.png
16:38:58.573 [main] DEBUG net.thucydides.core.steps.StepInterceptor - STEP DONE: kiểm tra hiển thị thông báo cập nhật thông tin tài khoản thành công
16:38:58.573 [Darkroom Processing Line] DEBUG net.serenitybdd.core.photography.DarkroomProcessingLine - Processing screenshot image in /var/screenshots/screenshot-5276502984182905826
16:38:58.573 [Darkroom Processing Line] DEBUG net.serenitybdd.core.photography.DarkroomProcessingLine - Saving screenshot to C:\Users\Katon\Documents\JavaProject\DemoSerenityFramework\target\site\serenity\324e0b4f378236ee9116b7bb091fe73b6e9fdffe0a8d9d59626575a8586b82e1.png
]]></system-out>
    <system-err><![CDATA[Mar 25, 2025 4:38:50 PM org.openqa.selenium.devtools.CdpVersionFinder findNearestMatch
WARNING: Unable to find CDP implementation matching 134
Mar 25, 2025 4:38:50 PM org.openqa.selenium.chromium.ChromiumDriver lambda$new$5
WARNING: Unable to find version of CDP to use for 134.0.6998.166. You may need to include a dependency on a specific version of the CDP using something similar to `org.seleniumhq.selenium:selenium-devtools-v86:4.14.1` where the version ("v86") matches the version of the chromium-based browser you're using and the version number of the artifact is the same as Selenium's.
]]></system-err>
  </testcase>
  <testcase name="checkClickButtonBack" classname="Test.Web.UpdateInfoTest" time="8.193">
    <system-out><![CDATA[16:38:58.597 [main] INFO  - 
  _____   ___   ___   _____     ___     _     ___   ___   ___   ___  
 |_   _| | __| / __| |_   _|   | _ \   /_\   / __| / __| | __| |   \ 
   | |   | _|  \__ \   | |     |  _/  / _ \  \__ \ \__ \ | _|  | |) |
   |_|   |___| |___/   |_|     |_|   /_/ \_\ |___/ |___/ |___| |___/ 

kiểm tra cập nhật thông tin thành công
----------------------------------------------------------------------
16:38:58.774 [main] DEBUG net.thucydides.core.steps.StepEventBus - Test suite started for UpdateInfoTest in class Test.Web.UpdateInfoTest
16:38:58.774 [main] INFO  - Test Suite Started: UpdateInfoTest
16:38:58.774 [main] DEBUG net.serenitybdd.junit5.SerenityTestExecutionListener - Thread[#1,main,5,main] Test started TestIdentifier [uniqueId = [engine:junit-jupiter]/[class:Test.Web.UpdateInfoTest]/[method:checkClickButtonBack()], parentId = [engine:junit-jupiter]/[class:Test.Web.UpdateInfoTest], displayName = 'kiểm tra bấm nút trở về', legacyReportingName = 'checkClickButtonBack()', source = MethodSource [className = 'Test.Web.UpdateInfoTest', methodName = 'checkClickButtonBack', methodParameterTypes = ''], tags = [], type = TEST]
16:38:58.774 [main] INFO  - 
  _____   ___   ___   _____     ___   _____     _     ___   _____   ___   ___  
 |_   _| | __| / __| |_   _|   / __| |_   _|   /_\   | _ \ |_   _| | __| |   \ 
   | |   | _|  \__ \   | |     \__ \   | |    / _ \  |   /   | |   | _|  | |) |
   |_|   |___| |___/   |_|     |___/   |_|   /_/ \_\ |_|_\   |_|   |___| |___/ 

kiểm tra bấm nút trở về([engine:junit-jupiter]/[class:Test.Web.UpdateInfoTest]/[method:checkClickButtonBack()])
--------------------------------------------------------------------------------
16:38:58.774 [main] DEBUG net.thucydides.core.steps.StepInterceptor - STARTING STEP: StepInterceptor.testContext - truy cập trang đăng nhập
16:38:58.821 [main] INFO net.serenitybdd.core.webdriver.driverproviders.ChromeDriverProvider - Starting Chrome driver instance with capabilities:
16:38:58.821 [main] INFO net.serenitybdd.core.webdriver.driverproviders.ChromeDriverProvider - Capabilities {acceptInsecureCerts: false, browserName: chrome, goog:chromeOptions: {args: [remote-allow-origins=*, --headless=chrome, --headless], extensions: []}}
16:38:59.999 [main] DEBUG net.serenitybdd.core.photography.Darkroom - Opening darkroom
16:38:59.999 [Darkroom Processing Line] DEBUG net.serenitybdd.core.photography.DarkroomProcessingLine - Darkroom processing line starting up
16:39:00.799 [main] DEBUG net.serenitybdd.core.photography.Darkroom - Send negative for processing for C:\Users\Katon\Documents\JavaProject\DemoSerenityFramework\target\site\serenity\4f5f7c5fb69b37d5193473d6bb3163c3c2b362d2d6653f5ef4eaa646aefcd234.png
16:39:00.799 [main] DEBUG net.thucydides.core.steps.StepInterceptor - STEP DONE: truy cập trang đăng nhập
16:39:00.813 [main] DEBUG net.thucydides.core.steps.StepInterceptor - STARTING STEP: StepInterceptor.testContext - xóa dữ liệu ô nhập
16:39:01.798 [main] DEBUG net.serenitybdd.core.photography.Darkroom - Send negative for processing for C:\Users\Katon\Documents\JavaProject\DemoSerenityFramework\target\site\serenity\4f5f7c5fb69b37d5193473d6bb3163c3c2b362d2d6653f5ef4eaa646aefcd234.png
16:39:01.798 [main] DEBUG net.thucydides.core.steps.StepInterceptor - STEP DONE: xóa dữ liệu ô nhập
16:39:01.807 [main] DEBUG net.thucydides.core.steps.StepInterceptor - STARTING STEP: StepInterceptor.testContext - nhập tài khoản
16:39:02.168 [main] DEBUG net.serenitybdd.core.photography.Darkroom - Send negative for processing for C:\Users\Katon\Documents\JavaProject\DemoSerenityFramework\target\site\serenity\dc833e7d4416efb2734884ff032756f289c1b86b165792aa692eaeaf98013b50.png
16:39:02.168 [main] DEBUG net.thucydides.core.steps.StepInterceptor - STEP DONE: nhập tài khoản
16:39:02.184 [main] DEBUG net.thucydides.core.steps.StepInterceptor - STARTING STEP: StepInterceptor.testContext - nhập mật khẩu
16:39:03.031 [main] DEBUG net.serenitybdd.core.photography.Darkroom - Send negative for processing for C:\Users\Katon\Documents\JavaProject\DemoSerenityFramework\target\site\serenity\86ce05be554b12cdf2852352fdbee1b35e0d807cdb4cf7f2f54ed3ed539a4d66.png
16:39:03.031 [main] DEBUG net.thucydides.core.steps.StepInterceptor - STEP DONE: nhập mật khẩu
16:39:03.930 [main] DEBUG net.serenitybdd.core.photography.Darkroom - Send negative for processing for C:\Users\Katon\Documents\JavaProject\DemoSerenityFramework\target\site\serenity\26c31608ecde0a70e2641b00af1e90c1f4466d8349be07ff94bff6b45e87c71f.png
16:39:03.930 [main] DEBUG net.thucydides.core.steps.StepInterceptor - STARTING STEP: StepInterceptor.testContext - bấm nút đăng nhập
16:39:05.237 [main] DEBUG net.serenitybdd.core.photography.Darkroom - Send negative for processing for C:\Users\Katon\Documents\JavaProject\DemoSerenityFramework\target\site\serenity\30c273840467a46de4a15cad12c1f5e2040bb5c73e3873d2f8ef80aa249e3bad.png
16:39:05.237 [main] DEBUG net.thucydides.core.steps.StepInterceptor - STEP DONE: bấm nút đăng nhập
16:39:05.247 [main] DEBUG net.thucydides.core.steps.StepInterceptor - STARTING STEP: StepInterceptor.testContext - bấm nút cập nhật
16:39:06.300 [main] DEBUG net.serenitybdd.core.photography.Darkroom - Send negative for processing for C:\Users\Katon\Documents\JavaProject\DemoSerenityFramework\target\site\serenity\e1341ffb994f070516bf203a6f8c79dd80414b86f19d36f44d136abf1447eb73.png
16:39:06.300 [main] DEBUG net.thucydides.core.steps.StepInterceptor - STEP DONE: bấm nút cập nhật
16:39:06.312 [main] DEBUG net.thucydides.core.steps.StepInterceptor - STARTING STEP: StepInterceptor.testContext - bấm nút trở về
16:39:06.933 [main] DEBUG net.serenitybdd.core.photography.Darkroom - Send negative for processing for C:\Users\Katon\Documents\JavaProject\DemoSerenityFramework\target\site\serenity\30c273840467a46de4a15cad12c1f5e2040bb5c73e3873d2f8ef80aa249e3bad.png
16:39:06.933 [main] DEBUG net.thucydides.core.steps.StepInterceptor - STEP DONE: bấm nút trở về
16:39:06.933 [main] DEBUG net.thucydides.core.steps.StepInterceptor - STARTING STEP: StepInterceptor.testContext - kiểm tra ô nhập họ tên bị vô hiệu hóa
16:39:06.967 [main] DEBUG net.thucydides.core.steps.StepInterceptor - STEP DONE: kiểm tra ô nhập họ tên bị vô hiệu hóa
]]></system-out>
    <system-err><![CDATA[Mar 25, 2025 4:38:59 PM org.openqa.selenium.devtools.CdpVersionFinder findNearestMatch
WARNING: Unable to find CDP implementation matching 134
Mar 25, 2025 4:38:59 PM org.openqa.selenium.chromium.ChromiumDriver lambda$new$5
WARNING: Unable to find version of CDP to use for 134.0.6998.166. You may need to include a dependency on a specific version of the CDP using something similar to `org.seleniumhq.selenium:selenium-devtools-v86:4.14.1` where the version ("v86") matches the version of the chromium-based browser you're using and the version number of the artifact is the same as Selenium's.
]]></system-err>
  </testcase>
  <testcase name="checkEmptyInputUserName" classname="Test.Web.UpdateInfoTest" time="11.16">
    <system-out><![CDATA[16:39:06.969 [main] INFO  - 
  _____   ___   ___   _____     ___     _     ___   ___   ___   ___  
 |_   _| | __| / __| |_   _|   | _ \   /_\   / __| / __| | __| |   \ 
   | |   | _|  \__ \   | |     |  _/  / _ \  \__ \ \__ \ | _|  | |) |
   |_|   |___| |___/   |_|     |_|   /_/ \_\ |___/ |___/ |___| |___/ 

kiểm tra bấm nút trở về
----------------------------------------------------------------------
16:39:07.138 [main] DEBUG net.thucydides.core.steps.StepEventBus - Test suite started for UpdateInfoTest in class Test.Web.UpdateInfoTest
16:39:07.138 [main] INFO  - Test Suite Started: UpdateInfoTest
16:39:07.138 [main] DEBUG net.serenitybdd.junit5.SerenityTestExecutionListener - Thread[#1,main,5,main] Test started TestIdentifier [uniqueId = [engine:junit-jupiter]/[class:Test.Web.UpdateInfoTest]/[method:checkEmptyInputUserName()], parentId = [engine:junit-jupiter]/[class:Test.Web.UpdateInfoTest], displayName = 'kiểm tra bỏ trống họ tên', legacyReportingName = 'checkEmptyInputUserName()', source = MethodSource [className = 'Test.Web.UpdateInfoTest', methodName = 'checkEmptyInputUserName', methodParameterTypes = ''], tags = [], type = TEST]
16:39:07.138 [main] INFO  - 
  _____   ___   ___   _____     ___   _____     _     ___   _____   ___   ___  
 |_   _| | __| / __| |_   _|   / __| |_   _|   /_\   | _ \ |_   _| | __| |   \ 
   | |   | _|  \__ \   | |     \__ \   | |    / _ \  |   /   | |   | _|  | |) |
   |_|   |___| |___/   |_|     |___/   |_|   /_/ \_\ |_|_\   |_|   |___| |___/ 

kiểm tra bỏ trống họ tên([engine:junit-jupiter]/[class:Test.Web.UpdateInfoTest]/[method:checkEmptyInputUserName()])
--------------------------------------------------------------------------------
16:39:07.138 [main] DEBUG net.thucydides.core.steps.StepInterceptor - STARTING STEP: StepInterceptor.testContext - truy cập trang đăng nhập
16:39:07.169 [main] INFO net.serenitybdd.core.webdriver.driverproviders.ChromeDriverProvider - Starting Chrome driver instance with capabilities:
16:39:07.169 [main] INFO net.serenitybdd.core.webdriver.driverproviders.ChromeDriverProvider - Capabilities {acceptInsecureCerts: false, browserName: chrome, goog:chromeOptions: {args: [remote-allow-origins=*, --headless=chrome, --headless], extensions: []}}
16:39:08.265 [main] DEBUG net.serenitybdd.core.photography.Darkroom - Opening darkroom
16:39:08.265 [Darkroom Processing Line] DEBUG net.serenitybdd.core.photography.DarkroomProcessingLine - Darkroom processing line starting up
16:39:09.081 [main] DEBUG net.serenitybdd.core.photography.Darkroom - Send negative for processing for C:\Users\Katon\Documents\JavaProject\DemoSerenityFramework\target\site\serenity\4f5f7c5fb69b37d5193473d6bb3163c3c2b362d2d6653f5ef4eaa646aefcd234.png
16:39:09.081 [main] DEBUG net.thucydides.core.steps.StepInterceptor - STEP DONE: truy cập trang đăng nhập
16:39:09.081 [main] DEBUG net.thucydides.core.steps.StepInterceptor - STARTING STEP: StepInterceptor.testContext - xóa dữ liệu ô nhập
16:39:09.986 [main] DEBUG net.serenitybdd.core.photography.Darkroom - Send negative for processing for C:\Users\Katon\Documents\JavaProject\DemoSerenityFramework\target\site\serenity\4f5f7c5fb69b37d5193473d6bb3163c3c2b362d2d6653f5ef4eaa646aefcd234.png
16:39:09.986 [main] DEBUG net.thucydides.core.steps.StepInterceptor - STEP DONE: xóa dữ liệu ô nhập
16:39:10.000 [main] DEBUG net.thucydides.core.steps.StepInterceptor - STARTING STEP: StepInterceptor.testContext - nhập tài khoản
16:39:10.349 [main] DEBUG net.serenitybdd.core.photography.Darkroom - Send negative for processing for C:\Users\Katon\Documents\JavaProject\DemoSerenityFramework\target\site\serenity\dc833e7d4416efb2734884ff032756f289c1b86b165792aa692eaeaf98013b50.png
16:39:10.349 [main] DEBUG net.thucydides.core.steps.StepInterceptor - STEP DONE: nhập tài khoản
16:39:10.367 [main] DEBUG net.thucydides.core.steps.StepInterceptor - STARTING STEP: StepInterceptor.testContext - nhập mật khẩu
16:39:11.233 [main] DEBUG net.serenitybdd.core.photography.Darkroom - Send negative for processing for C:\Users\Katon\Documents\JavaProject\DemoSerenityFramework\target\site\serenity\86ce05be554b12cdf2852352fdbee1b35e0d807cdb4cf7f2f54ed3ed539a4d66.png
16:39:11.233 [main] DEBUG net.thucydides.core.steps.StepInterceptor - STEP DONE: nhập mật khẩu
16:39:11.249 [main] DEBUG net.thucydides.core.steps.StepInterceptor - STARTING STEP: StepInterceptor.testContext - bấm nút đăng nhập
16:39:12.568 [main] DEBUG net.serenitybdd.core.photography.Darkroom - Send negative for processing for C:\Users\Katon\Documents\JavaProject\DemoSerenityFramework\target\site\serenity\30c273840467a46de4a15cad12c1f5e2040bb5c73e3873d2f8ef80aa249e3bad.png
16:39:12.584 [main] DEBUG net.thucydides.core.steps.StepInterceptor - STEP DONE: bấm nút đăng nhập
16:39:12.584 [main] DEBUG net.thucydides.core.steps.StepInterceptor - STARTING STEP: StepInterceptor.testContext - bấm nút cập nhật
16:39:13.635 [main] DEBUG net.serenitybdd.core.photography.Darkroom - Send negative for processing for C:\Users\Katon\Documents\JavaProject\DemoSerenityFramework\target\site\serenity\e1341ffb994f070516bf203a6f8c79dd80414b86f19d36f44d136abf1447eb73.png
16:39:13.650 [main] DEBUG net.thucydides.core.steps.StepInterceptor - STEP DONE: bấm nút cập nhật
16:39:13.654 [main] DEBUG net.thucydides.core.steps.StepInterceptor - STARTING STEP: StepInterceptor.testContext - xóa dữ liệu ô nhập
16:39:14.046 [main] DEBUG net.serenitybdd.core.photography.Darkroom - Send negative for processing for C:\Users\Katon\Documents\JavaProject\DemoSerenityFramework\target\site\serenity\509c0ea80cc10b1690b30e0ecd5fc1d2292aa887cfccfdbb28986b5e1d941898.png
16:39:14.046 [main] DEBUG net.thucydides.core.steps.StepInterceptor - STEP DONE: xóa dữ liệu ô nhập
16:39:14.050 [main] DEBUG net.thucydides.core.steps.StepInterceptor - STARTING STEP: StepInterceptor.testContext - nhập số điện thoại
16:39:14.894 [main] DEBUG net.serenitybdd.core.photography.Darkroom - Send negative for processing for C:\Users\Katon\Documents\JavaProject\DemoSerenityFramework\target\site\serenity\8f53eac94e88e25157686c7783b4c66928da6a24397508770055d2956ddecc91.png
16:39:14.894 [main] DEBUG net.thucydides.core.steps.StepInterceptor - STEP DONE: nhập số điện thoại
16:39:14.894 [Darkroom Processing Line] DEBUG net.serenitybdd.core.photography.DarkroomProcessingLine - Processing screenshot image in /var/screenshots/screenshot-15043532393419740031
16:39:14.894 [Darkroom Processing Line] DEBUG net.serenitybdd.core.photography.DarkroomProcessingLine - Saving screenshot to C:\Users\Katon\Documents\JavaProject\DemoSerenityFramework\target\site\serenity\8f53eac94e88e25157686c7783b4c66928da6a24397508770055d2956ddecc91.png
16:39:14.899 [main] DEBUG net.thucydides.core.steps.StepInterceptor - STARTING STEP: StepInterceptor.testContext - nhập địa chỉ email
16:39:15.748 [main] DEBUG net.serenitybdd.core.photography.Darkroom - Send negative for processing for C:\Users\Katon\Documents\JavaProject\DemoSerenityFramework\target\site\serenity\2258a7844471dfd102c1bb14ff104e9ab41825ed60b68669adb1dc41a11a544c.png
16:39:15.748 [main] DEBUG net.thucydides.core.steps.StepInterceptor - STEP DONE: nhập địa chỉ email
16:39:15.748 [Darkroom Processing Line] DEBUG net.serenitybdd.core.photography.DarkroomProcessingLine - Processing screenshot image in /var/screenshots/screenshot-14211578127788913571
16:39:15.748 [Darkroom Processing Line] DEBUG net.serenitybdd.core.photography.DarkroomProcessingLine - Saving screenshot to C:\Users\Katon\Documents\JavaProject\DemoSerenityFramework\target\site\serenity\2258a7844471dfd102c1bb14ff104e9ab41825ed60b68669adb1dc41a11a544c.png
16:39:15.752 [main] DEBUG net.thucydides.core.steps.StepInterceptor - STARTING STEP: StepInterceptor.testContext - bấm nút lưu
16:39:16.617 [main] DEBUG net.serenitybdd.core.photography.Darkroom - Send negative for processing for C:\Users\Katon\Documents\JavaProject\DemoSerenityFramework\target\site\serenity\7182bbff7ceb9796d960119b8d0d55a70d059e6b65ed58139caf6ef3a9fe88ff.png
16:39:16.617 [Darkroom Processing Line] DEBUG net.serenitybdd.core.photography.DarkroomProcessingLine - Processing screenshot image in /var/screenshots/screenshot-7146207145441337628
16:39:16.617 [Darkroom Processing Line] DEBUG net.serenitybdd.core.photography.DarkroomProcessingLine - Saving screenshot to C:\Users\Katon\Documents\JavaProject\DemoSerenityFramework\target\site\serenity\7182bbff7ceb9796d960119b8d0d55a70d059e6b65ed58139caf6ef3a9fe88ff.png
16:39:16.617 [main] DEBUG net.thucydides.core.steps.StepInterceptor - STEP DONE: bấm nút lưu
16:39:16.630 [main] DEBUG net.thucydides.core.steps.StepInterceptor - STARTING STEP: StepInterceptor.testContext - bấm nút đồng ý
16:39:17.429 [main] DEBUG net.serenitybdd.core.photography.Darkroom - Send negative for processing for C:\Users\Katon\Documents\JavaProject\DemoSerenityFramework\target\site\serenity\459eda7aad908026fe4ab8eb038b7a15a53cff7c88bd4e955be36b6940e59acd.png
16:39:17.429 [Darkroom Processing Line] DEBUG net.serenitybdd.core.photography.DarkroomProcessingLine - Processing screenshot image in /var/screenshots/screenshot-662665841374638726
16:39:17.429 [Darkroom Processing Line] DEBUG net.serenitybdd.core.photography.DarkroomProcessingLine - Saving screenshot to C:\Users\Katon\Documents\JavaProject\DemoSerenityFramework\target\site\serenity\459eda7aad908026fe4ab8eb038b7a15a53cff7c88bd4e955be36b6940e59acd.png
16:39:17.429 [main] DEBUG net.thucydides.core.steps.StepInterceptor - STEP DONE: bấm nút đồng ý
16:39:17.446 [main] DEBUG net.thucydides.core.steps.StepInterceptor - STARTING STEP: StepInterceptor.testContext - kiểm tra hiển thị thông báo họ tên không hợp lệ
16:39:18.298 [main] DEBUG net.serenitybdd.core.photography.Darkroom - Send negative for processing for C:\Users\Katon\Documents\JavaProject\DemoSerenityFramework\target\site\serenity\e134d2c37670d59996e0fed4418a51bc5a52dc8b6f561f5d846d2b9b345b48cf.png
16:39:18.298 [main] DEBUG net.thucydides.core.steps.StepInterceptor - STEP DONE: kiểm tra hiển thị thông báo họ tên không hợp lệ
16:39:18.298 [Darkroom Processing Line] DEBUG net.serenitybdd.core.photography.DarkroomProcessingLine - Processing screenshot image in /var/screenshots/screenshot-16388303781175206300
16:39:18.298 [Darkroom Processing Line] DEBUG net.serenitybdd.core.photography.DarkroomProcessingLine - Saving screenshot to C:\Users\Katon\Documents\JavaProject\DemoSerenityFramework\target\site\serenity\e134d2c37670d59996e0fed4418a51bc5a52dc8b6f561f5d846d2b9b345b48cf.png
]]></system-out>
    <system-err><![CDATA[Mar 25, 2025 4:39:08 PM org.openqa.selenium.devtools.CdpVersionFinder findNearestMatch
WARNING: Unable to find CDP implementation matching 134
Mar 25, 2025 4:39:08 PM org.openqa.selenium.chromium.ChromiumDriver lambda$new$5
WARNING: Unable to find version of CDP to use for 134.0.6998.166. You may need to include a dependency on a specific version of the CDP using something similar to `org.seleniumhq.selenium:selenium-devtools-v86:4.14.1` where the version ("v86") matches the version of the chromium-based browser you're using and the version number of the artifact is the same as Selenium's.
]]></system-err>
  </testcase>
  <testcase name="checkInputUserNameOverLength" classname="Test.Web.UpdateInfoTest" time="10.325">
    <system-out><![CDATA[16:39:18.301 [main] INFO  - 
  _____   ___   ___   _____     ___     _     ___   ___   ___   ___  
 |_   _| | __| / __| |_   _|   | _ \   /_\   / __| / __| | __| |   \ 
   | |   | _|  \__ \   | |     |  _/  / _ \  \__ \ \__ \ | _|  | |) |
   |_|   |___| |___/   |_|     |_|   /_/ \_\ |___/ |___/ |___| |___/ 

kiểm tra bỏ trống họ tên
----------------------------------------------------------------------
16:39:18.477 [main] DEBUG net.thucydides.core.steps.StepEventBus - Test suite started for UpdateInfoTest in class Test.Web.UpdateInfoTest
16:39:18.477 [main] INFO  - Test Suite Started: UpdateInfoTest
16:39:18.477 [main] DEBUG net.serenitybdd.junit5.SerenityTestExecutionListener - Thread[#1,main,5,main] Test started TestIdentifier [uniqueId = [engine:junit-jupiter]/[class:Test.Web.UpdateInfoTest]/[method:checkInputUserNameOverLength()], parentId = [engine:junit-jupiter]/[class:Test.Web.UpdateInfoTest], displayName = 'kiểm tra nhập họ tên > 50 ký tự', legacyReportingName = 'checkInputUserNameOverLength()', source = MethodSource [className = 'Test.Web.UpdateInfoTest', methodName = 'checkInputUserNameOverLength', methodParameterTypes = ''], tags = [], type = TEST]
16:39:18.477 [main] INFO  - 
  _____   ___   ___   _____     ___   _____     _     ___   _____   ___   ___  
 |_   _| | __| / __| |_   _|   / __| |_   _|   /_\   | _ \ |_   _| | __| |   \ 
   | |   | _|  \__ \   | |     \__ \   | |    / _ \  |   /   | |   | _|  | |) |
   |_|   |___| |___/   |_|     |___/   |_|   /_/ \_\ |_|_\   |_|   |___| |___/ 

kiểm tra nhập họ tên > 50 ký tự([engine:junit-jupiter]/[class:Test.Web.UpdateInfoTest]/[method:checkInputUserNameOverLength()])
--------------------------------------------------------------------------------
16:39:18.477 [main] DEBUG net.thucydides.core.steps.StepInterceptor - STARTING STEP: StepInterceptor.testContext - truy cập trang đăng nhập
16:39:18.524 [main] INFO net.serenitybdd.core.webdriver.driverproviders.ChromeDriverProvider - Starting Chrome driver instance with capabilities:
16:39:18.524 [main] INFO net.serenitybdd.core.webdriver.driverproviders.ChromeDriverProvider - Capabilities {acceptInsecureCerts: false, browserName: chrome, goog:chromeOptions: {args: [remote-allow-origins=*, --headless=chrome, --headless], extensions: []}}
16:39:19.666 [main] DEBUG net.serenitybdd.core.photography.Darkroom - Opening darkroom
16:39:19.666 [Darkroom Processing Line] DEBUG net.serenitybdd.core.photography.DarkroomProcessingLine - Darkroom processing line starting up
16:39:20.485 [main] DEBUG net.serenitybdd.core.photography.Darkroom - Send negative for processing for C:\Users\Katon\Documents\JavaProject\DemoSerenityFramework\target\site\serenity\4f5f7c5fb69b37d5193473d6bb3163c3c2b362d2d6653f5ef4eaa646aefcd234.png
16:39:20.485 [main] DEBUG net.thucydides.core.steps.StepInterceptor - STEP DONE: truy cập trang đăng nhập
16:39:20.485 [main] DEBUG net.thucydides.core.steps.StepInterceptor - STARTING STEP: StepInterceptor.testContext - xóa dữ liệu ô nhập
16:39:21.416 [main] DEBUG net.serenitybdd.core.photography.Darkroom - Send negative for processing for C:\Users\Katon\Documents\JavaProject\DemoSerenityFramework\target\site\serenity\4f5f7c5fb69b37d5193473d6bb3163c3c2b362d2d6653f5ef4eaa646aefcd234.png
16:39:21.416 [main] DEBUG net.thucydides.core.steps.StepInterceptor - STEP DONE: xóa dữ liệu ô nhập
16:39:21.416 [main] DEBUG net.thucydides.core.steps.StepInterceptor - STARTING STEP: StepInterceptor.testContext - nhập tài khoản
16:39:21.767 [main] DEBUG net.serenitybdd.core.photography.Darkroom - Send negative for processing for C:\Users\Katon\Documents\JavaProject\DemoSerenityFramework\target\site\serenity\dc833e7d4416efb2734884ff032756f289c1b86b165792aa692eaeaf98013b50.png
16:39:21.767 [main] DEBUG net.thucydides.core.steps.StepInterceptor - STEP DONE: nhập tài khoản
16:39:21.767 [main] DEBUG net.thucydides.core.steps.StepInterceptor - STARTING STEP: StepInterceptor.testContext - nhập mật khẩu
16:39:22.603 [main] DEBUG net.serenitybdd.core.photography.Darkroom - Send negative for processing for C:\Users\Katon\Documents\JavaProject\DemoSerenityFramework\target\site\serenity\86ce05be554b12cdf2852352fdbee1b35e0d807cdb4cf7f2f54ed3ed539a4d66.png
16:39:22.603 [main] DEBUG net.thucydides.core.steps.StepInterceptor - STEP DONE: nhập mật khẩu
16:39:22.615 [main] DEBUG net.thucydides.core.steps.StepInterceptor - STARTING STEP: StepInterceptor.testContext - bấm nút đăng nhập
16:39:23.934 [main] DEBUG net.serenitybdd.core.photography.Darkroom - Send negative for processing for C:\Users\Katon\Documents\JavaProject\DemoSerenityFramework\target\site\serenity\30c273840467a46de4a15cad12c1f5e2040bb5c73e3873d2f8ef80aa249e3bad.png
16:39:23.934 [main] DEBUG net.thucydides.core.steps.StepInterceptor - STEP DONE: bấm nút đăng nhập
16:39:23.947 [main] DEBUG net.thucydides.core.steps.StepInterceptor - STARTING STEP: StepInterceptor.testContext - bấm nút cập nhật
16:39:25.051 [main] DEBUG net.serenitybdd.core.photography.Darkroom - Send negative for processing for C:\Users\Katon\Documents\JavaProject\DemoSerenityFramework\target\site\serenity\e1341ffb994f070516bf203a6f8c79dd80414b86f19d36f44d136abf1447eb73.png
16:39:25.063 [main] DEBUG net.thucydides.core.steps.StepInterceptor - STEP DONE: bấm nút cập nhật
16:39:25.067 [main] DEBUG net.thucydides.core.steps.StepInterceptor - STARTING STEP: StepInterceptor.testContext - xóa dữ liệu ô nhập
16:39:25.450 [main] DEBUG net.serenitybdd.core.photography.Darkroom - Send negative for processing for C:\Users\Katon\Documents\JavaProject\DemoSerenityFramework\target\site\serenity\509c0ea80cc10b1690b30e0ecd5fc1d2292aa887cfccfdbb28986b5e1d941898.png
16:39:25.450 [main] DEBUG net.thucydides.core.steps.StepInterceptor - STEP DONE: xóa dữ liệu ô nhập
16:39:25.462 [main] DEBUG net.thucydides.core.steps.StepInterceptor - STARTING STEP: StepInterceptor.testContext - nhập họ tên
16:39:25.834 [main] DEBUG net.serenitybdd.core.photography.Darkroom - Send negative for processing for C:\Users\Katon\Documents\JavaProject\DemoSerenityFramework\target\site\serenity\8429de3beaaaae9917574b9e8e0f9a1319c9355ecc5305c184f1ff06a176512d.png
16:39:25.834 [main] DEBUG net.thucydides.core.steps.StepInterceptor - STEP DONE: nhập họ tên
16:39:25.834 [Darkroom Processing Line] DEBUG net.serenitybdd.core.photography.DarkroomProcessingLine - Processing screenshot image in /var/screenshots/screenshot-15040707622266576710
16:39:25.834 [Darkroom Processing Line] DEBUG net.serenitybdd.core.photography.DarkroomProcessingLine - Saving screenshot to C:\Users\Katon\Documents\JavaProject\DemoSerenityFramework\target\site\serenity\8429de3beaaaae9917574b9e8e0f9a1319c9355ecc5305c184f1ff06a176512d.png
16:39:25.845 [main] DEBUG net.thucydides.core.steps.StepInterceptor - STARTING STEP: StepInterceptor.testContext - nhập số điện thoại
16:39:25.883 [main] DEBUG net.thucydides.core.steps.StepInterceptor - STEP DONE: nhập số điện thoại
16:39:25.883 [main] DEBUG net.thucydides.core.steps.StepInterceptor - STARTING STEP: StepInterceptor.testContext - nhập địa chỉ email
16:39:26.734 [main] DEBUG net.serenitybdd.core.photography.Darkroom - Send negative for processing for C:\Users\Katon\Documents\JavaProject\DemoSerenityFramework\target\site\serenity\880ea8d9557b469bc58eb3e15bba52f26d2e0f49f1bca62f2d002acf3c4d3cfe.png
16:39:26.746 [main] DEBUG net.thucydides.core.steps.StepInterceptor - STEP DONE: nhập địa chỉ email
16:39:26.746 [Darkroom Processing Line] DEBUG net.serenitybdd.core.photography.DarkroomProcessingLine - Processing screenshot image in /var/screenshots/screenshot-5106909273533704948
16:39:26.746 [Darkroom Processing Line] DEBUG net.serenitybdd.core.photography.DarkroomProcessingLine - Saving screenshot to C:\Users\Katon\Documents\JavaProject\DemoSerenityFramework\target\site\serenity\880ea8d9557b469bc58eb3e15bba52f26d2e0f49f1bca62f2d002acf3c4d3cfe.png
16:39:26.751 [main] DEBUG net.thucydides.core.steps.StepInterceptor - STARTING STEP: StepInterceptor.testContext - bấm nút lưu
16:39:27.617 [main] DEBUG net.serenitybdd.core.photography.Darkroom - Send negative for processing for C:\Users\Katon\Documents\JavaProject\DemoSerenityFramework\target\site\serenity\fe5b7735984c5d4f0a7d8492a85073ced470efb5b33d2e6d7c67facc423fd946.png
16:39:27.617 [Darkroom Processing Line] DEBUG net.serenitybdd.core.photography.DarkroomProcessingLine - Processing screenshot image in /var/screenshots/screenshot-11091900453433164753
16:39:27.617 [Darkroom Processing Line] DEBUG net.serenitybdd.core.photography.DarkroomProcessingLine - Saving screenshot to C:\Users\Katon\Documents\JavaProject\DemoSerenityFramework\target\site\serenity\fe5b7735984c5d4f0a7d8492a85073ced470efb5b33d2e6d7c67facc423fd946.png
16:39:27.617 [main] DEBUG net.thucydides.core.steps.StepInterceptor - STEP DONE: bấm nút lưu
16:39:27.617 [main] DEBUG net.thucydides.core.steps.StepInterceptor - STARTING STEP: StepInterceptor.testContext - bấm nút đồng ý
16:39:28.446 [main] DEBUG net.serenitybdd.core.photography.Darkroom - Send negative for processing for C:\Users\Katon\Documents\JavaProject\DemoSerenityFramework\target\site\serenity\3da0bb4868655a5ca798284c90031e0a1a45b37ad8ff3156bdfa78c179389052.png
16:39:28.446 [Darkroom Processing Line] DEBUG net.serenitybdd.core.photography.DarkroomProcessingLine - Processing screenshot image in /var/screenshots/screenshot-16188937454975215388
16:39:28.446 [Darkroom Processing Line] DEBUG net.serenitybdd.core.photography.DarkroomProcessingLine - Saving screenshot to C:\Users\Katon\Documents\JavaProject\DemoSerenityFramework\target\site\serenity\3da0bb4868655a5ca798284c90031e0a1a45b37ad8ff3156bdfa78c179389052.png
16:39:28.446 [main] DEBUG net.thucydides.core.steps.StepInterceptor - STEP DONE: bấm nút đồng ý
16:39:28.446 [main] DEBUG net.thucydides.core.steps.StepInterceptor - STARTING STEP: StepInterceptor.testContext - kiểm tra hiển thị thông báo họ tên không hợp lệ
16:39:28.802 [main] DEBUG net.serenitybdd.core.photography.Darkroom - Send negative for processing for C:\Users\Katon\Documents\JavaProject\DemoSerenityFramework\target\site\serenity\32c88c7818b4e9c00d835e1e341c087999ea7d0bf1536170d759a09b481ef40f.png
16:39:28.802 [main] DEBUG net.thucydides.core.steps.StepInterceptor - STEP DONE: kiểm tra hiển thị thông báo họ tên không hợp lệ
16:39:28.802 [Darkroom Processing Line] DEBUG net.serenitybdd.core.photography.DarkroomProcessingLine - Processing screenshot image in /var/screenshots/screenshot-7949611527609078204
16:39:28.802 [Darkroom Processing Line] DEBUG net.serenitybdd.core.photography.DarkroomProcessingLine - Saving screenshot to C:\Users\Katon\Documents\JavaProject\DemoSerenityFramework\target\site\serenity\32c88c7818b4e9c00d835e1e341c087999ea7d0bf1536170d759a09b481ef40f.png
]]></system-out>
    <system-err><![CDATA[Mar 25, 2025 4:39:19 PM org.openqa.selenium.devtools.CdpVersionFinder findNearestMatch
WARNING: Unable to find CDP implementation matching 134
Mar 25, 2025 4:39:19 PM org.openqa.selenium.chromium.ChromiumDriver lambda$new$5
WARNING: Unable to find version of CDP to use for 134.0.6998.166. You may need to include a dependency on a specific version of the CDP using something similar to `org.seleniumhq.selenium:selenium-devtools-v86:4.14.1` where the version ("v86") matches the version of the chromium-based browser you're using and the version number of the artifact is the same as Selenium's.
]]></system-err>
  </testcase>
  <testcase name="checkInputUserEmailHeaderIsSpace" classname="Test.Web.UpdateInfoTest" time="8.833">
    <system-out><![CDATA[16:39:28.813 [main] INFO  - 
  _____   ___   ___   _____     ___     _     ___   ___   ___   ___  
 |_   _| | __| / __| |_   _|   | _ \   /_\   / __| / __| | __| |   \ 
   | |   | _|  \__ \   | |     |  _/  / _ \  \__ \ \__ \ | _|  | |) |
   |_|   |___| |___/   |_|     |_|   /_/ \_\ |___/ |___/ |___| |___/ 

kiểm tra nhập họ tên > 50 ký tự
----------------------------------------------------------------------
16:39:29.033 [main] DEBUG net.thucydides.core.steps.StepEventBus - Test suite started for UpdateInfoTest in class Test.Web.UpdateInfoTest
16:39:29.033 [main] INFO  - Test Suite Started: UpdateInfoTest
16:39:29.033 [main] DEBUG net.serenitybdd.junit5.SerenityTestExecutionListener - Thread[#1,main,5,main] Test started TestIdentifier [uniqueId = [engine:junit-jupiter]/[class:Test.Web.UpdateInfoTest]/[method:checkInputUserEmailHeaderIsSpace()], parentId = [engine:junit-jupiter]/[class:Test.Web.UpdateInfoTest], displayName = 'kiểm tra nhập email với đầu chỉ chứa khoảng trắng', legacyReportingName = 'checkInputUserEmailHeaderIsSpace()', source = MethodSource [className = 'Test.Web.UpdateInfoTest', methodName = 'checkInputUserEmailHeaderIsSpace', methodParameterTypes = ''], tags = [], type = TEST]
16:39:29.033 [main] INFO  - 
  _____   ___   ___   _____     ___   _____     _     ___   _____   ___   ___  
 |_   _| | __| / __| |_   _|   / __| |_   _|   /_\   | _ \ |_   _| | __| |   \ 
   | |   | _|  \__ \   | |     \__ \   | |    / _ \  |   /   | |   | _|  | |) |
   |_|   |___| |___/   |_|     |___/   |_|   /_/ \_\ |_|_\   |_|   |___| |___/ 

kiểm tra nhập email với đầu chỉ chứa khoảng trắng([engine:junit-jupiter]/[class:Test.Web.UpdateInfoTest]/[method:checkInputUserEmailHeaderIsSpace()])
--------------------------------------------------------------------------------
16:39:29.033 [main] DEBUG net.thucydides.core.steps.StepInterceptor - STARTING STEP: StepInterceptor.testContext - truy cập trang đăng nhập
16:39:29.064 [main] INFO net.serenitybdd.core.webdriver.driverproviders.ChromeDriverProvider - Starting Chrome driver instance with capabilities:
16:39:29.064 [main] INFO net.serenitybdd.core.webdriver.driverproviders.ChromeDriverProvider - Capabilities {acceptInsecureCerts: false, browserName: chrome, goog:chromeOptions: {args: [remote-allow-origins=*, --headless=chrome, --headless], extensions: []}}
16:39:30.304 [main] DEBUG net.serenitybdd.core.photography.Darkroom - Opening darkroom
16:39:30.305 [Darkroom Processing Line] DEBUG net.serenitybdd.core.photography.DarkroomProcessingLine - Darkroom processing line starting up
16:39:30.681 [main] DEBUG net.serenitybdd.core.photography.Darkroom - Send negative for processing for C:\Users\Katon\Documents\JavaProject\DemoSerenityFramework\target\site\serenity\4f5f7c5fb69b37d5193473d6bb3163c3c2b362d2d6653f5ef4eaa646aefcd234.png
16:39:30.681 [main] DEBUG net.thucydides.core.steps.StepInterceptor - STEP DONE: truy cập trang đăng nhập
16:39:30.681 [main] DEBUG net.thucydides.core.steps.StepInterceptor - STARTING STEP: StepInterceptor.testContext - xóa dữ liệu ô nhập
16:39:31.051 [main] DEBUG net.serenitybdd.core.photography.Darkroom - Send negative for processing for C:\Users\Katon\Documents\JavaProject\DemoSerenityFramework\target\site\serenity\4f5f7c5fb69b37d5193473d6bb3163c3c2b362d2d6653f5ef4eaa646aefcd234.png
16:39:31.051 [main] DEBUG net.thucydides.core.steps.StepInterceptor - STEP DONE: xóa dữ liệu ô nhập
16:39:31.051 [main] DEBUG net.thucydides.core.steps.StepInterceptor - STARTING STEP: StepInterceptor.testContext - nhập tài khoản
16:39:31.452 [main] DEBUG net.serenitybdd.core.photography.Darkroom - Send negative for processing for C:\Users\Katon\Documents\JavaProject\DemoSerenityFramework\target\site\serenity\dc833e7d4416efb2734884ff032756f289c1b86b165792aa692eaeaf98013b50.png
16:39:31.452 [main] DEBUG net.thucydides.core.steps.StepInterceptor - STEP DONE: nhập tài khoản
16:39:31.452 [main] DEBUG net.thucydides.core.steps.StepInterceptor - STARTING STEP: StepInterceptor.testContext - nhập mật khẩu
16:39:31.501 [main] DEBUG net.thucydides.core.steps.StepInterceptor - STEP DONE: nhập mật khẩu
16:39:31.501 [main] DEBUG net.thucydides.core.steps.StepInterceptor - STARTING STEP: StepInterceptor.testContext - bấm nút đăng nhập
16:39:32.437 [main] DEBUG net.serenitybdd.core.photography.Darkroom - Send negative for processing for C:\Users\Katon\Documents\JavaProject\DemoSerenityFramework\target\site\serenity\30c273840467a46de4a15cad12c1f5e2040bb5c73e3873d2f8ef80aa249e3bad.png
16:39:32.437 [main] DEBUG net.thucydides.core.steps.StepInterceptor - STEP DONE: bấm nút đăng nhập
16:39:32.448 [main] DEBUG net.thucydides.core.steps.StepInterceptor - STARTING STEP: StepInterceptor.testContext - bấm nút cập nhật
16:39:33.184 [main] DEBUG net.serenitybdd.core.photography.Darkroom - Send negative for processing for C:\Users\Katon\Documents\JavaProject\DemoSerenityFramework\target\site\serenity\e1341ffb994f070516bf203a6f8c79dd80414b86f19d36f44d136abf1447eb73.png
16:39:33.184 [main] DEBUG net.thucydides.core.steps.StepInterceptor - STEP DONE: bấm nút cập nhật
16:39:33.198 [main] DEBUG net.thucydides.core.steps.StepInterceptor - STARTING STEP: StepInterceptor.testContext - xóa dữ liệu ô nhập
16:39:33.633 [main] DEBUG net.serenitybdd.core.photography.Darkroom - Send negative for processing for C:\Users\Katon\Documents\JavaProject\DemoSerenityFramework\target\site\serenity\509c0ea80cc10b1690b30e0ecd5fc1d2292aa887cfccfdbb28986b5e1d941898.png
16:39:33.633 [main] DEBUG net.thucydides.core.steps.StepInterceptor - STEP DONE: xóa dữ liệu ô nhập
16:39:33.633 [main] DEBUG net.thucydides.core.steps.StepInterceptor - STARTING STEP: StepInterceptor.testContext - nhập họ tên
16:39:34.484 [main] DEBUG net.serenitybdd.core.photography.Darkroom - Send negative for processing for C:\Users\Katon\Documents\JavaProject\DemoSerenityFramework\target\site\serenity\dc7d841433adaec6a84d5064eb51d2ade2954cd61f3d43181922ba198ea02a9f.png
16:39:34.484 [main] DEBUG net.thucydides.core.steps.StepInterceptor - STEP DONE: nhập họ tên
16:39:34.493 [Darkroom Processing Line] DEBUG net.serenitybdd.core.photography.DarkroomProcessingLine - Processing screenshot image in /var/screenshots/screenshot-12933203631559372999
16:39:34.493 [Darkroom Processing Line] DEBUG net.serenitybdd.core.photography.DarkroomProcessingLine - Saving screenshot to C:\Users\Katon\Documents\JavaProject\DemoSerenityFramework\target\site\serenity\dc7d841433adaec6a84d5064eb51d2ade2954cd61f3d43181922ba198ea02a9f.png
16:39:34.500 [main] DEBUG net.thucydides.core.steps.StepInterceptor - STARTING STEP: StepInterceptor.testContext - nhập số điện thoại
16:39:34.866 [main] DEBUG net.serenitybdd.core.photography.Darkroom - Send negative for processing for C:\Users\Katon\Documents\JavaProject\DemoSerenityFramework\target\site\serenity\a96db2f358b8cbd88a4937cbc0190d23861f3b6d473e97ea0d26183f7ff07505.png
16:39:34.866 [main] DEBUG net.thucydides.core.steps.StepInterceptor - STEP DONE: nhập số điện thoại
16:39:34.866 [Darkroom Processing Line] DEBUG net.serenitybdd.core.photography.DarkroomProcessingLine - Processing screenshot image in /var/screenshots/screenshot-9913264187404774248
16:39:34.866 [Darkroom Processing Line] DEBUG net.serenitybdd.core.photography.DarkroomProcessingLine - Saving screenshot to C:\Users\Katon\Documents\JavaProject\DemoSerenityFramework\target\site\serenity\a96db2f358b8cbd88a4937cbc0190d23861f3b6d473e97ea0d26183f7ff07505.png
16:39:34.879 [main] DEBUG net.thucydides.core.steps.StepInterceptor - STARTING STEP: StepInterceptor.testContext - nhập địa chỉ email
16:39:35.271 [main] DEBUG net.serenitybdd.core.photography.Darkroom - Send negative for processing for C:\Users\Katon\Documents\JavaProject\DemoSerenityFramework\target\site\serenity\9b6245e469947c99eb66f810c2f49728de87cc90e5379d770ba0fdee2bb5258e.png
16:39:35.271 [main] DEBUG net.thucydides.core.steps.StepInterceptor - STEP DONE: nhập địa chỉ email
16:39:35.271 [Darkroom Processing Line] DEBUG net.serenitybdd.core.photography.DarkroomProcessingLine - Processing screenshot image in /var/screenshots/screenshot-16228273534151502212
16:39:35.271 [Darkroom Processing Line] DEBUG net.serenitybdd.core.photography.DarkroomProcessingLine - Saving screenshot to C:\Users\Katon\Documents\JavaProject\DemoSerenityFramework\target\site\serenity\9b6245e469947c99eb66f810c2f49728de87cc90e5379d770ba0fdee2bb5258e.png
16:39:35.281 [main] DEBUG net.thucydides.core.steps.StepInterceptor - STARTING STEP: StepInterceptor.testContext - bấm nút lưu
16:39:35.702 [main] DEBUG net.serenitybdd.core.photography.Darkroom - Send negative for processing for C:\Users\Katon\Documents\JavaProject\DemoSerenityFramework\target\site\serenity\1c85065bab2426cd2671dedcf95c89471121d4e3b0712eac2b5cf6764378e2e6.png
16:39:35.702 [Darkroom Processing Line] DEBUG net.serenitybdd.core.photography.DarkroomProcessingLine - Processing screenshot image in /var/screenshots/screenshot-11551607122052278520
16:39:35.702 [Darkroom Processing Line] DEBUG net.serenitybdd.core.photography.DarkroomProcessingLine - Saving screenshot to C:\Users\Katon\Documents\JavaProject\DemoSerenityFramework\target\site\serenity\1c85065bab2426cd2671dedcf95c89471121d4e3b0712eac2b5cf6764378e2e6.png
16:39:35.702 [main] DEBUG net.thucydides.core.steps.StepInterceptor - STEP DONE: bấm nút lưu
16:39:35.702 [main] DEBUG net.thucydides.core.steps.StepInterceptor - STARTING STEP: StepInterceptor.testContext - bấm nút đồng ý
16:39:37.000 [main] DEBUG net.serenitybdd.core.photography.Darkroom - Send negative for processing for C:\Users\Katon\Documents\JavaProject\DemoSerenityFramework\target\site\serenity\fe116e517ea09ea435be02d36fe2d60dc38fe70844b7e56767be86940fa2fbbf.png
16:39:37.000 [Darkroom Processing Line] DEBUG net.serenitybdd.core.photography.DarkroomProcessingLine - Processing screenshot image in /var/screenshots/screenshot-11768047944157851055
16:39:37.000 [Darkroom Processing Line] DEBUG net.serenitybdd.core.photography.DarkroomProcessingLine - Saving screenshot to C:\Users\Katon\Documents\JavaProject\DemoSerenityFramework\target\site\serenity\fe116e517ea09ea435be02d36fe2d60dc38fe70844b7e56767be86940fa2fbbf.png
16:39:37.005 [main] DEBUG net.thucydides.core.steps.StepInterceptor - STEP DONE: bấm nút đồng ý
16:39:37.005 [main] DEBUG net.thucydides.core.steps.StepInterceptor - STARTING STEP: StepInterceptor.testContext - kiểm tra hiển thị thông báo địa chỉ email không hợp lệ
16:39:37.865 [main] DEBUG net.serenitybdd.core.photography.Darkroom - Send negative for processing for C:\Users\Katon\Documents\JavaProject\DemoSerenityFramework\target\site\serenity\fe116e517ea09ea435be02d36fe2d60dc38fe70844b7e56767be86940fa2fbbf.png
16:39:37.866 [main] DEBUG net.thucydides.core.steps.StepInterceptor - STEP DONE: kiểm tra hiển thị thông báo địa chỉ email không hợp lệ
]]></system-out>
    <system-err><![CDATA[Mar 25, 2025 4:39:29 PM org.openqa.selenium.devtools.CdpVersionFinder findNearestMatch
WARNING: Unable to find CDP implementation matching 134
Mar 25, 2025 4:39:29 PM org.openqa.selenium.chromium.ChromiumDriver lambda$new$5
WARNING: Unable to find version of CDP to use for 134.0.6998.166. You may need to include a dependency on a specific version of the CDP using something similar to `org.seleniumhq.selenium:selenium-devtools-v86:4.14.1` where the version ("v86") matches the version of the chromium-based browser you're using and the version number of the artifact is the same as Selenium's.
]]></system-err>
  </testcase>
  <testcase name="checkInputUserPhoneOverLength" classname="Test.Web.UpdateInfoTest" time="10.683">
    <system-out><![CDATA[16:39:37.868 [main] INFO  - 
  _____   ___   ___   _____     ___     _     ___   ___   ___   ___  
 |_   _| | __| / __| |_   _|   | _ \   /_\   / __| / __| | __| |   \ 
   | |   | _|  \__ \   | |     |  _/  / _ \  \__ \ \__ \ | _|  | |) |
   |_|   |___| |___/   |_|     |_|   /_/ \_\ |___/ |___/ |___| |___/ 

kiểm tra nhập email với đầu chỉ chứa khoảng trắng
----------------------------------------------------------------------
16:39:38.067 [main] DEBUG net.thucydides.core.steps.StepEventBus - Test suite started for UpdateInfoTest in class Test.Web.UpdateInfoTest
16:39:38.067 [main] INFO  - Test Suite Started: UpdateInfoTest
16:39:38.067 [main] DEBUG net.serenitybdd.junit5.SerenityTestExecutionListener - Thread[#1,main,5,main] Test started TestIdentifier [uniqueId = [engine:junit-jupiter]/[class:Test.Web.UpdateInfoTest]/[method:checkInputUserPhoneOverLength()], parentId = [engine:junit-jupiter]/[class:Test.Web.UpdateInfoTest], displayName = 'kiểm tra nhập số điện thoại > 10 ký tự', legacyReportingName = 'checkInputUserPhoneOverLength()', source = MethodSource [className = 'Test.Web.UpdateInfoTest', methodName = 'checkInputUserPhoneOverLength', methodParameterTypes = ''], tags = [], type = TEST]
16:39:38.067 [main] INFO  - 
  _____   ___   ___   _____     ___   _____     _     ___   _____   ___   ___  
 |_   _| | __| / __| |_   _|   / __| |_   _|   /_\   | _ \ |_   _| | __| |   \ 
   | |   | _|  \__ \   | |     \__ \   | |    / _ \  |   /   | |   | _|  | |) |
   |_|   |___| |___/   |_|     |___/   |_|   /_/ \_\ |_|_\   |_|   |___| |___/ 

kiểm tra nhập số điện thoại > 10 ký tự([engine:junit-jupiter]/[class:Test.Web.UpdateInfoTest]/[method:checkInputUserPhoneOverLength()])
--------------------------------------------------------------------------------
16:39:38.067 [main] DEBUG net.thucydides.core.steps.StepInterceptor - STARTING STEP: StepInterceptor.testContext - truy cập trang đăng nhập
16:39:38.098 [main] INFO net.serenitybdd.core.webdriver.driverproviders.ChromeDriverProvider - Starting Chrome driver instance with capabilities:
16:39:38.098 [main] INFO net.serenitybdd.core.webdriver.driverproviders.ChromeDriverProvider - Capabilities {acceptInsecureCerts: false, browserName: chrome, goog:chromeOptions: {args: [remote-allow-origins=*, --headless=chrome, --headless], extensions: []}}
16:39:39.266 [main] DEBUG net.serenitybdd.core.photography.Darkroom - Opening darkroom
16:39:39.266 [Darkroom Processing Line] DEBUG net.serenitybdd.core.photography.DarkroomProcessingLine - Darkroom processing line starting up
16:39:39.667 [main] DEBUG net.serenitybdd.core.photography.Darkroom - Send negative for processing for C:\Users\Katon\Documents\JavaProject\DemoSerenityFramework\target\site\serenity\4f5f7c5fb69b37d5193473d6bb3163c3c2b362d2d6653f5ef4eaa646aefcd234.png
16:39:39.667 [main] DEBUG net.thucydides.core.steps.StepInterceptor - STEP DONE: truy cập trang đăng nhập
16:39:39.679 [main] DEBUG net.thucydides.core.steps.StepInterceptor - STARTING STEP: StepInterceptor.testContext - xóa dữ liệu ô nhập
16:39:40.556 [main] DEBUG net.serenitybdd.core.photography.Darkroom - Send negative for processing for C:\Users\Katon\Documents\JavaProject\DemoSerenityFramework\target\site\serenity\4f5f7c5fb69b37d5193473d6bb3163c3c2b362d2d6653f5ef4eaa646aefcd234.png
16:39:40.556 [main] DEBUG net.thucydides.core.steps.StepInterceptor - STEP DONE: xóa dữ liệu ô nhập
16:39:40.571 [main] DEBUG net.thucydides.core.steps.StepInterceptor - STARTING STEP: StepInterceptor.testContext - nhập tài khoản
16:39:40.920 [main] DEBUG net.serenitybdd.core.photography.Darkroom - Send negative for processing for C:\Users\Katon\Documents\JavaProject\DemoSerenityFramework\target\site\serenity\dc833e7d4416efb2734884ff032756f289c1b86b165792aa692eaeaf98013b50.png
16:39:40.920 [main] DEBUG net.thucydides.core.steps.StepInterceptor - STEP DONE: nhập tài khoản
16:39:40.931 [main] DEBUG net.thucydides.core.steps.StepInterceptor - STARTING STEP: StepInterceptor.testContext - nhập mật khẩu
16:39:40.967 [main] DEBUG net.thucydides.core.steps.StepInterceptor - STEP DONE: nhập mật khẩu
16:39:41.770 [main] DEBUG net.serenitybdd.core.photography.Darkroom - Send negative for processing for C:\Users\Katon\Documents\JavaProject\DemoSerenityFramework\target\site\serenity\86ce05be554b12cdf2852352fdbee1b35e0d807cdb4cf7f2f54ed3ed539a4d66.png
16:39:41.770 [main] DEBUG net.thucydides.core.steps.StepInterceptor - STARTING STEP: StepInterceptor.testContext - bấm nút đăng nhập
16:39:43.117 [main] DEBUG net.serenitybdd.core.photography.Darkroom - Send negative for processing for C:\Users\Katon\Documents\JavaProject\DemoSerenityFramework\target\site\serenity\30c273840467a46de4a15cad12c1f5e2040bb5c73e3873d2f8ef80aa249e3bad.png
16:39:43.117 [main] DEBUG net.thucydides.core.steps.StepInterceptor - STEP DONE: bấm nút đăng nhập
16:39:43.132 [main] DEBUG net.thucydides.core.steps.StepInterceptor - STARTING STEP: StepInterceptor.testContext - bấm nút cập nhật
16:39:44.265 [main] DEBUG net.serenitybdd.core.photography.Darkroom - Send negative for processing for C:\Users\Katon\Documents\JavaProject\DemoSerenityFramework\target\site\serenity\e1341ffb994f070516bf203a6f8c79dd80414b86f19d36f44d136abf1447eb73.png
16:39:44.269 [main] DEBUG net.thucydides.core.steps.StepInterceptor - STEP DONE: bấm nút cập nhật
16:39:44.273 [main] DEBUG net.thucydides.core.steps.StepInterceptor - STARTING STEP: StepInterceptor.testContext - xóa dữ liệu ô nhập
16:39:45.150 [main] DEBUG net.serenitybdd.core.photography.Darkroom - Send negative for processing for C:\Users\Katon\Documents\JavaProject\DemoSerenityFramework\target\site\serenity\509c0ea80cc10b1690b30e0ecd5fc1d2292aa887cfccfdbb28986b5e1d941898.png
16:39:45.150 [main] DEBUG net.thucydides.core.steps.StepInterceptor - STEP DONE: xóa dữ liệu ô nhập
16:39:45.165 [main] DEBUG net.thucydides.core.steps.StepInterceptor - STARTING STEP: StepInterceptor.testContext - nhập họ tên
16:39:45.518 [main] DEBUG net.serenitybdd.core.photography.Darkroom - Send negative for processing for C:\Users\Katon\Documents\JavaProject\DemoSerenityFramework\target\site\serenity\466792bc240c5a9df24e344b9805a18531c0931339edae2d77acc7cf74b1a6d2.png
16:39:45.518 [main] DEBUG net.thucydides.core.steps.StepInterceptor - STEP DONE: nhập họ tên
16:39:45.518 [main] DEBUG net.thucydides.core.steps.StepInterceptor - STARTING STEP: StepInterceptor.testContext - nhập số điện thoại
16:39:45.868 [main] DEBUG net.serenitybdd.core.photography.Darkroom - Send negative for processing for C:\Users\Katon\Documents\JavaProject\DemoSerenityFramework\target\site\serenity\cb24e616bc734a9bfbd2f1a472d929c495c52b96f28eb833276b940ae78075f8.png
16:39:45.868 [main] DEBUG net.thucydides.core.steps.StepInterceptor - STEP DONE: nhập số điện thoại
16:39:45.868 [Darkroom Processing Line] DEBUG net.serenitybdd.core.photography.DarkroomProcessingLine - Processing screenshot image in /var/screenshots/screenshot-7581993695184502668
16:39:45.868 [Darkroom Processing Line] DEBUG net.serenitybdd.core.photography.DarkroomProcessingLine - Saving screenshot to C:\Users\Katon\Documents\JavaProject\DemoSerenityFramework\target\site\serenity\cb24e616bc734a9bfbd2f1a472d929c495c52b96f28eb833276b940ae78075f8.png
16:39:45.868 [main] DEBUG net.thucydides.core.steps.StepInterceptor - STARTING STEP: StepInterceptor.testContext - nhập địa chỉ email
16:39:46.200 [main] DEBUG net.serenitybdd.core.photography.Darkroom - Send negative for processing for C:\Users\Katon\Documents\JavaProject\DemoSerenityFramework\target\site\serenity\a60fc222af7726c30516723cc41219aa1c7efed182e70b17ac77ac602438d2e2.png
16:39:46.200 [main] DEBUG net.thucydides.core.steps.StepInterceptor - STEP DONE: nhập địa chỉ email
16:39:46.200 [Darkroom Processing Line] DEBUG net.serenitybdd.core.photography.DarkroomProcessingLine - Processing screenshot image in /var/screenshots/screenshot-11160030409337910063
16:39:46.200 [Darkroom Processing Line] DEBUG net.serenitybdd.core.photography.DarkroomProcessingLine - Saving screenshot to C:\Users\Katon\Documents\JavaProject\DemoSerenityFramework\target\site\serenity\a60fc222af7726c30516723cc41219aa1c7efed182e70b17ac77ac602438d2e2.png
16:39:46.200 [main] DEBUG net.thucydides.core.steps.StepInterceptor - STARTING STEP: StepInterceptor.testContext - bấm nút lưu
16:39:47.080 [main] DEBUG net.serenitybdd.core.photography.Darkroom - Send negative for processing for C:\Users\Katon\Documents\JavaProject\DemoSerenityFramework\target\site\serenity\c8c509ba9969aa09ead9fb0bbb3e03b18212b6c6886ae003d3254bb58594198f.png
16:39:47.080 [Darkroom Processing Line] DEBUG net.serenitybdd.core.photography.DarkroomProcessingLine - Processing screenshot image in /var/screenshots/screenshot-14825318288942177615
16:39:47.080 [Darkroom Processing Line] DEBUG net.serenitybdd.core.photography.DarkroomProcessingLine - Saving screenshot to C:\Users\Katon\Documents\JavaProject\DemoSerenityFramework\target\site\serenity\c8c509ba9969aa09ead9fb0bbb3e03b18212b6c6886ae003d3254bb58594198f.png
16:39:47.084 [main] DEBUG net.thucydides.core.steps.StepInterceptor - STEP DONE: bấm nút lưu
16:39:47.087 [main] DEBUG net.thucydides.core.steps.StepInterceptor - STARTING STEP: StepInterceptor.testContext - bấm nút đồng ý
16:39:47.912 [main] DEBUG net.serenitybdd.core.photography.Darkroom - Send negative for processing for C:\Users\Katon\Documents\JavaProject\DemoSerenityFramework\target\site\serenity\88a1a769ec2d2630c265489945520186551b71701cc67c0365c77a6b380db699.png
16:39:47.912 [Darkroom Processing Line] DEBUG net.serenitybdd.core.photography.DarkroomProcessingLine - Processing screenshot image in /var/screenshots/screenshot-14350188825842849569
16:39:47.912 [Darkroom Processing Line] DEBUG net.serenitybdd.core.photography.DarkroomProcessingLine - Saving screenshot to C:\Users\Katon\Documents\JavaProject\DemoSerenityFramework\target\site\serenity\88a1a769ec2d2630c265489945520186551b71701cc67c0365c77a6b380db699.png
16:39:47.913 [main] DEBUG net.thucydides.core.steps.StepInterceptor - STEP DONE: bấm nút đồng ý
16:39:47.913 [main] DEBUG net.thucydides.core.steps.StepInterceptor - STARTING STEP: StepInterceptor.testContext - kiểm tra hiển thị thông báo số điện thoại không hợp lệ
16:39:48.750 [main] DEBUG net.serenitybdd.core.photography.Darkroom - Send negative for processing for C:\Users\Katon\Documents\JavaProject\DemoSerenityFramework\target\site\serenity\b8a5db0d4d5238cae4502761da13c33b58c53c5fec83207e9d8261bc565345cc.png
16:39:48.750 [main] DEBUG net.thucydides.core.steps.StepInterceptor - STEP DONE: kiểm tra hiển thị thông báo số điện thoại không hợp lệ
16:39:48.750 [Darkroom Processing Line] DEBUG net.serenitybdd.core.photography.DarkroomProcessingLine - Processing screenshot image in /var/screenshots/screenshot-17950853291702245504
16:39:48.750 [Darkroom Processing Line] DEBUG net.serenitybdd.core.photography.DarkroomProcessingLine - Saving screenshot to C:\Users\Katon\Documents\JavaProject\DemoSerenityFramework\target\site\serenity\b8a5db0d4d5238cae4502761da13c33b58c53c5fec83207e9d8261bc565345cc.png
]]></system-out>
    <system-err><![CDATA[Mar 25, 2025 4:39:38 PM org.openqa.selenium.devtools.CdpVersionFinder findNearestMatch
WARNING: Unable to find CDP implementation matching 134
Mar 25, 2025 4:39:38 PM org.openqa.selenium.chromium.ChromiumDriver lambda$new$5
WARNING: Unable to find version of CDP to use for 134.0.6998.166. You may need to include a dependency on a specific version of the CDP using something similar to `org.seleniumhq.selenium:selenium-devtools-v86:4.14.1` where the version ("v86") matches the version of the chromium-based browser you're using and the version number of the artifact is the same as Selenium's.
]]></system-err>
  </testcase>
  <testcase name="checkInputUserNameOnlySpace" classname="Test.Web.UpdateInfoTest" time="9.532">
    <system-out><![CDATA[16:39:48.750 [main] INFO  - 
  _____   ___   ___   _____     ___     _     ___   ___   ___   ___  
 |_   _| | __| / __| |_   _|   | _ \   /_\   / __| / __| | __| |   \ 
   | |   | _|  \__ \   | |     |  _/  / _ \  \__ \ \__ \ | _|  | |) |
   |_|   |___| |___/   |_|     |_|   /_/ \_\ |___/ |___/ |___| |___/ 

kiểm tra nhập số điện thoại > 10 ký tự
----------------------------------------------------------------------
16:39:48.924 [main] DEBUG net.thucydides.core.steps.StepEventBus - Test suite started for UpdateInfoTest in class Test.Web.UpdateInfoTest
16:39:48.940 [main] INFO  - Test Suite Started: UpdateInfoTest
16:39:48.940 [main] DEBUG net.serenitybdd.junit5.SerenityTestExecutionListener - Thread[#1,main,5,main] Test started TestIdentifier [uniqueId = [engine:junit-jupiter]/[class:Test.Web.UpdateInfoTest]/[method:checkInputUserNameOnlySpace()], parentId = [engine:junit-jupiter]/[class:Test.Web.UpdateInfoTest], displayName = 'kiểm tra nhập họ tên chỉ chứa khoảng trắng', legacyReportingName = 'checkInputUserNameOnlySpace()', source = MethodSource [className = 'Test.Web.UpdateInfoTest', methodName = 'checkInputUserNameOnlySpace', methodParameterTypes = ''], tags = [], type = TEST]
16:39:48.940 [main] INFO  - 
  _____   ___   ___   _____     ___   _____     _     ___   _____   ___   ___  
 |_   _| | __| / __| |_   _|   / __| |_   _|   /_\   | _ \ |_   _| | __| |   \ 
   | |   | _|  \__ \   | |     \__ \   | |    / _ \  |   /   | |   | _|  | |) |
   |_|   |___| |___/   |_|     |___/   |_|   /_/ \_\ |_|_\   |_|   |___| |___/ 

kiểm tra nhập họ tên chỉ chứa khoảng trắng([engine:junit-jupiter]/[class:Test.Web.UpdateInfoTest]/[method:checkInputUserNameOnlySpace()])
--------------------------------------------------------------------------------
16:39:48.940 [main] DEBUG net.thucydides.core.steps.StepInterceptor - STARTING STEP: StepInterceptor.testContext - truy cập trang đăng nhập
16:39:48.971 [main] INFO net.serenitybdd.core.webdriver.driverproviders.ChromeDriverProvider - Starting Chrome driver instance with capabilities:
16:39:48.971 [main] INFO net.serenitybdd.core.webdriver.driverproviders.ChromeDriverProvider - Capabilities {acceptInsecureCerts: false, browserName: chrome, goog:chromeOptions: {args: [remote-allow-origins=*, --headless=chrome, --headless], extensions: []}}
16:39:50.081 [main] DEBUG net.serenitybdd.core.photography.Darkroom - Opening darkroom
16:39:50.082 [Darkroom Processing Line] DEBUG net.serenitybdd.core.photography.DarkroomProcessingLine - Darkroom processing line starting up
16:39:50.421 [main] DEBUG net.serenitybdd.core.photography.Darkroom - Send negative for processing for C:\Users\Katon\Documents\JavaProject\DemoSerenityFramework\target\site\serenity\4f5f7c5fb69b37d5193473d6bb3163c3c2b362d2d6653f5ef4eaa646aefcd234.png
16:39:50.421 [main] DEBUG net.thucydides.core.steps.StepInterceptor - STEP DONE: truy cập trang đăng nhập
16:39:50.437 [main] DEBUG net.thucydides.core.steps.StepInterceptor - STARTING STEP: StepInterceptor.testContext - xóa dữ liệu ô nhập
16:39:50.785 [main] DEBUG net.serenitybdd.core.photography.Darkroom - Send negative for processing for C:\Users\Katon\Documents\JavaProject\DemoSerenityFramework\target\site\serenity\4f5f7c5fb69b37d5193473d6bb3163c3c2b362d2d6653f5ef4eaa646aefcd234.png
16:39:50.785 [main] DEBUG net.thucydides.core.steps.StepInterceptor - STEP DONE: xóa dữ liệu ô nhập
16:39:50.800 [main] DEBUG net.thucydides.core.steps.StepInterceptor - STARTING STEP: StepInterceptor.testContext - nhập tài khoản
16:39:51.174 [main] DEBUG net.serenitybdd.core.photography.Darkroom - Send negative for processing for C:\Users\Katon\Documents\JavaProject\DemoSerenityFramework\target\site\serenity\dc833e7d4416efb2734884ff032756f289c1b86b165792aa692eaeaf98013b50.png
16:39:51.174 [main] DEBUG net.thucydides.core.steps.StepInterceptor - STEP DONE: nhập tài khoản
16:39:51.182 [main] DEBUG net.thucydides.core.steps.StepInterceptor - STARTING STEP: StepInterceptor.testContext - nhập mật khẩu
16:39:51.216 [main] DEBUG net.thucydides.core.steps.StepInterceptor - STEP DONE: nhập mật khẩu
16:39:51.518 [main] DEBUG net.serenitybdd.core.photography.Darkroom - Send negative for processing for C:\Users\Katon\Documents\JavaProject\DemoSerenityFramework\target\site\serenity\26c31608ecde0a70e2641b00af1e90c1f4466d8349be07ff94bff6b45e87c71f.png
16:39:51.518 [main] DEBUG net.thucydides.core.steps.StepInterceptor - STARTING STEP: StepInterceptor.testContext - bấm nút đăng nhập
16:39:52.402 [main] DEBUG net.serenitybdd.core.photography.Darkroom - Send negative for processing for C:\Users\Katon\Documents\JavaProject\DemoSerenityFramework\target\site\serenity\30c273840467a46de4a15cad12c1f5e2040bb5c73e3873d2f8ef80aa249e3bad.png
16:39:52.414 [main] DEBUG net.thucydides.core.steps.StepInterceptor - STEP DONE: bấm nút đăng nhập
16:39:52.414 [main] DEBUG net.thucydides.core.steps.StepInterceptor - STARTING STEP: StepInterceptor.testContext - bấm nút cập nhật
16:39:53.467 [main] DEBUG net.serenitybdd.core.photography.Darkroom - Send negative for processing for C:\Users\Katon\Documents\JavaProject\DemoSerenityFramework\target\site\serenity\e1341ffb994f070516bf203a6f8c79dd80414b86f19d36f44d136abf1447eb73.png
16:39:53.467 [main] DEBUG net.thucydides.core.steps.StepInterceptor - STEP DONE: bấm nút cập nhật
16:39:53.467 [main] DEBUG net.thucydides.core.steps.StepInterceptor - STARTING STEP: StepInterceptor.testContext - xóa dữ liệu ô nhập
16:39:54.322 [main] DEBUG net.serenitybdd.core.photography.Darkroom - Send negative for processing for C:\Users\Katon\Documents\JavaProject\DemoSerenityFramework\target\site\serenity\509c0ea80cc10b1690b30e0ecd5fc1d2292aa887cfccfdbb28986b5e1d941898.png
16:39:54.322 [main] DEBUG net.thucydides.core.steps.StepInterceptor - STEP DONE: xóa dữ liệu ô nhập
16:39:54.338 [main] DEBUG net.thucydides.core.steps.StepInterceptor - STARTING STEP: StepInterceptor.testContext - nhập họ tên
16:39:54.683 [main] DEBUG net.serenitybdd.core.photography.Darkroom - Send negative for processing for C:\Users\Katon\Documents\JavaProject\DemoSerenityFramework\target\site\serenity\b10c4e9ae63d5dd456af68c85644c5d2e2f62b79bb10198db7a14b1d39a19f9a.png
16:39:54.683 [main] DEBUG net.thucydides.core.steps.StepInterceptor - STEP DONE: nhập họ tên
16:39:54.683 [Darkroom Processing Line] DEBUG net.serenitybdd.core.photography.DarkroomProcessingLine - Processing screenshot image in /var/screenshots/screenshot-11742379317336696732
16:39:54.683 [Darkroom Processing Line] DEBUG net.serenitybdd.core.photography.DarkroomProcessingLine - Saving screenshot to C:\Users\Katon\Documents\JavaProject\DemoSerenityFramework\target\site\serenity\b10c4e9ae63d5dd456af68c85644c5d2e2f62b79bb10198db7a14b1d39a19f9a.png
16:39:54.700 [main] DEBUG net.thucydides.core.steps.StepInterceptor - STARTING STEP: StepInterceptor.testContext - nhập số điện thoại
16:39:55.051 [main] DEBUG net.serenitybdd.core.photography.Darkroom - Send negative for processing for C:\Users\Katon\Documents\JavaProject\DemoSerenityFramework\target\site\serenity\dad77f83e73ca305c7885d55693def1eb78de02a56aa1cbfe58d7909bc7e81e2.png
16:39:55.051 [Darkroom Processing Line] DEBUG net.serenitybdd.core.photography.DarkroomProcessingLine - Processing screenshot image in /var/screenshots/screenshot-1102663314864094134
16:39:55.051 [Darkroom Processing Line] DEBUG net.serenitybdd.core.photography.DarkroomProcessingLine - Saving screenshot to C:\Users\Katon\Documents\JavaProject\DemoSerenityFramework\target\site\serenity\dad77f83e73ca305c7885d55693def1eb78de02a56aa1cbfe58d7909bc7e81e2.png
16:39:55.051 [main] DEBUG net.thucydides.core.steps.StepInterceptor - STEP DONE: nhập số điện thoại
16:39:55.051 [main] DEBUG net.thucydides.core.steps.StepInterceptor - STARTING STEP: StepInterceptor.testContext - nhập địa chỉ email
16:39:55.896 [main] DEBUG net.serenitybdd.core.photography.Darkroom - Send negative for processing for C:\Users\Katon\Documents\JavaProject\DemoSerenityFramework\target\site\serenity\2258a7844471dfd102c1bb14ff104e9ab41825ed60b68669adb1dc41a11a544c.png
16:39:55.896 [main] DEBUG net.thucydides.core.steps.StepInterceptor - STEP DONE: nhập địa chỉ email
16:39:55.901 [main] DEBUG net.thucydides.core.steps.StepInterceptor - STARTING STEP: StepInterceptor.testContext - bấm nút lưu
16:39:56.767 [main] DEBUG net.serenitybdd.core.photography.Darkroom - Send negative for processing for C:\Users\Katon\Documents\JavaProject\DemoSerenityFramework\target\site\serenity\7182bbff7ceb9796d960119b8d0d55a70d059e6b65ed58139caf6ef3a9fe88ff.png
16:39:56.767 [main] DEBUG net.thucydides.core.steps.StepInterceptor - STEP DONE: bấm nút lưu
16:39:56.767 [main] DEBUG net.thucydides.core.steps.StepInterceptor - STARTING STEP: StepInterceptor.testContext - bấm nút đồng ý
16:39:57.596 [main] DEBUG net.serenitybdd.core.photography.Darkroom - Send negative for processing for C:\Users\Katon\Documents\JavaProject\DemoSerenityFramework\target\site\serenity\a1ed1a1c9d65014b1ff823f451ac543efb1f4942885202baf8241e713216e088.png
16:39:57.596 [Darkroom Processing Line] DEBUG net.serenitybdd.core.photography.DarkroomProcessingLine - Processing screenshot image in /var/screenshots/screenshot-16312015816653060733
16:39:57.596 [Darkroom Processing Line] DEBUG net.serenitybdd.core.photography.DarkroomProcessingLine - Saving screenshot to C:\Users\Katon\Documents\JavaProject\DemoSerenityFramework\target\site\serenity\a1ed1a1c9d65014b1ff823f451ac543efb1f4942885202baf8241e713216e088.png
16:39:57.612 [main] DEBUG net.thucydides.core.steps.StepInterceptor - STEP DONE: bấm nút đồng ý
16:39:57.613 [main] DEBUG net.thucydides.core.steps.StepInterceptor - STARTING STEP: StepInterceptor.testContext - kiểm tra hiển thị thông báo họ tên không hợp lệ
16:39:58.472 [main] DEBUG net.serenitybdd.core.photography.Darkroom - Send negative for processing for C:\Users\Katon\Documents\JavaProject\DemoSerenityFramework\target\site\serenity\e134d2c37670d59996e0fed4418a51bc5a52dc8b6f561f5d846d2b9b345b48cf.png
16:39:58.472 [main] DEBUG net.thucydides.core.steps.StepInterceptor - STEP DONE: kiểm tra hiển thị thông báo họ tên không hợp lệ
]]></system-out>
    <system-err><![CDATA[Mar 25, 2025 4:39:49 PM org.openqa.selenium.devtools.CdpVersionFinder findNearestMatch
WARNING: Unable to find CDP implementation matching 134
Mar 25, 2025 4:39:49 PM org.openqa.selenium.chromium.ChromiumDriver lambda$new$5
WARNING: Unable to find version of CDP to use for 134.0.6998.166. You may need to include a dependency on a specific version of the CDP using something similar to `org.seleniumhq.selenium:selenium-devtools-v86:4.14.1` where the version ("v86") matches the version of the chromium-based browser you're using and the version number of the artifact is the same as Selenium's.
]]></system-err>
  </testcase>
  <testcase name="checkInputUserNameWithNumber" classname="Test.Web.UpdateInfoTest" time="10.746">
    <system-out><![CDATA[16:39:58.480 [main] INFO  - 
  _____   ___   ___   _____     ___     _     ___   ___   ___   ___  
 |_   _| | __| / __| |_   _|   | _ \   /_\   / __| / __| | __| |   \ 
   | |   | _|  \__ \   | |     |  _/  / _ \  \__ \ \__ \ | _|  | |) |
   |_|   |___| |___/   |_|     |_|   /_/ \_\ |___/ |___/ |___| |___/ 

kiểm tra nhập họ tên chỉ chứa khoảng trắng
----------------------------------------------------------------------
16:39:58.640 [main] DEBUG net.thucydides.core.steps.StepEventBus - Test suite started for UpdateInfoTest in class Test.Web.UpdateInfoTest
16:39:58.655 [main] INFO  - Test Suite Started: UpdateInfoTest
16:39:58.655 [main] DEBUG net.serenitybdd.junit5.SerenityTestExecutionListener - Thread[#1,main,5,main] Test started TestIdentifier [uniqueId = [engine:junit-jupiter]/[class:Test.Web.UpdateInfoTest]/[method:checkInputUserNameWithNumber()], parentId = [engine:junit-jupiter]/[class:Test.Web.UpdateInfoTest], displayName = 'kiểm tra nhập họ tên chứa chữ số', legacyReportingName = 'checkInputUserNameWithNumber()', source = MethodSource [className = 'Test.Web.UpdateInfoTest', methodName = 'checkInputUserNameWithNumber', methodParameterTypes = ''], tags = [], type = TEST]
16:39:58.655 [main] INFO  - 
  _____   ___   ___   _____     ___   _____     _     ___   _____   ___   ___  
 |_   _| | __| / __| |_   _|   / __| |_   _|   /_\   | _ \ |_   _| | __| |   \ 
   | |   | _|  \__ \   | |     \__ \   | |    / _ \  |   /   | |   | _|  | |) |
   |_|   |___| |___/   |_|     |___/   |_|   /_/ \_\ |_|_\   |_|   |___| |___/ 

kiểm tra nhập họ tên chứa chữ số([engine:junit-jupiter]/[class:Test.Web.UpdateInfoTest]/[method:checkInputUserNameWithNumber()])
--------------------------------------------------------------------------------
16:39:58.655 [main] DEBUG net.thucydides.core.steps.StepInterceptor - STARTING STEP: StepInterceptor.testContext - truy cập trang đăng nhập
16:39:58.687 [main] INFO net.serenitybdd.core.webdriver.driverproviders.ChromeDriverProvider - Starting Chrome driver instance with capabilities:
16:39:58.687 [main] INFO net.serenitybdd.core.webdriver.driverproviders.ChromeDriverProvider - Capabilities {acceptInsecureCerts: false, browserName: chrome, goog:chromeOptions: {args: [remote-allow-origins=*, --headless=chrome, --headless], extensions: []}}
16:39:59.817 [main] DEBUG net.serenitybdd.core.photography.Darkroom - Opening darkroom
16:39:59.817 [Darkroom Processing Line] DEBUG net.serenitybdd.core.photography.DarkroomProcessingLine - Darkroom processing line starting up
16:40:00.169 [main] DEBUG net.serenitybdd.core.photography.Darkroom - Send negative for processing for C:\Users\Katon\Documents\JavaProject\DemoSerenityFramework\target\site\serenity\4f5f7c5fb69b37d5193473d6bb3163c3c2b362d2d6653f5ef4eaa646aefcd234.png
16:40:00.169 [main] DEBUG net.thucydides.core.steps.StepInterceptor - STEP DONE: truy cập trang đăng nhập
16:40:00.181 [main] DEBUG net.thucydides.core.steps.StepInterceptor - STARTING STEP: StepInterceptor.testContext - xóa dữ liệu ô nhập
16:40:00.535 [main] DEBUG net.serenitybdd.core.photography.Darkroom - Send negative for processing for C:\Users\Katon\Documents\JavaProject\DemoSerenityFramework\target\site\serenity\4f5f7c5fb69b37d5193473d6bb3163c3c2b362d2d6653f5ef4eaa646aefcd234.png
16:40:00.535 [main] DEBUG net.thucydides.core.steps.StepInterceptor - STEP DONE: xóa dữ liệu ô nhập
16:40:00.535 [main] DEBUG net.thucydides.core.steps.StepInterceptor - STARTING STEP: StepInterceptor.testContext - nhập tài khoản
16:40:00.937 [main] DEBUG net.serenitybdd.core.photography.Darkroom - Send negative for processing for C:\Users\Katon\Documents\JavaProject\DemoSerenityFramework\target\site\serenity\dc833e7d4416efb2734884ff032756f289c1b86b165792aa692eaeaf98013b50.png
16:40:00.937 [main] DEBUG net.thucydides.core.steps.StepInterceptor - STEP DONE: nhập tài khoản
16:40:00.950 [main] DEBUG net.thucydides.core.steps.StepInterceptor - STARTING STEP: StepInterceptor.testContext - nhập mật khẩu
16:40:00.982 [main] DEBUG net.thucydides.core.steps.StepInterceptor - STEP DONE: nhập mật khẩu
16:40:01.273 [main] DEBUG net.serenitybdd.core.photography.Darkroom - Send negative for processing for C:\Users\Katon\Documents\JavaProject\DemoSerenityFramework\target\site\serenity\26c31608ecde0a70e2641b00af1e90c1f4466d8349be07ff94bff6b45e87c71f.png
16:40:01.273 [main] DEBUG net.thucydides.core.steps.StepInterceptor - STARTING STEP: StepInterceptor.testContext - bấm nút đăng nhập
16:40:02.606 [main] DEBUG net.serenitybdd.core.photography.Darkroom - Send negative for processing for C:\Users\Katon\Documents\JavaProject\DemoSerenityFramework\target\site\serenity\30c273840467a46de4a15cad12c1f5e2040bb5c73e3873d2f8ef80aa249e3bad.png
16:40:02.621 [main] DEBUG net.thucydides.core.steps.StepInterceptor - STEP DONE: bấm nút đăng nhập
16:40:02.621 [main] DEBUG net.thucydides.core.steps.StepInterceptor - STARTING STEP: StepInterceptor.testContext - bấm nút cập nhật
16:40:03.702 [main] DEBUG net.serenitybdd.core.photography.Darkroom - Send negative for processing for C:\Users\Katon\Documents\JavaProject\DemoSerenityFramework\target\site\serenity\e1341ffb994f070516bf203a6f8c79dd80414b86f19d36f44d136abf1447eb73.png
16:40:03.715 [main] DEBUG net.thucydides.core.steps.StepInterceptor - STEP DONE: bấm nút cập nhật
16:40:03.719 [main] DEBUG net.thucydides.core.steps.StepInterceptor - STARTING STEP: StepInterceptor.testContext - xóa dữ liệu ô nhập
16:40:04.617 [main] DEBUG net.serenitybdd.core.photography.Darkroom - Send negative for processing for C:\Users\Katon\Documents\JavaProject\DemoSerenityFramework\target\site\serenity\509c0ea80cc10b1690b30e0ecd5fc1d2292aa887cfccfdbb28986b5e1d941898.png
16:40:04.617 [main] DEBUG net.thucydides.core.steps.StepInterceptor - STEP DONE: xóa dữ liệu ô nhập
16:40:04.629 [main] DEBUG net.thucydides.core.steps.StepInterceptor - STARTING STEP: StepInterceptor.testContext - nhập họ tên
16:40:05.533 [main] DEBUG net.serenitybdd.core.photography.Darkroom - Send negative for processing for C:\Users\Katon\Documents\JavaProject\DemoSerenityFramework\target\site\serenity\a098c915608e96f5b6f1c44c77aa590ef7b5d803f646017a14f8f9e341e78c4a.png
16:40:05.533 [main] DEBUG net.thucydides.core.steps.StepInterceptor - STEP DONE: nhập họ tên
16:40:05.533 [Darkroom Processing Line] DEBUG net.serenitybdd.core.photography.DarkroomProcessingLine - Processing screenshot image in /var/screenshots/screenshot-18366847127505928256
16:40:05.533 [Darkroom Processing Line] DEBUG net.serenitybdd.core.photography.DarkroomProcessingLine - Saving screenshot to C:\Users\Katon\Documents\JavaProject\DemoSerenityFramework\target\site\serenity\a098c915608e96f5b6f1c44c77aa590ef7b5d803f646017a14f8f9e341e78c4a.png
16:40:05.548 [main] DEBUG net.thucydides.core.steps.StepInterceptor - STARTING STEP: StepInterceptor.testContext - nhập số điện thoại
16:40:05.946 [main] DEBUG net.serenitybdd.core.photography.Darkroom - Send negative for processing for C:\Users\Katon\Documents\JavaProject\DemoSerenityFramework\target\site\serenity\c40ea95a3894c25f994afc7f3423a5f296a37c1c5f2c6c23b1843cbc54350921.png
16:40:05.946 [main] DEBUG net.thucydides.core.steps.StepInterceptor - STEP DONE: nhập số điện thoại
16:40:05.946 [Darkroom Processing Line] DEBUG net.serenitybdd.core.photography.DarkroomProcessingLine - Processing screenshot image in /var/screenshots/screenshot-15985734305112312970
16:40:05.946 [Darkroom Processing Line] DEBUG net.serenitybdd.core.photography.DarkroomProcessingLine - Saving screenshot to C:\Users\Katon\Documents\JavaProject\DemoSerenityFramework\target\site\serenity\c40ea95a3894c25f994afc7f3423a5f296a37c1c5f2c6c23b1843cbc54350921.png
16:40:05.953 [main] DEBUG net.thucydides.core.steps.StepInterceptor - STARTING STEP: StepInterceptor.testContext - nhập địa chỉ email
16:40:06.785 [main] DEBUG net.serenitybdd.core.photography.Darkroom - Send negative for processing for C:\Users\Katon\Documents\JavaProject\DemoSerenityFramework\target\site\serenity\f98354ab2b8c12392fdc9effd7b89d53975427c0bd42c326dfab4554a6874df7.png
16:40:06.785 [main] DEBUG net.thucydides.core.steps.StepInterceptor - STEP DONE: nhập địa chỉ email
16:40:06.785 [Darkroom Processing Line] DEBUG net.serenitybdd.core.photography.DarkroomProcessingLine - Processing screenshot image in /var/screenshots/screenshot-2178629444523706392
16:40:06.785 [Darkroom Processing Line] DEBUG net.serenitybdd.core.photography.DarkroomProcessingLine - Saving screenshot to C:\Users\Katon\Documents\JavaProject\DemoSerenityFramework\target\site\serenity\f98354ab2b8c12392fdc9effd7b89d53975427c0bd42c326dfab4554a6874df7.png
16:40:06.799 [main] DEBUG net.thucydides.core.steps.StepInterceptor - STARTING STEP: StepInterceptor.testContext - bấm nút lưu
16:40:07.706 [main] DEBUG net.serenitybdd.core.photography.Darkroom - Send negative for processing for C:\Users\Katon\Documents\JavaProject\DemoSerenityFramework\target\site\serenity\3883bf4d568ab237f574b2a4e595f4b29abb3f7a67be59510ba4b3a8a4793fe9.png
16:40:07.706 [Darkroom Processing Line] DEBUG net.serenitybdd.core.photography.DarkroomProcessingLine - Processing screenshot image in /var/screenshots/screenshot-12955307041814024095
16:40:07.706 [Darkroom Processing Line] DEBUG net.serenitybdd.core.photography.DarkroomProcessingLine - Saving screenshot to C:\Users\Katon\Documents\JavaProject\DemoSerenityFramework\target\site\serenity\3883bf4d568ab237f574b2a4e595f4b29abb3f7a67be59510ba4b3a8a4793fe9.png
16:40:07.706 [main] DEBUG net.thucydides.core.steps.StepInterceptor - STEP DONE: bấm nút lưu
16:40:07.714 [main] DEBUG net.thucydides.core.steps.StepInterceptor - STARTING STEP: StepInterceptor.testContext - bấm nút đồng ý
16:40:08.530 [main] DEBUG net.serenitybdd.core.photography.Darkroom - Send negative for processing for C:\Users\Katon\Documents\JavaProject\DemoSerenityFramework\target\site\serenity\b2ec7f82e3d0a4cec4c971e0e57d06150af19236f96de282330028f546eb8fa2.png
16:40:08.530 [Darkroom Processing Line] DEBUG net.serenitybdd.core.photography.DarkroomProcessingLine - Processing screenshot image in /var/screenshots/screenshot-4258202746989752109
16:40:08.530 [Darkroom Processing Line] DEBUG net.serenitybdd.core.photography.DarkroomProcessingLine - Saving screenshot to C:\Users\Katon\Documents\JavaProject\DemoSerenityFramework\target\site\serenity\b2ec7f82e3d0a4cec4c971e0e57d06150af19236f96de282330028f546eb8fa2.png
16:40:08.530 [main] DEBUG net.thucydides.core.steps.StepInterceptor - STEP DONE: bấm nút đồng ý
16:40:08.530 [main] DEBUG net.thucydides.core.steps.StepInterceptor - STARTING STEP: StepInterceptor.testContext - kiểm tra hiển thị thông báo họ tên không hợp lệ
16:40:09.401 [main] DEBUG net.serenitybdd.core.photography.Darkroom - Send negative for processing for C:\Users\Katon\Documents\JavaProject\DemoSerenityFramework\target\site\serenity\e134d2c37670d59996e0fed4418a51bc5a52dc8b6f561f5d846d2b9b345b48cf.png
16:40:09.401 [main] DEBUG net.thucydides.core.steps.StepInterceptor - STEP DONE: kiểm tra hiển thị thông báo họ tên không hợp lệ
]]></system-out>
    <system-err><![CDATA[Mar 25, 2025 4:39:59 PM org.openqa.selenium.devtools.CdpVersionFinder findNearestMatch
WARNING: Unable to find CDP implementation matching 134
Mar 25, 2025 4:39:59 PM org.openqa.selenium.chromium.ChromiumDriver lambda$new$5
WARNING: Unable to find version of CDP to use for 134.0.6998.166. You may need to include a dependency on a specific version of the CDP using something similar to `org.seleniumhq.selenium:selenium-devtools-v86:4.14.1` where the version ("v86") matches the version of the chromium-based browser you're using and the version number of the artifact is the same as Selenium's.
]]></system-err>
  </testcase>
  <testcase name="checkClickButtonLogin" classname="Test.Web.UpdateInfoTest" time="7.731">
    <system-out><![CDATA[16:40:09.401 [main] INFO  - 
  _____   ___   ___   _____     ___     _     ___   ___   ___   ___  
 |_   _| | __| / __| |_   _|   | _ \   /_\   / __| / __| | __| |   \ 
   | |   | _|  \__ \   | |     |  _/  / _ \  \__ \ \__ \ | _|  | |) |
   |_|   |___| |___/   |_|     |_|   /_/ \_\ |___/ |___/ |___| |___/ 

kiểm tra nhập họ tên chứa chữ số
----------------------------------------------------------------------
16:40:09.586 [main] DEBUG net.thucydides.core.steps.StepEventBus - Test suite started for UpdateInfoTest in class Test.Web.UpdateInfoTest
16:40:09.586 [main] INFO  - Test Suite Started: UpdateInfoTest
16:40:09.586 [main] DEBUG net.serenitybdd.junit5.SerenityTestExecutionListener - Thread[#1,main,5,main] Test started TestIdentifier [uniqueId = [engine:junit-jupiter]/[class:Test.Web.UpdateInfoTest]/[method:checkClickButtonLogin()], parentId = [engine:junit-jupiter]/[class:Test.Web.UpdateInfoTest], displayName = 'kiểm tra bấm nút đăng xuất', legacyReportingName = 'checkClickButtonLogin()', source = MethodSource [className = 'Test.Web.UpdateInfoTest', methodName = 'checkClickButtonLogin', methodParameterTypes = ''], tags = [], type = TEST]
16:40:09.586 [main] INFO  - 
  _____   ___   ___   _____     ___   _____     _     ___   _____   ___   ___  
 |_   _| | __| / __| |_   _|   / __| |_   _|   /_\   | _ \ |_   _| | __| |   \ 
   | |   | _|  \__ \   | |     \__ \   | |    / _ \  |   /   | |   | _|  | |) |
   |_|   |___| |___/   |_|     |___/   |_|   /_/ \_\ |_|_\   |_|   |___| |___/ 

kiểm tra bấm nút đăng xuất([engine:junit-jupiter]/[class:Test.Web.UpdateInfoTest]/[method:checkClickButtonLogin()])
--------------------------------------------------------------------------------
16:40:09.586 [main] DEBUG net.thucydides.core.steps.StepInterceptor - STARTING STEP: StepInterceptor.testContext - truy cập trang đăng nhập
16:40:09.617 [main] INFO net.serenitybdd.core.webdriver.driverproviders.ChromeDriverProvider - Starting Chrome driver instance with capabilities:
16:40:09.617 [main] INFO net.serenitybdd.core.webdriver.driverproviders.ChromeDriverProvider - Capabilities {acceptInsecureCerts: false, browserName: chrome, goog:chromeOptions: {args: [remote-allow-origins=*, --headless=chrome, --headless], extensions: []}}
16:40:10.772 [main] DEBUG net.serenitybdd.core.photography.Darkroom - Opening darkroom
16:40:10.772 [Darkroom Processing Line] DEBUG net.serenitybdd.core.photography.DarkroomProcessingLine - Darkroom processing line starting up
16:40:11.135 [main] DEBUG net.serenitybdd.core.photography.Darkroom - Send negative for processing for C:\Users\Katon\Documents\JavaProject\DemoSerenityFramework\target\site\serenity\4f5f7c5fb69b37d5193473d6bb3163c3c2b362d2d6653f5ef4eaa646aefcd234.png
16:40:11.135 [main] DEBUG net.thucydides.core.steps.StepInterceptor - STEP DONE: truy cập trang đăng nhập
16:40:11.148 [main] DEBUG net.thucydides.core.steps.StepInterceptor - STARTING STEP: StepInterceptor.testContext - xóa dữ liệu ô nhập
16:40:12.033 [main] DEBUG net.serenitybdd.core.photography.Darkroom - Send negative for processing for C:\Users\Katon\Documents\JavaProject\DemoSerenityFramework\target\site\serenity\4f5f7c5fb69b37d5193473d6bb3163c3c2b362d2d6653f5ef4eaa646aefcd234.png
16:40:12.037 [main] DEBUG net.thucydides.core.steps.StepInterceptor - STEP DONE: xóa dữ liệu ô nhập
16:40:12.038 [main] DEBUG net.thucydides.core.steps.StepInterceptor - STARTING STEP: StepInterceptor.testContext - nhập tài khoản
16:40:12.081 [main] DEBUG net.thucydides.core.steps.StepInterceptor - STEP DONE: nhập tài khoản
16:40:12.894 [main] DEBUG net.serenitybdd.core.photography.Darkroom - Send negative for processing for C:\Users\Katon\Documents\JavaProject\DemoSerenityFramework\target\site\serenity\a4e0e296209a4ac6fda06569b400d1bacd4f926631539b32c146f58329559fec.png
16:40:12.894 [main] DEBUG net.thucydides.core.steps.StepInterceptor - STARTING STEP: StepInterceptor.testContext - nhập mật khẩu
16:40:12.897 [Darkroom Processing Line] DEBUG net.serenitybdd.core.photography.DarkroomProcessingLine - Processing screenshot image in /var/screenshots/screenshot-15480102491736747963
16:40:12.897 [Darkroom Processing Line] DEBUG net.serenitybdd.core.photography.DarkroomProcessingLine - Saving screenshot to C:\Users\Katon\Documents\JavaProject\DemoSerenityFramework\target\site\serenity\a4e0e296209a4ac6fda06569b400d1bacd4f926631539b32c146f58329559fec.png
16:40:13.268 [main] DEBUG net.serenitybdd.core.photography.Darkroom - Send negative for processing for C:\Users\Katon\Documents\JavaProject\DemoSerenityFramework\target\site\serenity\26c31608ecde0a70e2641b00af1e90c1f4466d8349be07ff94bff6b45e87c71f.png
16:40:13.268 [main] DEBUG net.thucydides.core.steps.StepInterceptor - STEP DONE: nhập mật khẩu
16:40:13.268 [main] DEBUG net.thucydides.core.steps.StepInterceptor - STARTING STEP: StepInterceptor.testContext - bấm nút đăng nhập
16:40:14.606 [main] DEBUG net.serenitybdd.core.photography.Darkroom - Send negative for processing for C:\Users\Katon\Documents\JavaProject\DemoSerenityFramework\target\site\serenity\30c273840467a46de4a15cad12c1f5e2040bb5c73e3873d2f8ef80aa249e3bad.png
16:40:14.616 [main] DEBUG net.thucydides.core.steps.StepInterceptor - STEP DONE: bấm nút đăng nhập
16:40:14.620 [main] DEBUG net.thucydides.core.steps.StepInterceptor - STARTING STEP: StepInterceptor.testContext - bấm nút cập nhật
16:40:15.720 [main] DEBUG net.serenitybdd.core.photography.Darkroom - Send negative for processing for C:\Users\Katon\Documents\JavaProject\DemoSerenityFramework\target\site\serenity\e1341ffb994f070516bf203a6f8c79dd80414b86f19d36f44d136abf1447eb73.png
16:40:15.733 [main] DEBUG net.thucydides.core.steps.StepInterceptor - STEP DONE: bấm nút cập nhật
16:40:15.737 [main] DEBUG net.thucydides.core.steps.StepInterceptor - STARTING STEP: StepInterceptor.testContext - bấm nút đăng xuất
16:40:16.470 [main] DEBUG net.serenitybdd.core.photography.Darkroom - Send negative for processing for C:\Users\Katon\Documents\JavaProject\DemoSerenityFramework\target\site\serenity\4f5f7c5fb69b37d5193473d6bb3163c3c2b362d2d6653f5ef4eaa646aefcd234.png
16:40:16.480 [main] DEBUG net.thucydides.core.steps.StepInterceptor - STEP DONE: bấm nút đăng xuất
16:40:16.481 [main] DEBUG net.thucydides.core.steps.StepInterceptor - STARTING STEP: StepInterceptor.testContext - kiểm tra hiển thị tiêu đề trang đăng nhập
16:40:17.317 [main] DEBUG net.serenitybdd.core.photography.Darkroom - Send negative for processing for C:\Users\Katon\Documents\JavaProject\DemoSerenityFramework\target\site\serenity\4f5f7c5fb69b37d5193473d6bb3163c3c2b362d2d6653f5ef4eaa646aefcd234.png
16:40:17.317 [main] DEBUG net.thucydides.core.steps.StepInterceptor - STEP DONE: kiểm tra hiển thị tiêu đề trang đăng nhập
]]></system-out>
    <system-err><![CDATA[Mar 25, 2025 4:40:10 PM org.openqa.selenium.devtools.CdpVersionFinder findNearestMatch
WARNING: Unable to find CDP implementation matching 134
Mar 25, 2025 4:40:10 PM org.openqa.selenium.chromium.ChromiumDriver lambda$new$5
WARNING: Unable to find version of CDP to use for 134.0.6998.166. You may need to include a dependency on a specific version of the CDP using something similar to `org.seleniumhq.selenium:selenium-devtools-v86:4.14.1` where the version ("v86") matches the version of the chromium-based browser you're using and the version number of the artifact is the same as Selenium's.
]]></system-err>
  </testcase>
  <testcase name="checkInputUserNameWithSpecialCharacters" classname="Test.Web.UpdateInfoTest" time="10.701">
    <system-out><![CDATA[16:40:17.317 [main] INFO  - 
  _____   ___   ___   _____     ___     _     ___   ___   ___   ___  
 |_   _| | __| / __| |_   _|   | _ \   /_\   / __| / __| | __| |   \ 
   | |   | _|  \__ \   | |     |  _/  / _ \  \__ \ \__ \ | _|  | |) |
   |_|   |___| |___/   |_|     |_|   /_/ \_\ |___/ |___/ |___| |___/ 

kiểm tra bấm nút đăng xuất
----------------------------------------------------------------------
16:40:17.499 [main] DEBUG net.thucydides.core.steps.StepEventBus - Test suite started for UpdateInfoTest in class Test.Web.UpdateInfoTest
16:40:17.499 [main] INFO  - Test Suite Started: UpdateInfoTest
16:40:17.499 [main] DEBUG net.serenitybdd.junit5.SerenityTestExecutionListener - Thread[#1,main,5,main] Test started TestIdentifier [uniqueId = [engine:junit-jupiter]/[class:Test.Web.UpdateInfoTest]/[method:checkInputUserNameWithSpecialCharacters()], parentId = [engine:junit-jupiter]/[class:Test.Web.UpdateInfoTest], displayName = 'kiểm tra nhập họ tên chứa ký tự đặc biệt', legacyReportingName = 'checkInputUserNameWithSpecialCharacters()', source = MethodSource [className = 'Test.Web.UpdateInfoTest', methodName = 'checkInputUserNameWithSpecialCharacters', methodParameterTypes = ''], tags = [], type = TEST]
16:40:17.499 [main] INFO  - 
  _____   ___   ___   _____     ___   _____     _     ___   _____   ___   ___  
 |_   _| | __| / __| |_   _|   / __| |_   _|   /_\   | _ \ |_   _| | __| |   \ 
   | |   | _|  \__ \   | |     \__ \   | |    / _ \  |   /   | |   | _|  | |) |
   |_|   |___| |___/   |_|     |___/   |_|   /_/ \_\ |_|_\   |_|   |___| |___/ 

kiểm tra nhập họ tên chứa ký tự đặc biệt([engine:junit-jupiter]/[class:Test.Web.UpdateInfoTest]/[method:checkInputUserNameWithSpecialCharacters()])
--------------------------------------------------------------------------------
16:40:17.499 [main] DEBUG net.thucydides.core.steps.StepInterceptor - STARTING STEP: StepInterceptor.testContext - truy cập trang đăng nhập
16:40:17.546 [main] INFO net.serenitybdd.core.webdriver.driverproviders.ChromeDriverProvider - Starting Chrome driver instance with capabilities:
16:40:17.546 [main] INFO net.serenitybdd.core.webdriver.driverproviders.ChromeDriverProvider - Capabilities {acceptInsecureCerts: false, browserName: chrome, goog:chromeOptions: {args: [remote-allow-origins=*, --headless=chrome, --headless], extensions: []}}
16:40:18.717 [main] DEBUG net.serenitybdd.core.photography.Darkroom - Opening darkroom
16:40:18.717 [Darkroom Processing Line] DEBUG net.serenitybdd.core.photography.DarkroomProcessingLine - Darkroom processing line starting up
16:40:19.500 [main] DEBUG net.serenitybdd.core.photography.Darkroom - Send negative for processing for C:\Users\Katon\Documents\JavaProject\DemoSerenityFramework\target\site\serenity\4f5f7c5fb69b37d5193473d6bb3163c3c2b362d2d6653f5ef4eaa646aefcd234.png
16:40:19.500 [main] DEBUG net.thucydides.core.steps.StepInterceptor - STEP DONE: truy cập trang đăng nhập
16:40:19.500 [main] DEBUG net.thucydides.core.steps.StepInterceptor - STARTING STEP: StepInterceptor.testContext - xóa dữ liệu ô nhập
16:40:19.884 [main] DEBUG net.serenitybdd.core.photography.Darkroom - Send negative for processing for C:\Users\Katon\Documents\JavaProject\DemoSerenityFramework\target\site\serenity\4f5f7c5fb69b37d5193473d6bb3163c3c2b362d2d6653f5ef4eaa646aefcd234.png
16:40:19.884 [main] DEBUG net.thucydides.core.steps.StepInterceptor - STEP DONE: xóa dữ liệu ô nhập
16:40:19.901 [main] DEBUG net.thucydides.core.steps.StepInterceptor - STARTING STEP: StepInterceptor.testContext - nhập tài khoản
16:40:20.219 [main] DEBUG net.serenitybdd.core.photography.Darkroom - Send negative for processing for C:\Users\Katon\Documents\JavaProject\DemoSerenityFramework\target\site\serenity\dc833e7d4416efb2734884ff032756f289c1b86b165792aa692eaeaf98013b50.png
16:40:20.219 [main] DEBUG net.thucydides.core.steps.StepInterceptor - STEP DONE: nhập tài khoản
16:40:20.235 [main] DEBUG net.thucydides.core.steps.StepInterceptor - STARTING STEP: StepInterceptor.testContext - nhập mật khẩu
16:40:20.647 [main] DEBUG net.serenitybdd.core.photography.Darkroom - Send negative for processing for C:\Users\Katon\Documents\JavaProject\DemoSerenityFramework\target\site\serenity\26c31608ecde0a70e2641b00af1e90c1f4466d8349be07ff94bff6b45e87c71f.png
16:40:20.647 [main] DEBUG net.thucydides.core.steps.StepInterceptor - STEP DONE: nhập mật khẩu
16:40:20.654 [main] DEBUG net.thucydides.core.steps.StepInterceptor - STARTING STEP: StepInterceptor.testContext - bấm nút đăng nhập
16:40:21.609 [main] DEBUG net.serenitybdd.core.photography.Darkroom - Send negative for processing for C:\Users\Katon\Documents\JavaProject\DemoSerenityFramework\target\site\serenity\30c273840467a46de4a15cad12c1f5e2040bb5c73e3873d2f8ef80aa249e3bad.png
16:40:21.625 [main] DEBUG net.thucydides.core.steps.StepInterceptor - STEP DONE: bấm nút đăng nhập
16:40:21.631 [main] DEBUG net.thucydides.core.steps.StepInterceptor - STARTING STEP: StepInterceptor.testContext - bấm nút cập nhật
16:40:22.238 [main] DEBUG net.serenitybdd.core.photography.Darkroom - Send negative for processing for C:\Users\Katon\Documents\JavaProject\DemoSerenityFramework\target\site\serenity\e1341ffb994f070516bf203a6f8c79dd80414b86f19d36f44d136abf1447eb73.png
16:40:22.253 [main] DEBUG net.thucydides.core.steps.StepInterceptor - STEP DONE: bấm nút cập nhật
16:40:22.253 [main] DEBUG net.thucydides.core.steps.StepInterceptor - STARTING STEP: StepInterceptor.testContext - xóa dữ liệu ô nhập
16:40:23.134 [main] DEBUG net.serenitybdd.core.photography.Darkroom - Send negative for processing for C:\Users\Katon\Documents\JavaProject\DemoSerenityFramework\target\site\serenity\509c0ea80cc10b1690b30e0ecd5fc1d2292aa887cfccfdbb28986b5e1d941898.png
16:40:23.134 [main] DEBUG net.thucydides.core.steps.StepInterceptor - STEP DONE: xóa dữ liệu ô nhập
16:40:23.134 [main] DEBUG net.thucydides.core.steps.StepInterceptor - STARTING STEP: StepInterceptor.testContext - nhập họ tên
16:40:23.969 [main] DEBUG net.serenitybdd.core.photography.Darkroom - Send negative for processing for C:\Users\Katon\Documents\JavaProject\DemoSerenityFramework\target\site\serenity\b5cf023ff368fa9a37585ebd2d49bb9499d7ec6e4006875dc54307aa6774b0cd.png
16:40:23.969 [main] DEBUG net.thucydides.core.steps.StepInterceptor - STEP DONE: nhập họ tên
16:40:23.969 [Darkroom Processing Line] DEBUG net.serenitybdd.core.photography.DarkroomProcessingLine - Processing screenshot image in /var/screenshots/screenshot-10990447929915353102
16:40:23.969 [Darkroom Processing Line] DEBUG net.serenitybdd.core.photography.DarkroomProcessingLine - Saving screenshot to C:\Users\Katon\Documents\JavaProject\DemoSerenityFramework\target\site\serenity\b5cf023ff368fa9a37585ebd2d49bb9499d7ec6e4006875dc54307aa6774b0cd.png
16:40:23.985 [main] DEBUG net.thucydides.core.steps.StepInterceptor - STARTING STEP: StepInterceptor.testContext - nhập số điện thoại
16:40:24.819 [main] DEBUG net.serenitybdd.core.photography.Darkroom - Send negative for processing for C:\Users\Katon\Documents\JavaProject\DemoSerenityFramework\target\site\serenity\e6f610381fddd67fd6d60e7aa83fa83be91f0e0249aa4f47030e198ababa77cc.png
16:40:24.819 [main] DEBUG net.thucydides.core.steps.StepInterceptor - STEP DONE: nhập số điện thoại
16:40:24.819 [Darkroom Processing Line] DEBUG net.serenitybdd.core.photography.DarkroomProcessingLine - Processing screenshot image in /var/screenshots/screenshot-6862688429760748309
16:40:24.819 [Darkroom Processing Line] DEBUG net.serenitybdd.core.photography.DarkroomProcessingLine - Saving screenshot to C:\Users\Katon\Documents\JavaProject\DemoSerenityFramework\target\site\serenity\e6f610381fddd67fd6d60e7aa83fa83be91f0e0249aa4f47030e198ababa77cc.png
16:40:24.835 [main] DEBUG net.thucydides.core.steps.StepInterceptor - STARTING STEP: StepInterceptor.testContext - nhập địa chỉ email
16:40:25.682 [main] DEBUG net.serenitybdd.core.photography.Darkroom - Send negative for processing for C:\Users\Katon\Documents\JavaProject\DemoSerenityFramework\target\site\serenity\9851868945c19f8c46562c3b84275ede5a7637e90ae3106a5e4865d068f126fb.png
16:40:25.682 [main] DEBUG net.thucydides.core.steps.StepInterceptor - STEP DONE: nhập địa chỉ email
16:40:25.682 [Darkroom Processing Line] DEBUG net.serenitybdd.core.photography.DarkroomProcessingLine - Processing screenshot image in /var/screenshots/screenshot-15535124341068716957
16:40:25.682 [Darkroom Processing Line] DEBUG net.serenitybdd.core.photography.DarkroomProcessingLine - Saving screenshot to C:\Users\Katon\Documents\JavaProject\DemoSerenityFramework\target\site\serenity\9851868945c19f8c46562c3b84275ede5a7637e90ae3106a5e4865d068f126fb.png
16:40:25.682 [main] DEBUG net.thucydides.core.steps.StepInterceptor - STARTING STEP: StepInterceptor.testContext - bấm nút lưu
16:40:26.551 [main] DEBUG net.serenitybdd.core.photography.Darkroom - Send negative for processing for C:\Users\Katon\Documents\JavaProject\DemoSerenityFramework\target\site\serenity\c74a9fd0a232bd71739d1019b97f98871760af44fa4c9115d90d0bb43bb71455.png
16:40:26.551 [Darkroom Processing Line] DEBUG net.serenitybdd.core.photography.DarkroomProcessingLine - Processing screenshot image in /var/screenshots/screenshot-18020509183669607599
16:40:26.551 [Darkroom Processing Line] DEBUG net.serenitybdd.core.photography.DarkroomProcessingLine - Saving screenshot to C:\Users\Katon\Documents\JavaProject\DemoSerenityFramework\target\site\serenity\c74a9fd0a232bd71739d1019b97f98871760af44fa4c9115d90d0bb43bb71455.png
16:40:26.551 [main] DEBUG net.thucydides.core.steps.StepInterceptor - STEP DONE: bấm nút lưu
16:40:26.551 [main] DEBUG net.thucydides.core.steps.StepInterceptor - STARTING STEP: StepInterceptor.testContext - bấm nút đồng ý
16:40:27.346 [main] DEBUG net.serenitybdd.core.photography.Darkroom - Send negative for processing for C:\Users\Katon\Documents\JavaProject\DemoSerenityFramework\target\site\serenity\8fb62b98a896ce71210e4eca597a3c749c86f7f2efa4e0f8fa222e0b6406147f.png
16:40:27.346 [Darkroom Processing Line] DEBUG net.serenitybdd.core.photography.DarkroomProcessingLine - Processing screenshot image in /var/screenshots/screenshot-9153625905126644707
16:40:27.346 [Darkroom Processing Line] DEBUG net.serenitybdd.core.photography.DarkroomProcessingLine - Saving screenshot to C:\Users\Katon\Documents\JavaProject\DemoSerenityFramework\target\site\serenity\8fb62b98a896ce71210e4eca597a3c749c86f7f2efa4e0f8fa222e0b6406147f.png
16:40:27.346 [main] DEBUG net.thucydides.core.steps.StepInterceptor - STEP DONE: bấm nút đồng ý
16:40:27.346 [main] DEBUG net.thucydides.core.steps.StepInterceptor - STARTING STEP: StepInterceptor.testContext - kiểm tra hiển thị thông báo họ tên không hợp lệ
16:40:28.200 [main] DEBUG net.serenitybdd.core.photography.Darkroom - Send negative for processing for C:\Users\Katon\Documents\JavaProject\DemoSerenityFramework\target\site\serenity\e134d2c37670d59996e0fed4418a51bc5a52dc8b6f561f5d846d2b9b345b48cf.png
16:40:28.200 [main] DEBUG net.thucydides.core.steps.StepInterceptor - STEP DONE: kiểm tra hiển thị thông báo họ tên không hợp lệ
]]></system-out>
    <system-err><![CDATA[Mar 25, 2025 4:40:18 PM org.openqa.selenium.devtools.CdpVersionFinder findNearestMatch
WARNING: Unable to find CDP implementation matching 134
Mar 25, 2025 4:40:18 PM org.openqa.selenium.chromium.ChromiumDriver lambda$new$5
WARNING: Unable to find version of CDP to use for 134.0.6998.166. You may need to include a dependency on a specific version of the CDP using something similar to `org.seleniumhq.selenium:selenium-devtools-v86:4.14.1` where the version ("v86") matches the version of the chromium-based browser you're using and the version number of the artifact is the same as Selenium's.
]]></system-err>
  </testcase>
  <testcase name="checkEmptyInputUserEmail" classname="Test.Web.UpdateInfoTest" time="9.567">
    <system-out><![CDATA[16:40:28.200 [main] INFO  - 
  _____   ___   ___   _____     ___     _     ___   ___   ___   ___  
 |_   _| | __| / __| |_   _|   | _ \   /_\   / __| / __| | __| |   \ 
   | |   | _|  \__ \   | |     |  _/  / _ \  \__ \ \__ \ | _|  | |) |
   |_|   |___| |___/   |_|     |_|   /_/ \_\ |___/ |___/ |___| |___/ 

kiểm tra nhập họ tên chứa ký tự đặc biệt
----------------------------------------------------------------------
16:40:28.374 [main] DEBUG net.thucydides.core.steps.StepEventBus - Test suite started for UpdateInfoTest in class Test.Web.UpdateInfoTest
16:40:28.374 [main] INFO  - Test Suite Started: UpdateInfoTest
16:40:28.374 [main] DEBUG net.serenitybdd.junit5.SerenityTestExecutionListener - Thread[#1,main,5,main] Test started TestIdentifier [uniqueId = [engine:junit-jupiter]/[class:Test.Web.UpdateInfoTest]/[method:checkEmptyInputUserEmail()], parentId = [engine:junit-jupiter]/[class:Test.Web.UpdateInfoTest], displayName = 'kiểm tra bỏ trống số địa chỉ email', legacyReportingName = 'checkEmptyInputUserEmail()', source = MethodSource [className = 'Test.Web.UpdateInfoTest', methodName = 'checkEmptyInputUserEmail', methodParameterTypes = ''], tags = [], type = TEST]
16:40:28.374 [main] INFO  - 
  _____   ___   ___   _____     ___   _____     _     ___   _____   ___   ___  
 |_   _| | __| / __| |_   _|   / __| |_   _|   /_\   | _ \ |_   _| | __| |   \ 
   | |   | _|  \__ \   | |     \__ \   | |    / _ \  |   /   | |   | _|  | |) |
   |_|   |___| |___/   |_|     |___/   |_|   /_/ \_\ |_|_\   |_|   |___| |___/ 

kiểm tra bỏ trống số địa chỉ email([engine:junit-jupiter]/[class:Test.Web.UpdateInfoTest]/[method:checkEmptyInputUserEmail()])
--------------------------------------------------------------------------------
16:40:28.389 [main] DEBUG net.thucydides.core.steps.StepInterceptor - STARTING STEP: StepInterceptor.testContext - truy cập trang đăng nhập
16:40:28.421 [main] INFO net.serenitybdd.core.webdriver.driverproviders.ChromeDriverProvider - Starting Chrome driver instance with capabilities:
16:40:28.421 [main] INFO net.serenitybdd.core.webdriver.driverproviders.ChromeDriverProvider - Capabilities {acceptInsecureCerts: false, browserName: chrome, goog:chromeOptions: {args: [remote-allow-origins=*, --headless=chrome, --headless], extensions: []}}
16:40:29.519 [main] DEBUG net.serenitybdd.core.photography.Darkroom - Opening darkroom
16:40:29.519 [Darkroom Processing Line] DEBUG net.serenitybdd.core.photography.DarkroomProcessingLine - Darkroom processing line starting up
16:40:29.902 [main] DEBUG net.serenitybdd.core.photography.Darkroom - Send negative for processing for C:\Users\Katon\Documents\JavaProject\DemoSerenityFramework\target\site\serenity\4f5f7c5fb69b37d5193473d6bb3163c3c2b362d2d6653f5ef4eaa646aefcd234.png
16:40:29.902 [main] DEBUG net.thucydides.core.steps.StepInterceptor - STEP DONE: truy cập trang đăng nhập
16:40:29.902 [main] DEBUG net.thucydides.core.steps.StepInterceptor - STARTING STEP: StepInterceptor.testContext - xóa dữ liệu ô nhập
16:40:30.800 [main] DEBUG net.serenitybdd.core.photography.Darkroom - Send negative for processing for C:\Users\Katon\Documents\JavaProject\DemoSerenityFramework\target\site\serenity\4f5f7c5fb69b37d5193473d6bb3163c3c2b362d2d6653f5ef4eaa646aefcd234.png
16:40:30.800 [main] DEBUG net.thucydides.core.steps.StepInterceptor - STEP DONE: xóa dữ liệu ô nhập
16:40:30.816 [main] DEBUG net.thucydides.core.steps.StepInterceptor - STARTING STEP: StepInterceptor.testContext - nhập tài khoản
16:40:31.158 [main] DEBUG net.serenitybdd.core.photography.Darkroom - Send negative for processing for C:\Users\Katon\Documents\JavaProject\DemoSerenityFramework\target\site\serenity\dc833e7d4416efb2734884ff032756f289c1b86b165792aa692eaeaf98013b50.png
16:40:31.158 [main] DEBUG net.thucydides.core.steps.StepInterceptor - STEP DONE: nhập tài khoản
16:40:31.166 [main] DEBUG net.thucydides.core.steps.StepInterceptor - STARTING STEP: StepInterceptor.testContext - nhập mật khẩu
16:40:31.198 [main] DEBUG net.thucydides.core.steps.StepInterceptor - STEP DONE: nhập mật khẩu
16:40:31.508 [main] DEBUG net.serenitybdd.core.photography.Darkroom - Send negative for processing for C:\Users\Katon\Documents\JavaProject\DemoSerenityFramework\target\site\serenity\26c31608ecde0a70e2641b00af1e90c1f4466d8349be07ff94bff6b45e87c71f.png
16:40:31.508 [main] DEBUG net.thucydides.core.steps.StepInterceptor - STARTING STEP: StepInterceptor.testContext - bấm nút đăng nhập
16:40:32.487 [main] DEBUG net.serenitybdd.core.photography.Darkroom - Send negative for processing for C:\Users\Katon\Documents\JavaProject\DemoSerenityFramework\target\site\serenity\30c273840467a46de4a15cad12c1f5e2040bb5c73e3873d2f8ef80aa249e3bad.png
16:40:32.487 [main] DEBUG net.thucydides.core.steps.StepInterceptor - STEP DONE: bấm nút đăng nhập
16:40:32.502 [main] DEBUG net.thucydides.core.steps.StepInterceptor - STARTING STEP: StepInterceptor.testContext - bấm nút cập nhật
16:40:33.633 [main] DEBUG net.serenitybdd.core.photography.Darkroom - Send negative for processing for C:\Users\Katon\Documents\JavaProject\DemoSerenityFramework\target\site\serenity\e1341ffb994f070516bf203a6f8c79dd80414b86f19d36f44d136abf1447eb73.png
16:40:33.633 [main] DEBUG net.thucydides.core.steps.StepInterceptor - STEP DONE: bấm nút cập nhật
16:40:33.633 [main] DEBUG net.thucydides.core.steps.StepInterceptor - STARTING STEP: StepInterceptor.testContext - xóa dữ liệu ô nhập
16:40:34.517 [main] DEBUG net.serenitybdd.core.photography.Darkroom - Send negative for processing for C:\Users\Katon\Documents\JavaProject\DemoSerenityFramework\target\site\serenity\509c0ea80cc10b1690b30e0ecd5fc1d2292aa887cfccfdbb28986b5e1d941898.png
16:40:34.517 [main] DEBUG net.thucydides.core.steps.StepInterceptor - STEP DONE: xóa dữ liệu ô nhập
16:40:34.517 [main] DEBUG net.thucydides.core.steps.StepInterceptor - STARTING STEP: StepInterceptor.testContext - nhập họ tên
16:40:35.371 [main] DEBUG net.serenitybdd.core.photography.Darkroom - Send negative for processing for C:\Users\Katon\Documents\JavaProject\DemoSerenityFramework\target\site\serenity\dc7d841433adaec6a84d5064eb51d2ade2954cd61f3d43181922ba198ea02a9f.png
16:40:35.371 [main] DEBUG net.thucydides.core.steps.StepInterceptor - STEP DONE: nhập họ tên
16:40:35.382 [main] DEBUG net.thucydides.core.steps.StepInterceptor - STARTING STEP: StepInterceptor.testContext - nhập số điện thoại
16:40:35.417 [main] DEBUG net.thucydides.core.steps.StepInterceptor - STEP DONE: nhập số điện thoại
16:40:36.201 [main] DEBUG net.serenitybdd.core.photography.Darkroom - Send negative for processing for C:\Users\Katon\Documents\JavaProject\DemoSerenityFramework\target\site\serenity\ec9d9579434ccdf1222f2eb35d63fb33e19585d3456fd39b66600d045fe76840.png
16:40:36.201 [main] DEBUG net.thucydides.core.steps.StepInterceptor - STARTING STEP: StepInterceptor.testContext - bấm nút lưu
16:40:36.637 [main] DEBUG net.serenitybdd.core.photography.Darkroom - Send negative for processing for C:\Users\Katon\Documents\JavaProject\DemoSerenityFramework\target\site\serenity\b2f16cb5ebdb6ffa83100c049f75ac3c88b73537f5a16e0bc59df9ee33b5bb49.png
16:40:36.637 [Darkroom Processing Line] DEBUG net.serenitybdd.core.photography.DarkroomProcessingLine - Processing screenshot image in /var/screenshots/screenshot-3293336408297393517
16:40:36.637 [Darkroom Processing Line] DEBUG net.serenitybdd.core.photography.DarkroomProcessingLine - Saving screenshot to C:\Users\Katon\Documents\JavaProject\DemoSerenityFramework\target\site\serenity\b2f16cb5ebdb6ffa83100c049f75ac3c88b73537f5a16e0bc59df9ee33b5bb49.png
16:40:36.646 [main] DEBUG net.thucydides.core.steps.StepInterceptor - STEP DONE: bấm nút lưu
16:40:36.652 [main] DEBUG net.thucydides.core.steps.StepInterceptor - STARTING STEP: StepInterceptor.testContext - bấm nút đồng ý
16:40:37.530 [main] DEBUG net.serenitybdd.core.photography.Darkroom - Send negative for processing for C:\Users\Katon\Documents\JavaProject\DemoSerenityFramework\target\site\serenity\5b6b013eddea2a55f0d3a2df6692d329b28358e930c06ad53378efb13f0a1728.png
16:40:37.530 [Darkroom Processing Line] DEBUG net.serenitybdd.core.photography.DarkroomProcessingLine - Processing screenshot image in /var/screenshots/screenshot-10513533757470128177
16:40:37.530 [Darkroom Processing Line] DEBUG net.serenitybdd.core.photography.DarkroomProcessingLine - Saving screenshot to C:\Users\Katon\Documents\JavaProject\DemoSerenityFramework\target\site\serenity\5b6b013eddea2a55f0d3a2df6692d329b28358e930c06ad53378efb13f0a1728.png
16:40:37.530 [main] DEBUG net.thucydides.core.steps.StepInterceptor - STEP DONE: bấm nút đồng ý
16:40:37.546 [main] DEBUG net.thucydides.core.steps.StepInterceptor - STARTING STEP: StepInterceptor.testContext - kiểm tra hiển thị thông báo địa chỉ email không hợp lệ
16:40:37.941 [main] DEBUG net.serenitybdd.core.photography.Darkroom - Send negative for processing for C:\Users\Katon\Documents\JavaProject\DemoSerenityFramework\target\site\serenity\fe116e517ea09ea435be02d36fe2d60dc38fe70844b7e56767be86940fa2fbbf.png
16:40:37.941 [main] DEBUG net.thucydides.core.steps.StepInterceptor - STEP DONE: kiểm tra hiển thị thông báo địa chỉ email không hợp lệ
]]></system-out>
    <system-err><![CDATA[Mar 25, 2025 4:40:29 PM org.openqa.selenium.devtools.CdpVersionFinder findNearestMatch
WARNING: Unable to find CDP implementation matching 134
Mar 25, 2025 4:40:29 PM org.openqa.selenium.chromium.ChromiumDriver lambda$new$5
WARNING: Unable to find version of CDP to use for 134.0.6998.166. You may need to include a dependency on a specific version of the CDP using something similar to `org.seleniumhq.selenium:selenium-devtools-v86:4.14.1` where the version ("v86") matches the version of the chromium-based browser you're using and the version number of the artifact is the same as Selenium's.
]]></system-err>
  </testcase>
  <testcase name="checkEmptyInputUserPhone" classname="Test.Web.UpdateInfoTest" time="11.365">
    <system-out><![CDATA[16:40:37.941 [main] INFO  - 
  _____   ___   ___   _____     ___     _     ___   ___   ___   ___  
 |_   _| | __| / __| |_   _|   | _ \   /_\   / __| / __| | __| |   \ 
   | |   | _|  \__ \   | |     |  _/  / _ \  \__ \ \__ \ | _|  | |) |
   |_|   |___| |___/   |_|     |_|   /_/ \_\ |___/ |___/ |___| |___/ 

kiểm tra bỏ trống số địa chỉ email
----------------------------------------------------------------------
16:40:38.121 [main] DEBUG net.thucydides.core.steps.StepEventBus - Test suite started for UpdateInfoTest in class Test.Web.UpdateInfoTest
16:40:38.121 [main] INFO  - Test Suite Started: UpdateInfoTest
16:40:38.121 [main] DEBUG net.serenitybdd.junit5.SerenityTestExecutionListener - Thread[#1,main,5,main] Test started TestIdentifier [uniqueId = [engine:junit-jupiter]/[class:Test.Web.UpdateInfoTest]/[method:checkEmptyInputUserPhone()], parentId = [engine:junit-jupiter]/[class:Test.Web.UpdateInfoTest], displayName = 'kiểm tra bỏ trống số điện thoại', legacyReportingName = 'checkEmptyInputUserPhone()', source = MethodSource [className = 'Test.Web.UpdateInfoTest', methodName = 'checkEmptyInputUserPhone', methodParameterTypes = ''], tags = [], type = TEST]
16:40:38.121 [main] INFO  - 
  _____   ___   ___   _____     ___   _____     _     ___   _____   ___   ___  
 |_   _| | __| / __| |_   _|   / __| |_   _|   /_\   | _ \ |_   _| | __| |   \ 
   | |   | _|  \__ \   | |     \__ \   | |    / _ \  |   /   | |   | _|  | |) |
   |_|   |___| |___/   |_|     |___/   |_|   /_/ \_\ |_|_\   |_|   |___| |___/ 

kiểm tra bỏ trống số điện thoại([engine:junit-jupiter]/[class:Test.Web.UpdateInfoTest]/[method:checkEmptyInputUserPhone()])
--------------------------------------------------------------------------------
16:40:38.136 [main] DEBUG net.thucydides.core.steps.StepInterceptor - STARTING STEP: StepInterceptor.testContext - truy cập trang đăng nhập
16:40:38.168 [main] INFO net.serenitybdd.core.webdriver.driverproviders.ChromeDriverProvider - Starting Chrome driver instance with capabilities:
16:40:38.168 [main] INFO net.serenitybdd.core.webdriver.driverproviders.ChromeDriverProvider - Capabilities {acceptInsecureCerts: false, browserName: chrome, goog:chromeOptions: {args: [remote-allow-origins=*, --headless=chrome, --headless], extensions: []}}
16:40:39.350 [main] DEBUG net.serenitybdd.core.photography.Darkroom - Opening darkroom
16:40:39.351 [Darkroom Processing Line] DEBUG net.serenitybdd.core.photography.DarkroomProcessingLine - Darkroom processing line starting up
16:40:39.720 [main] DEBUG net.serenitybdd.core.photography.Darkroom - Send negative for processing for C:\Users\Katon\Documents\JavaProject\DemoSerenityFramework\target\site\serenity\4f5f7c5fb69b37d5193473d6bb3163c3c2b362d2d6653f5ef4eaa646aefcd234.png
16:40:39.720 [main] DEBUG net.thucydides.core.steps.StepInterceptor - STEP DONE: truy cập trang đăng nhập
16:40:39.736 [main] DEBUG net.thucydides.core.steps.StepInterceptor - STARTING STEP: StepInterceptor.testContext - xóa dữ liệu ô nhập
16:40:40.634 [main] DEBUG net.serenitybdd.core.photography.Darkroom - Send negative for processing for C:\Users\Katon\Documents\JavaProject\DemoSerenityFramework\target\site\serenity\4f5f7c5fb69b37d5193473d6bb3163c3c2b362d2d6653f5ef4eaa646aefcd234.png
16:40:40.634 [main] DEBUG net.thucydides.core.steps.StepInterceptor - STEP DONE: xóa dữ liệu ô nhập
16:40:40.648 [main] DEBUG net.thucydides.core.steps.StepInterceptor - STARTING STEP: StepInterceptor.testContext - nhập tài khoản
16:40:40.985 [main] DEBUG net.serenitybdd.core.photography.Darkroom - Send negative for processing for C:\Users\Katon\Documents\JavaProject\DemoSerenityFramework\target\site\serenity\dc833e7d4416efb2734884ff032756f289c1b86b165792aa692eaeaf98013b50.png
16:40:40.985 [main] DEBUG net.thucydides.core.steps.StepInterceptor - STEP DONE: nhập tài khoản
16:40:40.998 [main] DEBUG net.thucydides.core.steps.StepInterceptor - STARTING STEP: StepInterceptor.testContext - nhập mật khẩu
16:40:41.817 [main] DEBUG net.serenitybdd.core.photography.Darkroom - Send negative for processing for C:\Users\Katon\Documents\JavaProject\DemoSerenityFramework\target\site\serenity\86ce05be554b12cdf2852352fdbee1b35e0d807cdb4cf7f2f54ed3ed539a4d66.png
16:40:41.817 [main] DEBUG net.thucydides.core.steps.StepInterceptor - STEP DONE: nhập mật khẩu
16:40:41.817 [main] DEBUG net.thucydides.core.steps.StepInterceptor - STARTING STEP: StepInterceptor.testContext - bấm nút đăng nhập
16:40:43.135 [main] DEBUG net.serenitybdd.core.photography.Darkroom - Send negative for processing for C:\Users\Katon\Documents\JavaProject\DemoSerenityFramework\target\site\serenity\30c273840467a46de4a15cad12c1f5e2040bb5c73e3873d2f8ef80aa249e3bad.png
16:40:43.135 [main] DEBUG net.thucydides.core.steps.StepInterceptor - STEP DONE: bấm nút đăng nhập
16:40:43.135 [main] DEBUG net.thucydides.core.steps.StepInterceptor - STARTING STEP: StepInterceptor.testContext - bấm nút cập nhật
16:40:44.250 [main] DEBUG net.serenitybdd.core.photography.Darkroom - Send negative for processing for C:\Users\Katon\Documents\JavaProject\DemoSerenityFramework\target\site\serenity\e1341ffb994f070516bf203a6f8c79dd80414b86f19d36f44d136abf1447eb73.png
16:40:44.250 [main] DEBUG net.thucydides.core.steps.StepInterceptor - STEP DONE: bấm nút cập nhật
16:40:44.293 [main] DEBUG net.thucydides.core.steps.StepInterceptor - STARTING STEP: StepInterceptor.testContext - xóa dữ liệu ô nhập
16:40:45.184 [main] DEBUG net.serenitybdd.core.photography.Darkroom - Send negative for processing for C:\Users\Katon\Documents\JavaProject\DemoSerenityFramework\target\site\serenity\509c0ea80cc10b1690b30e0ecd5fc1d2292aa887cfccfdbb28986b5e1d941898.png
16:40:45.184 [main] DEBUG net.thucydides.core.steps.StepInterceptor - STEP DONE: xóa dữ liệu ô nhập
16:40:45.184 [main] DEBUG net.thucydides.core.steps.StepInterceptor - STARTING STEP: StepInterceptor.testContext - nhập họ tên
16:40:46.036 [main] DEBUG net.serenitybdd.core.photography.Darkroom - Send negative for processing for C:\Users\Katon\Documents\JavaProject\DemoSerenityFramework\target\site\serenity\dc7d841433adaec6a84d5064eb51d2ade2954cd61f3d43181922ba198ea02a9f.png
16:40:46.036 [main] DEBUG net.thucydides.core.steps.StepInterceptor - STEP DONE: nhập họ tên
16:40:46.049 [main] DEBUG net.thucydides.core.steps.StepInterceptor - STARTING STEP: StepInterceptor.testContext - nhập địa chỉ email
16:40:46.868 [main] DEBUG net.serenitybdd.core.photography.Darkroom - Send negative for processing for C:\Users\Katon\Documents\JavaProject\DemoSerenityFramework\target\site\serenity\cf15aaf99fe9eff866d5c5cb4c2039bbde395a3a7ad8989b113830cf76f1115f.png
16:40:46.868 [main] DEBUG net.thucydides.core.steps.StepInterceptor - STEP DONE: nhập địa chỉ email
16:40:46.868 [Darkroom Processing Line] DEBUG net.serenitybdd.core.photography.DarkroomProcessingLine - Processing screenshot image in /var/screenshots/screenshot-17940783283091350428
16:40:46.868 [Darkroom Processing Line] DEBUG net.serenitybdd.core.photography.DarkroomProcessingLine - Saving screenshot to C:\Users\Katon\Documents\JavaProject\DemoSerenityFramework\target\site\serenity\cf15aaf99fe9eff866d5c5cb4c2039bbde395a3a7ad8989b113830cf76f1115f.png
16:40:46.886 [main] DEBUG net.thucydides.core.steps.StepInterceptor - STARTING STEP: StepInterceptor.testContext - bấm nút lưu
16:40:47.768 [main] DEBUG net.serenitybdd.core.photography.Darkroom - Send negative for processing for C:\Users\Katon\Documents\JavaProject\DemoSerenityFramework\target\site\serenity\1a9a65db7585925b8db1936fec36d911154a971fbae79f99f8d3445f3f5f9d04.png
16:40:47.768 [Darkroom Processing Line] DEBUG net.serenitybdd.core.photography.DarkroomProcessingLine - Processing screenshot image in /var/screenshots/screenshot-8703126208633265431
16:40:47.768 [Darkroom Processing Line] DEBUG net.serenitybdd.core.photography.DarkroomProcessingLine - Saving screenshot to C:\Users\Katon\Documents\JavaProject\DemoSerenityFramework\target\site\serenity\1a9a65db7585925b8db1936fec36d911154a971fbae79f99f8d3445f3f5f9d04.png
16:40:47.783 [main] DEBUG net.thucydides.core.steps.StepInterceptor - STEP DONE: bấm nút lưu
16:40:47.783 [main] DEBUG net.thucydides.core.steps.StepInterceptor - STARTING STEP: StepInterceptor.testContext - bấm nút đồng ý
16:40:48.620 [main] DEBUG net.serenitybdd.core.photography.Darkroom - Send negative for processing for C:\Users\Katon\Documents\JavaProject\DemoSerenityFramework\target\site\serenity\197be1471d517064637e5f0760ab1bcf77f6613c581efb368045af848cd8b2b9.png
16:40:48.621 [Darkroom Processing Line] DEBUG net.serenitybdd.core.photography.DarkroomProcessingLine - Processing screenshot image in /var/screenshots/screenshot-9181731956830617183
16:40:48.621 [Darkroom Processing Line] DEBUG net.serenitybdd.core.photography.DarkroomProcessingLine - Saving screenshot to C:\Users\Katon\Documents\JavaProject\DemoSerenityFramework\target\site\serenity\197be1471d517064637e5f0760ab1bcf77f6613c581efb368045af848cd8b2b9.png
16:40:48.621 [main] DEBUG net.thucydides.core.steps.StepInterceptor - STEP DONE: bấm nút đồng ý
16:40:48.630 [main] DEBUG net.thucydides.core.steps.StepInterceptor - STARTING STEP: StepInterceptor.testContext - kiểm tra hiển thị thông báo số điện thoại không hợp lệ
16:40:49.486 [main] DEBUG net.serenitybdd.core.photography.Darkroom - Send negative for processing for C:\Users\Katon\Documents\JavaProject\DemoSerenityFramework\target\site\serenity\b8a5db0d4d5238cae4502761da13c33b58c53c5fec83207e9d8261bc565345cc.png
16:40:49.486 [main] DEBUG net.thucydides.core.steps.StepInterceptor - STEP DONE: kiểm tra hiển thị thông báo số điện thoại không hợp lệ
]]></system-out>
    <system-err><![CDATA[Mar 25, 2025 4:40:39 PM org.openqa.selenium.devtools.CdpVersionFinder findNearestMatch
WARNING: Unable to find CDP implementation matching 134
Mar 25, 2025 4:40:39 PM org.openqa.selenium.chromium.ChromiumDriver lambda$new$5
WARNING: Unable to find version of CDP to use for 134.0.6998.166. You may need to include a dependency on a specific version of the CDP using something similar to `org.seleniumhq.selenium:selenium-devtools-v86:4.14.1` where the version ("v86") matches the version of the chromium-based browser you're using and the version number of the artifact is the same as Selenium's.
]]></system-err>
  </testcase>
  <testcase name="checkInputUserEmailOverLength" classname="Test.Web.UpdateInfoTest" time="11.799">
    <system-out><![CDATA[16:40:49.496 [main] INFO  - 
  _____   ___   ___   _____     ___     _     ___   ___   ___   ___  
 |_   _| | __| / __| |_   _|   | _ \   /_\   / __| / __| | __| |   \ 
   | |   | _|  \__ \   | |     |  _/  / _ \  \__ \ \__ \ | _|  | |) |
   |_|   |___| |___/   |_|     |_|   /_/ \_\ |___/ |___/ |___| |___/ 

kiểm tra bỏ trống số điện thoại
----------------------------------------------------------------------
16:40:50.602 [main] DEBUG net.thucydides.core.steps.StepEventBus - Test suite started for UpdateInfoTest in class Test.Web.UpdateInfoTest
16:40:50.602 [main] INFO  - Test Suite Started: UpdateInfoTest
16:40:50.602 [main] DEBUG net.serenitybdd.junit5.SerenityTestExecutionListener - Thread[#1,main,5,main] Test started TestIdentifier [uniqueId = [engine:junit-jupiter]/[class:Test.Web.UpdateInfoTest]/[method:checkInputUserEmailOverLength()], parentId = [engine:junit-jupiter]/[class:Test.Web.UpdateInfoTest], displayName = 'kiểm tra nhập email > 255 ký tự', legacyReportingName = 'checkInputUserEmailOverLength()', source = MethodSource [className = 'Test.Web.UpdateInfoTest', methodName = 'checkInputUserEmailOverLength', methodParameterTypes = ''], tags = [], type = TEST]
16:40:50.602 [main] INFO  - 
  _____   ___   ___   _____     ___   _____     _     ___   _____   ___   ___  
 |_   _| | __| / __| |_   _|   / __| |_   _|   /_\   | _ \ |_   _| | __| |   \ 
   | |   | _|  \__ \   | |     \__ \   | |    / _ \  |   /   | |   | _|  | |) |
   |_|   |___| |___/   |_|     |___/   |_|   /_/ \_\ |_|_\   |_|   |___| |___/ 

kiểm tra nhập email > 255 ký tự([engine:junit-jupiter]/[class:Test.Web.UpdateInfoTest]/[method:checkInputUserEmailOverLength()])
--------------------------------------------------------------------------------
16:40:50.602 [main] DEBUG net.thucydides.core.steps.StepInterceptor - STARTING STEP: StepInterceptor.testContext - truy cập trang đăng nhập
16:40:50.633 [main] INFO net.serenitybdd.core.webdriver.driverproviders.ChromeDriverProvider - Starting Chrome driver instance with capabilities:
16:40:50.633 [main] INFO net.serenitybdd.core.webdriver.driverproviders.ChromeDriverProvider - Capabilities {acceptInsecureCerts: false, browserName: chrome, goog:chromeOptions: {args: [remote-allow-origins=*, --headless=chrome, --headless], extensions: []}}
16:40:51.807 [main] DEBUG net.serenitybdd.core.photography.Darkroom - Opening darkroom
16:40:51.813 [Darkroom Processing Line] DEBUG net.serenitybdd.core.photography.DarkroomProcessingLine - Darkroom processing line starting up
16:40:52.163 [main] DEBUG net.serenitybdd.core.photography.Darkroom - Send negative for processing for C:\Users\Katon\Documents\JavaProject\DemoSerenityFramework\target\site\serenity\4f5f7c5fb69b37d5193473d6bb3163c3c2b362d2d6653f5ef4eaa646aefcd234.png
16:40:52.163 [main] DEBUG net.thucydides.core.steps.StepInterceptor - STEP DONE: truy cập trang đăng nhập
16:40:52.165 [main] DEBUG net.thucydides.core.steps.StepInterceptor - STARTING STEP: StepInterceptor.testContext - xóa dữ liệu ô nhập
16:40:53.050 [main] DEBUG net.serenitybdd.core.photography.Darkroom - Send negative for processing for C:\Users\Katon\Documents\JavaProject\DemoSerenityFramework\target\site\serenity\4f5f7c5fb69b37d5193473d6bb3163c3c2b362d2d6653f5ef4eaa646aefcd234.png
16:40:53.050 [main] DEBUG net.thucydides.core.steps.StepInterceptor - STEP DONE: xóa dữ liệu ô nhập
16:40:53.050 [main] DEBUG net.thucydides.core.steps.StepInterceptor - STARTING STEP: StepInterceptor.testContext - nhập tài khoản
16:40:53.400 [main] DEBUG net.serenitybdd.core.photography.Darkroom - Send negative for processing for C:\Users\Katon\Documents\JavaProject\DemoSerenityFramework\target\site\serenity\dc833e7d4416efb2734884ff032756f289c1b86b165792aa692eaeaf98013b50.png
16:40:53.400 [main] DEBUG net.thucydides.core.steps.StepInterceptor - STEP DONE: nhập tài khoản
16:40:53.400 [main] DEBUG net.thucydides.core.steps.StepInterceptor - STARTING STEP: StepInterceptor.testContext - nhập mật khẩu
16:40:54.234 [main] DEBUG net.serenitybdd.core.photography.Darkroom - Send negative for processing for C:\Users\Katon\Documents\JavaProject\DemoSerenityFramework\target\site\serenity\86ce05be554b12cdf2852352fdbee1b35e0d807cdb4cf7f2f54ed3ed539a4d66.png
16:40:54.234 [main] DEBUG net.thucydides.core.steps.StepInterceptor - STEP DONE: nhập mật khẩu
16:40:54.234 [main] DEBUG net.thucydides.core.steps.StepInterceptor - STARTING STEP: StepInterceptor.testContext - bấm nút đăng nhập
16:40:55.567 [main] DEBUG net.serenitybdd.core.photography.Darkroom - Send negative for processing for C:\Users\Katon\Documents\JavaProject\DemoSerenityFramework\target\site\serenity\30c273840467a46de4a15cad12c1f5e2040bb5c73e3873d2f8ef80aa249e3bad.png
16:40:55.567 [main] DEBUG net.thucydides.core.steps.StepInterceptor - STEP DONE: bấm nút đăng nhập
16:40:55.567 [main] DEBUG net.thucydides.core.steps.StepInterceptor - STARTING STEP: StepInterceptor.testContext - bấm nút cập nhật
16:40:56.672 [main] DEBUG net.serenitybdd.core.photography.Darkroom - Send negative for processing for C:\Users\Katon\Documents\JavaProject\DemoSerenityFramework\target\site\serenity\e1341ffb994f070516bf203a6f8c79dd80414b86f19d36f44d136abf1447eb73.png
16:40:56.688 [main] DEBUG net.thucydides.core.steps.StepInterceptor - STEP DONE: bấm nút cập nhật
16:40:56.688 [main] DEBUG net.thucydides.core.steps.StepInterceptor - STARTING STEP: StepInterceptor.testContext - xóa dữ liệu ô nhập
16:40:57.567 [main] DEBUG net.serenitybdd.core.photography.Darkroom - Send negative for processing for C:\Users\Katon\Documents\JavaProject\DemoSerenityFramework\target\site\serenity\509c0ea80cc10b1690b30e0ecd5fc1d2292aa887cfccfdbb28986b5e1d941898.png
16:40:57.567 [main] DEBUG net.thucydides.core.steps.StepInterceptor - STEP DONE: xóa dữ liệu ô nhập
16:40:57.567 [main] DEBUG net.thucydides.core.steps.StepInterceptor - STARTING STEP: StepInterceptor.testContext - nhập họ tên
16:40:58.424 [main] DEBUG net.serenitybdd.core.photography.Darkroom - Send negative for processing for C:\Users\Katon\Documents\JavaProject\DemoSerenityFramework\target\site\serenity\dc7d841433adaec6a84d5064eb51d2ade2954cd61f3d43181922ba198ea02a9f.png
16:40:58.424 [main] DEBUG net.thucydides.core.steps.StepInterceptor - STEP DONE: nhập họ tên
16:40:58.424 [main] DEBUG net.thucydides.core.steps.StepInterceptor - STARTING STEP: StepInterceptor.testContext - nhập số điện thoại
16:40:59.251 [main] DEBUG net.serenitybdd.core.photography.Darkroom - Send negative for processing for C:\Users\Katon\Documents\JavaProject\DemoSerenityFramework\target\site\serenity\a96db2f358b8cbd88a4937cbc0190d23861f3b6d473e97ea0d26183f7ff07505.png
16:40:59.251 [main] DEBUG net.thucydides.core.steps.StepInterceptor - STEP DONE: nhập số điện thoại
16:40:59.266 [main] DEBUG net.thucydides.core.steps.StepInterceptor - STARTING STEP: StepInterceptor.testContext - nhập địa chỉ email
16:41:00.317 [main] DEBUG net.serenitybdd.core.photography.Darkroom - Send negative for processing for C:\Users\Katon\Documents\JavaProject\DemoSerenityFramework\target\site\serenity\26ed1bedf23e9aacc6575ba63444e4fc2d0840e5694be3c4915efa6169be4172.png
16:41:00.317 [main] DEBUG net.thucydides.core.steps.StepInterceptor - STEP DONE: nhập địa chỉ email
16:41:00.317 [Darkroom Processing Line] DEBUG net.serenitybdd.core.photography.DarkroomProcessingLine - Processing screenshot image in /var/screenshots/screenshot-10969312360083043428
16:41:00.317 [Darkroom Processing Line] DEBUG net.serenitybdd.core.photography.DarkroomProcessingLine - Saving screenshot to C:\Users\Katon\Documents\JavaProject\DemoSerenityFramework\target\site\serenity\26ed1bedf23e9aacc6575ba63444e4fc2d0840e5694be3c4915efa6169be4172.png
16:41:00.333 [main] DEBUG net.thucydides.core.steps.StepInterceptor - STARTING STEP: StepInterceptor.testContext - bấm nút lưu
16:41:00.685 [main] DEBUG net.serenitybdd.core.photography.Darkroom - Send negative for processing for C:\Users\Katon\Documents\JavaProject\DemoSerenityFramework\target\site\serenity\9e0238f4ee5b49cda4b2e1550ea7dabe83d9e9b81f69aa96c6eae51bae131493.png
16:41:00.685 [Darkroom Processing Line] DEBUG net.serenitybdd.core.photography.DarkroomProcessingLine - Processing screenshot image in /var/screenshots/screenshot-17814749828373164540
16:41:00.685 [Darkroom Processing Line] DEBUG net.serenitybdd.core.photography.DarkroomProcessingLine - Saving screenshot to C:\Users\Katon\Documents\JavaProject\DemoSerenityFramework\target\site\serenity\9e0238f4ee5b49cda4b2e1550ea7dabe83d9e9b81f69aa96c6eae51bae131493.png
16:41:00.696 [main] DEBUG net.thucydides.core.steps.StepInterceptor - STEP DONE: bấm nút lưu
16:41:00.699 [main] DEBUG net.thucydides.core.steps.StepInterceptor - STARTING STEP: StepInterceptor.testContext - bấm nút đồng ý
16:41:01.513 [main] DEBUG net.serenitybdd.core.photography.Darkroom - Send negative for processing for C:\Users\Katon\Documents\JavaProject\DemoSerenityFramework\target\site\serenity\2a220092686d26d3c778eb85995f0435ae97e3abdd850f84d579de24289b70c1.png
16:41:01.513 [Darkroom Processing Line] DEBUG net.serenitybdd.core.photography.DarkroomProcessingLine - Processing screenshot image in /var/screenshots/screenshot-1174948598709065512
16:41:01.513 [Darkroom Processing Line] DEBUG net.serenitybdd.core.photography.DarkroomProcessingLine - Saving screenshot to C:\Users\Katon\Documents\JavaProject\DemoSerenityFramework\target\site\serenity\2a220092686d26d3c778eb85995f0435ae97e3abdd850f84d579de24289b70c1.png
16:41:01.513 [main] DEBUG net.thucydides.core.steps.StepInterceptor - STEP DONE: bấm nút đồng ý
16:41:01.513 [main] DEBUG net.thucydides.core.steps.StepInterceptor - STARTING STEP: StepInterceptor.testContext - kiểm tra hiển thị thông báo địa chỉ email không hợp lệ
16:41:02.401 [main] DEBUG net.serenitybdd.core.photography.Darkroom - Send negative for processing for C:\Users\Katon\Documents\JavaProject\DemoSerenityFramework\target\site\serenity\fe116e517ea09ea435be02d36fe2d60dc38fe70844b7e56767be86940fa2fbbf.png
16:41:02.401 [main] DEBUG net.thucydides.core.steps.StepInterceptor - STEP DONE: kiểm tra hiển thị thông báo địa chỉ email không hợp lệ
]]></system-out>
    <system-err><![CDATA[Mar 25, 2025 4:40:51 PM org.openqa.selenium.devtools.CdpVersionFinder findNearestMatch
WARNING: Unable to find CDP implementation matching 134
Mar 25, 2025 4:40:51 PM org.openqa.selenium.chromium.ChromiumDriver lambda$new$5
WARNING: Unable to find version of CDP to use for 134.0.6998.166. You may need to include a dependency on a specific version of the CDP using something similar to `org.seleniumhq.selenium:selenium-devtools-v86:4.14.1` where the version ("v86") matches the version of the chromium-based browser you're using and the version number of the artifact is the same as Selenium's.
]]></system-err>
  </testcase>
  <testcase name="checkInputUserPhoneWithAlphabet" classname="Test.Web.UpdateInfoTest" time="10.705">
    <system-out><![CDATA[16:41:02.401 [main] INFO  - 
  _____   ___   ___   _____     ___     _     ___   ___   ___   ___  
 |_   _| | __| / __| |_   _|   | _ \   /_\   / __| / __| | __| |   \ 
   | |   | _|  \__ \   | |     |  _/  / _ \  \__ \ \__ \ | _|  | |) |
   |_|   |___| |___/   |_|     |_|   /_/ \_\ |___/ |___/ |___| |___/ 

kiểm tra nhập email > 255 ký tự
----------------------------------------------------------------------
16:41:02.611 [main] DEBUG net.thucydides.core.steps.StepEventBus - Test suite started for UpdateInfoTest in class Test.Web.UpdateInfoTest
16:41:02.611 [main] INFO  - Test Suite Started: UpdateInfoTest
16:41:02.611 [main] DEBUG net.serenitybdd.junit5.SerenityTestExecutionListener - Thread[#1,main,5,main] Test started TestIdentifier [uniqueId = [engine:junit-jupiter]/[class:Test.Web.UpdateInfoTest]/[method:checkInputUserPhoneWithAlphabet()], parentId = [engine:junit-jupiter]/[class:Test.Web.UpdateInfoTest], displayName = 'kiểm tra nhập số điện thoại chứa chữ cái', legacyReportingName = 'checkInputUserPhoneWithAlphabet()', source = MethodSource [className = 'Test.Web.UpdateInfoTest', methodName = 'checkInputUserPhoneWithAlphabet', methodParameterTypes = ''], tags = [], type = TEST]
16:41:02.611 [main] INFO  - 
  _____   ___   ___   _____     ___   _____     _     ___   _____   ___   ___  
 |_   _| | __| / __| |_   _|   / __| |_   _|   /_\   | _ \ |_   _| | __| |   \ 
   | |   | _|  \__ \   | |     \__ \   | |    / _ \  |   /   | |   | _|  | |) |
   |_|   |___| |___/   |_|     |___/   |_|   /_/ \_\ |_|_\   |_|   |___| |___/ 

kiểm tra nhập số điện thoại chứa chữ cái([engine:junit-jupiter]/[class:Test.Web.UpdateInfoTest]/[method:checkInputUserPhoneWithAlphabet()])
--------------------------------------------------------------------------------
16:41:02.611 [main] DEBUG net.thucydides.core.steps.StepInterceptor - STARTING STEP: StepInterceptor.testContext - truy cập trang đăng nhập
16:41:02.658 [main] INFO net.serenitybdd.core.webdriver.driverproviders.ChromeDriverProvider - Starting Chrome driver instance with capabilities:
16:41:02.658 [main] INFO net.serenitybdd.core.webdriver.driverproviders.ChromeDriverProvider - Capabilities {acceptInsecureCerts: false, browserName: chrome, goog:chromeOptions: {args: [remote-allow-origins=*, --headless=chrome, --headless], extensions: []}}
16:41:03.816 [main] DEBUG net.serenitybdd.core.photography.Darkroom - Opening darkroom
16:41:03.816 [Darkroom Processing Line] DEBUG net.serenitybdd.core.photography.DarkroomProcessingLine - Darkroom processing line starting up
16:41:04.591 [main] DEBUG net.serenitybdd.core.photography.Darkroom - Send negative for processing for C:\Users\Katon\Documents\JavaProject\DemoSerenityFramework\target\site\serenity\4f5f7c5fb69b37d5193473d6bb3163c3c2b362d2d6653f5ef4eaa646aefcd234.png
16:41:04.591 [main] DEBUG net.thucydides.core.steps.StepInterceptor - STEP DONE: truy cập trang đăng nhập
16:41:04.607 [main] DEBUG net.thucydides.core.steps.StepInterceptor - STARTING STEP: StepInterceptor.testContext - xóa dữ liệu ô nhập
16:41:05.506 [main] DEBUG net.serenitybdd.core.photography.Darkroom - Send negative for processing for C:\Users\Katon\Documents\JavaProject\DemoSerenityFramework\target\site\serenity\4f5f7c5fb69b37d5193473d6bb3163c3c2b362d2d6653f5ef4eaa646aefcd234.png
16:41:05.506 [main] DEBUG net.thucydides.core.steps.StepInterceptor - STEP DONE: xóa dữ liệu ô nhập
16:41:05.518 [main] DEBUG net.thucydides.core.steps.StepInterceptor - STARTING STEP: StepInterceptor.testContext - nhập tài khoản
16:41:05.914 [main] DEBUG net.serenitybdd.core.photography.Darkroom - Send negative for processing for C:\Users\Katon\Documents\JavaProject\DemoSerenityFramework\target\site\serenity\dc833e7d4416efb2734884ff032756f289c1b86b165792aa692eaeaf98013b50.png
16:41:05.914 [main] DEBUG net.thucydides.core.steps.StepInterceptor - STEP DONE: nhập tài khoản
16:41:05.919 [main] DEBUG net.thucydides.core.steps.StepInterceptor - STARTING STEP: StepInterceptor.testContext - nhập mật khẩu
16:41:06.764 [main] DEBUG net.serenitybdd.core.photography.Darkroom - Send negative for processing for C:\Users\Katon\Documents\JavaProject\DemoSerenityFramework\target\site\serenity\26c31608ecde0a70e2641b00af1e90c1f4466d8349be07ff94bff6b45e87c71f.png
16:41:06.765 [main] DEBUG net.thucydides.core.steps.StepInterceptor - STEP DONE: nhập mật khẩu
16:41:06.770 [main] DEBUG net.thucydides.core.steps.StepInterceptor - STARTING STEP: StepInterceptor.testContext - bấm nút đăng nhập
16:41:07.654 [main] DEBUG net.serenitybdd.core.photography.Darkroom - Send negative for processing for C:\Users\Katon\Documents\JavaProject\DemoSerenityFramework\target\site\serenity\30c273840467a46de4a15cad12c1f5e2040bb5c73e3873d2f8ef80aa249e3bad.png
16:41:07.670 [main] DEBUG net.thucydides.core.steps.StepInterceptor - STEP DONE: bấm nút đăng nhập
16:41:07.670 [main] DEBUG net.thucydides.core.steps.StepInterceptor - STARTING STEP: StepInterceptor.testContext - bấm nút cập nhật
16:41:08.769 [main] DEBUG net.serenitybdd.core.photography.Darkroom - Send negative for processing for C:\Users\Katon\Documents\JavaProject\DemoSerenityFramework\target\site\serenity\e1341ffb994f070516bf203a6f8c79dd80414b86f19d36f44d136abf1447eb73.png
16:41:08.785 [main] DEBUG net.thucydides.core.steps.StepInterceptor - STEP DONE: bấm nút cập nhật
16:41:08.785 [main] DEBUG net.thucydides.core.steps.StepInterceptor - STARTING STEP: StepInterceptor.testContext - xóa dữ liệu ô nhập
16:41:09.196 [main] DEBUG net.serenitybdd.core.photography.Darkroom - Send negative for processing for C:\Users\Katon\Documents\JavaProject\DemoSerenityFramework\target\site\serenity\509c0ea80cc10b1690b30e0ecd5fc1d2292aa887cfccfdbb28986b5e1d941898.png
16:41:09.196 [main] DEBUG net.thucydides.core.steps.StepInterceptor - STEP DONE: xóa dữ liệu ô nhập
16:41:09.201 [main] DEBUG net.thucydides.core.steps.StepInterceptor - STARTING STEP: StepInterceptor.testContext - nhập họ tên
16:41:10.050 [main] DEBUG net.serenitybdd.core.photography.Darkroom - Send negative for processing for C:\Users\Katon\Documents\JavaProject\DemoSerenityFramework\target\site\serenity\dc7d841433adaec6a84d5064eb51d2ade2954cd61f3d43181922ba198ea02a9f.png
16:41:10.050 [main] DEBUG net.thucydides.core.steps.StepInterceptor - STEP DONE: nhập họ tên
16:41:10.066 [main] DEBUG net.thucydides.core.steps.StepInterceptor - STARTING STEP: StepInterceptor.testContext - nhập số điện thoại
16:41:10.401 [main] DEBUG net.serenitybdd.core.photography.Darkroom - Send negative for processing for C:\Users\Katon\Documents\JavaProject\DemoSerenityFramework\target\site\serenity\d723ed1179ab97e516174549ef4a22d6f59c43c54009c1f25a66880968f3fc4b.png
16:41:10.401 [main] DEBUG net.thucydides.core.steps.StepInterceptor - STEP DONE: nhập số điện thoại
16:41:10.401 [Darkroom Processing Line] DEBUG net.serenitybdd.core.photography.DarkroomProcessingLine - Processing screenshot image in /var/screenshots/screenshot-18333256641893792456
16:41:10.401 [Darkroom Processing Line] DEBUG net.serenitybdd.core.photography.DarkroomProcessingLine - Saving screenshot to C:\Users\Katon\Documents\JavaProject\DemoSerenityFramework\target\site\serenity\d723ed1179ab97e516174549ef4a22d6f59c43c54009c1f25a66880968f3fc4b.png
16:41:10.401 [main] DEBUG net.thucydides.core.steps.StepInterceptor - STARTING STEP: StepInterceptor.testContext - nhập địa chỉ email
16:41:11.269 [main] DEBUG net.serenitybdd.core.photography.Darkroom - Send negative for processing for C:\Users\Katon\Documents\JavaProject\DemoSerenityFramework\target\site\serenity\6983ec48e8e76852786b997b5f7d4e8a7cce57600b990b8401ad9fb57d27398f.png
16:41:11.269 [main] DEBUG net.thucydides.core.steps.StepInterceptor - STEP DONE: nhập địa chỉ email
16:41:11.279 [Darkroom Processing Line] DEBUG net.serenitybdd.core.photography.DarkroomProcessingLine - Processing screenshot image in /var/screenshots/screenshot-8126727616253781696
16:41:11.279 [Darkroom Processing Line] DEBUG net.serenitybdd.core.photography.DarkroomProcessingLine - Saving screenshot to C:\Users\Katon\Documents\JavaProject\DemoSerenityFramework\target\site\serenity\6983ec48e8e76852786b997b5f7d4e8a7cce57600b990b8401ad9fb57d27398f.png
16:41:11.287 [main] DEBUG net.thucydides.core.steps.StepInterceptor - STARTING STEP: StepInterceptor.testContext - bấm nút lưu
16:41:11.668 [main] DEBUG net.serenitybdd.core.photography.Darkroom - Send negative for processing for C:\Users\Katon\Documents\JavaProject\DemoSerenityFramework\target\site\serenity\202ef8f04bb6fce66507090749913a443b2e57d1ea1d1b4b30f42b552bcedad2.png
16:41:11.668 [Darkroom Processing Line] DEBUG net.serenitybdd.core.photography.DarkroomProcessingLine - Processing screenshot image in /var/screenshots/screenshot-7289739758483249440
16:41:11.668 [Darkroom Processing Line] DEBUG net.serenitybdd.core.photography.DarkroomProcessingLine - Saving screenshot to C:\Users\Katon\Documents\JavaProject\DemoSerenityFramework\target\site\serenity\202ef8f04bb6fce66507090749913a443b2e57d1ea1d1b4b30f42b552bcedad2.png
16:41:11.668 [main] DEBUG net.thucydides.core.steps.StepInterceptor - STEP DONE: bấm nút lưu
16:41:11.668 [main] DEBUG net.thucydides.core.steps.StepInterceptor - STARTING STEP: StepInterceptor.testContext - bấm nút đồng ý
16:41:12.446 [main] DEBUG net.serenitybdd.core.photography.Darkroom - Send negative for processing for C:\Users\Katon\Documents\JavaProject\DemoSerenityFramework\target\site\serenity\ae969b39852e4c08db882c07be79ef5b94e5f9c37c96135b1522730102bed5b8.png
16:41:12.446 [Darkroom Processing Line] DEBUG net.serenitybdd.core.photography.DarkroomProcessingLine - Processing screenshot image in /var/screenshots/screenshot-11125158786454871346
16:41:12.446 [Darkroom Processing Line] DEBUG net.serenitybdd.core.photography.DarkroomProcessingLine - Saving screenshot to C:\Users\Katon\Documents\JavaProject\DemoSerenityFramework\target\site\serenity\ae969b39852e4c08db882c07be79ef5b94e5f9c37c96135b1522730102bed5b8.png
16:41:12.463 [main] DEBUG net.thucydides.core.steps.StepInterceptor - STEP DONE: bấm nút đồng ý
16:41:12.463 [main] DEBUG net.thucydides.core.steps.StepInterceptor - STARTING STEP: StepInterceptor.testContext - kiểm tra hiển thị thông báo số điện thoại không hợp lệ
16:41:13.316 [main] DEBUG net.serenitybdd.core.photography.Darkroom - Send negative for processing for C:\Users\Katon\Documents\JavaProject\DemoSerenityFramework\target\site\serenity\b8a5db0d4d5238cae4502761da13c33b58c53c5fec83207e9d8261bc565345cc.png
16:41:13.316 [main] DEBUG net.thucydides.core.steps.StepInterceptor - STEP DONE: kiểm tra hiển thị thông báo số điện thoại không hợp lệ
]]></system-out>
    <system-err><![CDATA[Mar 25, 2025 4:41:03 PM org.openqa.selenium.devtools.CdpVersionFinder findNearestMatch
WARNING: Unable to find CDP implementation matching 134
Mar 25, 2025 4:41:03 PM org.openqa.selenium.chromium.ChromiumDriver lambda$new$5
WARNING: Unable to find version of CDP to use for 134.0.6998.166. You may need to include a dependency on a specific version of the CDP using something similar to `org.seleniumhq.selenium:selenium-devtools-v86:4.14.1` where the version ("v86") matches the version of the chromium-based browser you're using and the version number of the artifact is the same as Selenium's.
]]></system-err>
  </testcase>
  <testcase name="checkInputUserEmailIncorrectExtension" classname="Test.Web.UpdateInfoTest" time="9.475">
    <system-out><![CDATA[16:41:13.316 [main] INFO  - 
  _____   ___   ___   _____     ___     _     ___   ___   ___   ___  
 |_   _| | __| / __| |_   _|   | _ \   /_\   / __| / __| | __| |   \ 
   | |   | _|  \__ \   | |     |  _/  / _ \  \__ \ \__ \ | _|  | |) |
   |_|   |___| |___/   |_|     |_|   /_/ \_\ |___/ |___/ |___| |___/ 

kiểm tra nhập số điện thoại chứa chữ cái
----------------------------------------------------------------------
16:41:13.509 [main] DEBUG net.thucydides.core.steps.StepEventBus - Test suite started for UpdateInfoTest in class Test.Web.UpdateInfoTest
16:41:13.509 [main] INFO  - Test Suite Started: UpdateInfoTest
16:41:13.509 [main] DEBUG net.serenitybdd.junit5.SerenityTestExecutionListener - Thread[#1,main,5,main] Test started TestIdentifier [uniqueId = [engine:junit-jupiter]/[class:Test.Web.UpdateInfoTest]/[method:checkInputUserEmailIncorrectExtension()], parentId = [engine:junit-jupiter]/[class:Test.Web.UpdateInfoTest], displayName = 'kiểm tra nhập email với đuôi không phải @gmail.com', legacyReportingName = 'checkInputUserEmailIncorrectExtension()', source = MethodSource [className = 'Test.Web.UpdateInfoTest', methodName = 'checkInputUserEmailIncorrectExtension', methodParameterTypes = ''], tags = [], type = TEST]
16:41:13.525 [main] INFO  - 
  _____   ___   ___   _____     ___   _____     _     ___   _____   ___   ___  
 |_   _| | __| / __| |_   _|   / __| |_   _|   /_\   | _ \ |_   _| | __| |   \ 
   | |   | _|  \__ \   | |     \__ \   | |    / _ \  |   /   | |   | _|  | |) |
   |_|   |___| |___/   |_|     |___/   |_|   /_/ \_\ |_|_\   |_|   |___| |___/ 

kiểm tra nhập email với đuôi không phải @gmail.com([engine:junit-jupiter]/[class:Test.Web.UpdateInfoTest]/[method:checkInputUserEmailIncorrectExtension()])
--------------------------------------------------------------------------------
16:41:13.525 [main] DEBUG net.thucydides.core.steps.StepInterceptor - STARTING STEP: StepInterceptor.testContext - truy cập trang đăng nhập
16:41:13.556 [main] INFO net.serenitybdd.core.webdriver.driverproviders.ChromeDriverProvider - Starting Chrome driver instance with capabilities:
16:41:13.556 [main] INFO net.serenitybdd.core.webdriver.driverproviders.ChromeDriverProvider - Capabilities {acceptInsecureCerts: false, browserName: chrome, goog:chromeOptions: {args: [remote-allow-origins=*, --headless=chrome, --headless], extensions: []}}
16:41:14.767 [main] DEBUG net.serenitybdd.core.photography.Darkroom - Opening darkroom
16:41:14.767 [Darkroom Processing Line] DEBUG net.serenitybdd.core.photography.DarkroomProcessingLine - Darkroom processing line starting up
16:41:15.135 [main] DEBUG net.serenitybdd.core.photography.Darkroom - Send negative for processing for C:\Users\Katon\Documents\JavaProject\DemoSerenityFramework\target\site\serenity\4f5f7c5fb69b37d5193473d6bb3163c3c2b362d2d6653f5ef4eaa646aefcd234.png
16:41:15.135 [main] DEBUG net.thucydides.core.steps.StepInterceptor - STEP DONE: truy cập trang đăng nhập
16:41:15.150 [main] DEBUG net.thucydides.core.steps.StepInterceptor - STARTING STEP: StepInterceptor.testContext - xóa dữ liệu ô nhập
16:41:16.050 [main] DEBUG net.serenitybdd.core.photography.Darkroom - Send negative for processing for C:\Users\Katon\Documents\JavaProject\DemoSerenityFramework\target\site\serenity\4f5f7c5fb69b37d5193473d6bb3163c3c2b362d2d6653f5ef4eaa646aefcd234.png
16:41:16.050 [main] DEBUG net.thucydides.core.steps.StepInterceptor - STEP DONE: xóa dữ liệu ô nhập
16:41:16.050 [main] DEBUG net.thucydides.core.steps.StepInterceptor - STARTING STEP: StepInterceptor.testContext - nhập tài khoản
16:41:16.417 [main] DEBUG net.serenitybdd.core.photography.Darkroom - Send negative for processing for C:\Users\Katon\Documents\JavaProject\DemoSerenityFramework\target\site\serenity\dc833e7d4416efb2734884ff032756f289c1b86b165792aa692eaeaf98013b50.png
16:41:16.417 [main] DEBUG net.thucydides.core.steps.StepInterceptor - STEP DONE: nhập tài khoản
16:41:16.417 [main] DEBUG net.thucydides.core.steps.StepInterceptor - STARTING STEP: StepInterceptor.testContext - nhập mật khẩu
16:41:16.466 [main] DEBUG net.thucydides.core.steps.StepInterceptor - STEP DONE: nhập mật khẩu
16:41:16.466 [main] DEBUG net.thucydides.core.steps.StepInterceptor - STARTING STEP: StepInterceptor.testContext - bấm nút đăng nhập
16:41:17.371 [main] DEBUG net.serenitybdd.core.photography.Darkroom - Send negative for processing for C:\Users\Katon\Documents\JavaProject\DemoSerenityFramework\target\site\serenity\30c273840467a46de4a15cad12c1f5e2040bb5c73e3873d2f8ef80aa249e3bad.png
16:41:17.381 [main] DEBUG net.thucydides.core.steps.StepInterceptor - STEP DONE: bấm nút đăng nhập
16:41:17.381 [main] DEBUG net.thucydides.core.steps.StepInterceptor - STARTING STEP: StepInterceptor.testContext - bấm nút cập nhật
16:41:18.015 [main] DEBUG net.serenitybdd.core.photography.Darkroom - Send negative for processing for C:\Users\Katon\Documents\JavaProject\DemoSerenityFramework\target\site\serenity\e1341ffb994f070516bf203a6f8c79dd80414b86f19d36f44d136abf1447eb73.png
16:41:18.015 [main] DEBUG net.thucydides.core.steps.StepInterceptor - STEP DONE: bấm nút cập nhật
16:41:18.015 [main] DEBUG net.thucydides.core.steps.StepInterceptor - STARTING STEP: StepInterceptor.testContext - xóa dữ liệu ô nhập
16:41:18.384 [main] DEBUG net.serenitybdd.core.photography.Darkroom - Send negative for processing for C:\Users\Katon\Documents\JavaProject\DemoSerenityFramework\target\site\serenity\509c0ea80cc10b1690b30e0ecd5fc1d2292aa887cfccfdbb28986b5e1d941898.png
16:41:18.384 [main] DEBUG net.thucydides.core.steps.StepInterceptor - STEP DONE: xóa dữ liệu ô nhập
16:41:18.384 [main] DEBUG net.thucydides.core.steps.StepInterceptor - STARTING STEP: StepInterceptor.testContext - nhập họ tên
16:41:19.234 [main] DEBUG net.serenitybdd.core.photography.Darkroom - Send negative for processing for C:\Users\Katon\Documents\JavaProject\DemoSerenityFramework\target\site\serenity\466792bc240c5a9df24e344b9805a18531c0931339edae2d77acc7cf74b1a6d2.png
16:41:19.234 [main] DEBUG net.thucydides.core.steps.StepInterceptor - STEP DONE: nhập họ tên
16:41:19.249 [main] DEBUG net.thucydides.core.steps.StepInterceptor - STARTING STEP: StepInterceptor.testContext - nhập số điện thoại
16:41:20.068 [main] DEBUG net.serenitybdd.core.photography.Darkroom - Send negative for processing for C:\Users\Katon\Documents\JavaProject\DemoSerenityFramework\target\site\serenity\a96db2f358b8cbd88a4937cbc0190d23861f3b6d473e97ea0d26183f7ff07505.png
16:41:20.068 [main] DEBUG net.thucydides.core.steps.StepInterceptor - STEP DONE: nhập số điện thoại
16:41:20.082 [main] DEBUG net.thucydides.core.steps.StepInterceptor - STARTING STEP: StepInterceptor.testContext - nhập địa chỉ email
16:41:20.914 [main] DEBUG net.serenitybdd.core.photography.Darkroom - Send negative for processing for C:\Users\Katon\Documents\JavaProject\DemoSerenityFramework\target\site\serenity\60932a5ef183746296dda72e96d48d0465d5c749793aeaee69f2cff8462bed5e.png
16:41:20.914 [main] DEBUG net.thucydides.core.steps.StepInterceptor - STEP DONE: nhập địa chỉ email
16:41:20.914 [Darkroom Processing Line] DEBUG net.serenitybdd.core.photography.DarkroomProcessingLine - Processing screenshot image in /var/screenshots/screenshot-12346849553673342918
16:41:20.914 [Darkroom Processing Line] DEBUG net.serenitybdd.core.photography.DarkroomProcessingLine - Saving screenshot to C:\Users\Katon\Documents\JavaProject\DemoSerenityFramework\target\site\serenity\60932a5ef183746296dda72e96d48d0465d5c749793aeaee69f2cff8462bed5e.png
16:41:20.919 [main] DEBUG net.thucydides.core.steps.StepInterceptor - STARTING STEP: StepInterceptor.testContext - bấm nút lưu
16:41:21.285 [main] DEBUG net.serenitybdd.core.photography.Darkroom - Send negative for processing for C:\Users\Katon\Documents\JavaProject\DemoSerenityFramework\target\site\serenity\6fd14aa7397353df1619dbcc85bb28fe373005b3319adf9865a2f75e8e19357b.png
16:41:21.285 [Darkroom Processing Line] DEBUG net.serenitybdd.core.photography.DarkroomProcessingLine - Processing screenshot image in /var/screenshots/screenshot-14098052865450416583
16:41:21.285 [Darkroom Processing Line] DEBUG net.serenitybdd.core.photography.DarkroomProcessingLine - Saving screenshot to C:\Users\Katon\Documents\JavaProject\DemoSerenityFramework\target\site\serenity\6fd14aa7397353df1619dbcc85bb28fe373005b3319adf9865a2f75e8e19357b.png
16:41:21.296 [main] DEBUG net.thucydides.core.steps.StepInterceptor - STEP DONE: bấm nút lưu
16:41:21.300 [main] DEBUG net.thucydides.core.steps.StepInterceptor - STARTING STEP: StepInterceptor.testContext - bấm nút đồng ý
16:41:22.130 [main] DEBUG net.serenitybdd.core.photography.Darkroom - Send negative for processing for C:\Users\Katon\Documents\JavaProject\DemoSerenityFramework\target\site\serenity\997a9ffe2c92228a58f2f991a00764fbbd6c6e780550427085f017bdc0c83aa6.png
16:41:22.130 [Darkroom Processing Line] DEBUG net.serenitybdd.core.photography.DarkroomProcessingLine - Processing screenshot image in /var/screenshots/screenshot-6326850899119729954
16:41:22.130 [Darkroom Processing Line] DEBUG net.serenitybdd.core.photography.DarkroomProcessingLine - Saving screenshot to C:\Users\Katon\Documents\JavaProject\DemoSerenityFramework\target\site\serenity\997a9ffe2c92228a58f2f991a00764fbbd6c6e780550427085f017bdc0c83aa6.png
16:41:22.147 [main] DEBUG net.thucydides.core.steps.StepInterceptor - STEP DONE: bấm nút đồng ý
16:41:22.147 [main] DEBUG net.thucydides.core.steps.StepInterceptor - STARTING STEP: StepInterceptor.testContext - kiểm tra hiển thị thông báo địa chỉ email không hợp lệ
16:41:23.000 [main] DEBUG net.serenitybdd.core.photography.Darkroom - Send negative for processing for C:\Users\Katon\Documents\JavaProject\DemoSerenityFramework\target\site\serenity\fe116e517ea09ea435be02d36fe2d60dc38fe70844b7e56767be86940fa2fbbf.png
16:41:23.000 [main] DEBUG net.thucydides.core.steps.StepInterceptor - STEP DONE: kiểm tra hiển thị thông báo địa chỉ email không hợp lệ
]]></system-out>
    <system-err><![CDATA[Mar 25, 2025 4:41:14 PM org.openqa.selenium.devtools.CdpVersionFinder findNearestMatch
WARNING: Unable to find CDP implementation matching 134
Mar 25, 2025 4:41:14 PM org.openqa.selenium.chromium.ChromiumDriver lambda$new$5
WARNING: Unable to find version of CDP to use for 134.0.6998.166. You may need to include a dependency on a specific version of the CDP using something similar to `org.seleniumhq.selenium:selenium-devtools-v86:4.14.1` where the version ("v86") matches the version of the chromium-based browser you're using and the version number of the artifact is the same as Selenium's.
]]></system-err>
  </testcase>
  <testcase name="checkInputUserPhoneTooShort" classname="Test.Web.UpdateInfoTest" time="9.92">
    <system-out><![CDATA[16:41:23.000 [main] INFO  - 
  _____   ___   ___   _____     ___     _     ___   ___   ___   ___  
 |_   _| | __| / __| |_   _|   | _ \   /_\   / __| / __| | __| |   \ 
   | |   | _|  \__ \   | |     |  _/  / _ \  \__ \ \__ \ | _|  | |) |
   |_|   |___| |___/   |_|     |_|   /_/ \_\ |___/ |___/ |___| |___/ 

kiểm tra nhập email với đuôi không phải @gmail.com
----------------------------------------------------------------------
16:41:23.198 [main] DEBUG net.thucydides.core.steps.StepEventBus - Test suite started for UpdateInfoTest in class Test.Web.UpdateInfoTest
16:41:23.198 [main] INFO  - Test Suite Started: UpdateInfoTest
16:41:23.198 [main] DEBUG net.serenitybdd.junit5.SerenityTestExecutionListener - Thread[#1,main,5,main] Test started TestIdentifier [uniqueId = [engine:junit-jupiter]/[class:Test.Web.UpdateInfoTest]/[method:checkInputUserPhoneTooShort()], parentId = [engine:junit-jupiter]/[class:Test.Web.UpdateInfoTest], displayName = 'kiểm tra nhập số điện thoại < 10 ký tự', legacyReportingName = 'checkInputUserPhoneTooShort()', source = MethodSource [className = 'Test.Web.UpdateInfoTest', methodName = 'checkInputUserPhoneTooShort', methodParameterTypes = ''], tags = [], type = TEST]
16:41:23.198 [main] INFO  - 
  _____   ___   ___   _____     ___   _____     _     ___   _____   ___   ___  
 |_   _| | __| / __| |_   _|   / __| |_   _|   /_\   | _ \ |_   _| | __| |   \ 
   | |   | _|  \__ \   | |     \__ \   | |    / _ \  |   /   | |   | _|  | |) |
   |_|   |___| |___/   |_|     |___/   |_|   /_/ \_\ |_|_\   |_|   |___| |___/ 

kiểm tra nhập số điện thoại < 10 ký tự([engine:junit-jupiter]/[class:Test.Web.UpdateInfoTest]/[method:checkInputUserPhoneTooShort()])
--------------------------------------------------------------------------------
16:41:23.198 [main] DEBUG net.thucydides.core.steps.StepInterceptor - STARTING STEP: StepInterceptor.testContext - truy cập trang đăng nhập
16:41:23.229 [main] INFO net.serenitybdd.core.webdriver.driverproviders.ChromeDriverProvider - Starting Chrome driver instance with capabilities:
16:41:23.229 [main] INFO net.serenitybdd.core.webdriver.driverproviders.ChromeDriverProvider - Capabilities {acceptInsecureCerts: false, browserName: chrome, goog:chromeOptions: {args: [remote-allow-origins=*, --headless=chrome, --headless], extensions: []}}
16:41:24.383 [main] DEBUG net.serenitybdd.core.photography.Darkroom - Opening darkroom
16:41:24.384 [Darkroom Processing Line] DEBUG net.serenitybdd.core.photography.DarkroomProcessingLine - Darkroom processing line starting up
16:41:24.736 [main] DEBUG net.serenitybdd.core.photography.Darkroom - Send negative for processing for C:\Users\Katon\Documents\JavaProject\DemoSerenityFramework\target\site\serenity\4f5f7c5fb69b37d5193473d6bb3163c3c2b362d2d6653f5ef4eaa646aefcd234.png
16:41:24.736 [main] DEBUG net.thucydides.core.steps.StepInterceptor - STEP DONE: truy cập trang đăng nhập
16:41:24.736 [main] DEBUG net.thucydides.core.steps.StepInterceptor - STARTING STEP: StepInterceptor.testContext - xóa dữ liệu ô nhập
16:41:25.634 [main] DEBUG net.serenitybdd.core.photography.Darkroom - Send negative for processing for C:\Users\Katon\Documents\JavaProject\DemoSerenityFramework\target\site\serenity\4f5f7c5fb69b37d5193473d6bb3163c3c2b362d2d6653f5ef4eaa646aefcd234.png
16:41:25.634 [main] DEBUG net.thucydides.core.steps.StepInterceptor - STEP DONE: xóa dữ liệu ô nhập
16:41:25.634 [main] DEBUG net.thucydides.core.steps.StepInterceptor - STARTING STEP: StepInterceptor.testContext - nhập tài khoản
16:41:25.985 [main] DEBUG net.serenitybdd.core.photography.Darkroom - Send negative for processing for C:\Users\Katon\Documents\JavaProject\DemoSerenityFramework\target\site\serenity\dc833e7d4416efb2734884ff032756f289c1b86b165792aa692eaeaf98013b50.png
16:41:25.985 [main] DEBUG net.thucydides.core.steps.StepInterceptor - STEP DONE: nhập tài khoản
16:41:25.998 [main] DEBUG net.thucydides.core.steps.StepInterceptor - STARTING STEP: StepInterceptor.testContext - nhập mật khẩu
16:41:26.032 [main] DEBUG net.thucydides.core.steps.StepInterceptor - STEP DONE: nhập mật khẩu
16:41:26.032 [main] DEBUG net.thucydides.core.steps.StepInterceptor - STARTING STEP: StepInterceptor.testContext - bấm nút đăng nhập
16:41:26.946 [main] DEBUG net.serenitybdd.core.photography.Darkroom - Send negative for processing for C:\Users\Katon\Documents\JavaProject\DemoSerenityFramework\target\site\serenity\30c273840467a46de4a15cad12c1f5e2040bb5c73e3873d2f8ef80aa249e3bad.png
16:41:26.948 [main] DEBUG net.thucydides.core.steps.StepInterceptor - STEP DONE: bấm nút đăng nhập
16:41:26.948 [main] DEBUG net.thucydides.core.steps.StepInterceptor - STARTING STEP: StepInterceptor.testContext - bấm nút cập nhật
16:41:27.570 [main] DEBUG net.serenitybdd.core.photography.Darkroom - Send negative for processing for C:\Users\Katon\Documents\JavaProject\DemoSerenityFramework\target\site\serenity\e1341ffb994f070516bf203a6f8c79dd80414b86f19d36f44d136abf1447eb73.png
16:41:27.581 [main] DEBUG net.thucydides.core.steps.StepInterceptor - STEP DONE: bấm nút cập nhật
16:41:27.581 [main] DEBUG net.thucydides.core.steps.StepInterceptor - STARTING STEP: StepInterceptor.testContext - xóa dữ liệu ô nhập
16:41:28.440 [main] DEBUG net.serenitybdd.core.photography.Darkroom - Send negative for processing for C:\Users\Katon\Documents\JavaProject\DemoSerenityFramework\target\site\serenity\509c0ea80cc10b1690b30e0ecd5fc1d2292aa887cfccfdbb28986b5e1d941898.png
16:41:28.440 [main] DEBUG net.thucydides.core.steps.StepInterceptor - STEP DONE: xóa dữ liệu ô nhập
16:41:28.455 [main] DEBUG net.thucydides.core.steps.StepInterceptor - STARTING STEP: StepInterceptor.testContext - nhập họ tên
16:41:29.315 [main] DEBUG net.serenitybdd.core.photography.Darkroom - Send negative for processing for C:\Users\Katon\Documents\JavaProject\DemoSerenityFramework\target\site\serenity\dc7d841433adaec6a84d5064eb51d2ade2954cd61f3d43181922ba198ea02a9f.png
16:41:29.315 [main] DEBUG net.thucydides.core.steps.StepInterceptor - STEP DONE: nhập họ tên
16:41:29.322 [main] DEBUG net.thucydides.core.steps.StepInterceptor - STARTING STEP: StepInterceptor.testContext - nhập số điện thoại
16:41:30.214 [main] DEBUG net.serenitybdd.core.photography.Darkroom - Send negative for processing for C:\Users\Katon\Documents\JavaProject\DemoSerenityFramework\target\site\serenity\5be85709037f3cd8f58aef8d7fd3c8ccb636f8cdf65584b9b9261cd2994d9cb4.png
16:41:30.214 [main] DEBUG net.thucydides.core.steps.StepInterceptor - STEP DONE: nhập số điện thoại
16:41:30.214 [Darkroom Processing Line] DEBUG net.serenitybdd.core.photography.DarkroomProcessingLine - Processing screenshot image in /var/screenshots/screenshot-7801923417110529061
16:41:30.214 [Darkroom Processing Line] DEBUG net.serenitybdd.core.photography.DarkroomProcessingLine - Saving screenshot to C:\Users\Katon\Documents\JavaProject\DemoSerenityFramework\target\site\serenity\5be85709037f3cd8f58aef8d7fd3c8ccb636f8cdf65584b9b9261cd2994d9cb4.png
16:41:30.219 [main] DEBUG net.thucydides.core.steps.StepInterceptor - STARTING STEP: StepInterceptor.testContext - nhập địa chỉ email
16:41:31.051 [main] DEBUG net.serenitybdd.core.photography.Darkroom - Send negative for processing for C:\Users\Katon\Documents\JavaProject\DemoSerenityFramework\target\site\serenity\0595da028163abda2e155b4c247e49133c487bf11f7a67531d5ed80ad553673f.png
16:41:31.051 [main] DEBUG net.thucydides.core.steps.StepInterceptor - STEP DONE: nhập địa chỉ email
16:41:31.051 [Darkroom Processing Line] DEBUG net.serenitybdd.core.photography.DarkroomProcessingLine - Processing screenshot image in /var/screenshots/screenshot-17227049087085663157
16:41:31.051 [Darkroom Processing Line] DEBUG net.serenitybdd.core.photography.DarkroomProcessingLine - Saving screenshot to C:\Users\Katon\Documents\JavaProject\DemoSerenityFramework\target\site\serenity\0595da028163abda2e155b4c247e49133c487bf11f7a67531d5ed80ad553673f.png
16:41:31.051 [main] DEBUG net.thucydides.core.steps.StepInterceptor - STARTING STEP: StepInterceptor.testContext - bấm nút lưu
16:41:31.935 [main] DEBUG net.serenitybdd.core.photography.Darkroom - Send negative for processing for C:\Users\Katon\Documents\JavaProject\DemoSerenityFramework\target\site\serenity\0fa632289f420205b8b4bf906faf552cb391b0be0a226f500919b3ce347f25f3.png
16:41:31.935 [Darkroom Processing Line] DEBUG net.serenitybdd.core.photography.DarkroomProcessingLine - Processing screenshot image in /var/screenshots/screenshot-6636854611588281218
16:41:31.935 [Darkroom Processing Line] DEBUG net.serenitybdd.core.photography.DarkroomProcessingLine - Saving screenshot to C:\Users\Katon\Documents\JavaProject\DemoSerenityFramework\target\site\serenity\0fa632289f420205b8b4bf906faf552cb391b0be0a226f500919b3ce347f25f3.png
16:41:31.947 [main] DEBUG net.thucydides.core.steps.StepInterceptor - STEP DONE: bấm nút lưu
16:41:31.951 [main] DEBUG net.thucydides.core.steps.StepInterceptor - STARTING STEP: StepInterceptor.testContext - bấm nút đồng ý
16:41:32.763 [main] DEBUG net.serenitybdd.core.photography.Darkroom - Send negative for processing for C:\Users\Katon\Documents\JavaProject\DemoSerenityFramework\target\site\serenity\bb9563320699608794608101bc7242aa0fdd55be094d9bedd12a7e5d09ab077c.png
16:41:32.763 [Darkroom Processing Line] DEBUG net.serenitybdd.core.photography.DarkroomProcessingLine - Processing screenshot image in /var/screenshots/screenshot-1202198800345949029
16:41:32.763 [Darkroom Processing Line] DEBUG net.serenitybdd.core.photography.DarkroomProcessingLine - Saving screenshot to C:\Users\Katon\Documents\JavaProject\DemoSerenityFramework\target\site\serenity\bb9563320699608794608101bc7242aa0fdd55be094d9bedd12a7e5d09ab077c.png
16:41:32.763 [main] DEBUG net.thucydides.core.steps.StepInterceptor - STEP DONE: bấm nút đồng ý
16:41:32.763 [main] DEBUG net.thucydides.core.steps.StepInterceptor - STARTING STEP: StepInterceptor.testContext - kiểm tra hiển thị thông báo số điện thoại không hợp lệ
16:41:33.118 [main] DEBUG net.serenitybdd.core.photography.Darkroom - Send negative for processing for C:\Users\Katon\Documents\JavaProject\DemoSerenityFramework\target\site\serenity\8edb41e8640c9bd46d6b4e62da05612410d2ca926b8d3256e63de8a0da6f6060.png
16:41:33.118 [main] DEBUG net.thucydides.core.steps.StepInterceptor - STEP DONE: kiểm tra hiển thị thông báo số điện thoại không hợp lệ
16:41:33.118 [Darkroom Processing Line] DEBUG net.serenitybdd.core.photography.DarkroomProcessingLine - Processing screenshot image in /var/screenshots/screenshot-8951497474620389190
16:41:33.118 [Darkroom Processing Line] DEBUG net.serenitybdd.core.photography.DarkroomProcessingLine - Saving screenshot to C:\Users\Katon\Documents\JavaProject\DemoSerenityFramework\target\site\serenity\8edb41e8640c9bd46d6b4e62da05612410d2ca926b8d3256e63de8a0da6f6060.png
]]></system-out>
    <system-err><![CDATA[Mar 25, 2025 4:41:24 PM org.openqa.selenium.devtools.CdpVersionFinder findNearestMatch
WARNING: Unable to find CDP implementation matching 134
Mar 25, 2025 4:41:24 PM org.openqa.selenium.chromium.ChromiumDriver lambda$new$5
WARNING: Unable to find version of CDP to use for 134.0.6998.166. You may need to include a dependency on a specific version of the CDP using something similar to `org.seleniumhq.selenium:selenium-devtools-v86:4.14.1` where the version ("v86") matches the version of the chromium-based browser you're using and the version number of the artifact is the same as Selenium's.
]]></system-err>
  </testcase>
  <testcase name="checkInputUserPhoneOnlySpace" classname="Test.Web.UpdateInfoTest" time="10.93">
    <system-out><![CDATA[16:41:33.118 [main] INFO  - 
  _____   ___   ___   _____     ___     _     ___   ___   ___   ___  
 |_   _| | __| / __| |_   _|   | _ \   /_\   / __| / __| | __| |   \ 
   | |   | _|  \__ \   | |     |  _/  / _ \  \__ \ \__ \ | _|  | |) |
   |_|   |___| |___/   |_|     |_|   /_/ \_\ |___/ |___/ |___| |___/ 

kiểm tra nhập số điện thoại < 10 ký tự
----------------------------------------------------------------------
16:41:33.305 [main] DEBUG net.thucydides.core.steps.StepEventBus - Test suite started for UpdateInfoTest in class Test.Web.UpdateInfoTest
16:41:33.305 [main] INFO  - Test Suite Started: UpdateInfoTest
16:41:33.305 [main] DEBUG net.serenitybdd.junit5.SerenityTestExecutionListener - Thread[#1,main,5,main] Test started TestIdentifier [uniqueId = [engine:junit-jupiter]/[class:Test.Web.UpdateInfoTest]/[method:checkInputUserPhoneOnlySpace()], parentId = [engine:junit-jupiter]/[class:Test.Web.UpdateInfoTest], displayName = 'kiểm tra nhập số điện thoại chỉ chứa khoảng trắng', legacyReportingName = 'checkInputUserPhoneOnlySpace()', source = MethodSource [className = 'Test.Web.UpdateInfoTest', methodName = 'checkInputUserPhoneOnlySpace', methodParameterTypes = ''], tags = [], type = TEST]
16:41:33.305 [main] INFO  - 
  _____   ___   ___   _____     ___   _____     _     ___   _____   ___   ___  
 |_   _| | __| / __| |_   _|   / __| |_   _|   /_\   | _ \ |_   _| | __| |   \ 
   | |   | _|  \__ \   | |     \__ \   | |    / _ \  |   /   | |   | _|  | |) |
   |_|   |___| |___/   |_|     |___/   |_|   /_/ \_\ |_|_\   |_|   |___| |___/ 

kiểm tra nhập số điện thoại chỉ chứa khoảng trắng([engine:junit-jupiter]/[class:Test.Web.UpdateInfoTest]/[method:checkInputUserPhoneOnlySpace()])
--------------------------------------------------------------------------------
16:41:33.305 [main] DEBUG net.thucydides.core.steps.StepInterceptor - STARTING STEP: StepInterceptor.testContext - truy cập trang đăng nhập
16:41:33.352 [main] INFO net.serenitybdd.core.webdriver.driverproviders.ChromeDriverProvider - Starting Chrome driver instance with capabilities:
16:41:33.352 [main] INFO net.serenitybdd.core.webdriver.driverproviders.ChromeDriverProvider - Capabilities {acceptInsecureCerts: false, browserName: chrome, goog:chromeOptions: {args: [remote-allow-origins=*, --headless=chrome, --headless], extensions: []}}
16:41:34.552 [main] DEBUG net.serenitybdd.core.photography.Darkroom - Opening darkroom
16:41:34.553 [Darkroom Processing Line] DEBUG net.serenitybdd.core.photography.DarkroomProcessingLine - Darkroom processing line starting up
16:41:34.935 [main] DEBUG net.serenitybdd.core.photography.Darkroom - Send negative for processing for C:\Users\Katon\Documents\JavaProject\DemoSerenityFramework\target\site\serenity\4f5f7c5fb69b37d5193473d6bb3163c3c2b362d2d6653f5ef4eaa646aefcd234.png
16:41:34.935 [main] DEBUG net.thucydides.core.steps.StepInterceptor - STEP DONE: truy cập trang đăng nhập
16:41:34.950 [main] DEBUG net.thucydides.core.steps.StepInterceptor - STARTING STEP: StepInterceptor.testContext - xóa dữ liệu ô nhập
16:41:35.305 [main] DEBUG net.serenitybdd.core.photography.Darkroom - Send negative for processing for C:\Users\Katon\Documents\JavaProject\DemoSerenityFramework\target\site\serenity\4f5f7c5fb69b37d5193473d6bb3163c3c2b362d2d6653f5ef4eaa646aefcd234.png
16:41:35.305 [main] DEBUG net.thucydides.core.steps.StepInterceptor - STEP DONE: xóa dữ liệu ô nhập
16:41:35.305 [main] DEBUG net.thucydides.core.steps.StepInterceptor - STARTING STEP: StepInterceptor.testContext - nhập tài khoản
16:41:35.731 [main] DEBUG net.serenitybdd.core.photography.Darkroom - Send negative for processing for C:\Users\Katon\Documents\JavaProject\DemoSerenityFramework\target\site\serenity\dc833e7d4416efb2734884ff032756f289c1b86b165792aa692eaeaf98013b50.png
16:41:35.731 [main] DEBUG net.thucydides.core.steps.StepInterceptor - STEP DONE: nhập tài khoản
16:41:35.736 [main] DEBUG net.thucydides.core.steps.StepInterceptor - STARTING STEP: StepInterceptor.testContext - nhập mật khẩu
16:41:35.780 [main] DEBUG net.thucydides.core.steps.StepInterceptor - STEP DONE: nhập mật khẩu
16:41:36.582 [main] DEBUG net.serenitybdd.core.photography.Darkroom - Send negative for processing for C:\Users\Katon\Documents\JavaProject\DemoSerenityFramework\target\site\serenity\86ce05be554b12cdf2852352fdbee1b35e0d807cdb4cf7f2f54ed3ed539a4d66.png
16:41:36.582 [main] DEBUG net.thucydides.core.steps.StepInterceptor - STARTING STEP: StepInterceptor.testContext - bấm nút đăng nhập
16:41:37.981 [main] DEBUG net.serenitybdd.core.photography.Darkroom - Send negative for processing for C:\Users\Katon\Documents\JavaProject\DemoSerenityFramework\target\site\serenity\30c273840467a46de4a15cad12c1f5e2040bb5c73e3873d2f8ef80aa249e3bad.png
16:41:37.986 [main] DEBUG net.thucydides.core.steps.StepInterceptor - STEP DONE: bấm nút đăng nhập
16:41:37.989 [main] DEBUG net.thucydides.core.steps.StepInterceptor - STARTING STEP: StepInterceptor.testContext - bấm nút cập nhật
16:41:38.613 [main] DEBUG net.serenitybdd.core.photography.Darkroom - Send negative for processing for C:\Users\Katon\Documents\JavaProject\DemoSerenityFramework\target\site\serenity\e1341ffb994f070516bf203a6f8c79dd80414b86f19d36f44d136abf1447eb73.png
16:41:38.615 [main] DEBUG net.thucydides.core.steps.StepInterceptor - STEP DONE: bấm nút cập nhật
16:41:38.615 [main] DEBUG net.thucydides.core.steps.StepInterceptor - STARTING STEP: StepInterceptor.testContext - xóa dữ liệu ô nhập
16:41:39.501 [main] DEBUG net.serenitybdd.core.photography.Darkroom - Send negative for processing for C:\Users\Katon\Documents\JavaProject\DemoSerenityFramework\target\site\serenity\509c0ea80cc10b1690b30e0ecd5fc1d2292aa887cfccfdbb28986b5e1d941898.png
16:41:39.501 [main] DEBUG net.thucydides.core.steps.StepInterceptor - STEP DONE: xóa dữ liệu ô nhập
16:41:39.501 [main] DEBUG net.thucydides.core.steps.StepInterceptor - STARTING STEP: StepInterceptor.testContext - nhập họ tên
16:41:40.368 [main] DEBUG net.serenitybdd.core.photography.Darkroom - Send negative for processing for C:\Users\Katon\Documents\JavaProject\DemoSerenityFramework\target\site\serenity\dc7d841433adaec6a84d5064eb51d2ade2954cd61f3d43181922ba198ea02a9f.png
16:41:40.368 [main] DEBUG net.thucydides.core.steps.StepInterceptor - STEP DONE: nhập họ tên
16:41:40.368 [main] DEBUG net.thucydides.core.steps.StepInterceptor - STARTING STEP: StepInterceptor.testContext - nhập số điện thoại
16:41:41.248 [main] DEBUG net.serenitybdd.core.photography.Darkroom - Send negative for processing for C:\Users\Katon\Documents\JavaProject\DemoSerenityFramework\target\site\serenity\916b8467ac8a84143a12e601a732873f79b3b5ea207a21eb5321d4e938fe7d5e.png
16:41:41.248 [main] DEBUG net.thucydides.core.steps.StepInterceptor - STEP DONE: nhập số điện thoại
16:41:41.248 [Darkroom Processing Line] DEBUG net.serenitybdd.core.photography.DarkroomProcessingLine - Processing screenshot image in /var/screenshots/screenshot-10325827512298264532
16:41:41.248 [Darkroom Processing Line] DEBUG net.serenitybdd.core.photography.DarkroomProcessingLine - Saving screenshot to C:\Users\Katon\Documents\JavaProject\DemoSerenityFramework\target\site\serenity\916b8467ac8a84143a12e601a732873f79b3b5ea207a21eb5321d4e938fe7d5e.png
16:41:41.264 [main] DEBUG net.thucydides.core.steps.StepInterceptor - STARTING STEP: StepInterceptor.testContext - nhập địa chỉ email
16:41:42.107 [main] DEBUG net.serenitybdd.core.photography.Darkroom - Send negative for processing for C:\Users\Katon\Documents\JavaProject\DemoSerenityFramework\target\site\serenity\acb7a09454fa9fef7bfe7d9a087caffc83154fe90e053e48e893787f9807ffbd.png
16:41:42.107 [main] DEBUG net.thucydides.core.steps.StepInterceptor - STEP DONE: nhập địa chỉ email
16:41:42.107 [Darkroom Processing Line] DEBUG net.serenitybdd.core.photography.DarkroomProcessingLine - Processing screenshot image in /var/screenshots/screenshot-9579344201031813667
16:41:42.107 [Darkroom Processing Line] DEBUG net.serenitybdd.core.photography.DarkroomProcessingLine - Saving screenshot to C:\Users\Katon\Documents\JavaProject\DemoSerenityFramework\target\site\serenity\acb7a09454fa9fef7bfe7d9a087caffc83154fe90e053e48e893787f9807ffbd.png
16:41:42.107 [main] DEBUG net.thucydides.core.steps.StepInterceptor - STARTING STEP: StepInterceptor.testContext - bấm nút lưu
16:41:42.455 [main] DEBUG net.serenitybdd.core.photography.Darkroom - Send negative for processing for C:\Users\Katon\Documents\JavaProject\DemoSerenityFramework\target\site\serenity\1a9a65db7585925b8db1936fec36d911154a971fbae79f99f8d3445f3f5f9d04.png
16:41:42.470 [main] DEBUG net.thucydides.core.steps.StepInterceptor - STEP DONE: bấm nút lưu
16:41:42.470 [main] DEBUG net.thucydides.core.steps.StepInterceptor - STARTING STEP: StepInterceptor.testContext - bấm nút đồng ý
16:41:43.365 [main] DEBUG net.serenitybdd.core.photography.Darkroom - Send negative for processing for C:\Users\Katon\Documents\JavaProject\DemoSerenityFramework\target\site\serenity\6df1ef500d2a9d56a24a9b3e66c40ba66d2769cb135ab21991e0d96dbb6b5966.png
16:41:43.365 [Darkroom Processing Line] DEBUG net.serenitybdd.core.photography.DarkroomProcessingLine - Processing screenshot image in /var/screenshots/screenshot-16758265648301720738
16:41:43.365 [Darkroom Processing Line] DEBUG net.serenitybdd.core.photography.DarkroomProcessingLine - Saving screenshot to C:\Users\Katon\Documents\JavaProject\DemoSerenityFramework\target\site\serenity\6df1ef500d2a9d56a24a9b3e66c40ba66d2769cb135ab21991e0d96dbb6b5966.png
16:41:43.365 [main] DEBUG net.thucydides.core.steps.StepInterceptor - STEP DONE: bấm nút đồng ý
16:41:43.365 [main] DEBUG net.thucydides.core.steps.StepInterceptor - STARTING STEP: StepInterceptor.testContext - kiểm tra hiển thị thông báo số điện thoại không hợp lệ
16:41:44.235 [main] DEBUG net.serenitybdd.core.photography.Darkroom - Send negative for processing for C:\Users\Katon\Documents\JavaProject\DemoSerenityFramework\target\site\serenity\b8a5db0d4d5238cae4502761da13c33b58c53c5fec83207e9d8261bc565345cc.png
16:41:44.235 [main] DEBUG net.thucydides.core.steps.StepInterceptor - STEP DONE: kiểm tra hiển thị thông báo số điện thoại không hợp lệ
]]></system-out>
    <system-err><![CDATA[Mar 25, 2025 4:41:34 PM org.openqa.selenium.devtools.CdpVersionFinder findNearestMatch
WARNING: Unable to find CDP implementation matching 134
Mar 25, 2025 4:41:34 PM org.openqa.selenium.chromium.ChromiumDriver lambda$new$5
WARNING: Unable to find version of CDP to use for 134.0.6998.166. You may need to include a dependency on a specific version of the CDP using something similar to `org.seleniumhq.selenium:selenium-devtools-v86:4.14.1` where the version ("v86") matches the version of the chromium-based browser you're using and the version number of the artifact is the same as Selenium's.
]]></system-err>
  </testcase>
  <testcase name="checkInputUserEmailWithSpecialCharacters" classname="Test.Web.UpdateInfoTest" time="11.142">
    <system-out><![CDATA[16:41:44.247 [main] INFO  - 
  _____   ___   ___   _____     ___     _     ___   ___   ___   ___  
 |_   _| | __| / __| |_   _|   | _ \   /_\   / __| / __| | __| |   \ 
   | |   | _|  \__ \   | |     |  _/  / _ \  \__ \ \__ \ | _|  | |) |
   |_|   |___| |___/   |_|     |_|   /_/ \_\ |___/ |___/ |___| |___/ 

kiểm tra nhập số điện thoại chỉ chứa khoảng trắng
----------------------------------------------------------------------
16:41:44.425 [main] DEBUG net.thucydides.core.steps.StepEventBus - Test suite started for UpdateInfoTest in class Test.Web.UpdateInfoTest
16:41:44.425 [main] INFO  - Test Suite Started: UpdateInfoTest
16:41:44.425 [main] DEBUG net.serenitybdd.junit5.SerenityTestExecutionListener - Thread[#1,main,5,main] Test started TestIdentifier [uniqueId = [engine:junit-jupiter]/[class:Test.Web.UpdateInfoTest]/[method:checkInputUserEmailWithSpecialCharacters()], parentId = [engine:junit-jupiter]/[class:Test.Web.UpdateInfoTest], displayName = 'kiểm tra nhập email chứa ký tự đặc biệt', legacyReportingName = 'checkInputUserEmailWithSpecialCharacters()', source = MethodSource [className = 'Test.Web.UpdateInfoTest', methodName = 'checkInputUserEmailWithSpecialCharacters', methodParameterTypes = ''], tags = [], type = TEST]
16:41:44.425 [main] INFO  - 
  _____   ___   ___   _____     ___   _____     _     ___   _____   ___   ___  
 |_   _| | __| / __| |_   _|   / __| |_   _|   /_\   | _ \ |_   _| | __| |   \ 
   | |   | _|  \__ \   | |     \__ \   | |    / _ \  |   /   | |   | _|  | |) |
   |_|   |___| |___/   |_|     |___/   |_|   /_/ \_\ |_|_\   |_|   |___| |___/ 

kiểm tra nhập email chứa ký tự đặc biệt([engine:junit-jupiter]/[class:Test.Web.UpdateInfoTest]/[method:checkInputUserEmailWithSpecialCharacters()])
--------------------------------------------------------------------------------
16:41:44.425 [main] DEBUG net.thucydides.core.steps.StepInterceptor - STARTING STEP: StepInterceptor.testContext - truy cập trang đăng nhập
16:41:44.456 [main] INFO net.serenitybdd.core.webdriver.driverproviders.ChromeDriverProvider - Starting Chrome driver instance with capabilities:
16:41:44.456 [main] INFO net.serenitybdd.core.webdriver.driverproviders.ChromeDriverProvider - Capabilities {acceptInsecureCerts: false, browserName: chrome, goog:chromeOptions: {args: [remote-allow-origins=*, --headless=chrome, --headless], extensions: []}}
16:41:45.599 [main] DEBUG net.serenitybdd.core.photography.Darkroom - Opening darkroom
16:41:45.599 [Darkroom Processing Line] DEBUG net.serenitybdd.core.photography.DarkroomProcessingLine - Darkroom processing line starting up
16:41:45.963 [main] DEBUG net.serenitybdd.core.photography.Darkroom - Send negative for processing for C:\Users\Katon\Documents\JavaProject\DemoSerenityFramework\target\site\serenity\4f5f7c5fb69b37d5193473d6bb3163c3c2b362d2d6653f5ef4eaa646aefcd234.png
16:41:45.963 [main] DEBUG net.thucydides.core.steps.StepInterceptor - STEP DONE: truy cập trang đăng nhập
16:41:45.965 [main] DEBUG net.thucydides.core.steps.StepInterceptor - STARTING STEP: StepInterceptor.testContext - xóa dữ liệu ô nhập
16:41:46.869 [main] DEBUG net.serenitybdd.core.photography.Darkroom - Send negative for processing for C:\Users\Katon\Documents\JavaProject\DemoSerenityFramework\target\site\serenity\4f5f7c5fb69b37d5193473d6bb3163c3c2b362d2d6653f5ef4eaa646aefcd234.png
16:41:46.869 [main] DEBUG net.thucydides.core.steps.StepInterceptor - STEP DONE: xóa dữ liệu ô nhập
16:41:46.881 [main] DEBUG net.thucydides.core.steps.StepInterceptor - STARTING STEP: StepInterceptor.testContext - nhập tài khoản
16:41:47.220 [main] DEBUG net.serenitybdd.core.photography.Darkroom - Send negative for processing for C:\Users\Katon\Documents\JavaProject\DemoSerenityFramework\target\site\serenity\dc833e7d4416efb2734884ff032756f289c1b86b165792aa692eaeaf98013b50.png
16:41:47.220 [main] DEBUG net.thucydides.core.steps.StepInterceptor - STEP DONE: nhập tài khoản
16:41:47.236 [main] DEBUG net.thucydides.core.steps.StepInterceptor - STARTING STEP: StepInterceptor.testContext - nhập mật khẩu
16:41:48.069 [main] DEBUG net.serenitybdd.core.photography.Darkroom - Send negative for processing for C:\Users\Katon\Documents\JavaProject\DemoSerenityFramework\target\site\serenity\86ce05be554b12cdf2852352fdbee1b35e0d807cdb4cf7f2f54ed3ed539a4d66.png
16:41:48.069 [main] DEBUG net.thucydides.core.steps.StepInterceptor - STEP DONE: nhập mật khẩu
16:41:48.081 [main] DEBUG net.thucydides.core.steps.StepInterceptor - STARTING STEP: StepInterceptor.testContext - bấm nút đăng nhập
16:41:49.400 [main] DEBUG net.serenitybdd.core.photography.Darkroom - Send negative for processing for C:\Users\Katon\Documents\JavaProject\DemoSerenityFramework\target\site\serenity\30c273840467a46de4a15cad12c1f5e2040bb5c73e3873d2f8ef80aa249e3bad.png
16:41:49.400 [main] DEBUG net.thucydides.core.steps.StepInterceptor - STEP DONE: bấm nút đăng nhập
16:41:49.415 [main] DEBUG net.thucydides.core.steps.StepInterceptor - STARTING STEP: StepInterceptor.testContext - bấm nút cập nhật
16:41:50.086 [main] DEBUG net.serenitybdd.core.photography.Darkroom - Send negative for processing for C:\Users\Katon\Documents\JavaProject\DemoSerenityFramework\target\site\serenity\e1341ffb994f070516bf203a6f8c79dd80414b86f19d36f44d136abf1447eb73.png
16:41:50.086 [main] DEBUG net.thucydides.core.steps.StepInterceptor - STEP DONE: bấm nút cập nhật
16:41:50.098 [main] DEBUG net.thucydides.core.steps.StepInterceptor - STARTING STEP: StepInterceptor.testContext - xóa dữ liệu ô nhập
16:41:50.485 [main] DEBUG net.serenitybdd.core.photography.Darkroom - Send negative for processing for C:\Users\Katon\Documents\JavaProject\DemoSerenityFramework\target\site\serenity\509c0ea80cc10b1690b30e0ecd5fc1d2292aa887cfccfdbb28986b5e1d941898.png
16:41:50.485 [main] DEBUG net.thucydides.core.steps.StepInterceptor - STEP DONE: xóa dữ liệu ô nhập
16:41:50.485 [main] DEBUG net.thucydides.core.steps.StepInterceptor - STARTING STEP: StepInterceptor.testContext - nhập họ tên
16:41:51.318 [main] DEBUG net.serenitybdd.core.photography.Darkroom - Send negative for processing for C:\Users\Katon\Documents\JavaProject\DemoSerenityFramework\target\site\serenity\dc7d841433adaec6a84d5064eb51d2ade2954cd61f3d43181922ba198ea02a9f.png
16:41:51.318 [main] DEBUG net.thucydides.core.steps.StepInterceptor - STEP DONE: nhập họ tên
16:41:51.333 [main] DEBUG net.thucydides.core.steps.StepInterceptor - STARTING STEP: StepInterceptor.testContext - nhập số điện thoại
16:41:52.167 [main] DEBUG net.serenitybdd.core.photography.Darkroom - Send negative for processing for C:\Users\Katon\Documents\JavaProject\DemoSerenityFramework\target\site\serenity\ec9d9579434ccdf1222f2eb35d63fb33e19585d3456fd39b66600d045fe76840.png
16:41:52.167 [main] DEBUG net.thucydides.core.steps.StepInterceptor - STEP DONE: nhập số điện thoại
16:41:52.167 [main] DEBUG net.thucydides.core.steps.StepInterceptor - STARTING STEP: StepInterceptor.testContext - nhập địa chỉ email
16:41:53.013 [main] DEBUG net.serenitybdd.core.photography.Darkroom - Send negative for processing for C:\Users\Katon\Documents\JavaProject\DemoSerenityFramework\target\site\serenity\86cb9f8b9428b6cd1e3dbc2a22aaabc45a91b46deb456ec963ea33988331f69d.png
16:41:53.013 [main] DEBUG net.thucydides.core.steps.StepInterceptor - STEP DONE: nhập địa chỉ email
16:41:53.013 [Darkroom Processing Line] DEBUG net.serenitybdd.core.photography.DarkroomProcessingLine - Processing screenshot image in /var/screenshots/screenshot-3770306716912902894
16:41:53.013 [Darkroom Processing Line] DEBUG net.serenitybdd.core.photography.DarkroomProcessingLine - Saving screenshot to C:\Users\Katon\Documents\JavaProject\DemoSerenityFramework\target\site\serenity\86cb9f8b9428b6cd1e3dbc2a22aaabc45a91b46deb456ec963ea33988331f69d.png
16:41:53.018 [main] DEBUG net.thucydides.core.steps.StepInterceptor - STARTING STEP: StepInterceptor.testContext - bấm nút lưu
16:41:53.899 [main] DEBUG net.serenitybdd.core.photography.Darkroom - Send negative for processing for C:\Users\Katon\Documents\JavaProject\DemoSerenityFramework\target\site\serenity\857e01fc96eb65814d4cf83f8f23eca2264d3256ed7c3953b7f2b24625f67648.png
16:41:53.913 [Darkroom Processing Line] DEBUG net.serenitybdd.core.photography.DarkroomProcessingLine - Processing screenshot image in /var/screenshots/screenshot-17173149608494328795
16:41:53.913 [Darkroom Processing Line] DEBUG net.serenitybdd.core.photography.DarkroomProcessingLine - Saving screenshot to C:\Users\Katon\Documents\JavaProject\DemoSerenityFramework\target\site\serenity\857e01fc96eb65814d4cf83f8f23eca2264d3256ed7c3953b7f2b24625f67648.png
16:41:53.916 [main] DEBUG net.thucydides.core.steps.StepInterceptor - STEP DONE: bấm nút lưu
16:41:53.920 [main] DEBUG net.thucydides.core.steps.StepInterceptor - STARTING STEP: StepInterceptor.testContext - bấm nút đồng ý
16:41:54.713 [main] DEBUG net.serenitybdd.core.photography.Darkroom - Send negative for processing for C:\Users\Katon\Documents\JavaProject\DemoSerenityFramework\target\site\serenity\7a351a1159fe220aad0b8828557ee1e5531f4fd1fc0a7537cb96e08159408981.png
16:41:54.713 [Darkroom Processing Line] DEBUG net.serenitybdd.core.photography.DarkroomProcessingLine - Processing screenshot image in /var/screenshots/screenshot-2713107819898579571
16:41:54.713 [Darkroom Processing Line] DEBUG net.serenitybdd.core.photography.DarkroomProcessingLine - Saving screenshot to C:\Users\Katon\Documents\JavaProject\DemoSerenityFramework\target\site\serenity\7a351a1159fe220aad0b8828557ee1e5531f4fd1fc0a7537cb96e08159408981.png
16:41:54.713 [main] DEBUG net.thucydides.core.steps.StepInterceptor - STEP DONE: bấm nút đồng ý
16:41:54.713 [main] DEBUG net.thucydides.core.steps.StepInterceptor - STARTING STEP: StepInterceptor.testContext - kiểm tra hiển thị thông báo địa chỉ email không hợp lệ
16:41:55.567 [main] DEBUG net.serenitybdd.core.photography.Darkroom - Send negative for processing for C:\Users\Katon\Documents\JavaProject\DemoSerenityFramework\target\site\serenity\fe116e517ea09ea435be02d36fe2d60dc38fe70844b7e56767be86940fa2fbbf.png
16:41:55.567 [main] DEBUG net.thucydides.core.steps.StepInterceptor - STEP DONE: kiểm tra hiển thị thông báo địa chỉ email không hợp lệ
]]></system-out>
    <system-err><![CDATA[Mar 25, 2025 4:41:45 PM org.openqa.selenium.devtools.CdpVersionFinder findNearestMatch
WARNING: Unable to find CDP implementation matching 134
Mar 25, 2025 4:41:45 PM org.openqa.selenium.chromium.ChromiumDriver lambda$new$5
WARNING: Unable to find version of CDP to use for 134.0.6998.166. You may need to include a dependency on a specific version of the CDP using something similar to `org.seleniumhq.selenium:selenium-devtools-v86:4.14.1` where the version ("v86") matches the version of the chromium-based browser you're using and the version number of the artifact is the same as Selenium's.
]]></system-err>
  </testcase>
  <testcase name="checkInputUserPhoneWithSpecialCharacters" classname="Test.Web.UpdateInfoTest" time="10.379">
    <system-out><![CDATA[16:41:55.567 [main] INFO  - 
  _____   ___   ___   _____     ___     _     ___   ___   ___   ___  
 |_   _| | __| / __| |_   _|   | _ \   /_\   / __| / __| | __| |   \ 
   | |   | _|  \__ \   | |     |  _/  / _ \  \__ \ \__ \ | _|  | |) |
   |_|   |___| |___/   |_|     |_|   /_/ \_\ |___/ |___/ |___| |___/ 

kiểm tra nhập email chứa ký tự đặc biệt
----------------------------------------------------------------------
16:41:55.760 [main] DEBUG net.thucydides.core.steps.StepEventBus - Test suite started for UpdateInfoTest in class Test.Web.UpdateInfoTest
16:41:55.760 [main] INFO  - Test Suite Started: UpdateInfoTest
16:41:55.760 [main] DEBUG net.serenitybdd.junit5.SerenityTestExecutionListener - Thread[#1,main,5,main] Test started TestIdentifier [uniqueId = [engine:junit-jupiter]/[class:Test.Web.UpdateInfoTest]/[method:checkInputUserPhoneWithSpecialCharacters()], parentId = [engine:junit-jupiter]/[class:Test.Web.UpdateInfoTest], displayName = 'kiểm tra nhập số điện thoại chứa ký tự đặc biệt', legacyReportingName = 'checkInputUserPhoneWithSpecialCharacters()', source = MethodSource [className = 'Test.Web.UpdateInfoTest', methodName = 'checkInputUserPhoneWithSpecialCharacters', methodParameterTypes = ''], tags = [], type = TEST]
16:41:55.760 [main] INFO  - 
  _____   ___   ___   _____     ___   _____     _     ___   _____   ___   ___  
 |_   _| | __| / __| |_   _|   / __| |_   _|   /_\   | _ \ |_   _| | __| |   \ 
   | |   | _|  \__ \   | |     \__ \   | |    / _ \  |   /   | |   | _|  | |) |
   |_|   |___| |___/   |_|     |___/   |_|   /_/ \_\ |_|_\   |_|   |___| |___/ 

kiểm tra nhập số điện thoại chứa ký tự đặc biệt([engine:junit-jupiter]/[class:Test.Web.UpdateInfoTest]/[method:checkInputUserPhoneWithSpecialCharacters()])
--------------------------------------------------------------------------------
16:41:55.760 [main] DEBUG net.thucydides.core.steps.StepInterceptor - STARTING STEP: StepInterceptor.testContext - truy cập trang đăng nhập
16:41:55.791 [main] INFO net.serenitybdd.core.webdriver.driverproviders.ChromeDriverProvider - Starting Chrome driver instance with capabilities:
16:41:55.791 [main] INFO net.serenitybdd.core.webdriver.driverproviders.ChromeDriverProvider - Capabilities {acceptInsecureCerts: false, browserName: chrome, goog:chromeOptions: {args: [remote-allow-origins=*, --headless=chrome, --headless], extensions: []}}
16:41:56.951 [main] DEBUG net.serenitybdd.core.photography.Darkroom - Opening darkroom
16:41:56.951 [Darkroom Processing Line] DEBUG net.serenitybdd.core.photography.DarkroomProcessingLine - Darkroom processing line starting up
16:41:57.770 [main] DEBUG net.serenitybdd.core.photography.Darkroom - Send negative for processing for C:\Users\Katon\Documents\JavaProject\DemoSerenityFramework\target\site\serenity\4f5f7c5fb69b37d5193473d6bb3163c3c2b362d2d6653f5ef4eaa646aefcd234.png
16:41:57.770 [main] DEBUG net.thucydides.core.steps.StepInterceptor - STEP DONE: truy cập trang đăng nhập
16:41:57.770 [main] DEBUG net.thucydides.core.steps.StepInterceptor - STARTING STEP: StepInterceptor.testContext - xóa dữ liệu ô nhập
16:41:58.677 [main] DEBUG net.serenitybdd.core.photography.Darkroom - Send negative for processing for C:\Users\Katon\Documents\JavaProject\DemoSerenityFramework\target\site\serenity\4f5f7c5fb69b37d5193473d6bb3163c3c2b362d2d6653f5ef4eaa646aefcd234.png
16:41:58.677 [main] DEBUG net.thucydides.core.steps.StepInterceptor - STEP DONE: xóa dữ liệu ô nhập
16:41:58.687 [main] DEBUG net.thucydides.core.steps.StepInterceptor - STARTING STEP: StepInterceptor.testContext - nhập tài khoản
16:41:59.100 [main] DEBUG net.serenitybdd.core.photography.Darkroom - Send negative for processing for C:\Users\Katon\Documents\JavaProject\DemoSerenityFramework\target\site\serenity\dc833e7d4416efb2734884ff032756f289c1b86b165792aa692eaeaf98013b50.png
16:41:59.100 [main] DEBUG net.thucydides.core.steps.StepInterceptor - STEP DONE: nhập tài khoản
16:41:59.113 [main] DEBUG net.thucydides.core.steps.StepInterceptor - STARTING STEP: StepInterceptor.testContext - nhập mật khẩu
16:41:59.147 [main] DEBUG net.thucydides.core.steps.StepInterceptor - STEP DONE: nhập mật khẩu
16:41:59.147 [main] DEBUG net.thucydides.core.steps.StepInterceptor - STARTING STEP: StepInterceptor.testContext - bấm nút đăng nhập
16:42:00.485 [main] DEBUG net.serenitybdd.core.photography.Darkroom - Send negative for processing for C:\Users\Katon\Documents\JavaProject\DemoSerenityFramework\target\site\serenity\30c273840467a46de4a15cad12c1f5e2040bb5c73e3873d2f8ef80aa249e3bad.png
16:42:00.485 [main] DEBUG net.thucydides.core.steps.StepInterceptor - STEP DONE: bấm nút đăng nhập
16:42:00.485 [main] DEBUG net.thucydides.core.steps.StepInterceptor - STARTING STEP: StepInterceptor.testContext - bấm nút cập nhật
16:42:01.174 [main] DEBUG net.serenitybdd.core.photography.Darkroom - Send negative for processing for C:\Users\Katon\Documents\JavaProject\DemoSerenityFramework\target\site\serenity\e1341ffb994f070516bf203a6f8c79dd80414b86f19d36f44d136abf1447eb73.png
16:42:01.181 [main] DEBUG net.thucydides.core.steps.StepInterceptor - STEP DONE: bấm nút cập nhật
16:42:01.181 [main] DEBUG net.thucydides.core.steps.StepInterceptor - STARTING STEP: StepInterceptor.testContext - xóa dữ liệu ô nhập
16:42:01.570 [main] DEBUG net.serenitybdd.core.photography.Darkroom - Send negative for processing for C:\Users\Katon\Documents\JavaProject\DemoSerenityFramework\target\site\serenity\509c0ea80cc10b1690b30e0ecd5fc1d2292aa887cfccfdbb28986b5e1d941898.png
16:42:01.570 [main] DEBUG net.thucydides.core.steps.StepInterceptor - STEP DONE: xóa dữ liệu ô nhập
16:42:01.574 [main] DEBUG net.thucydides.core.steps.StepInterceptor - STARTING STEP: StepInterceptor.testContext - nhập họ tên
16:42:02.400 [main] DEBUG net.serenitybdd.core.photography.Darkroom - Send negative for processing for C:\Users\Katon\Documents\JavaProject\DemoSerenityFramework\target\site\serenity\dc7d841433adaec6a84d5064eb51d2ade2954cd61f3d43181922ba198ea02a9f.png
16:42:02.400 [main] DEBUG net.thucydides.core.steps.StepInterceptor - STEP DONE: nhập họ tên
16:42:02.400 [main] DEBUG net.thucydides.core.steps.StepInterceptor - STARTING STEP: StepInterceptor.testContext - nhập số điện thoại
16:42:03.234 [main] DEBUG net.serenitybdd.core.photography.Darkroom - Send negative for processing for C:\Users\Katon\Documents\JavaProject\DemoSerenityFramework\target\site\serenity\f76f78caa68442e2b492ed5c81b5b4e0981601ba849e2f1d7fc6e9e9d1050161.png
16:42:03.234 [main] DEBUG net.thucydides.core.steps.StepInterceptor - STEP DONE: nhập số điện thoại
16:42:03.234 [Darkroom Processing Line] DEBUG net.serenitybdd.core.photography.DarkroomProcessingLine - Processing screenshot image in /var/screenshots/screenshot-13485307338535976267
16:42:03.234 [Darkroom Processing Line] DEBUG net.serenitybdd.core.photography.DarkroomProcessingLine - Saving screenshot to C:\Users\Katon\Documents\JavaProject\DemoSerenityFramework\target\site\serenity\f76f78caa68442e2b492ed5c81b5b4e0981601ba849e2f1d7fc6e9e9d1050161.png
16:42:03.234 [main] DEBUG net.thucydides.core.steps.StepInterceptor - STARTING STEP: StepInterceptor.testContext - nhập địa chỉ email
16:42:04.068 [main] DEBUG net.serenitybdd.core.photography.Darkroom - Send negative for processing for C:\Users\Katon\Documents\JavaProject\DemoSerenityFramework\target\site\serenity\db36bad6c54bab5b98eaf9302a6c1c425527b9f5be6440603fdf2f6af47c671d.png
16:42:04.068 [main] DEBUG net.thucydides.core.steps.StepInterceptor - STEP DONE: nhập địa chỉ email
16:42:04.068 [Darkroom Processing Line] DEBUG net.serenitybdd.core.photography.DarkroomProcessingLine - Processing screenshot image in /var/screenshots/screenshot-17141244416449097401
16:42:04.068 [Darkroom Processing Line] DEBUG net.serenitybdd.core.photography.DarkroomProcessingLine - Saving screenshot to C:\Users\Katon\Documents\JavaProject\DemoSerenityFramework\target\site\serenity\db36bad6c54bab5b98eaf9302a6c1c425527b9f5be6440603fdf2f6af47c671d.png
16:42:04.083 [main] DEBUG net.thucydides.core.steps.StepInterceptor - STARTING STEP: StepInterceptor.testContext - bấm nút lưu
16:42:04.435 [main] DEBUG net.serenitybdd.core.photography.Darkroom - Send negative for processing for C:\Users\Katon\Documents\JavaProject\DemoSerenityFramework\target\site\serenity\8cd8560e816d8e28f71eb434e6dc1d615185d1635fb808291881c078ae8b025a.png
16:42:04.435 [Darkroom Processing Line] DEBUG net.serenitybdd.core.photography.DarkroomProcessingLine - Processing screenshot image in /var/screenshots/screenshot-11442323895256584694
16:42:04.435 [Darkroom Processing Line] DEBUG net.serenitybdd.core.photography.DarkroomProcessingLine - Saving screenshot to C:\Users\Katon\Documents\JavaProject\DemoSerenityFramework\target\site\serenity\8cd8560e816d8e28f71eb434e6dc1d615185d1635fb808291881c078ae8b025a.png
16:42:04.435 [main] DEBUG net.thucydides.core.steps.StepInterceptor - STEP DONE: bấm nút lưu
16:42:04.435 [main] DEBUG net.thucydides.core.steps.StepInterceptor - STARTING STEP: StepInterceptor.testContext - bấm nút đồng ý
16:42:05.295 [main] DEBUG net.serenitybdd.core.photography.Darkroom - Send negative for processing for C:\Users\Katon\Documents\JavaProject\DemoSerenityFramework\target\site\serenity\299fc4de3c585bb8c2f895832be738d2d49467d7c86ba34209d03e65ac889784.png
16:42:05.295 [Darkroom Processing Line] DEBUG net.serenitybdd.core.photography.DarkroomProcessingLine - Processing screenshot image in /var/screenshots/screenshot-13884495315639081737
16:42:05.295 [Darkroom Processing Line] DEBUG net.serenitybdd.core.photography.DarkroomProcessingLine - Saving screenshot to C:\Users\Katon\Documents\JavaProject\DemoSerenityFramework\target\site\serenity\299fc4de3c585bb8c2f895832be738d2d49467d7c86ba34209d03e65ac889784.png
16:42:05.297 [main] DEBUG net.thucydides.core.steps.StepInterceptor - STEP DONE: bấm nút đồng ý
16:42:05.297 [main] DEBUG net.thucydides.core.steps.StepInterceptor - STARTING STEP: StepInterceptor.testContext - kiểm tra hiển thị thông báo số điện thoại không hợp lệ
16:42:06.139 [main] DEBUG net.serenitybdd.core.photography.Darkroom - Send negative for processing for C:\Users\Katon\Documents\JavaProject\DemoSerenityFramework\target\site\serenity\b8a5db0d4d5238cae4502761da13c33b58c53c5fec83207e9d8261bc565345cc.png
16:42:06.139 [main] DEBUG net.thucydides.core.steps.StepInterceptor - STEP DONE: kiểm tra hiển thị thông báo số điện thoại không hợp lệ
]]></system-out>
    <system-err><![CDATA[Mar 25, 2025 4:41:56 PM org.openqa.selenium.devtools.CdpVersionFinder findNearestMatch
WARNING: Unable to find CDP implementation matching 134
Mar 25, 2025 4:41:56 PM org.openqa.selenium.chromium.ChromiumDriver lambda$new$5
WARNING: Unable to find version of CDP to use for 134.0.6998.166. You may need to include a dependency on a specific version of the CDP using something similar to `org.seleniumhq.selenium:selenium-devtools-v86:4.14.1` where the version ("v86") matches the version of the chromium-based browser you're using and the version number of the artifact is the same as Selenium's.
]]></system-err>
  </testcase>
</testsuite>